{"/root/flyve/src/index.js": {"path":"/root/flyve/src/index.js","statementMap":{"0":{"start":{"line":30,"column":0},"end":{"line":null,"column":-1}},"1":{"start":{"line":31,"column":0},"end":{"line":null,"column":-1}},"2":{"start":{"line":32,"column":0},"end":{"line":null,"column":-1}},"3":{"start":{"line":35,"column":0},"end":{"line":null,"column":-1}},"4":{"start":{"line":36,"column":0},"end":{"line":null,"column":-1}},"5":{"start":{"line":37,"column":0},"end":{"line":null,"column":-1}},"6":{"start":{"line":38,"column":0},"end":{"line":null,"column":-1}},"7":{"start":{"line":39,"column":0},"end":{"line":null,"column":-1}},"8":{"start":{"line":42,"column":0},"end":{"line":null,"column":-1}},"9":{"start":{"line":43,"column":0},"end":{"line":null,"column":-1}},"10":{"start":{"line":44,"column":0},"end":{"line":null,"column":-1}},"11":{"start":{"line":45,"column":0},"end":{"line":null,"column":-1}},"12":{"start":{"line":46,"column":0},"end":{"line":null,"column":-1}},"13":{"start":{"line":54,"column":22},"end":{"line":54,"column":0}},"14":{"start":{"line":57,"column":4},"end":{"line":59,"column":5}},"15":{"start":{"line":58,"column":6},"end":{"line":null,"column":-1}},"16":{"start":{"line":60,"column":4},"end":{"line":null,"column":-1}},"17":{"start":{"line":68,"column":22},"end":{"line":68,"column":0}},"18":{"start":{"line":74,"column":0},"end":{"line":null,"column":-1}},"19":{"start":{"line":92,"column":0},"end":{"line":null,"column":-1}}},"fnMap":{"0":{"name":"(anonymous_0)","decl":{"start":{"line":56,"column":14},"end":{"line":56,"column":19}},"loc":{"start":{"line":56,"column":20},"end":{"line":61,"column":3}}}},"branchMap":{"0":{"loc":{"start":{"line":57,"column":4},"end":{"line":59,"column":5}},"type":"if","locations":[{"start":{"line":57,"column":4},"end":{"line":59,"column":5}},{"start":{"line":57,"column":4},"end":{"line":59,"column":5}}]},"1":{"loc":{"start":{"line":57,"column":8},"end":{"line":57,"column":7}},"type":"binary-expr","locations":[{"start":{"line":57,"column":8},"end":{"line":57,"column":7}},{"start":{"line":57,"column":50},"end":{"line":57,"column":4}}]}},"s":{"0":0,"1":0,"2":0,"3":0,"4":0,"5":0,"6":0,"7":0,"8":0,"9":0,"10":0,"11":0,"12":0,"13":0,"14":0,"15":0,"16":0,"17":0,"18":0,"19":0},"f":{"0":0},"b":{"0":[0,0],"1":[0,0]}}
,"/root/flyve/src/registerServiceWorker.js": {"path":"/root/flyve/src/registerServiceWorker.js","statementMap":{"0":{"start":{"line":44,"column":20},"end":{"line":44,"column":0}},"1":{"start":{"line":59,"column":2},"end":{"line":80,"column":3}},"2":{"start":{"line":61,"column":22},"end":{"line":61,"column":4}},"3":{"start":{"line":62,"column":4},"end":{"line":67,"column":5}},"4":{"start":{"line":66,"column":6},"end":{"line":null,"column":-1}},"5":{"start":{"line":69,"column":4},"end":{"line":null,"column":-1}},"6":{"start":{"line":70,"column":21},"end":{"line":70,"column":6}},"7":{"start":{"line":72,"column":6},"end":{"line":78,"column":7}},"8":{"start":{"line":74,"column":8},"end":{"line":null,"column":-1}},"9":{"start":{"line":77,"column":8},"end":{"line":null,"column":-1}},"10":{"start":{"line":90,"column":2},"end":{"line":null,"column":-1}},"11":{"start":{"line":93,"column":6},"end":{"line":null,"column":-1}},"12":{"start":{"line":94,"column":33},"end":{"line":94,"column":8}},"13":{"start":{"line":95,"column":8},"end":{"line":null,"column":-1}},"14":{"start":{"line":96,"column":10},"end":{"line":109,"column":11}},"15":{"start":{"line":97,"column":12},"end":{"line":108,"column":13}},"16":{"start":{"line":102,"column":14},"end":{"line":null,"column":-1}},"17":{"start":{"line":107,"column":14},"end":{"line":null,"column":-1}},"18":{"start":{"line":114,"column":6},"end":{"line":null,"column":-1}},"19":{"start":{"line":125,"column":2},"end":{"line":null,"column":-1}},"20":{"start":{"line":128,"column":6},"end":{"line":141,"column":7}},"21":{"start":{"line":133,"column":8},"end":{"line":null,"column":-1}},"22":{"start":{"line":134,"column":10},"end":{"line":null,"column":-1}},"23":{"start":{"line":135,"column":12},"end":{"line":null,"column":-1}},"24":{"start":{"line":140,"column":8},"end":{"line":null,"column":-1}},"25":{"start":{"line":144,"column":6},"end":{"line":null,"column":-1}},"26":{"start":{"line":155,"column":2},"end":{"line":159,"column":3}},"27":{"start":{"line":156,"column":4},"end":{"line":null,"column":-1}},"28":{"start":{"line":157,"column":6},"end":{"line":null,"column":-1}}},"fnMap":{"0":{"name":"register","decl":{"start":{"line":58,"column":24},"end":{"line":58,"column":15}},"loc":{"start":{"line":58,"column":35},"end":{"line":81,"column":1}}},"1":{"name":"(anonymous_1)","decl":{"start":{"line":69,"column":36},"end":{"line":69,"column":41}},"loc":{"start":{"line":69,"column":42},"end":{"line":69,"column":4}}},"2":{"name":"registerValidSW","decl":{"start":{"line":89,"column":9},"end":{"line":89,"column":0}},"loc":{"start":{"line":89,"column":32},"end":{"line":116,"column":1}}},"3":{"name":"(anonymous_3)","decl":{"start":{"line":92,"column":10},"end":{"line":92,"column":21}},"loc":{"start":{"line":92,"column":26},"end":{"line":90,"column":2}}},"4":{"name":"(anonymous_4)","decl":{"start":{"line":93,"column":35},"end":{"line":93,"column":40}},"loc":{"start":{"line":93,"column":41},"end":{"line":93,"column":6}}},"5":{"name":"(anonymous_5)","decl":{"start":{"line":95,"column":41},"end":{"line":95,"column":46}},"loc":{"start":{"line":95,"column":47},"end":{"line":95,"column":8}}},"6":{"name":"(anonymous_6)","decl":{"start":{"line":113,"column":11},"end":{"line":113,"column":15}},"loc":{"start":{"line":113,"column":20},"end":{"line":90,"column":2}}},"7":{"name":"checkValidServiceWorker","decl":{"start":{"line":124,"column":9},"end":{"line":124,"column":0}},"loc":{"start":{"line":124,"column":40},"end":{"line":148,"column":1}}},"8":{"name":"(anonymous_8)","decl":{"start":{"line":126,"column":10},"end":{"line":126,"column":17}},"loc":{"start":{"line":126,"column":22},"end":{"line":125,"column":2}}},"9":{"name":"(anonymous_9)","decl":{"start":{"line":133,"column":43},"end":{"line":133,"column":54}},"loc":{"start":{"line":133,"column":59},"end":{"line":133,"column":8}}},"10":{"name":"(anonymous_10)","decl":{"start":{"line":134,"column":41},"end":{"line":134,"column":46}},"loc":{"start":{"line":134,"column":47},"end":{"line":134,"column":10}}},"11":{"name":"(anonymous_11)","decl":{"start":{"line":143,"column":11},"end":{"line":143,"column":16}},"loc":{"start":{"line":143,"column":17},"end":{"line":125,"column":2}}},"12":{"name":"unregister","decl":{"start":{"line":154,"column":16},"end":{"line":154,"column":7}},"loc":{"start":{"line":154,"column":29},"end":{"line":160,"column":1}}},"13":{"name":"(anonymous_13)","decl":{"start":{"line":156,"column":39},"end":{"line":156,"column":50}},"loc":{"start":{"line":156,"column":55},"end":{"line":156,"column":4}}}},"branchMap":{"0":{"loc":{"start":{"line":45,"column":2},"end":{"line":45,"column":1}},"type":"binary-expr","locations":[{"start":{"line":45,"column":2},"end":{"line":45,"column":1}},{"start":{"line":47,"column":2},"end":{"line":45,"column":2}},{"start":{"line":49,"column":2},"end":{"line":44,"column":27}}]},"1":{"loc":{"start":{"line":59,"column":2},"end":{"line":80,"column":3}},"type":"if","locations":[{"start":{"line":59,"column":2},"end":{"line":80,"column":3}},{"start":{"line":59,"column":2},"end":{"line":80,"column":3}}]},"2":{"loc":{"start":{"line":59,"column":6},"end":{"line":59,"column":5}},"type":"binary-expr","locations":[{"start":{"line":59,"column":6},"end":{"line":59,"column":5}},{"start":{"line":59,"column":47},"end":{"line":59,"column":2}}]},"3":{"loc":{"start":{"line":62,"column":4},"end":{"line":67,"column":5}},"type":"if","locations":[{"start":{"line":62,"column":4},"end":{"line":67,"column":5}},{"start":{"line":62,"column":4},"end":{"line":67,"column":5}}]},"4":{"loc":{"start":{"line":72,"column":6},"end":{"line":78,"column":7}},"type":"if","locations":[{"start":{"line":72,"column":6},"end":{"line":78,"column":7}},{"start":{"line":72,"column":6},"end":{"line":78,"column":7}}]},"5":{"loc":{"start":{"line":96,"column":10},"end":{"line":109,"column":11}},"type":"if","locations":[{"start":{"line":96,"column":10},"end":{"line":109,"column":11}},{"start":{"line":96,"column":10},"end":{"line":109,"column":11}}]},"6":{"loc":{"start":{"line":97,"column":12},"end":{"line":108,"column":13}},"type":"if","locations":[{"start":{"line":97,"column":12},"end":{"line":108,"column":13}},{"start":{"line":97,"column":12},"end":{"line":108,"column":13}}]},"7":{"loc":{"start":{"line":128,"column":6},"end":{"line":141,"column":7}},"type":"if","locations":[{"start":{"line":128,"column":6},"end":{"line":141,"column":7}},{"start":{"line":128,"column":6},"end":{"line":141,"column":7}}]},"8":{"loc":{"start":{"line":129,"column":8},"end":{"line":129,"column":7}},"type":"binary-expr","locations":[{"start":{"line":129,"column":8},"end":{"line":129,"column":7}},{"start":{"line":130,"column":8},"end":{"line":128,"column":6}}]},"9":{"loc":{"start":{"line":155,"column":2},"end":{"line":159,"column":3}},"type":"if","locations":[{"start":{"line":155,"column":2},"end":{"line":159,"column":3}},{"start":{"line":155,"column":2},"end":{"line":159,"column":3}}]}},"s":{"0":0,"1":0,"2":0,"3":0,"4":0,"5":0,"6":0,"7":0,"8":0,"9":0,"10":0,"11":0,"12":0,"13":0,"14":0,"15":0,"16":0,"17":0,"18":0,"19":0,"20":0,"21":0,"22":0,"23":0,"24":0,"25":0,"26":0,"27":0,"28":0},"f":{"0":0,"1":0,"2":0,"3":0,"4":0,"5":0,"6":0,"7":0,"8":0,"9":0,"10":0,"11":0,"12":0,"13":0},"b":{"0":[0,0,0],"1":[0,0],"2":[0,0],"3":[0,0],"4":[0,0],"5":[0,0],"6":[0,0],"7":[0,0],"8":[0,0],"9":[0,0]}}
,"/root/flyve/src/setupTests.js": {"path":"/root/flyve/src/setupTests.js","statementMap":{"0":{"start":{"line":6,"column":0},"end":{"line":6,"column":44}},"1":{"start":{"line":8,"column":0},"end":{"line":8,"column":20}},"2":{"start":{"line":10,"column":0},"end":{"line":10,"column":27}},"3":{"start":{"line":11,"column":0},"end":{"line":11,"column":29}},"4":{"start":{"line":12,"column":0},"end":{"line":12,"column":31}}},"fnMap":{},"branchMap":{},"s":{"0":40,"1":40,"2":40,"3":40,"4":40},"f":{},"b":{},"_coverageSchema":"332fd63041d2c1bcb487cc26dd0d5f7d97098a6c","hash":"1694ac739acb27e290277ab5908f90ed69abeb9a"}
,"/root/flyve/src/applications/AdminDashboard/index.js": {"path":"/root/flyve/src/applications/AdminDashboard/index.js","statementMap":{"0":{"start":{"line":30,"column":0},"end":{"line":null,"column":-1}},"1":{"start":{"line":31,"column":0},"end":{"line":null,"column":-1}},"2":{"start":{"line":32,"column":0},"end":{"line":null,"column":-1}},"3":{"start":{"line":33,"column":0},"end":{"line":null,"column":-1}},"4":{"start":{"line":34,"column":0},"end":{"line":null,"column":-1}},"5":{"start":{"line":35,"column":0},"end":{"line":null,"column":-1}},"6":{"start":{"line":42,"column":23},"end":{"line":42,"column":0}},"7":{"start":{"line":43,"column":2},"end":{"line":42,"column":0}},"8":{"start":{"line":53,"column":0},"end":{"line":null,"column":-1}}},"fnMap":{"0":{"name":"(anonymous_0)","decl":{"start":{"line":42,"column":23},"end":{"line":42,"column":27}},"loc":{"start":{"line":43,"column":2},"end":{"line":42,"column":0}}}},"branchMap":{},"s":{"0":0,"1":0,"2":0,"3":0,"4":0,"5":0,"6":0,"7":0,"8":0},"f":{"0":0},"b":{}}
,"/root/flyve/src/applications/AdminDashboard/routes.js": {"path":"/root/flyve/src/applications/AdminDashboard/routes.js","statementMap":{"0":{"start":{"line":30,"column":0},"end":{"line":null,"column":-1}},"1":{"start":{"line":31,"column":0},"end":{"line":null,"column":-1}},"2":{"start":{"line":38,"column":15},"end":{"line":38,"column":0}},"3":{"start":{"line":41,"column":32},"end":{"line":41,"column":13}},"4":{"start":{"line":41,"column":32},"end":{"line":41,"column":12}},"5":{"start":{"line":47,"column":32},"end":{"line":47,"column":13}},"6":{"start":{"line":47,"column":32},"end":{"line":47,"column":12}},"7":{"start":{"line":53,"column":32},"end":{"line":53,"column":13}},"8":{"start":{"line":53,"column":32},"end":{"line":53,"column":12}},"9":{"start":{"line":59,"column":32},"end":{"line":59,"column":13}},"10":{"start":{"line":59,"column":32},"end":{"line":59,"column":12}},"11":{"start":{"line":65,"column":32},"end":{"line":65,"column":13}},"12":{"start":{"line":65,"column":32},"end":{"line":65,"column":12}},"13":{"start":{"line":71,"column":32},"end":{"line":71,"column":13}},"14":{"start":{"line":71,"column":32},"end":{"line":71,"column":12}},"15":{"start":{"line":77,"column":32},"end":{"line":77,"column":13}},"16":{"start":{"line":77,"column":32},"end":{"line":77,"column":12}},"17":{"start":{"line":83,"column":32},"end":{"line":83,"column":13}},"18":{"start":{"line":83,"column":32},"end":{"line":83,"column":12}},"19":{"start":{"line":89,"column":32},"end":{"line":89,"column":13}},"20":{"start":{"line":89,"column":32},"end":{"line":89,"column":12}},"21":{"start":{"line":95,"column":32},"end":{"line":95,"column":13}},"22":{"start":{"line":95,"column":32},"end":{"line":95,"column":12}},"23":{"start":{"line":101,"column":32},"end":{"line":101,"column":13}},"24":{"start":{"line":101,"column":32},"end":{"line":101,"column":12}}},"fnMap":{"0":{"name":"(anonymous_0)","decl":{"start":{"line":41,"column":32},"end":{"line":41,"column":44}},"loc":{"start":{"line":41,"column":32},"end":{"line":41,"column":13}}},"1":{"name":"(anonymous_2)","decl":{"start":{"line":47,"column":32},"end":{"line":47,"column":44}},"loc":{"start":{"line":47,"column":32},"end":{"line":47,"column":13}}},"2":{"name":"(anonymous_4)","decl":{"start":{"line":53,"column":32},"end":{"line":53,"column":44}},"loc":{"start":{"line":53,"column":32},"end":{"line":53,"column":13}}},"3":{"name":"(anonymous_6)","decl":{"start":{"line":59,"column":32},"end":{"line":59,"column":44}},"loc":{"start":{"line":59,"column":32},"end":{"line":59,"column":13}}},"4":{"name":"(anonymous_8)","decl":{"start":{"line":65,"column":32},"end":{"line":65,"column":44}},"loc":{"start":{"line":65,"column":32},"end":{"line":65,"column":13}}},"5":{"name":"(anonymous_10)","decl":{"start":{"line":71,"column":32},"end":{"line":71,"column":44}},"loc":{"start":{"line":71,"column":32},"end":{"line":71,"column":13}}},"6":{"name":"(anonymous_12)","decl":{"start":{"line":77,"column":32},"end":{"line":77,"column":44}},"loc":{"start":{"line":77,"column":32},"end":{"line":77,"column":13}}},"7":{"name":"(anonymous_14)","decl":{"start":{"line":83,"column":32},"end":{"line":83,"column":44}},"loc":{"start":{"line":83,"column":32},"end":{"line":83,"column":13}}},"8":{"name":"(anonymous_16)","decl":{"start":{"line":89,"column":32},"end":{"line":89,"column":44}},"loc":{"start":{"line":89,"column":32},"end":{"line":89,"column":13}}},"9":{"name":"(anonymous_18)","decl":{"start":{"line":95,"column":32},"end":{"line":95,"column":44}},"loc":{"start":{"line":95,"column":32},"end":{"line":95,"column":13}}},"10":{"name":"(anonymous_20)","decl":{"start":{"line":101,"column":32},"end":{"line":101,"column":44}},"loc":{"start":{"line":101,"column":32},"end":{"line":101,"column":13}}}},"branchMap":{},"s":{"0":0,"1":0,"2":0,"3":0,"4":0,"5":0,"6":0,"7":0,"8":0,"9":0,"10":0,"11":0,"12":0,"13":0,"14":0,"15":0,"16":0,"17":0,"18":0,"19":0,"20":0,"21":0,"22":0,"23":0,"24":0},"f":{"0":0,"1":0,"2":0,"3":0,"4":0,"5":0,"6":0,"7":0,"8":0,"9":0,"10":0},"b":{}}
,"/root/flyve/src/applications/RootApp/index.js": {"path":"/root/flyve/src/applications/RootApp/index.js","statementMap":{"0":{"start":{"line":30,"column":0},"end":{"line":null,"column":-1}},"1":{"start":{"line":31,"column":0},"end":{"line":null,"column":-1}},"2":{"start":{"line":34,"column":0},"end":{"line":null,"column":-1}},"3":{"start":{"line":35,"column":0},"end":{"line":null,"column":-1}},"4":{"start":{"line":36,"column":0},"end":{"line":null,"column":-1}},"5":{"start":{"line":37,"column":0},"end":{"line":null,"column":-1}},"6":{"start":{"line":45,"column":16},"end":{"line":45,"column":0}},"7":{"start":{"line":46,"column":2},"end":{"line":45,"column":0}}},"fnMap":{"0":{"name":"(anonymous_0)","decl":{"start":{"line":45,"column":16},"end":{"line":45,"column":20}},"loc":{"start":{"line":46,"column":2},"end":{"line":45,"column":0}}}},"branchMap":{},"s":{"0":0,"1":0,"2":0,"3":0,"4":0,"5":0,"6":0,"7":0},"f":{"0":0},"b":{}}
,"/root/flyve/src/applications/RootApp/routes.js": {"path":"/root/flyve/src/applications/RootApp/routes.js","statementMap":{"0":{"start":{"line":30,"column":0},"end":{"line":null,"column":-1}},"1":{"start":{"line":31,"column":0},"end":{"line":null,"column":-1}},"2":{"start":{"line":38,"column":15},"end":{"line":38,"column":0}},"3":{"start":{"line":40,"column":32},"end":{"line":40,"column":13}},"4":{"start":{"line":40,"column":32},"end":{"line":40,"column":12}},"5":{"start":{"line":46,"column":32},"end":{"line":46,"column":13}},"6":{"start":{"line":46,"column":32},"end":{"line":46,"column":12}},"7":{"start":{"line":52,"column":32},"end":{"line":52,"column":13}},"8":{"start":{"line":52,"column":32},"end":{"line":52,"column":12}},"9":{"start":{"line":58,"column":32},"end":{"line":58,"column":13}},"10":{"start":{"line":58,"column":32},"end":{"line":58,"column":12}}},"fnMap":{"0":{"name":"(anonymous_0)","decl":{"start":{"line":40,"column":32},"end":{"line":40,"column":44}},"loc":{"start":{"line":40,"column":32},"end":{"line":40,"column":13}}},"1":{"name":"(anonymous_2)","decl":{"start":{"line":46,"column":32},"end":{"line":46,"column":44}},"loc":{"start":{"line":46,"column":32},"end":{"line":46,"column":13}}},"2":{"name":"(anonymous_4)","decl":{"start":{"line":52,"column":32},"end":{"line":52,"column":44}},"loc":{"start":{"line":52,"column":32},"end":{"line":52,"column":13}}},"3":{"name":"(anonymous_6)","decl":{"start":{"line":58,"column":32},"end":{"line":58,"column":44}},"loc":{"start":{"line":58,"column":32},"end":{"line":58,"column":13}}}},"branchMap":{},"s":{"0":0,"1":0,"2":0,"3":0,"4":0,"5":0,"6":0,"7":0,"8":0,"9":0,"10":0},"f":{"0":0,"1":0,"2":0,"3":0},"b":{}}
,"/root/flyve/src/components/Confirmation/index.js": {"path":"/root/flyve/src/components/Confirmation/index.js","statementMap":{"0":{"start":{"line":29,"column":0},"end":{"line":null,"column":-1}},"1":{"start":{"line":32,"column":0},"end":{"line":null,"column":-1}},"2":{"start":{"line":33,"column":0},"end":{"line":null,"column":-1}},"3":{"start":{"line":34,"column":0},"end":{"line":null,"column":-1}},"4":{"start":{"line":59,"column":4},"end":{"line":null,"column":-1}},"5":{"start":{"line":52,"column":8},"end":{"line":50,"column":39}},"6":{"start":{"line":74,"column":0},"end":{"line":null,"column":-1}}},"fnMap":{"0":{"name":"(anonymous_0)","decl":{"start":{"line":58,"column":2},"end":{"line":58,"column":7}},"loc":{"start":{"line":58,"column":11},"end":{"line":71,"column":3}}},"1":{"name":"(anonymous_2)","decl":{"start":{"line":50,"column":76},"end":{"line":50,"column":77}},"loc":{"start":{"line":52,"column":8},"end":{"line":50,"column":39}}}},"branchMap":{},"s":{"0":0,"1":0,"2":0,"3":0,"4":0,"5":0,"6":0},"f":{"0":0,"1":0},"b":{}}
,"/root/flyve/src/components/ContentPane/index.js": {"path":"/root/flyve/src/components/ContentPane/index.js","statementMap":{"0":{"start":{"line":29,"column":0},"end":{"line":null,"column":-1}},"1":{"start":{"line":32,"column":0},"end":{"line":null,"column":-1}},"2":{"start":{"line":33,"column":0},"end":{"line":null,"column":-1}},"3":{"start":{"line":49,"column":4},"end":{"line":null,"column":-1}},"4":{"start":{"line":57,"column":4},"end":{"line":null,"column":-1}},"5":{"start":{"line":65,"column":4},"end":{"line":null,"column":-1}},"6":{"start":{"line":69,"column":25},"end":{"line":null,"column":-1}},"7":{"start":{"line":77,"column":0},"end":{"line":null,"column":-1}},"8":{"start":{"line":82,"column":0},"end":{"line":null,"column":-1}}},"fnMap":{"0":{"name":"(anonymous_0)","decl":{"start":{"line":48,"column":2},"end":{"line":48,"column":18}},"loc":{"start":{"line":48,"column":22},"end":{"line":50,"column":3}}},"1":{"name":"(anonymous_1)","decl":{"start":{"line":56,"column":2},"end":{"line":56,"column":15}},"loc":{"start":{"line":56,"column":19},"end":{"line":58,"column":3}}},"2":{"name":"(anonymous_2)","decl":{"start":{"line":64,"column":2},"end":{"line":64,"column":7}},"loc":{"start":{"line":64,"column":11},"end":{"line":74,"column":3}}},"3":{"name":"(anonymous_3)","decl":{"start":{"line":69,"column":14},"end":{"line":69,"column":12}},"loc":{"start":{"line":69,"column":23},"end":{"line":66,"column":6}}}},"branchMap":{},"s":{"0":0,"1":0,"2":0,"3":0,"4":0,"5":0,"6":0,"7":0,"8":0},"f":{"0":0,"1":0,"2":0,"3":0},"b":{}}
,"/root/flyve/src/components/EditMultiple/index.js": {"path":"/root/flyve/src/components/EditMultiple/index.js","statementMap":{"0":{"start":{"line":29,"column":0},"end":{"line":null,"column":-1}},"1":{"start":{"line":32,"column":0},"end":{"line":null,"column":-1}},"2":{"start":{"line":33,"column":0},"end":{"line":null,"column":-1}},"3":{"start":{"line":34,"column":0},"end":{"line":null,"column":-1}},"4":{"start":{"line":35,"column":0},"end":{"line":null,"column":-1}},"5":{"start":{"line":36,"column":0},"end":{"line":null,"column":-1}},"6":{"start":{"line":37,"column":0},"end":{"line":null,"column":-1}},"7":{"start":{"line":43,"column":0},"end":{"line":null,"column":-1}},"8":{"start":{"line":44,"column":0},"end":{"line":null,"column":-1}},"9":{"start":{"line":54,"column":4},"end":{"line":null,"column":-1}},"10":{"start":{"line":53,"column":21},"end":{"line":null,"column":-1}},"11":{"start":{"line":71,"column":20},"end":{"line":71,"column":4}},"12":{"start":{"line":73,"column":4},"end":{"line":86,"column":5}},"13":{"start":{"line":74,"column":6},"end":{"line":76,"column":7}},"14":{"start":{"line":75,"column":8},"end":{"line":null,"column":-1}},"15":{"start":{"line":77,"column":6},"end":{"line":85,"column":7}},"16":{"start":{"line":84,"column":8},"end":{"line":null,"column":-1}},"17":{"start":{"line":88,"column":4},"end":{"line":138,"column":5}},"18":{"start":{"line":89,"column":6},"end":{"line":null,"column":-1}},"19":{"start":{"line":92,"column":21},"end":{"line":92,"column":8}},"20":{"start":{"line":106,"column":8},"end":{"line":null,"column":-1}},"21":{"start":{"line":106,"column":52},"end":{"line":106,"column":16}},"22":{"start":{"line":111,"column":8},"end":{"line":132,"column":9}},"23":{"start":{"line":112,"column":10},"end":{"line":null,"column":-1}},"24":{"start":{"line":116,"column":10},"end":{"line":null,"column":-1}},"25":{"start":{"line":119,"column":10},"end":{"line":null,"column":-1}},"26":{"start":{"line":124,"column":10},"end":{"line":null,"column":-1}},"27":{"start":{"line":125,"column":10},"end":{"line":null,"column":-1}},"28":{"start":{"line":126,"column":10},"end":{"line":null,"column":-1}},"29":{"start":{"line":128,"column":10},"end":{"line":null,"column":-1}},"30":{"start":{"line":131,"column":10},"end":{"line":null,"column":-1}},"31":{"start":{"line":135,"column":6},"end":{"line":null,"column":-1}},"32":{"start":{"line":148,"column":4},"end":{"line":178,"column":5}},"33":{"start":{"line":149,"column":6},"end":{"line":null,"column":-1}},"34":{"start":{"line":153,"column":8},"end":{"line":172,"column":9}},"35":{"start":{"line":154,"column":10},"end":{"line":null,"column":-1}},"36":{"start":{"line":160,"column":16},"end":{"line":156,"column":25}},"37":{"start":{"line":156,"column":25},"end":{"line":156,"column":24}},"38":{"start":{"line":161,"column":12},"end":{"line":null,"column":-1}},"39":{"start":{"line":175,"column":6},"end":{"line":null,"column":-1}},"40":{"start":{"line":186,"column":4},"end":{"line":null,"column":-1}},"41":{"start":{"line":187,"column":4},"end":{"line":null,"column":-1}},"42":{"start":{"line":188,"column":4},"end":{"line":null,"column":-1}},"43":{"start":{"line":55,"column":4},"end":{"line":null,"column":-1}},"44":{"start":{"line":196,"column":4},"end":{"line":361,"column":5}},"45":{"start":{"line":198,"column":6},"end":{"line":313,"column":7}},"46":{"start":{"line":199,"column":8},"end":{"line":null,"column":-1}},"47":{"start":{"line":207,"column":8},"end":{"line":null,"column":-1}},"48":{"start":{"line":209,"column":12},"end":{"line":null,"column":-1}},"49":{"start":{"line":218,"column":12},"end":{"line":null,"column":-1}},"50":{"start":{"line":221,"column":12},"end":{"line":null,"column":-1}},"51":{"start":{"line":249,"column":12},"end":{"line":null,"column":-1}},"52":{"start":{"line":252,"column":12},"end":{"line":279,"column":13}},"53":{"start":{"line":253,"column":14},"end":{"line":null,"column":-1}},"54":{"start":{"line":263,"column":14},"end":{"line":null,"column":-1}},"55":{"start":{"line":280,"column":12},"end":{"line":null,"column":-1}},"56":{"start":{"line":283,"column":12},"end":{"line":null,"column":-1}},"57":{"start":{"line":291,"column":12},"end":{"line":null,"column":-1}},"58":{"start":{"line":294,"column":12},"end":{"line":null,"column":-1}},"59":{"start":{"line":303,"column":12},"end":{"line":null,"column":-1}},"60":{"start":{"line":306,"column":12},"end":{"line":null,"column":-1}},"61":{"start":{"line":308,"column":8},"end":{"line":null,"column":-1}},"62":{"start":{"line":315,"column":6},"end":{"line":null,"column":-1}},"63":{"start":{"line":327,"column":58},"end":{"line":327,"column":53}},"64":{"start":{"line":362,"column":4},"end":{"line":null,"column":-1}},"65":{"start":{"line":367,"column":0},"end":{"line":null,"column":-1}},"66":{"start":{"line":371,"column":0},"end":{"line":null,"column":-1}}},"fnMap":{"0":{"name":"(anonymous_0)","decl":{"start":{"line":53,"column":2},"end":{"line":53,"column":12}},"loc":{"start":{"line":53,"column":21},"end":{"line":63,"column":3}}},"1":{"name":"(anonymous_1)","decl":{"start":{"line":70,"column":15},"end":{"line":70,"column":26}},"loc":{"start":{"line":70,"column":27},"end":{"line":53,"column":21}}},"2":{"name":"(anonymous_2)","decl":{"start":{"line":91,"column":9},"end":{"line":91,"column":20}},"loc":{"start":{"line":91,"column":21},"end":{"line":89,"column":6}}},"3":{"name":"(anonymous_3)","decl":{"start":{"line":106,"column":45},"end":{"line":106,"column":51}},"loc":{"start":{"line":106,"column":52},"end":{"line":106,"column":16}}},"4":{"name":"(anonymous_4)","decl":{"start":{"line":147,"column":11},"end":{"line":147,"column":12}},"loc":{"start":{"line":147,"column":28},"end":{"line":53,"column":21}}},"5":{"name":"(anonymous_5)","decl":{"start":{"line":152,"column":9},"end":{"line":152,"column":14}},"loc":{"start":{"line":152,"column":15},"end":{"line":149,"column":6}}},"6":{"name":"(anonymous_6)","decl":{"start":{"line":156,"column":13},"end":{"line":156,"column":24}},"loc":{"start":{"line":156,"column":25},"end":{"line":154,"column":10}}},"7":{"name":"(anonymous_7)","decl":{"start":{"line":185,"column":11},"end":{"line":185,"column":16}},"loc":{"start":{"line":185,"column":17},"end":{"line":53,"column":21}}},"8":{"name":"(anonymous_8)","decl":{"start":{"line":195,"column":2},"end":{"line":195,"column":7}},"loc":{"start":{"line":195,"column":11},"end":{"line":365,"column":3}}},"9":{"name":"(anonymous_9)","decl":{"start":{"line":327,"column":48},"end":{"line":327,"column":52}},"loc":{"start":{"line":327,"column":58},"end":{"line":327,"column":53}}}},"branchMap":{"0":{"loc":{"start":{"line":73,"column":4},"end":{"line":86,"column":5}},"type":"if","locations":[{"start":{"line":73,"column":4},"end":{"line":86,"column":5}},{"start":{"line":73,"column":4},"end":{"line":86,"column":5}}]},"1":{"loc":{"start":{"line":74,"column":6},"end":{"line":76,"column":7}},"type":"if","locations":[{"start":{"line":74,"column":6},"end":{"line":76,"column":7}},{"start":{"line":74,"column":6},"end":{"line":76,"column":7}}]},"2":{"loc":{"start":{"line":77,"column":6},"end":{"line":85,"column":7}},"type":"if","locations":[{"start":{"line":77,"column":6},"end":{"line":85,"column":7}},{"start":{"line":77,"column":6},"end":{"line":85,"column":7}}]},"3":{"loc":{"start":{"line":88,"column":4},"end":{"line":138,"column":5}},"type":"if","locations":[{"start":{"line":88,"column":4},"end":{"line":138,"column":5}},{"start":{"line":88,"column":4},"end":{"line":138,"column":5}}]},"4":{"loc":{"start":{"line":93,"column":12},"end":{"line":92,"column":20}},"type":"cond-expr","locations":[{"start":{"line":93,"column":12},"end":{"line":92,"column":20}},{"start":{"line":101,"column":12},"end":{"line":92,"column":8}}]},"5":{"loc":{"start":{"line":96,"column":18},"end":{"line":95,"column":14}},"type":"cond-expr","locations":[{"start":{"line":96,"column":18},"end":{"line":95,"column":14}},{"start":{"line":97,"column":19},"end":{"line":99,"column":31}}]},"6":{"loc":{"start":{"line":98,"column":20},"end":{"line":97,"column":18}},"type":"cond-expr","locations":[{"start":{"line":98,"column":20},"end":{"line":97,"column":18}},{"start":{"line":99,"column":20},"end":{"line":99,"column":31}}]},"7":{"loc":{"start":{"line":148,"column":4},"end":{"line":178,"column":5}},"type":"if","locations":[{"start":{"line":148,"column":4},"end":{"line":178,"column":5}},{"start":{"line":148,"column":4},"end":{"line":178,"column":5}}]},"8":{"loc":{"start":{"line":153,"column":8},"end":{"line":172,"column":9}},"type":"if","locations":[{"start":{"line":153,"column":8},"end":{"line":172,"column":9}},{"start":{"line":153,"column":8},"end":{"line":172,"column":9}}]},"9":{"loc":{"start":{"line":196,"column":4},"end":{"line":361,"column":5}},"type":"if","locations":[{"start":{"line":196,"column":4},"end":{"line":361,"column":5}},{"start":{"line":196,"column":4},"end":{"line":361,"column":5}}]},"10":{"loc":{"start":{"line":198,"column":6},"end":{"line":313,"column":7}},"type":"if","locations":[{"start":{"line":198,"column":6},"end":{"line":313,"column":7}},{"start":{"line":198,"column":6},"end":{"line":313,"column":7}}]},"11":{"loc":{"start":{"line":208,"column":10},"end":{"line":218,"column":12}},"type":"switch","locations":[{"start":{"line":208,"column":10},"end":{"line":218,"column":12}},{"start":{"line":220,"column":10},"end":{"line":249,"column":12}},{"start":{"line":251,"column":10},"end":{"line":280,"column":12}},{"start":{"line":282,"column":10},"end":{"line":291,"column":12}},{"start":{"line":293,"column":10},"end":{"line":303,"column":12}},{"start":{"line":305,"column":10},"end":{"line":306,"column":12}}]},"12":{"loc":{"start":{"line":252,"column":12},"end":{"line":279,"column":13}},"type":"if","locations":[{"start":{"line":252,"column":12},"end":{"line":279,"column":13}},{"start":{"line":252,"column":12},"end":{"line":279,"column":13}}]},"13":{"loc":{"start":{"line":335,"column":16},"end":{"line":334,"column":12}},"type":"cond-expr","locations":[{"start":{"line":335,"column":16},"end":{"line":334,"column":12}},{"start":{"line":337,"column":16},"end":{"line":316,"column":8}}]}},"s":{"0":0,"1":0,"2":0,"3":0,"4":0,"5":0,"6":0,"7":0,"8":0,"9":0,"10":0,"11":0,"12":0,"13":0,"14":0,"15":0,"16":0,"17":0,"18":0,"19":0,"20":0,"21":0,"22":0,"23":0,"24":0,"25":0,"26":0,"27":0,"28":0,"29":0,"30":0,"31":0,"32":0,"33":0,"34":0,"35":0,"36":0,"37":0,"38":0,"39":0,"40":0,"41":0,"42":0,"43":0,"44":0,"45":0,"46":0,"47":0,"48":0,"49":0,"50":0,"51":0,"52":0,"53":0,"54":0,"55":0,"56":0,"57":0,"58":0,"59":0,"60":0,"61":0,"62":0,"63":0,"64":0,"65":0,"66":0},"f":{"0":0,"1":0,"2":0,"3":0,"4":0,"5":0,"6":0,"7":0,"8":0,"9":0},"b":{"0":[0,0],"1":[0,0],"2":[0,0],"3":[0,0],"4":[0,0],"5":[0,0],"6":[0,0],"7":[0,0],"8":[0,0],"9":[0,0],"10":[0,0],"11":[0,0,0,0,0,0],"12":[0,0],"13":[0,0]}}
,"/root/flyve/src/components/EmptyMessage/index.js": {"path":"/root/flyve/src/components/EmptyMessage/index.js","statementMap":{"0":{"start":{"line":39,"column":21},"end":{"line":50,"column":1}},"1":{"start":{"line":40,"column":2},"end":{"line":49,"column":8}},"2":{"start":{"line":52,"column":0},"end":{"line":57,"column":1}},"3":{"start":{"line":59,"column":0},"end":{"line":64,"column":1}}},"fnMap":{"0":{"name":"(anonymous_0)","decl":{"start":{"line":39,"column":21},"end":{"line":39,"column":22}},"loc":{"start":{"line":40,"column":2},"end":{"line":49,"column":8}},"line":40}},"branchMap":{"0":{"loc":{"start":{"line":42,"column":8},"end":{"line":44,"column":16}},"type":"cond-expr","locations":[{"start":{"line":43,"column":12},"end":{"line":43,"column":76}},{"start":{"line":44,"column":12},"end":{"line":44,"column":16}}],"line":42},"1":{"loc":{"start":{"line":42,"column":8},"end":{"line":42,"column":36}},"type":"binary-expr","locations":[{"start":{"line":42,"column":8},"end":{"line":42,"column":18}},{"start":{"line":42,"column":22},"end":{"line":42,"column":36}}],"line":42}},"s":{"0":1,"1":1,"2":1,"3":1},"f":{"0":1},"b":{"0":[0,1],"1":[1,0]},"_coverageSchema":"332fd63041d2c1bcb487cc26dd0d5f7d97098a6c","hash":"84b4026b9f0837071b24c9312796f240fec6e4be"}
,"/root/flyve/src/components/ErrorPage/index.js": {"path":"/root/flyve/src/components/ErrorPage/index.js","statementMap":{"0":{"start":{"line":42,"column":18},"end":{"line":42,"column":46}},"1":{"start":{"line":43,"column":2},"end":{"line":45,"column":3}},"2":{"start":{"line":44,"column":4},"end":{"line":44,"column":21}},"3":{"start":{"line":46,"column":16},"end":{"line":46,"column":50}},"4":{"start":{"line":47,"column":18},"end":{"line":47,"column":54}},"5":{"start":{"line":48,"column":15},"end":{"line":48,"column":51}},"6":{"start":{"line":50,"column":2},"end":{"line":75,"column":3}},"7":{"start":{"line":51,"column":4},"end":{"line":74,"column":5}},"8":{"start":{"line":77,"column":2},"end":{"line":110,"column":3}}},"fnMap":{"0":{"name":"(anonymous_0)","decl":{"start":{"line":40,"column":15},"end":{"line":40,"column":16}},"loc":{"start":{"line":40,"column":21},"end":{"line":111,"column":1}},"line":40}},"branchMap":{"0":{"loc":{"start":{"line":43,"column":2},"end":{"line":45,"column":3}},"type":"if","locations":[{"start":{"line":43,"column":2},"end":{"line":45,"column":3}},{"start":{"line":43,"column":2},"end":{"line":45,"column":3}}],"line":43},"1":{"loc":{"start":{"line":43,"column":6},"end":{"line":43,"column":117}},"type":"binary-expr","locations":[{"start":{"line":43,"column":6},"end":{"line":43,"column":25}},{"start":{"line":43,"column":29},"end":{"line":43,"column":48}},{"start":{"line":43,"column":52},"end":{"line":43,"column":71}},{"start":{"line":43,"column":75},"end":{"line":43,"column":94}},{"start":{"line":43,"column":98},"end":{"line":43,"column":117}}],"line":43},"2":{"loc":{"start":{"line":50,"column":2},"end":{"line":75,"column":3}},"type":"if","locations":[{"start":{"line":50,"column":2},"end":{"line":75,"column":3}},{"start":{"line":50,"column":2},"end":{"line":75,"column":3}}],"line":50},"3":{"loc":{"start":{"line":50,"column":6},"end":{"line":50,"column":63}},"type":"binary-expr","locations":[{"start":{"line":50,"column":6},"end":{"line":50,"column":23}},{"start":{"line":50,"column":27},"end":{"line":50,"column":42}},{"start":{"line":50,"column":46},"end":{"line":50,"column":63}}],"line":50}},"s":{"0":1,"1":1,"2":1,"3":1,"4":1,"5":1,"6":1,"7":0,"8":1},"f":{"0":1},"b":{"0":[1,0],"1":[1,1,1,1,1],"2":[0,1],"3":[1,1,1]},"_coverageSchema":"332fd63041d2c1bcb487cc26dd0d5f7d97098a6c","hash":"07527030fe1a03d0f6a3b2aeec0552b8b7c6a23e"}
,"/root/flyve/src/components/ErrorValidation/index.js": {"path":"/root/flyve/src/components/ErrorValidation/index.js","statementMap":{"0":{"start":{"line":50,"column":26},"end":{"line":50,"column":28}},"1":{"start":{"line":52,"column":4},"end":{"line":52,"column":110}},"2":{"start":{"line":52,"column":53},"end":{"line":52,"column":108}},"3":{"start":{"line":53,"column":4},"end":{"line":59,"column":5}},"4":{"start":{"line":54,"column":6},"end":{"line":58,"column":7}},"5":{"start":{"line":55,"column":8},"end":{"line":57,"column":9}},"6":{"start":{"line":60,"column":4},"end":{"line":63,"column":5}},"7":{"start":{"line":61,"column":19},"end":{"line":61,"column":26}},"8":{"start":{"line":62,"column":6},"end":{"line":62,"column":83}},"9":{"start":{"line":62,"column":31},"end":{"line":62,"column":81}},"10":{"start":{"line":64,"column":4},"end":{"line":67,"column":5}},"11":{"start":{"line":65,"column":19},"end":{"line":65,"column":27}},"12":{"start":{"line":66,"column":6},"end":{"line":66,"column":93}},"13":{"start":{"line":66,"column":31},"end":{"line":66,"column":91}},"14":{"start":{"line":68,"column":4},"end":{"line":71,"column":5}},"15":{"start":{"line":69,"column":19},"end":{"line":69,"column":27}},"16":{"start":{"line":70,"column":6},"end":{"line":70,"column":93}},"17":{"start":{"line":70,"column":31},"end":{"line":70,"column":91}},"18":{"start":{"line":72,"column":4},"end":{"line":75,"column":5}},"19":{"start":{"line":73,"column":19},"end":{"line":73,"column":61}},"20":{"start":{"line":74,"column":6},"end":{"line":74,"column":91}},"21":{"start":{"line":74,"column":31},"end":{"line":74,"column":89}},"22":{"start":{"line":76,"column":4},"end":{"line":79,"column":5}},"23":{"start":{"line":77,"column":19},"end":{"line":77,"column":90}},"24":{"start":{"line":78,"column":6},"end":{"line":78,"column":87}},"25":{"start":{"line":78,"column":31},"end":{"line":78,"column":85}},"26":{"start":{"line":80,"column":4},"end":{"line":82,"column":5}},"27":{"start":{"line":81,"column":6},"end":{"line":81,"column":120}},"28":{"start":{"line":81,"column":60},"end":{"line":81,"column":118}},"29":{"start":{"line":83,"column":4},"end":{"line":85,"column":5}},"30":{"start":{"line":84,"column":6},"end":{"line":84,"column":124}},"31":{"start":{"line":84,"column":58},"end":{"line":84,"column":122}},"32":{"start":{"line":87,"column":19},"end":{"line":93,"column":5}},"33":{"start":{"line":95,"column":4},"end":{"line":95,"column":17}},"34":{"start":{"line":103,"column":4},"end":{"line":116,"column":5}},"35":{"start":{"line":108,"column":14},"end":{"line":111,"column":19}},"36":{"start":{"line":120,"column":0},"end":{"line":122,"column":1}},"37":{"start":{"line":124,"column":0},"end":{"line":126,"column":1}}},"fnMap":{"0":{"name":"(anonymous_0)","decl":{"start":{"line":49,"column":22},"end":{"line":49,"column":23}},"loc":{"start":{"line":49,"column":55},"end":{"line":96,"column":3}},"line":49},"1":{"name":"(anonymous_1)","decl":{"start":{"line":102,"column":2},"end":{"line":102,"column":3}},"loc":{"start":{"line":102,"column":11},"end":{"line":117,"column":3}},"line":102},"2":{"name":"(anonymous_2)","decl":{"start":{"line":107,"column":34},"end":{"line":107,"column":35}},"loc":{"start":{"line":108,"column":14},"end":{"line":111,"column":19}},"line":108}},"branchMap":{"0":{"loc":{"start":{"line":52,"column":4},"end":{"line":52,"column":110}},"type":"if","locations":[{"start":{"line":52,"column":4},"end":{"line":52,"column":110}},{"start":{"line":52,"column":4},"end":{"line":52,"column":110}}],"line":52},"1":{"loc":{"start":{"line":52,"column":8},"end":{"line":52,"column":49}},"type":"binary-expr","locations":[{"start":{"line":52,"column":8},"end":{"line":52,"column":39}},{"start":{"line":52,"column":43},"end":{"line":52,"column":49}}],"line":52},"2":{"loc":{"start":{"line":53,"column":4},"end":{"line":59,"column":5}},"type":"if","locations":[{"start":{"line":53,"column":4},"end":{"line":59,"column":5}},{"start":{"line":53,"column":4},"end":{"line":59,"column":5}}],"line":53},"3":{"loc":{"start":{"line":54,"column":6},"end":{"line":58,"column":7}},"type":"if","locations":[{"start":{"line":54,"column":6},"end":{"line":58,"column":7}},{"start":{"line":54,"column":6},"end":{"line":58,"column":7}}],"line":54},"4":{"loc":{"start":{"line":60,"column":4},"end":{"line":63,"column":5}},"type":"if","locations":[{"start":{"line":60,"column":4},"end":{"line":63,"column":5}},{"start":{"line":60,"column":4},"end":{"line":63,"column":5}}],"line":60},"5":{"loc":{"start":{"line":62,"column":6},"end":{"line":62,"column":83}},"type":"if","locations":[{"start":{"line":62,"column":6},"end":{"line":62,"column":83}},{"start":{"line":62,"column":6},"end":{"line":62,"column":83}}],"line":62},"6":{"loc":{"start":{"line":64,"column":4},"end":{"line":67,"column":5}},"type":"if","locations":[{"start":{"line":64,"column":4},"end":{"line":67,"column":5}},{"start":{"line":64,"column":4},"end":{"line":67,"column":5}}],"line":64},"7":{"loc":{"start":{"line":66,"column":6},"end":{"line":66,"column":93}},"type":"if","locations":[{"start":{"line":66,"column":6},"end":{"line":66,"column":93}},{"start":{"line":66,"column":6},"end":{"line":66,"column":93}}],"line":66},"8":{"loc":{"start":{"line":68,"column":4},"end":{"line":71,"column":5}},"type":"if","locations":[{"start":{"line":68,"column":4},"end":{"line":71,"column":5}},{"start":{"line":68,"column":4},"end":{"line":71,"column":5}}],"line":68},"9":{"loc":{"start":{"line":70,"column":6},"end":{"line":70,"column":93}},"type":"if","locations":[{"start":{"line":70,"column":6},"end":{"line":70,"column":93}},{"start":{"line":70,"column":6},"end":{"line":70,"column":93}}],"line":70},"10":{"loc":{"start":{"line":72,"column":4},"end":{"line":75,"column":5}},"type":"if","locations":[{"start":{"line":72,"column":4},"end":{"line":75,"column":5}},{"start":{"line":72,"column":4},"end":{"line":75,"column":5}}],"line":72},"11":{"loc":{"start":{"line":74,"column":6},"end":{"line":74,"column":91}},"type":"if","locations":[{"start":{"line":74,"column":6},"end":{"line":74,"column":91}},{"start":{"line":74,"column":6},"end":{"line":74,"column":91}}],"line":74},"12":{"loc":{"start":{"line":76,"column":4},"end":{"line":79,"column":5}},"type":"if","locations":[{"start":{"line":76,"column":4},"end":{"line":79,"column":5}},{"start":{"line":76,"column":4},"end":{"line":79,"column":5}}],"line":76},"13":{"loc":{"start":{"line":78,"column":6},"end":{"line":78,"column":87}},"type":"if","locations":[{"start":{"line":78,"column":6},"end":{"line":78,"column":87}},{"start":{"line":78,"column":6},"end":{"line":78,"column":87}}],"line":78},"14":{"loc":{"start":{"line":80,"column":4},"end":{"line":82,"column":5}},"type":"if","locations":[{"start":{"line":80,"column":4},"end":{"line":82,"column":5}},{"start":{"line":80,"column":4},"end":{"line":82,"column":5}}],"line":80},"15":{"loc":{"start":{"line":81,"column":6},"end":{"line":81,"column":120}},"type":"if","locations":[{"start":{"line":81,"column":6},"end":{"line":81,"column":120}},{"start":{"line":81,"column":6},"end":{"line":81,"column":120}}],"line":81},"16":{"loc":{"start":{"line":83,"column":4},"end":{"line":85,"column":5}},"type":"if","locations":[{"start":{"line":83,"column":4},"end":{"line":85,"column":5}},{"start":{"line":83,"column":4},"end":{"line":85,"column":5}}],"line":83},"17":{"loc":{"start":{"line":84,"column":6},"end":{"line":84,"column":124}},"type":"if","locations":[{"start":{"line":84,"column":6},"end":{"line":84,"column":124}},{"start":{"line":84,"column":6},"end":{"line":84,"column":124}}],"line":84},"18":{"loc":{"start":{"line":87,"column":19},"end":{"line":93,"column":5}},"type":"cond-expr","locations":[{"start":{"line":87,"column":49},"end":{"line":90,"column":5}},{"start":{"line":90,"column":8},"end":{"line":93,"column":5}}],"line":87}},"s":{"0":0,"1":0,"2":0,"3":0,"4":0,"5":0,"6":0,"7":0,"8":0,"9":0,"10":0,"11":0,"12":0,"13":0,"14":0,"15":0,"16":0,"17":0,"18":0,"19":0,"20":0,"21":0,"22":0,"23":0,"24":0,"25":0,"26":0,"27":0,"28":0,"29":0,"30":0,"31":0,"32":0,"33":0,"34":1,"35":2,"36":1,"37":1},"f":{"0":0,"1":1,"2":2},"b":{"0":[0,0],"1":[0,0],"2":[0,0],"3":[0,0],"4":[0,0],"5":[0,0],"6":[0,0],"7":[0,0],"8":[0,0],"9":[0,0],"10":[0,0],"11":[0,0],"12":[0,0],"13":[0,0],"14":[0,0],"15":[0,0],"16":[0,0],"17":[0,0],"18":[0,0]},"_coverageSchema":"332fd63041d2c1bcb487cc26dd0d5f7d97098a6c","hash":"f159f9bbfb1972e9eb780537800328103def2b4e"}
,"/root/flyve/src/components/FilesUpload/FilesUpload.js": {"path":"/root/flyve/src/components/FilesUpload/FilesUpload.js","statementMap":{"0":{"start":{"line":48,"column":4},"end":{"line":48,"column":29}},"1":{"start":{"line":57,"column":4},"end":{"line":57,"column":29}},"2":{"start":{"line":66,"column":27},"end":{"line":66,"column":47}},"3":{"start":{"line":67,"column":4},"end":{"line":69,"column":5}},"4":{"start":{"line":68,"column":6},"end":{"line":68,"column":54}},"5":{"start":{"line":70,"column":4},"end":{"line":70,"column":17}},"6":{"start":{"line":75,"column":4},"end":{"line":75,"column":16}},"7":{"start":{"line":77,"column":4},"end":{"line":77,"column":15}},"8":{"start":{"line":78,"column":4},"end":{"line":80,"column":5}},"9":{"start":{"line":89,"column":4},"end":{"line":89,"column":26}},"10":{"start":{"line":90,"column":4},"end":{"line":90,"column":27}},"11":{"start":{"line":95,"column":21},"end":{"line":95,"column":87}},"12":{"start":{"line":98,"column":4},"end":{"line":100,"column":5}},"13":{"start":{"line":99,"column":6},"end":{"line":99,"column":34}},"14":{"start":{"line":102,"column":18},"end":{"line":102,"column":20}},"15":{"start":{"line":103,"column":4},"end":{"line":140,"column":5}},"16":{"start":{"line":104,"column":19},"end":{"line":104,"column":32}},"17":{"start":{"line":107,"column":6},"end":{"line":107,"column":39}},"18":{"start":{"line":109,"column":6},"end":{"line":109,"column":54}},"19":{"start":{"line":111,"column":6},"end":{"line":111,"column":31}},"20":{"start":{"line":113,"column":6},"end":{"line":113,"column":48}},"21":{"start":{"line":116,"column":6},"end":{"line":125,"column":7}},"22":{"start":{"line":117,"column":8},"end":{"line":120,"column":9}},"23":{"start":{"line":122,"column":8},"end":{"line":124,"column":9}},"24":{"start":{"line":128,"column":6},"end":{"line":134,"column":7}},"25":{"start":{"line":129,"column":8},"end":{"line":132,"column":16}},"26":{"start":{"line":133,"column":8},"end":{"line":133,"column":13}},"27":{"start":{"line":137,"column":6},"end":{"line":139,"column":7}},"28":{"start":{"line":138,"column":8},"end":{"line":138,"column":24}},"29":{"start":{"line":142,"column":4},"end":{"line":147,"column":6}},"30":{"start":{"line":142,"column":32},"end":{"line":144,"column":5}},"31":{"start":{"line":146,"column":6},"end":{"line":146,"column":54}},"32":{"start":{"line":156,"column":4},"end":{"line":156,"column":26}},"33":{"start":{"line":157,"column":4},"end":{"line":157,"column":27}},"34":{"start":{"line":165,"column":15},"end":{"line":165,"column":28}},"35":{"start":{"line":166,"column":4},"end":{"line":166,"column":56}},"36":{"start":{"line":174,"column":15},"end":{"line":174,"column":28}},"37":{"start":{"line":175,"column":4},"end":{"line":175,"column":92}},"38":{"start":{"line":185,"column":4},"end":{"line":185,"column":46}},"39":{"start":{"line":193,"column":4},"end":{"line":193,"column":34}},"40":{"start":{"line":194,"column":4},"end":{"line":194,"column":29}},"41":{"start":{"line":203,"column":24},"end":{"line":203,"column":34}},"42":{"start":{"line":204,"column":4},"end":{"line":227,"column":5}},"43":{"start":{"line":205,"column":6},"end":{"line":221,"column":7}},"44":{"start":{"line":206,"column":25},"end":{"line":206,"column":60}},"45":{"start":{"line":207,"column":26},"end":{"line":207,"column":62}},"46":{"start":{"line":208,"column":8},"end":{"line":220,"column":9}},"47":{"start":{"line":209,"column":25},"end":{"line":209,"column":35}},"48":{"start":{"line":210,"column":29},"end":{"line":210,"column":49}},"49":{"start":{"line":211,"column":30},"end":{"line":211,"column":50}},"50":{"start":{"line":212,"column":10},"end":{"line":219,"column":11}},"51":{"start":{"line":213,"column":12},"end":{"line":215,"column":13}},"52":{"start":{"line":214,"column":14},"end":{"line":214,"column":25}},"53":{"start":{"line":216,"column":12},"end":{"line":218,"column":13}},"54":{"start":{"line":217,"column":14},"end":{"line":217,"column":25}},"55":{"start":{"line":222,"column":6},"end":{"line":225,"column":14}},"56":{"start":{"line":226,"column":6},"end":{"line":226,"column":18}},"57":{"start":{"line":228,"column":4},"end":{"line":228,"column":15}},"58":{"start":{"line":237,"column":4},"end":{"line":243,"column":5}},"59":{"start":{"line":238,"column":6},"end":{"line":241,"column":14}},"60":{"start":{"line":242,"column":6},"end":{"line":242,"column":18}},"61":{"start":{"line":243,"column":6},"end":{"line":249,"column":5}},"62":{"start":{"line":244,"column":6},"end":{"line":247,"column":14}},"63":{"start":{"line":248,"column":6},"end":{"line":248,"column":18}},"64":{"start":{"line":250,"column":4},"end":{"line":250,"column":15}},"65":{"start":{"line":259,"column":4},"end":{"line":263,"column":6}},"66":{"start":{"line":259,"column":32},"end":{"line":261,"column":5}},"67":{"start":{"line":260,"column":44},"end":{"line":260,"column":71}},"68":{"start":{"line":262,"column":6},"end":{"line":262,"column":54}},"69":{"start":{"line":271,"column":4},"end":{"line":275,"column":6}},"70":{"start":{"line":274,"column":6},"end":{"line":274,"column":54}},"71":{"start":{"line":283,"column":28},"end":{"line":295,"column":5}},"72":{"start":{"line":292,"column":8},"end":{"line":292,"column":35}},"73":{"start":{"line":297,"column":4},"end":{"line":319,"column":5}},"74":{"start":{"line":313,"column":31},"end":{"line":313,"column":55}},"75":{"start":{"line":323,"column":0},"end":{"line":340,"column":1}},"76":{"start":{"line":342,"column":0},"end":{"line":355,"column":1}}},"fnMap":{"0":{"name":"(anonymous_0)","decl":{"start":{"line":47,"column":2},"end":{"line":47,"column":3}},"loc":{"start":{"line":47,"column":28},"end":{"line":49,"column":3}},"line":47},"1":{"name":"(anonymous_1)","decl":{"start":{"line":56,"column":2},"end":{"line":56,"column":3}},"loc":{"start":{"line":56,"column":29},"end":{"line":58,"column":3}},"line":56},"2":{"name":"(anonymous_2)","decl":{"start":{"line":65,"column":2},"end":{"line":65,"column":3}},"loc":{"start":{"line":65,"column":29},"end":{"line":71,"column":3}},"line":65},"3":{"name":"(anonymous_3)","decl":{"start":{"line":74,"column":2},"end":{"line":74,"column":3}},"loc":{"start":{"line":74,"column":21},"end":{"line":81,"column":3}},"line":74},"4":{"name":"(anonymous_4)","decl":{"start":{"line":88,"column":11},"end":{"line":88,"column":12}},"loc":{"start":{"line":88,"column":22},"end":{"line":148,"column":3}},"line":88},"5":{"name":"(anonymous_5)","decl":{"start":{"line":142,"column":18},"end":{"line":142,"column":19}},"loc":{"start":{"line":142,"column":32},"end":{"line":144,"column":5}},"line":142},"6":{"name":"(anonymous_6)","decl":{"start":{"line":145,"column":4},"end":{"line":145,"column":5}},"loc":{"start":{"line":145,"column":10},"end":{"line":147,"column":5}},"line":145},"7":{"name":"(anonymous_7)","decl":{"start":{"line":155,"column":2},"end":{"line":155,"column":3}},"loc":{"start":{"line":155,"column":27},"end":{"line":158,"column":3}},"line":155},"8":{"name":"(anonymous_8)","decl":{"start":{"line":164,"column":2},"end":{"line":164,"column":3}},"loc":{"start":{"line":164,"column":16},"end":{"line":167,"column":3}},"line":164},"9":{"name":"(anonymous_9)","decl":{"start":{"line":173,"column":2},"end":{"line":173,"column":3}},"loc":{"start":{"line":173,"column":16},"end":{"line":176,"column":3}},"line":173},"10":{"name":"(anonymous_10)","decl":{"start":{"line":184,"column":2},"end":{"line":184,"column":3}},"loc":{"start":{"line":184,"column":23},"end":{"line":186,"column":3}},"line":184},"11":{"name":"(anonymous_11)","decl":{"start":{"line":192,"column":20},"end":{"line":192,"column":21}},"loc":{"start":{"line":192,"column":26},"end":{"line":195,"column":3}},"line":192},"12":{"name":"(anonymous_12)","decl":{"start":{"line":202,"column":2},"end":{"line":202,"column":3}},"loc":{"start":{"line":202,"column":27},"end":{"line":229,"column":3}},"line":202},"13":{"name":"(anonymous_13)","decl":{"start":{"line":236,"column":2},"end":{"line":236,"column":3}},"loc":{"start":{"line":236,"column":27},"end":{"line":251,"column":3}},"line":236},"14":{"name":"(anonymous_14)","decl":{"start":{"line":258,"column":2},"end":{"line":258,"column":3}},"loc":{"start":{"line":258,"column":27},"end":{"line":264,"column":3}},"line":258},"15":{"name":"(anonymous_15)","decl":{"start":{"line":259,"column":18},"end":{"line":259,"column":19}},"loc":{"start":{"line":259,"column":32},"end":{"line":261,"column":5}},"line":259},"16":{"name":"(anonymous_16)","decl":{"start":{"line":260,"column":36},"end":{"line":260,"column":37}},"loc":{"start":{"line":260,"column":44},"end":{"line":260,"column":71}},"line":260},"17":{"name":"(anonymous_17)","decl":{"start":{"line":261,"column":8},"end":{"line":261,"column":9}},"loc":{"start":{"line":261,"column":14},"end":{"line":263,"column":5}},"line":261},"18":{"name":"(anonymous_18)","decl":{"start":{"line":270,"column":2},"end":{"line":270,"column":3}},"loc":{"start":{"line":270,"column":16},"end":{"line":276,"column":3}},"line":270},"19":{"name":"(anonymous_19)","decl":{"start":{"line":273,"column":7},"end":{"line":273,"column":8}},"loc":{"start":{"line":273,"column":13},"end":{"line":275,"column":5}},"line":273},"20":{"name":"(anonymous_20)","decl":{"start":{"line":282,"column":2},"end":{"line":282,"column":3}},"loc":{"start":{"line":282,"column":11},"end":{"line":320,"column":3}},"line":282},"21":{"name":"(anonymous_21)","decl":{"start":{"line":291,"column":11},"end":{"line":291,"column":12}},"loc":{"start":{"line":291,"column":24},"end":{"line":293,"column":7}},"line":291},"22":{"name":"(anonymous_22)","decl":{"start":{"line":313,"column":15},"end":{"line":313,"column":16}},"loc":{"start":{"line":313,"column":29},"end":{"line":313,"column":57}},"line":313},"23":{"name":"(anonymous_23)","decl":{"start":{"line":343,"column":12},"end":{"line":343,"column":13}},"loc":{"start":{"line":343,"column":18},"end":{"line":343,"column":20}},"line":343},"24":{"name":"(anonymous_24)","decl":{"start":{"line":344,"column":11},"end":{"line":344,"column":12}},"loc":{"start":{"line":344,"column":17},"end":{"line":344,"column":19}},"line":344}},"branchMap":{"0":{"loc":{"start":{"line":67,"column":4},"end":{"line":69,"column":5}},"type":"if","locations":[{"start":{"line":67,"column":4},"end":{"line":69,"column":5}},{"start":{"line":67,"column":4},"end":{"line":69,"column":5}}],"line":67},"1":{"loc":{"start":{"line":95,"column":21},"end":{"line":95,"column":87}},"type":"cond-expr","locations":[{"start":{"line":95,"column":42},"end":{"line":95,"column":66}},{"start":{"line":95,"column":69},"end":{"line":95,"column":87}}],"line":95},"2":{"loc":{"start":{"line":98,"column":4},"end":{"line":100,"column":5}},"type":"if","locations":[{"start":{"line":98,"column":4},"end":{"line":100,"column":5}},{"start":{"line":98,"column":4},"end":{"line":100,"column":5}}],"line":98},"3":{"loc":{"start":{"line":98,"column":8},"end":{"line":98,"column":62}},"type":"binary-expr","locations":[{"start":{"line":98,"column":8},"end":{"line":98,"column":37}},{"start":{"line":98,"column":41},"end":{"line":98,"column":62}}],"line":98},"4":{"loc":{"start":{"line":116,"column":6},"end":{"line":125,"column":7}},"type":"if","locations":[{"start":{"line":116,"column":6},"end":{"line":125,"column":7}},{"start":{"line":116,"column":6},"end":{"line":125,"column":7}}],"line":116},"5":{"loc":{"start":{"line":116,"column":10},"end":{"line":116,"column":70}},"type":"binary-expr","locations":[{"start":{"line":116,"column":10},"end":{"line":116,"column":19}},{"start":{"line":116,"column":23},"end":{"line":116,"column":70}}],"line":116},"6":{"loc":{"start":{"line":128,"column":6},"end":{"line":134,"column":7}},"type":"if","locations":[{"start":{"line":128,"column":6},"end":{"line":134,"column":7}},{"start":{"line":128,"column":6},"end":{"line":134,"column":7}}],"line":128},"7":{"loc":{"start":{"line":137,"column":6},"end":{"line":139,"column":7}},"type":"if","locations":[{"start":{"line":137,"column":6},"end":{"line":139,"column":7}},{"start":{"line":137,"column":6},"end":{"line":139,"column":7}}],"line":137},"8":{"loc":{"start":{"line":137,"column":10},"end":{"line":137,"column":72}},"type":"binary-expr","locations":[{"start":{"line":137,"column":10},"end":{"line":137,"column":39}},{"start":{"line":137,"column":43},"end":{"line":137,"column":72}}],"line":137},"9":{"loc":{"start":{"line":143,"column":13},"end":{"line":143,"column":83}},"type":"cond-expr","locations":[{"start":{"line":143,"column":45},"end":{"line":143,"column":50}},{"start":{"line":143,"column":53},"end":{"line":143,"column":83}}],"line":143},"10":{"loc":{"start":{"line":204,"column":4},"end":{"line":227,"column":5}},"type":"if","locations":[{"start":{"line":204,"column":4},"end":{"line":227,"column":5}},{"start":{"line":204,"column":4},"end":{"line":227,"column":5}}],"line":204},"11":{"loc":{"start":{"line":205,"column":6},"end":{"line":221,"column":7}},"type":"if","locations":[{"start":{"line":205,"column":6},"end":{"line":221,"column":7}},{"start":{"line":205,"column":6},"end":{"line":221,"column":7}}],"line":205},"12":{"loc":{"start":{"line":212,"column":10},"end":{"line":219,"column":11}},"type":"if","locations":[{"start":{"line":212,"column":10},"end":{"line":219,"column":11}},{"start":{"line":212,"column":10},"end":{"line":219,"column":11}}],"line":212},"13":{"loc":{"start":{"line":212,"column":14},"end":{"line":212,"column":39}},"type":"binary-expr","locations":[{"start":{"line":212,"column":14},"end":{"line":212,"column":24}},{"start":{"line":212,"column":28},"end":{"line":212,"column":39}}],"line":212},"14":{"loc":{"start":{"line":213,"column":12},"end":{"line":215,"column":13}},"type":"if","locations":[{"start":{"line":213,"column":12},"end":{"line":215,"column":13}},{"start":{"line":213,"column":12},"end":{"line":215,"column":13}}],"line":213},"15":{"loc":{"start":{"line":213,"column":16},"end":{"line":213,"column":62}},"type":"binary-expr","locations":[{"start":{"line":213,"column":16},"end":{"line":213,"column":39}},{"start":{"line":213,"column":43},"end":{"line":213,"column":62}}],"line":213},"16":{"loc":{"start":{"line":216,"column":12},"end":{"line":218,"column":13}},"type":"if","locations":[{"start":{"line":216,"column":12},"end":{"line":218,"column":13}},{"start":{"line":216,"column":12},"end":{"line":218,"column":13}}],"line":216},"17":{"loc":{"start":{"line":216,"column":16},"end":{"line":216,"column":68}},"type":"binary-expr","locations":[{"start":{"line":216,"column":16},"end":{"line":216,"column":39}},{"start":{"line":216,"column":43},"end":{"line":216,"column":68}}],"line":216},"18":{"loc":{"start":{"line":237,"column":4},"end":{"line":243,"column":5}},"type":"if","locations":[{"start":{"line":237,"column":4},"end":{"line":243,"column":5}},{"start":{"line":237,"column":4},"end":{"line":243,"column":5}}],"line":237},"19":{"loc":{"start":{"line":243,"column":6},"end":{"line":249,"column":5}},"type":"if","locations":[{"start":{"line":243,"column":6},"end":{"line":249,"column":5}},{"start":{"line":243,"column":6},"end":{"line":249,"column":5}}],"line":243},"20":{"loc":{"start":{"line":285,"column":14},"end":{"line":285,"column":65}},"type":"cond-expr","locations":[{"start":{"line":285,"column":35},"end":{"line":285,"column":60}},{"start":{"line":285,"column":63},"end":{"line":285,"column":65}}],"line":285},"21":{"loc":{"start":{"line":305,"column":12},"end":{"line":307,"column":20}},"type":"cond-expr","locations":[{"start":{"line":306,"column":16},"end":{"line":306,"column":36}},{"start":{"line":307,"column":16},"end":{"line":307,"column":20}}],"line":305}},"s":{"0":0,"1":0,"2":0,"3":0,"4":0,"5":0,"6":1,"7":1,"8":1,"9":0,"10":0,"11":0,"12":0,"13":0,"14":0,"15":0,"16":0,"17":0,"18":0,"19":0,"20":0,"21":0,"22":0,"23":0,"24":0,"25":0,"26":0,"27":0,"28":0,"29":0,"30":0,"31":0,"32":0,"33":0,"34":0,"35":0,"36":0,"37":0,"38":0,"39":0,"40":0,"41":0,"42":0,"43":0,"44":0,"45":0,"46":0,"47":0,"48":0,"49":0,"50":0,"51":0,"52":0,"53":0,"54":0,"55":0,"56":0,"57":0,"58":0,"59":0,"60":0,"61":0,"62":0,"63":0,"64":0,"65":0,"66":0,"67":0,"68":0,"69":0,"70":0,"71":1,"72":1,"73":1,"74":1,"75":1,"76":1},"f":{"0":0,"1":0,"2":0,"3":1,"4":0,"5":0,"6":0,"7":0,"8":0,"9":0,"10":0,"11":0,"12":0,"13":0,"14":0,"15":0,"16":0,"17":0,"18":0,"19":0,"20":1,"21":1,"22":1,"23":0,"24":0},"b":{"0":[0,0],"1":[0,0],"2":[0,0],"3":[0,0],"4":[0,0],"5":[0,0],"6":[0,0],"7":[0,0],"8":[0,0],"9":[0,0],"10":[0,0],"11":[0,0],"12":[0,0],"13":[0,0],"14":[0,0],"15":[0,0],"16":[0,0],"17":[0,0],"18":[0,0],"19":[0,0],"20":[0,1],"21":[1,0]},"_coverageSchema":"332fd63041d2c1bcb487cc26dd0d5f7d97098a6c","hash":"fcc9784ccdd4675638d22ae4a90861b61b4a99c0"}
,"/root/flyve/src/components/FilesUpload/FilesUploadItemList.js": {"path":"/root/flyve/src/components/FilesUpload/FilesUploadItemList.js","statementMap":{"0":{"start":{"line":45,"column":4},"end":{"line":77,"column":5}},"1":{"start":{"line":81,"column":0},"end":{"line":84,"column":1}}},"fnMap":{"0":{"name":"(anonymous_0)","decl":{"start":{"line":44,"column":2},"end":{"line":44,"column":3}},"loc":{"start":{"line":44,"column":11},"end":{"line":78,"column":3}},"line":44}},"branchMap":{},"s":{"0":1,"1":1},"f":{"0":1},"b":{},"_coverageSchema":"332fd63041d2c1bcb487cc26dd0d5f7d97098a6c","hash":"6f72bbcf6ecd6160e39b513b642c0d2f9540408c"}
,"/root/flyve/src/components/FilesUpload/index.js": {"path":"/root/flyve/src/components/FilesUpload/index.js","statementMap":{"0":{"start":{"line":29,"column":0},"end":{"line":null,"column":-1}},"1":{"start":{"line":30,"column":0},"end":{"line":null,"column":-1}}},"fnMap":{},"branchMap":{},"s":{"0":0,"1":0},"f":{},"b":{}}
,"/root/flyve/src/components/Forms/index.js": {"path":"/root/flyve/src/components/Forms/index.js","statementMap":{"0":{"start":{"line":29,"column":0},"end":{"line":null,"column":-1}},"1":{"start":{"line":30,"column":0},"end":{"line":null,"column":-1}},"2":{"start":{"line":31,"column":0},"end":{"line":null,"column":-1}},"3":{"start":{"line":32,"column":0},"end":{"line":null,"column":-1}},"4":{"start":{"line":33,"column":0},"end":{"line":null,"column":-1}}},"fnMap":{},"branchMap":{},"s":{"0":0,"1":0,"2":0,"3":0,"4":0},"f":{},"b":{}}
,"/root/flyve/src/components/Forms/ConstructInputs/createListElement.js": {"path":"/root/flyve/src/components/Forms/ConstructInputs/createListElement.js","statementMap":{"0":{"start":{"line":29,"column":0},"end":{"line":null,"column":-1}},"1":{"start":{"line":30,"column":0},"end":{"line":null,"column":-1}},"2":{"start":{"line":31,"column":0},"end":{"line":null,"column":-1}},"3":{"start":{"line":32,"column":0},"end":{"line":null,"column":-1}},"4":{"start":{"line":33,"column":0},"end":{"line":null,"column":-1}},"5":{"start":{"line":34,"column":0},"end":{"line":null,"column":-1}},"6":{"start":{"line":44,"column":26},"end":{"line":44,"column":0}},"7":{"start":{"line":49,"column":16},"end":{"line":49,"column":2}},"8":{"start":{"line":55,"column":2},"end":{"line":null,"column":-1}},"9":{"start":{"line":60,"column":10},"end":{"line":116,"column":11}},"10":{"start":{"line":61,"column":12},"end":{"line":null,"column":-1}},"11":{"start":{"line":74,"column":17},"end":{"line":116,"column":11}},"12":{"start":{"line":75,"column":12},"end":{"line":null,"column":-1}},"13":{"start":{"line":84,"column":17},"end":{"line":116,"column":11}},"14":{"start":{"line":85,"column":12},"end":{"line":null,"column":-1}},"15":{"start":{"line":100,"column":12},"end":{"line":null,"column":-1}},"16":{"start":{"line":117,"column":10},"end":{"line":null,"column":-1}},"17":{"start":{"line":124,"column":0},"end":{"line":null,"column":-1}},"18":{"start":{"line":130,"column":0},"end":{"line":null,"column":-1}}},"fnMap":{"0":{"name":"(anonymous_0)","decl":{"start":{"line":44,"column":26},"end":{"line":44,"column":27}},"loc":{"start":{"line":48,"column":6},"end":{"line":44,"column":0}}},"1":{"name":"(anonymous_1)","decl":{"start":{"line":58,"column":22},"end":{"line":58,"column":20}},"loc":{"start":{"line":58,"column":34},"end":{"line":58,"column":8}}}},"branchMap":{"0":{"loc":{"start":{"line":49,"column":23},"end":{"line":49,"column":20}},"type":"cond-expr","locations":[{"start":{"line":49,"column":23},"end":{"line":49,"column":20}},{"start":{"line":52,"column":6},"end":{"line":49,"column":2}}]},"1":{"loc":{"start":{"line":60,"column":10},"end":{"line":116,"column":11}},"type":"if","locations":[{"start":{"line":60,"column":10},"end":{"line":116,"column":11}},{"start":{"line":60,"column":10},"end":{"line":116,"column":11}}]},"2":{"loc":{"start":{"line":74,"column":17},"end":{"line":116,"column":11}},"type":"if","locations":[{"start":{"line":74,"column":17},"end":{"line":116,"column":11}},{"start":{"line":74,"column":17},"end":{"line":116,"column":11}}]},"3":{"loc":{"start":{"line":84,"column":17},"end":{"line":116,"column":11}},"type":"if","locations":[{"start":{"line":84,"column":17},"end":{"line":116,"column":11}},{"start":{"line":84,"column":17},"end":{"line":116,"column":11}}]}},"s":{"0":0,"1":0,"2":0,"3":0,"4":0,"5":0,"6":0,"7":0,"8":0,"9":0,"10":0,"11":0,"12":0,"13":0,"14":0,"15":0,"16":0,"17":0,"18":0},"f":{"0":0,"1":0},"b":{"0":[0,0],"1":[0,0],"2":[0,0],"3":[0,0]}}
,"/root/flyve/src/components/Forms/ConstructInputs/index.js": {"path":"/root/flyve/src/components/Forms/ConstructInputs/index.js","statementMap":{"0":{"start":{"line":29,"column":0},"end":{"line":null,"column":-1}},"1":{"start":{"line":30,"column":0},"end":{"line":null,"column":-1}},"2":{"start":{"line":31,"column":0},"end":{"line":null,"column":-1}},"3":{"start":{"line":39,"column":25},"end":{"line":39,"column":0}},"4":{"start":{"line":42,"column":2},"end":{"line":57,"column":3}},"5":{"start":{"line":43,"column":4},"end":{"line":null,"column":-1}},"6":{"start":{"line":59,"column":2},"end":{"line":null,"column":-1}},"7":{"start":{"line":63,"column":44},"end":{"line":63,"column":8}},"8":{"start":{"line":73,"column":0},"end":{"line":null,"column":-1}},"9":{"start":{"line":79,"column":0},"end":{"line":null,"column":-1}}},"fnMap":{"0":{"name":"(anonymous_0)","decl":{"start":{"line":39,"column":25},"end":{"line":39,"column":23}},"loc":{"start":{"line":39,"column":35},"end":{"line":39,"column":0}}},"1":{"name":"(anonymous_1)","decl":{"start":{"line":63,"column":23},"end":{"line":63,"column":24}},"loc":{"start":{"line":63,"column":44},"end":{"line":63,"column":8}}}},"branchMap":{"0":{"loc":{"start":{"line":42,"column":2},"end":{"line":57,"column":3}},"type":"if","locations":[{"start":{"line":42,"column":2},"end":{"line":57,"column":3}},{"start":{"line":42,"column":2},"end":{"line":57,"column":3}}]},"1":{"loc":{"start":{"line":49,"column":14},"end":{"line":47,"column":10}},"type":"cond-expr","locations":[{"start":{"line":49,"column":14},"end":{"line":47,"column":10}},{"start":{"line":53,"column":14},"end":{"line":44,"column":6}}]}},"s":{"0":0,"1":0,"2":0,"3":0,"4":0,"5":0,"6":0,"7":0,"8":0,"9":0},"f":{"0":0,"1":0},"b":{"0":[0,0],"1":[0,0]}}
,"/root/flyve/src/components/Forms/DatePicker/days.js": {"path":"/root/flyve/src/components/Forms/DatePicker/days.js","statementMap":{"0":{"start":{"line":37,"column":19},"end":{"line":50,"column":3}},"1":{"start":{"line":52,"column":2},"end":{"line":54,"column":3}},"2":{"start":{"line":53,"column":4},"end":{"line":53,"column":26}},"3":{"start":{"line":56,"column":15},"end":{"line":56,"column":17}},"4":{"start":{"line":58,"column":2},"end":{"line":66,"column":3}},"5":{"start":{"line":59,"column":4},"end":{"line":65,"column":5}},"6":{"start":{"line":60,"column":6},"end":{"line":64,"column":8}},"7":{"start":{"line":68,"column":2},"end":{"line":68,"column":13}}},"fnMap":{"0":{"name":"(anonymous_0)","decl":{"start":{"line":36,"column":15},"end":{"line":36,"column":16}},"loc":{"start":{"line":36,"column":32},"end":{"line":69,"column":1}},"line":36}},"branchMap":{"0":{"loc":{"start":{"line":52,"column":2},"end":{"line":54,"column":3}},"type":"if","locations":[{"start":{"line":52,"column":2},"end":{"line":54,"column":3}},{"start":{"line":52,"column":2},"end":{"line":54,"column":3}}],"line":52},"1":{"loc":{"start":{"line":52,"column":6},"end":{"line":52,"column":62}},"type":"binary-expr","locations":[{"start":{"line":52,"column":6},"end":{"line":52,"column":22}},{"start":{"line":52,"column":27},"end":{"line":52,"column":43}},{"start":{"line":52,"column":47},"end":{"line":52,"column":61}}],"line":52},"2":{"loc":{"start":{"line":58,"column":2},"end":{"line":66,"column":3}},"type":"if","locations":[{"start":{"line":58,"column":2},"end":{"line":66,"column":3}},{"start":{"line":58,"column":2},"end":{"line":66,"column":3}}],"line":58}},"s":{"0":3,"1":3,"2":1,"3":3,"4":3,"5":3,"6":87,"7":3},"f":{"0":3},"b":{"0":[1,2],"1":[3,3,3],"2":[3,0]},"_coverageSchema":"332fd63041d2c1bcb487cc26dd0d5f7d97098a6c","hash":"e44af988290b159038f179a0ba4d93d8e78edbed"}
,"/root/flyve/src/components/Forms/DatePicker/index.js": {"path":"/root/flyve/src/components/Forms/DatePicker/index.js","statementMap":{"0":{"start":{"line":46,"column":4},"end":{"line":46,"column":16}},"1":{"start":{"line":47,"column":17},"end":{"line":47,"column":43}},"2":{"start":{"line":48,"column":4},"end":{"line":52,"column":5}},"3":{"start":{"line":61,"column":24},"end":{"line":61,"column":34}},"4":{"start":{"line":62,"column":20},"end":{"line":66,"column":5}},"5":{"start":{"line":68,"column":4},"end":{"line":68,"column":63}},"6":{"start":{"line":70,"column":4},"end":{"line":71,"column":104}},"7":{"start":{"line":79,"column":4},"end":{"line":129,"column":5}},"8":{"start":{"line":133,"column":0},"end":{"line":136,"column":1}},"9":{"start":{"line":138,"column":0},"end":{"line":147,"column":1}}},"fnMap":{"0":{"name":"(anonymous_0)","decl":{"start":{"line":45,"column":2},"end":{"line":45,"column":3}},"loc":{"start":{"line":45,"column":21},"end":{"line":53,"column":3}},"line":45},"1":{"name":"(anonymous_1)","decl":{"start":{"line":60,"column":11},"end":{"line":60,"column":12}},"loc":{"start":{"line":60,"column":28},"end":{"line":72,"column":3}},"line":60},"2":{"name":"(anonymous_2)","decl":{"start":{"line":78,"column":2},"end":{"line":78,"column":3}},"loc":{"start":{"line":78,"column":11},"end":{"line":130,"column":3}},"line":78}},"branchMap":{"0":{"loc":{"start":{"line":49,"column":12},"end":{"line":49,"column":61}},"type":"cond-expr","locations":[{"start":{"line":49,"column":31},"end":{"line":49,"column":49}},{"start":{"line":49,"column":52},"end":{"line":49,"column":61}}],"line":49},"1":{"loc":{"start":{"line":50,"column":13},"end":{"line":50,"column":71}},"type":"cond-expr","locations":[{"start":{"line":50,"column":32},"end":{"line":50,"column":59}},{"start":{"line":50,"column":62},"end":{"line":50,"column":71}}],"line":50},"2":{"loc":{"start":{"line":51,"column":11},"end":{"line":51,"column":56}},"type":"cond-expr","locations":[{"start":{"line":51,"column":30},"end":{"line":51,"column":44}},{"start":{"line":51,"column":47},"end":{"line":51,"column":56}}],"line":51},"3":{"loc":{"start":{"line":63,"column":12},"end":{"line":63,"column":73}},"type":"cond-expr","locations":[{"start":{"line":63,"column":30},"end":{"line":63,"column":45}},{"start":{"line":63,"column":48},"end":{"line":63,"column":73}}],"line":63},"4":{"loc":{"start":{"line":64,"column":13},"end":{"line":64,"column":85}},"type":"cond-expr","locations":[{"start":{"line":64,"column":32},"end":{"line":64,"column":48}},{"start":{"line":64,"column":51},"end":{"line":64,"column":85}}],"line":64},"5":{"loc":{"start":{"line":65,"column":11},"end":{"line":65,"column":46}},"type":"cond-expr","locations":[{"start":{"line":65,"column":28},"end":{"line":65,"column":42}},{"start":{"line":65,"column":45},"end":{"line":65,"column":46}}],"line":65},"6":{"loc":{"start":{"line":82,"column":10},"end":{"line":87,"column":11}},"type":"binary-expr","locations":[{"start":{"line":82,"column":10},"end":{"line":82,"column":26}},{"start":{"line":84,"column":12},"end":{"line":86,"column":16}}],"line":82}},"s":{"0":1,"1":1,"2":1,"3":0,"4":0,"5":0,"6":0,"7":1,"8":1,"9":1},"f":{"0":1,"1":0,"2":1},"b":{"0":[1,0],"1":[1,0],"2":[1,0],"3":[0,0],"4":[0,0],"5":[0,0],"6":[1,1]},"_coverageSchema":"332fd63041d2c1bcb487cc26dd0d5f7d97098a6c","hash":"fe701696e6e081d356a4bcb20ce04c16cd5a707a"}
,"/root/flyve/src/components/Forms/DatePicker/months.js": {"path":"/root/flyve/src/components/Forms/DatePicker/months.js","statementMap":{"0":{"start":{"line":38,"column":17},"end":{"line":38,"column":19}},"1":{"start":{"line":39,"column":2},"end":{"line":45,"column":4}},"2":{"start":{"line":40,"column":4},"end":{"line":44,"column":6}},"3":{"start":{"line":46,"column":2},"end":{"line":46,"column":15}}},"fnMap":{"0":{"name":"(anonymous_0)","decl":{"start":{"line":37,"column":15},"end":{"line":37,"column":16}},"loc":{"start":{"line":37,"column":21},"end":{"line":47,"column":1}},"line":37},"1":{"name":"(anonymous_1)","decl":{"start":{"line":39,"column":21},"end":{"line":39,"column":22}},"loc":{"start":{"line":39,"column":32},"end":{"line":45,"column":3}},"line":39}},"branchMap":{},"s":{"0":2,"1":2,"2":24,"3":2},"f":{"0":2,"1":24},"b":{},"_coverageSchema":"332fd63041d2c1bcb487cc26dd0d5f7d97098a6c","hash":"520241bb6976f0d884b4f90a0f306d07763e5a1a"}
,"/root/flyve/src/components/Forms/DatePicker/years.js": {"path":"/root/flyve/src/components/Forms/DatePicker/years.js","statementMap":{"0":{"start":{"line":37,"column":16},"end":{"line":37,"column":18}},"1":{"start":{"line":38,"column":2},"end":{"line":44,"column":3}},"2":{"start":{"line":39,"column":4},"end":{"line":43,"column":5}},"3":{"start":{"line":45,"column":2},"end":{"line":45,"column":14}}},"fnMap":{"0":{"name":"(anonymous_0)","decl":{"start":{"line":36,"column":15},"end":{"line":36,"column":16}},"loc":{"start":{"line":36,"column":21},"end":{"line":46,"column":1}},"line":36}},"branchMap":{},"s":{"0":2,"1":2,"2":242,"3":2},"f":{"0":2},"b":{},"_coverageSchema":"332fd63041d2c1bcb487cc26dd0d5f7d97098a6c","hash":"94717c36df9feaa360c408cd1599e55521a1e09a"}
,"/root/flyve/src/components/Forms/Input/index.js": {"path":"/root/flyve/src/components/Forms/Input/index.js","statementMap":{"0":{"start":{"line":29,"column":0},"end":{"line":null,"column":-1}},"1":{"start":{"line":32,"column":0},"end":{"line":null,"column":-1}},"2":{"start":{"line":33,"column":0},"end":{"line":null,"column":-1}},"3":{"start":{"line":34,"column":0},"end":{"line":null,"column":-1}},"4":{"start":{"line":35,"column":0},"end":{"line":null,"column":-1}},"5":{"start":{"line":45,"column":4},"end":{"line":null,"column":-1}},"6":{"start":{"line":44,"column":21},"end":{"line":null,"column":-1}},"7":{"start":{"line":85,"column":4},"end":{"line":null,"column":-1}},"8":{"start":{"line":95,"column":4},"end":{"line":103,"column":5}},"9":{"start":{"line":96,"column":25},"end":{"line":96,"column":6}},"10":{"start":{"line":98,"column":6},"end":{"line":null,"column":-1}},"11":{"start":{"line":112,"column":17},"end":{"line":112,"column":4}},"12":{"start":{"line":113,"column":4},"end":{"line":113,"column":14}},"13":{"start":{"line":113,"column":14},"end":{"line":null,"column":-1}},"14":{"start":{"line":46,"column":4},"end":{"line":null,"column":-1}},"15":{"start":{"line":61,"column":4},"end":{"line":73,"column":5}},"16":{"start":{"line":62,"column":6},"end":{"line":69,"column":7}},"17":{"start":{"line":63,"column":27},"end":{"line":63,"column":8}},"18":{"start":{"line":64,"column":8},"end":{"line":null,"column":-1}},"19":{"start":{"line":70,"column":6},"end":{"line":null,"column":-1}},"20":{"start":{"line":74,"column":4},"end":{"line":null,"column":-1}},"21":{"start":{"line":121,"column":23},"end":{"line":121,"column":4}},"22":{"start":{"line":132,"column":4},"end":{"line":null,"column":-1}},"23":{"start":{"line":150,"column":24},"end":{"line":143,"column":8}},"24":{"start":{"line":164,"column":37},"end":{"line":null,"column":-1}},"25":{"start":{"line":174,"column":0},"end":{"line":null,"column":-1}},"26":{"start":{"line":189,"column":0},"end":{"line":null,"column":-1}}},"fnMap":{"0":{"name":"(anonymous_0)","decl":{"start":{"line":44,"column":2},"end":{"line":44,"column":12}},"loc":{"start":{"line":44,"column":21},"end":{"line":51,"column":3}}},"1":{"name":"(anonymous_1)","decl":{"start":{"line":84,"column":12},"end":{"line":84,"column":10}},"loc":{"start":{"line":84,"column":28},"end":{"line":44,"column":21}}},"2":{"name":"(anonymous_2)","decl":{"start":{"line":94,"column":13},"end":{"line":94,"column":14}},"loc":{"start":{"line":94,"column":46},"end":{"line":44,"column":21}}},"3":{"name":"(anonymous_3)","decl":{"start":{"line":111,"column":16},"end":{"line":111,"column":27}},"loc":{"start":{"line":111,"column":28},"end":{"line":44,"column":21}}},"4":{"name":"(anonymous_4)","decl":{"start":{"line":60,"column":2},"end":{"line":60,"column":8}},"loc":{"start":{"line":60,"column":56},"end":{"line":77,"column":3}}},"5":{"name":"(anonymous_5)","decl":{"start":{"line":120,"column":2},"end":{"line":120,"column":7}},"loc":{"start":{"line":120,"column":11},"end":{"line":171,"column":3}}},"6":{"name":"(anonymous_6)","decl":{"start":{"line":150,"column":18},"end":{"line":150,"column":23}},"loc":{"start":{"line":150,"column":24},"end":{"line":143,"column":8}}},"7":{"name":"(anonymous_7)","decl":{"start":{"line":164,"column":28},"end":{"line":164,"column":26}},"loc":{"start":{"line":164,"column":35},"end":{"line":161,"column":14}}},"8":{"name":"(anonymous_8)","decl":{"start":{"line":180,"column":12},"end":{"line":180,"column":17}},"loc":{"start":{"line":180,"column":18},"end":{"line":174,"column":21}}},"9":{"name":"(anonymous_9)","decl":{"start":{"line":183,"column":12},"end":{"line":183,"column":17}},"loc":{"start":{"line":183,"column":18},"end":{"line":174,"column":21}}}},"branchMap":{"0":{"loc":{"start":{"line":95,"column":4},"end":{"line":103,"column":5}},"type":"if","locations":[{"start":{"line":95,"column":4},"end":{"line":103,"column":5}},{"start":{"line":95,"column":4},"end":{"line":103,"column":5}}]},"1":{"loc":{"start":{"line":101,"column":42},"end":{"line":101,"column":19}},"type":"cond-expr","locations":[{"start":{"line":101,"column":42},"end":{"line":101,"column":19}},{"start":{"line":101,"column":58},"end":{"line":null,"column":-1}}]},"2":{"loc":{"start":{"line":113,"column":4},"end":{"line":113,"column":14}},"type":"if","locations":[{"start":{"line":113,"column":4},"end":{"line":113,"column":14}},{"start":{"line":113,"column":4},"end":{"line":113,"column":14}}]},"3":{"loc":{"start":{"line":61,"column":4},"end":{"line":73,"column":5}},"type":"if","locations":[{"start":{"line":61,"column":4},"end":{"line":73,"column":5}},{"start":{"line":61,"column":4},"end":{"line":73,"column":5}}]},"4":{"loc":{"start":{"line":61,"column":8},"end":{"line":61,"column":7}},"type":"binary-expr","locations":[{"start":{"line":61,"column":8},"end":{"line":61,"column":7}},{"start":{"line":61,"column":32},"end":{"line":61,"column":4}}]},"5":{"loc":{"start":{"line":62,"column":6},"end":{"line":69,"column":7}},"type":"if","locations":[{"start":{"line":62,"column":6},"end":{"line":69,"column":7}},{"start":{"line":62,"column":6},"end":{"line":69,"column":7}}]},"6":{"loc":{"start":{"line":67,"column":44},"end":{"line":67,"column":21}},"type":"cond-expr","locations":[{"start":{"line":67,"column":44},"end":{"line":67,"column":21}},{"start":{"line":67,"column":60},"end":{"line":null,"column":-1}}]},"7":{"loc":{"start":{"line":123,"column":8},"end":{"line":121,"column":23}},"type":"cond-expr","locations":[{"start":{"line":123,"column":8},"end":{"line":121,"column":23}},{"start":{"line":131,"column":8},"end":{"line":121,"column":4}}]},"8":{"loc":{"start":{"line":135,"column":10},"end":{"line":135,"column":9}},"type":"binary-expr","locations":[{"start":{"line":135,"column":10},"end":{"line":135,"column":9}},{"start":{"line":137,"column":12},"end":{"line":133,"column":6}}]},"9":{"loc":{"start":{"line":147,"column":18},"end":{"line":147,"column":17}},"type":"binary-expr","locations":[{"start":{"line":147,"column":18},"end":{"line":147,"column":17}},{"start":{"line":147,"column":38},"end":{"line":143,"column":8}}]},"10":{"loc":{"start":{"line":161,"column":14},"end":{"line":159,"column":10}},"type":"cond-expr","locations":[{"start":{"line":161,"column":14},"end":{"line":159,"column":10}},{"start":{"line":167,"column":14},"end":{"line":133,"column":6}}]}},"s":{"0":0,"1":0,"2":0,"3":0,"4":0,"5":0,"6":0,"7":0,"8":0,"9":0,"10":0,"11":0,"12":0,"13":0,"14":0,"15":0,"16":0,"17":0,"18":0,"19":0,"20":0,"21":0,"22":0,"23":0,"24":0,"25":0,"26":0},"f":{"0":0,"1":0,"2":0,"3":0,"4":0,"5":0,"6":0,"7":0,"8":0,"9":0},"b":{"0":[0,0],"1":[0,0],"2":[0,0],"3":[0,0],"4":[0,0],"5":[0,0],"6":[0,0],"7":[0,0],"8":[0,0],"9":[0,0],"10":[0,0]}}
[...]
,"/root/flyve/src/shared/i18n/index.js": {"path":"/root/flyve/src/shared/i18n/index.js","statementMap":{"0":{"start":{"line":33,"column":24},"end":{"line":33,"column":31}},"1":{"start":{"line":36,"column":2},"end":{"line":41,"column":3}},"2":{"start":{"line":38,"column":4},"end":{"line":38,"column":29}},"3":{"start":{"line":40,"column":4},"end":{"line":40,"column":15}},"4":{"start":{"line":44,"column":17},"end":{"line":47,"column":2}},"5":{"start":{"line":50,"column":2},"end":{"line":58,"column":3}},"6":{"start":{"line":51,"column":17},"end":{"line":53,"column":44}},"7":{"start":{"line":55,"column":4},"end":{"line":55,"column":15}},"8":{"start":{"line":57,"column":4},"end":{"line":57,"column":15}},"9":{"start":{"line":62,"column":2},"end":{"line":62,"column":40}},"10":{"start":{"line":63,"column":15},"end":{"line":63,"column":50}},"11":{"start":{"line":64,"column":2},"end":{"line":64,"column":23}},"12":{"start":{"line":65,"column":2},"end":{"line":65,"column":23}}},"fnMap":{"0":{"name":"tryRequire","decl":{"start":{"line":35,"column":9},"end":{"line":35,"column":19}},"loc":{"start":{"line":35,"column":26},"end":{"line":42,"column":1}},"line":35},"1":{"name":"getTranslations","decl":{"start":{"line":49,"column":9},"end":{"line":49,"column":24}},"loc":{"start":{"line":49,"column":31},"end":{"line":59,"column":1}},"line":49},"2":{"name":"setPolyglot","decl":{"start":{"line":61,"column":9},"end":{"line":61,"column":20}},"loc":{"start":{"line":61,"column":27},"end":{"line":66,"column":1}},"line":61}},"branchMap":{"0":{"loc":{"start":{"line":46,"column":11},"end":{"line":46,"column":65}},"type":"binary-expr","locations":[{"start":{"line":46,"column":11},"end":{"line":46,"column":51}},{"start":{"line":46,"column":55},"end":{"line":46,"column":65}}],"line":46},"1":{"loc":{"start":{"line":51,"column":17},"end":{"line":53,"column":44}},"type":"cond-expr","locations":[{"start":{"line":52,"column":8},"end":{"line":52,"column":40}},{"start":{"line":53,"column":8},"end":{"line":53,"column":44}}],"line":51},"2":{"loc":{"start":{"line":63,"column":15},"end":{"line":63,"column":50}},"type":"binary-expr","locations":[{"start":{"line":63,"column":15},"end":{"line":63,"column":36}},{"start":{"line":63,"column":40},"end":{"line":63,"column":50}}],"line":63}},"s":{"0":10,"1":10,"2":10,"3":10,"4":10,"5":0,"6":0,"7":0,"8":0,"9":0,"10":0,"11":0,"12":0},"f":{"0":10,"1":0,"2":0},"b":{"0":[10,10],"1":[0,0],"2":[0,0]},"_coverageSchema":"332fd63041d2c1bcb487cc26dd0d5f7d97098a6c","hash":"53ab0a41f63803e69e76340d2308582145e3caab"}
,"/root/flyve/src/shared/i18n/languages.js": {"path":"/root/flyve/src/shared/i18n/languages.js","statementMap":{"0":{"start":{"line":30,"column":0},"end":{"line":null,"column":-1}},"1":{"start":{"line":31,"column":0},"end":{"line":null,"column":-1}},"2":{"start":{"line":39,"column":20},"end":{"line":39,"column":2}},"3":{"start":{"line":185,"column":21},"end":{"line":185,"column":2}},"4":{"start":{"line":186,"column":2},"end":{"line":null,"column":-1}},"5":{"start":{"line":187,"column":4},"end":{"line":196,"column":5}},"6":{"start":{"line":188,"column":6},"end":{"line":null,"column":-1}},"7":{"start":{"line":198,"column":2},"end":{"line":null,"column":-1}}},"fnMap":{"0":{"name":"(anonymous_1)","decl":{"start":{"line":186,"column":21},"end":{"line":186,"column":19}},"loc":{"start":{"line":186,"column":34},"end":{"line":186,"column":2}}}},"branchMap":{"0":{"loc":{"start":{"line":187,"column":4},"end":{"line":196,"column":5}},"type":"if","locations":[{"start":{"line":187,"column":4},"end":{"line":196,"column":5}},{"start":{"line":187,"column":4},"end":{"line":196,"column":5}}]}},"s":{"0":0,"1":0,"2":0,"3":0,"4":0,"5":0,"6":0,"7":0},"f":{"0":0},"b":{"0":[0,0]}}
,"/root/flyve/src/shared/i18n/tests/constants.js": {"path":"/root/flyve/src/shared/i18n/tests/constants.js","statementMap":{"0":{"start":{"line":29,"column":32},"end":{"line":29,"column":0}},"1":{"start":{"line":30,"column":25},"end":{"line":30,"column":0}},"2":{"start":{"line":31,"column":27},"end":{"line":31,"column":0}},"3":{"start":{"line":32,"column":23},"end":{"line":32,"column":0}}},"fnMap":{},"branchMap":{},"s":{"0":0,"1":0,"2":0,"3":0},"f":{},"b":{}}
,"/root/flyve/src/shared/itemtype/index.js": {"path":"/root/flyve/src/shared/itemtype/index.js","statementMap":{},"fnMap":{},"branchMap":{},"s":{},"f":{},"b":{},"_coverageSchema":"332fd63041d2c1bcb487cc26dd0d5f7d97098a6c","hash":"0aa8108ae9e2ca21cce31ac3c97c82c7692c14f5"}
,"/root/flyve/src/shared/language/index.js": {"path":"/root/flyve/src/shared/language/index.js","statementMap":{"0":{"start":{"line":29,"column":17},"end":{"line":29,"column":94}}},"fnMap":{},"branchMap":{"0":{"loc":{"start":{"line":29,"column":17},"end":{"line":29,"column":94}},"type":"cond-expr","locations":[{"start":{"line":29,"column":52},"end":{"line":29,"column":84}},{"start":{"line":29,"column":87},"end":{"line":29,"column":94}}],"line":29}},"s":{"0":10},"f":{},"b":{"0":[0,10]},"_coverageSchema":"332fd63041d2c1bcb487cc26dd0d5f7d97098a6c","hash":"59e0aa1477cd82bfa58b393d6c882631dd7aa869"}
,"/root/flyve/src/shared/logout/index.js": {"path":"/root/flyve/src/shared/logout/index.js","statementMap":{"0":{"start":{"line":39,"column":2},"end":{"line":39,"column":40}},"1":{"start":{"line":40,"column":2},"end":{"line":40,"column":41}},"2":{"start":{"line":42,"column":2},"end":{"line":44,"column":3}},"3":{"start":{"line":43,"column":4},"end":{"line":43,"column":22}},"4":{"start":{"line":46,"column":2},"end":{"line":46,"column":31}}},"fnMap":{"0":{"name":"(anonymous_0)","decl":{"start":{"line":37,"column":15},"end":{"line":37,"column":16}},"loc":{"start":{"line":37,"column":21},"end":{"line":47,"column":1}},"line":37}},"branchMap":{"0":{"loc":{"start":{"line":42,"column":2},"end":{"line":44,"column":3}},"type":"if","locations":[{"start":{"line":42,"column":2},"end":{"line":44,"column":3}},{"start":{"line":42,"column":2},"end":{"line":44,"column":3}}],"line":42}},"s":{"0":2,"1":2,"2":2,"3":1,"4":2},"f":{"0":2},"b":{"0":[1,1]},"_coverageSchema":"332fd63041d2c1bcb487cc26dd0d5f7d97098a6c","hash":"1d27fa5d32f4bae6129a37b555d6a11b5582c648"}
,"/root/flyve/src/shared/nativeNotification/index.js": {"path":"/root/flyve/src/shared/nativeNotification/index.js","statementMap":{"0":{"start":{"line":39,"column":24},"end":{"line":39,"column":28}},"1":{"start":{"line":40,"column":2},"end":{"line":47,"column":3}},"2":{"start":{"line":41,"column":4},"end":{"line":46,"column":6}},"3":{"start":{"line":42,"column":6},"end":{"line":45,"column":8}},"4":{"start":{"line":48,"column":2},"end":{"line":48,"column":24}}},"fnMap":{"0":{"name":"(anonymous_0)","decl":{"start":{"line":38,"column":15},"end":{"line":38,"column":16}},"loc":{"start":{"line":38,"column":51},"end":{"line":49,"column":1}},"line":38},"1":{"name":"(anonymous_1)","decl":{"start":{"line":41,"column":35},"end":{"line":41,"column":36}},"loc":{"start":{"line":41,"column":41},"end":{"line":46,"column":5}},"line":41}},"branchMap":{"0":{"loc":{"start":{"line":38,"column":38},"end":{"line":38,"column":49}},"type":"default-arg","locations":[{"start":{"line":38,"column":45},"end":{"line":38,"column":49}}],"line":38},"1":{"loc":{"start":{"line":40,"column":2},"end":{"line":47,"column":3}},"type":"if","locations":[{"start":{"line":40,"column":2},"end":{"line":47,"column":3}},{"start":{"line":40,"column":2},"end":{"line":47,"column":3}}],"line":40},"2":{"loc":{"start":{"line":40,"column":6},"end":{"line":40,"column":58}},"type":"binary-expr","locations":[{"start":{"line":40,"column":6},"end":{"line":40,"column":18}},{"start":{"line":40,"column":22},"end":{"line":40,"column":58}}],"line":40}},"s":{"0":1,"1":1,"2":1,"3":1,"4":1},"f":{"0":1,"1":1},"b":{"0":[1],"1":[1,0],"2":[1,1]},"_coverageSchema":"332fd63041d2c1bcb487cc26dd0d5f7d97098a6c","hash":"cb1fbc620fe3f35936843fd33d4193ec8323eba0"}
,"/root/flyve/src/shared/publicURL/index.js": {"path":"/root/flyve/src/shared/publicURL/index.js","statementMap":{"0":{"start":{"line":32,"column":13},"end":{"line":36,"column":1}},"1":{"start":{"line":33,"column":19},"end":{"line":33,"column":46}},"2":{"start":{"line":34,"column":2},"end":{"line":34,"column":40}},"3":{"start":{"line":35,"column":2},"end":{"line":35,"column":65}}},"fnMap":{"0":{"name":"(anonymous_0)","decl":{"start":{"line":32,"column":13},"end":{"line":32,"column":14}},"loc":{"start":{"line":32,"column":19},"end":{"line":36,"column":1}},"line":32}},"branchMap":{"0":{"loc":{"start":{"line":35,"column":9},"end":{"line":35,"column":65}},"type":"cond-expr","locations":[{"start":{"line":35,"column":43},"end":{"line":35,"column":60}},{"start":{"line":35,"column":63},"end":{"line":35,"column":65}}],"line":35}},"s":{"0":6,"1":6,"2":6,"3":6},"f":{"0":6},"b":{"0":[0,6]},"_coverageSchema":"332fd63041d2c1bcb487cc26dd0d5f7d97098a6c","hash":"cc242d7b4af06e079fe63cd7e2e66670b95268c0"}
,"/root/flyve/src/shared/setGlpiCookie/index.js": {"path":"/root/flyve/src/shared/setGlpiCookie/index.js","statementMap":{"0":{"start":{"line":43,"column":18},"end":{"line":43,"column":44}},"1":{"start":{"line":45,"column":2},"end":{"line":50,"column":3}},"2":{"start":{"line":46,"column":4},"end":{"line":49,"column":5}},"3":{"start":{"line":47,"column":21},"end":{"line":47,"column":49}},"4":{"start":{"line":48,"column":6},"end":{"line":48,"column":29}},"5":{"start":{"line":51,"column":2},"end":{"line":51,"column":46}},"6":{"start":{"line":52,"column":2},"end":{"line":52,"column":26}},"7":{"start":{"line":52,"column":16},"end":{"line":52,"column":26}},"8":{"start":{"line":53,"column":2},"end":{"line":55,"column":4}}},"fnMap":{"0":{"name":"(anonymous_0)","decl":{"start":{"line":42,"column":15},"end":{"line":42,"column":16}},"loc":{"start":{"line":42,"column":35},"end":{"line":56,"column":1}},"line":42}},"branchMap":{"0":{"loc":{"start":{"line":46,"column":4},"end":{"line":49,"column":5}},"type":"if","locations":[{"start":{"line":46,"column":4},"end":{"line":49,"column":5}},{"start":{"line":46,"column":4},"end":{"line":49,"column":5}}],"line":46},"1":{"loc":{"start":{"line":52,"column":2},"end":{"line":52,"column":26}},"type":"if","locations":[{"start":{"line":52,"column":2},"end":{"line":52,"column":26}},{"start":{"line":52,"column":2},"end":{"line":52,"column":26}}],"line":52}},"s":{"0":1,"1":1,"2":1,"3":1,"4":1,"5":1,"6":1,"7":0,"8":1},"f":{"0":1},"b":{"0":[1,0],"1":[0,1]},"_coverageSchema":"332fd63041d2c1bcb487cc26dd0d5f7d97098a6c","hash":"3773906ce07c1ab88e0b82f091fed60dca7f5bb7"}
,"/root/flyve/src/shared/toDateInputValue/index.js": {"path":"/root/flyve/src/shared/toDateInputValue/index.js","statementMap":{"0":{"start":{"line":37,"column":15},"end":{"line":37,"column":26}},"1":{"start":{"line":38,"column":15},"end":{"line":38,"column":34}},"2":{"start":{"line":39,"column":12},"end":{"line":39,"column":26}},"3":{"start":{"line":40,"column":2},"end":{"line":40,"column":41}},"4":{"start":{"line":40,"column":20},"end":{"line":40,"column":39}},"5":{"start":{"line":41,"column":2},"end":{"line":41,"column":35}},"6":{"start":{"line":41,"column":18},"end":{"line":41,"column":33}},"7":{"start":{"line":42,"column":2},"end":{"line":42,"column":50}}},"fnMap":{"0":{"name":"(anonymous_0)","decl":{"start":{"line":36,"column":15},"end":{"line":36,"column":16}},"loc":{"start":{"line":36,"column":22},"end":{"line":43,"column":1}},"line":36}},"branchMap":{"0":{"loc":{"start":{"line":40,"column":2},"end":{"line":40,"column":41}},"type":"if","locations":[{"start":{"line":40,"column":2},"end":{"line":40,"column":41}},{"start":{"line":40,"column":2},"end":{"line":40,"column":41}}],"line":40},"1":{"loc":{"start":{"line":41,"column":2},"end":{"line":41,"column":35}},"type":"if","locations":[{"start":{"line":41,"column":2},"end":{"line":41,"column":35}},{"start":{"line":41,"column":2},"end":{"line":41,"column":35}}],"line":41}},"s":{"0":2,"1":2,"2":2,"3":2,"4":1,"5":2,"6":1,"7":2},"f":{"0":2},"b":{"0":[1,1],"1":[1,1]},"_coverageSchema":"332fd63041d2c1bcb487cc26dd0d5f7d97098a6c","hash":"9d3e7d9dd69f7998b366053d7bf273db8af51e2f"}
,"/root/flyve/src/shared/updateObject/index.js": {"path":"/root/flyve/src/shared/updateObject/index.js","statementMap":{"0":{"start":{"line":38,"column":2},"end":{"line":38,"column":26}},"1":{"start":{"line":38,"column":16},"end":{"line":38,"column":26}},"2":{"start":{"line":39,"column":2},"end":{"line":42,"column":3}}},"fnMap":{"0":{"name":"(anonymous_0)","decl":{"start":{"line":37,"column":15},"end":{"line":37,"column":16}},"loc":{"start":{"line":37,"column":59},"end":{"line":43,"column":1}},"line":37}},"branchMap":{"0":{"loc":{"start":{"line":38,"column":2},"end":{"line":38,"column":26}},"type":"if","locations":[{"start":{"line":38,"column":2},"end":{"line":38,"column":26}},{"start":{"line":38,"column":2},"end":{"line":38,"column":26}}],"line":38}},"s":{"0":1,"1":0,"2":1},"f":{"0":1},"b":{"0":[0,1]},"_coverageSchema":"332fd63041d2c1bcb487cc26dd0d5f7d97098a6c","hash":"6726fe568b430b4ee74c932ffb3a3197e1feab29"}
,"/root/flyve/src/shared/validateData/index.js": {"path":"/root/flyve/src/shared/validateData/index.js","statementMap":{"0":{"start":{"line":40,"column":2},"end":{"line":42,"column":19}},"1":{"start":{"line":40,"column":56},"end":{"line":40,"column":77}},"2":{"start":{"line":41,"column":7},"end":{"line":42,"column":19}},"3":{"start":{"line":41,"column":32},"end":{"line":41,"column":42}},"4":{"start":{"line":42,"column":7},"end":{"line":42,"column":19}},"5":{"start":{"line":44,"column":2},"end":{"line":44,"column":40}},"6":{"start":{"line":44,"column":28},"end":{"line":44,"column":40}},"7":{"start":{"line":45,"column":2},"end":{"line":45,"column":25}}},"fnMap":{"0":{"name":"(anonymous_0)","decl":{"start":{"line":37,"column":15},"end":{"line":37,"column":16}},"loc":{"start":{"line":37,"column":40},"end":{"line":46,"column":1}},"line":37}},"branchMap":{"0":{"loc":{"start":{"line":40,"column":2},"end":{"line":42,"column":19}},"type":"if","locations":[{"start":{"line":40,"column":2},"end":{"line":42,"column":19}},{"start":{"line":40,"column":2},"end":{"line":42,"column":19}}],"line":40},"1":{"loc":{"start":{"line":40,"column":6},"end":{"line":40,"column":54}},"type":"binary-expr","locations":[{"start":{"line":40,"column":6},"end":{"line":40,"column":11}},{"start":{"line":40,"column":16},"end":{"line":40,"column":29}},{"start":{"line":40,"column":33},"end":{"line":40,"column":53}}],"line":40},"2":{"loc":{"start":{"line":41,"column":7},"end":{"line":42,"column":19}},"type":"if","locations":[{"start":{"line":41,"column":7},"end":{"line":42,"column":19}},{"start":{"line":41,"column":7},"end":{"line":42,"column":19}}],"line":41},"3":{"loc":{"start":{"line":41,"column":11},"end":{"line":41,"column":30}},"type":"binary-expr","locations":[{"start":{"line":41,"column":11},"end":{"line":41,"column":16}},{"start":{"line":41,"column":20},"end":{"line":41,"column":30}}],"line":41},"4":{"loc":{"start":{"line":44,"column":2},"end":{"line":44,"column":40}},"type":"if","locations":[{"start":{"line":44,"column":2},"end":{"line":44,"column":40}},{"start":{"line":44,"column":2},"end":{"line":44,"column":40}}],"line":44}},"s":{"0":4,"1":1,"2":3,"3":1,"4":2,"5":4,"6":1,"7":3},"f":{"0":4},"b":{"0":[1,3],"1":[4,2,1],"2":[1,2],"3":[3,1],"4":[1,3]},"_coverageSchema":"332fd63041d2c1bcb487cc26dd0d5f7d97098a6c","hash":"4a3cf48c762f737b928496e79020a52d38851805"}
,"/root/flyve/src/shared/validateDate/index.js": {"path":"/root/flyve/src/shared/validateDate/index.js","statementMap":{"0":{"start":{"line":39,"column":2},"end":{"line":44,"column":3}},"1":{"start":{"line":40,"column":4},"end":{"line":40,"column":21}},"2":{"start":{"line":41,"column":4},"end":{"line":41,"column":19}},"3":{"start":{"line":42,"column":4},"end":{"line":42,"column":19}},"4":{"start":{"line":43,"column":4},"end":{"line":43,"column":61}},"5":{"start":{"line":45,"column":2},"end":{"line":45,"column":14}}},"fnMap":{"0":{"name":"(anonymous_0)","decl":{"start":{"line":38,"column":15},"end":{"line":38,"column":16}},"loc":{"start":{"line":38,"column":36},"end":{"line":46,"column":1}},"line":38}},"branchMap":{"0":{"loc":{"start":{"line":39,"column":2},"end":{"line":44,"column":3}},"type":"if","locations":[{"start":{"line":39,"column":2},"end":{"line":44,"column":3}},{"start":{"line":39,"column":2},"end":{"line":44,"column":3}}],"line":39},"1":{"loc":{"start":{"line":39,"column":6},"end":{"line":39,"column":73}},"type":"binary-expr","locations":[{"start":{"line":39,"column":6},"end":{"line":39,"column":27}},{"start":{"line":39,"column":31},"end":{"line":39,"column":50}},{"start":{"line":39,"column":54},"end":{"line":39,"column":73}}],"line":39},"2":{"loc":{"start":{"line":43,"column":12},"end":{"line":43,"column":60}},"type":"binary-expr","locations":[{"start":{"line":43,"column":12},"end":{"line":43,"column":34}},{"start":{"line":43,"column":38},"end":{"line":43,"column":60}}],"line":43}},"s":{"0":5,"1":2,"2":2,"3":2,"4":2,"5":3},"f":{"0":5},"b":{"0":[2,3],"1":[5,4,3],"2":[2,1]},"_coverageSchema":"332fd63041d2c1bcb487cc26dd0d5f7d97098a6c","hash":"7dfaa0a473c170922c79309c5d001bc5bf58a948"}
,"/root/flyve/src/shared/validateNotifications/index.js": {"path":"/root/flyve/src/shared/validateNotifications/index.js","statementMap":{"0":{"start":{"line":36,"column":13},"end":{"line":37,"column":15}},"1":{"start":{"line":38,"column":13},"end":{"line":38,"column":53}},"2":{"start":{"line":40,"column":2},"end":{"line":43,"column":3}},"3":{"start":{"line":41,"column":4},"end":{"line":41,"column":53}},"4":{"start":{"line":42,"column":4},"end":{"line":42,"column":15}},"5":{"start":{"line":45,"column":2},"end":{"line":48,"column":3}},"6":{"start":{"line":46,"column":4},"end":{"line":46,"column":53}},"7":{"start":{"line":47,"column":4},"end":{"line":47,"column":18}},"8":{"start":{"line":50,"column":2},"end":{"line":53,"column":3}}},"fnMap":{"0":{"name":"(anonymous_0)","decl":{"start":{"line":35,"column":15},"end":{"line":35,"column":16}},"loc":{"start":{"line":35,"column":21},"end":{"line":54,"column":1}},"line":35}},"branchMap":{"0":{"loc":{"start":{"line":36,"column":13},"end":{"line":37,"column":15}},"type":"cond-expr","locations":[{"start":{"line":36,"column":58},"end":{"line":36,"column":110}},{"start":{"line":37,"column":6},"end":{"line":37,"column":15}}],"line":36},"1":{"loc":{"start":{"line":40,"column":2},"end":{"line":43,"column":3}},"type":"if","locations":[{"start":{"line":40,"column":2},"end":{"line":43,"column":3}},{"start":{"line":40,"column":2},"end":{"line":43,"column":3}}],"line":40},"2":{"loc":{"start":{"line":40,"column":6},"end":{"line":40,"column":29}},"type":"binary-expr","locations":[{"start":{"line":40,"column":6},"end":{"line":40,"column":11}},{"start":{"line":40,"column":15},"end":{"line":40,"column":29}}],"line":40},"3":{"loc":{"start":{"line":45,"column":2},"end":{"line":48,"column":3}},"type":"if","locations":[{"start":{"line":45,"column":2},"end":{"line":48,"column":3}},{"start":{"line":45,"column":2},"end":{"line":48,"column":3}}],"line":45}},"s":{"0":2,"1":2,"2":2,"3":1,"4":1,"5":2,"6":1,"7":1,"8":2},"f":{"0":2},"b":{"0":[1,1],"1":[1,1],"2":[2,2],"3":[1,1]},"_coverageSchema":"332fd63041d2c1bcb487cc26dd0d5f7d97098a6c","hash":"fb80de74b4e990483de6771f94e75fda37867213"}
}
