TN:
SF:/root/flyve/src/index.js
FN:56,(anonymous_0)
FNF:1
FNH:0
FNDA:0,(anonymous_0)
DA:30,0
DA:31,0
DA:32,0
DA:35,0
DA:36,0
DA:37,0
DA:38,0
DA:39,0
DA:42,0
DA:43,0
DA:44,0
DA:45,0
DA:46,0
DA:54,0
DA:57,0
DA:58,0
DA:60,0
DA:68,0
DA:74,0
DA:92,0
LF:20
LH:0
BRDA:57,0,0,0
BRDA:57,0,1,0
BRDA:57,1,0,0
BRDA:57,1,1,0
BRF:4
BRH:0
end_of_record
TN:
SF:/root/flyve/src/registerServiceWorker.js
FN:58,register
FN:69,(anonymous_1)
FN:89,registerValidSW
FN:92,(anonymous_3)
FN:93,(anonymous_4)
FN:95,(anonymous_5)
FN:113,(anonymous_6)
FN:124,checkValidServiceWorker
FN:126,(anonymous_8)
FN:133,(anonymous_9)
FN:134,(anonymous_10)
FN:143,(anonymous_11)
FN:154,unregister
FN:156,(anonymous_13)
FNF:14
FNH:0
FNDA:0,register
FNDA:0,(anonymous_1)
FNDA:0,registerValidSW
FNDA:0,(anonymous_3)
FNDA:0,(anonymous_4)
FNDA:0,(anonymous_5)
FNDA:0,(anonymous_6)
FNDA:0,checkValidServiceWorker
FNDA:0,(anonymous_8)
FNDA:0,(anonymous_9)
FNDA:0,(anonymous_10)
FNDA:0,(anonymous_11)
FNDA:0,unregister
FNDA:0,(anonymous_13)
DA:44,0
DA:59,0
DA:61,0
DA:62,0
DA:66,0
DA:69,0
DA:70,0
DA:72,0
DA:74,0
DA:77,0
DA:90,0
DA:93,0
DA:94,0
DA:95,0
DA:96,0
DA:97,0
DA:102,0
DA:107,0
DA:114,0
DA:125,0
DA:128,0
DA:133,0
DA:134,0
DA:135,0
DA:140,0
DA:144,0
DA:155,0
DA:156,0
DA:157,0
LF:29
LH:0
BRDA:45,0,0,0
BRDA:45,0,1,0
BRDA:45,0,2,0
BRDA:59,1,0,0
BRDA:59,1,1,0
BRDA:59,2,0,0
BRDA:59,2,1,0
BRDA:62,3,0,0
BRDA:62,3,1,0
BRDA:72,4,0,0
BRDA:72,4,1,0
BRDA:96,5,0,0
BRDA:96,5,1,0
BRDA:97,6,0,0
BRDA:97,6,1,0
BRDA:128,7,0,0
BRDA:128,7,1,0
BRDA:129,8,0,0
BRDA:129,8,1,0
BRDA:155,9,0,0
BRDA:155,9,1,0
BRF:21
BRH:0
end_of_record
TN:
SF:/root/flyve/src/setupTests.js
FNF:0
FNH:0
DA:6,40
DA:8,40
DA:10,40
DA:11,40
DA:12,40
LF:5
LH:5
BRF:0
BRH:0
end_of_record
TN:
SF:/root/flyve/src/applications/AdminDashboard/index.js
FN:42,(anonymous_0)
FNF:1
FNH:0
FNDA:0,(anonymous_0)
DA:30,0
DA:31,0
DA:32,0
DA:33,0
DA:34,0
DA:35,0
DA:42,0
DA:43,0
DA:53,0
LF:9
LH:0
BRF:0
BRH:0
end_of_record
TN:
SF:/root/flyve/src/applications/AdminDashboard/routes.js
FN:41,(anonymous_0)
FN:47,(anonymous_2)
FN:53,(anonymous_4)
FN:59,(anonymous_6)
FN:65,(anonymous_8)
FN:71,(anonymous_10)
FN:77,(anonymous_12)
FN:83,(anonymous_14)
FN:89,(anonymous_16)
FN:95,(anonymous_18)
FN:101,(anonymous_20)
FNF:11
FNH:0
FNDA:0,(anonymous_0)
FNDA:0,(anonymous_2)
FNDA:0,(anonymous_4)
FNDA:0,(anonymous_6)
FNDA:0,(anonymous_8)
FNDA:0,(anonymous_10)
FNDA:0,(anonymous_12)
FNDA:0,(anonymous_14)
FNDA:0,(anonymous_16)
FNDA:0,(anonymous_18)
FNDA:0,(anonymous_20)
DA:30,0
DA:31,0
DA:38,0
DA:41,0
DA:47,0
DA:53,0
DA:59,0
DA:65,0
DA:71,0
DA:77,0
DA:83,0
DA:89,0
DA:95,0
DA:101,0
LF:14
LH:0
BRF:0
BRH:0
end_of_record
TN:
SF:/root/flyve/src/applications/RootApp/index.js
FN:45,(anonymous_0)
FNF:1
FNH:0
FNDA:0,(anonymous_0)
DA:30,0
DA:31,0
DA:34,0
DA:35,0
DA:36,0
DA:37,0
DA:45,0
DA:46,0
LF:8
LH:0
BRF:0
BRH:0
end_of_record
TN:
SF:/root/flyve/src/applications/RootApp/routes.js
FN:40,(anonymous_0)
FN:46,(anonymous_2)
FN:52,(anonymous_4)
FN:58,(anonymous_6)
FNF:4
FNH:0
FNDA:0,(anonymous_0)
FNDA:0,(anonymous_2)
FNDA:0,(anonymous_4)
FNDA:0,(anonymous_6)
DA:30,0
DA:31,0
DA:38,0
DA:40,0
DA:46,0
DA:52,0
DA:58,0
LF:7
LH:0
BRF:0
BRH:0
end_of_record
TN:
SF:/root/flyve/src/components/Confirmation/index.js
FN:58,(anonymous_0)
FN:50,(anonymous_2)
FNF:2
FNH:0
FNDA:0,(anonymous_0)
FNDA:0,(anonymous_2)
DA:29,0
DA:32,0
DA:33,0
DA:34,0
DA:52,0
DA:59,0
DA:74,0
LF:7
LH:0
BRF:0
BRH:0
end_of_record
TN:
SF:/root/flyve/src/components/ContentPane/index.js
FN:48,(anonymous_0)
FN:56,(anonymous_1)
FN:64,(anonymous_2)
FN:69,(anonymous_3)
FNF:4
FNH:0
FNDA:0,(anonymous_0)
FNDA:0,(anonymous_1)
FNDA:0,(anonymous_2)
FNDA:0,(anonymous_3)
DA:29,0
DA:32,0
DA:33,0
DA:49,0
DA:57,0
DA:65,0
DA:69,0
DA:77,0
DA:82,0
LF:9
LH:0
BRF:0
BRH:0
end_of_record
TN:
SF:/root/flyve/src/components/EditMultiple/index.js
FN:53,(anonymous_0)
FN:70,(anonymous_1)
FN:91,(anonymous_2)
FN:106,(anonymous_3)
FN:147,(anonymous_4)
FN:152,(anonymous_5)
FN:156,(anonymous_6)
FN:185,(anonymous_7)
FN:195,(anonymous_8)
FN:327,(anonymous_9)
FNF:10
FNH:0
FNDA:0,(anonymous_0)
FNDA:0,(anonymous_1)
FNDA:0,(anonymous_2)
FNDA:0,(anonymous_3)
FNDA:0,(anonymous_4)
FNDA:0,(anonymous_5)
FNDA:0,(anonymous_6)
FNDA:0,(anonymous_7)
FNDA:0,(anonymous_8)
FNDA:0,(anonymous_9)
DA:29,0
DA:32,0
DA:33,0
DA:34,0
DA:35,0
DA:36,0
DA:37,0
DA:43,0
DA:44,0
DA:53,0
DA:54,0
DA:55,0
DA:71,0
DA:73,0
DA:74,0
DA:75,0
DA:77,0
DA:84,0
DA:88,0
DA:89,0
DA:92,0
DA:106,0
DA:111,0
DA:112,0
DA:116,0
DA:119,0
DA:124,0
DA:125,0
DA:126,0
DA:128,0
DA:131,0
DA:135,0
DA:148,0
DA:149,0
DA:153,0
DA:154,0
DA:156,0
DA:160,0
DA:161,0
DA:175,0
DA:186,0
DA:187,0
DA:188,0
DA:196,0
DA:198,0
DA:199,0
DA:207,0
DA:209,0
DA:218,0
DA:221,0
DA:249,0
DA:252,0
DA:253,0
DA:263,0
DA:280,0
DA:283,0
DA:291,0
DA:294,0
DA:303,0
DA:306,0
DA:308,0
DA:315,0
DA:327,0
DA:362,0
DA:367,0
DA:371,0
LF:66
LH:0
BRDA:73,0,0,0
BRDA:73,0,1,0
BRDA:74,1,0,0
BRDA:74,1,1,0
BRDA:77,2,0,0
BRDA:77,2,1,0
BRDA:88,3,0,0
BRDA:88,3,1,0
BRDA:93,4,0,0
BRDA:93,4,1,0
BRDA:96,5,0,0
BRDA:96,5,1,0
BRDA:98,6,0,0
BRDA:98,6,1,0
BRDA:148,7,0,0
BRDA:148,7,1,0
BRDA:153,8,0,0
BRDA:153,8,1,0
BRDA:196,9,0,0
BRDA:196,9,1,0
BRDA:198,10,0,0
BRDA:198,10,1,0
BRDA:208,11,0,0
BRDA:208,11,1,0
BRDA:208,11,2,0
BRDA:208,11,3,0
BRDA:208,11,4,0
BRDA:208,11,5,0
BRDA:252,12,0,0
BRDA:252,12,1,0
BRDA:335,13,0,0
BRDA:335,13,1,0
BRF:32
BRH:0
end_of_record
TN:
SF:/root/flyve/src/components/EmptyMessage/index.js
FN:39,(anonymous_0)
FNF:1
FNH:1
FNDA:1,(anonymous_0)
DA:39,1
DA:40,1
DA:52,1
DA:59,1
LF:4
LH:4
BRDA:42,0,0,0
BRDA:42,0,1,1
BRDA:42,1,0,1
BRDA:42,1,1,0
BRF:4
BRH:2
end_of_record
TN:
SF:/root/flyve/src/components/ErrorPage/index.js
FN:40,(anonymous_0)
FNF:1
FNH:1
FNDA:1,(anonymous_0)
DA:42,1
DA:43,1
DA:44,1
DA:46,1
DA:47,1
DA:48,1
DA:50,1
DA:51,0
DA:77,1
LF:9
LH:8
BRDA:43,0,0,1
BRDA:43,0,1,0
BRDA:43,1,0,1
BRDA:43,1,1,1
BRDA:43,1,2,1
BRDA:43,1,3,1
BRDA:43,1,4,1
BRDA:50,2,0,0
BRDA:50,2,1,1
BRDA:50,3,0,1
BRDA:50,3,1,1
BRDA:50,3,2,1
BRF:12
BRH:10
end_of_record
TN:
SF:/root/flyve/src/components/ErrorValidation/index.js
FN:49,(anonymous_0)
FN:102,(anonymous_1)
FN:107,(anonymous_2)
FNF:3
FNH:2
FNDA:0,(anonymous_0)
FNDA:1,(anonymous_1)
FNDA:2,(anonymous_2)
DA:50,0
DA:52,0
DA:53,0
DA:54,0
DA:55,0
DA:60,0
DA:61,0
DA:62,0
DA:64,0
DA:65,0
DA:66,0
DA:68,0
DA:69,0
DA:70,0
DA:72,0
DA:73,0
DA:74,0
DA:76,0
DA:77,0
DA:78,0
DA:80,0
DA:81,0
DA:83,0
DA:84,0
DA:87,0
DA:95,0
DA:103,1
DA:108,2
DA:120,1
DA:124,1
LF:30
LH:4
BRDA:52,0,0,0
BRDA:52,0,1,0
BRDA:52,1,0,0
BRDA:52,1,1,0
BRDA:53,2,0,0
BRDA:53,2,1,0
BRDA:54,3,0,0
BRDA:54,3,1,0
BRDA:60,4,0,0
BRDA:60,4,1,0
BRDA:62,5,0,0
BRDA:62,5,1,0
BRDA:64,6,0,0
BRDA:64,6,1,0
BRDA:66,7,0,0
BRDA:66,7,1,0
BRDA:68,8,0,0
BRDA:68,8,1,0
BRDA:70,9,0,0
BRDA:70,9,1,0
BRDA:72,10,0,0
BRDA:72,10,1,0
BRDA:74,11,0,0
BRDA:74,11,1,0
BRDA:76,12,0,0
BRDA:76,12,1,0
BRDA:78,13,0,0
BRDA:78,13,1,0
BRDA:80,14,0,0
BRDA:80,14,1,0
BRDA:81,15,0,0
BRDA:81,15,1,0
BRDA:83,16,0,0
BRDA:83,16,1,0
BRDA:84,17,0,0
BRDA:84,17,1,0
BRDA:87,18,0,0
BRDA:87,18,1,0
BRF:38
BRH:0
end_of_record
TN:
SF:/root/flyve/src/components/FilesUpload/FilesUpload.js
FN:47,(anonymous_0)
FN:56,(anonymous_1)
FN:65,(anonymous_2)
FN:74,(anonymous_3)
FN:88,(anonymous_4)
FN:142,(anonymous_5)
FN:145,(anonymous_6)
FN:155,(anonymous_7)
FN:164,(anonymous_8)
FN:173,(anonymous_9)
FN:184,(anonymous_10)
FN:192,(anonymous_11)
FN:202,(anonymous_12)
FN:236,(anonymous_13)
FN:258,(anonymous_14)
FN:259,(anonymous_15)
FN:260,(anonymous_16)
FN:261,(anonymous_17)
FN:270,(anonymous_18)
FN:273,(anonymous_19)
FN:282,(anonymous_20)
FN:291,(anonymous_21)
FN:313,(anonymous_22)
FN:343,(anonymous_23)
FN:344,(anonymous_24)
FNF:25
FNH:4
FNDA:0,(anonymous_0)
FNDA:0,(anonymous_1)
FNDA:0,(anonymous_2)
FNDA:1,(anonymous_3)
FNDA:0,(anonymous_4)
FNDA:0,(anonymous_5)
FNDA:0,(anonymous_6)
FNDA:0,(anonymous_7)
FNDA:0,(anonymous_8)
FNDA:0,(anonymous_9)
FNDA:0,(anonymous_10)
FNDA:0,(anonymous_11)
FNDA:0,(anonymous_12)
FNDA:0,(anonymous_13)
FNDA:0,(anonymous_14)
FNDA:0,(anonymous_15)
FNDA:0,(anonymous_16)
FNDA:0,(anonymous_17)
FNDA:0,(anonymous_18)
FNDA:0,(anonymous_19)
FNDA:1,(anonymous_20)
FNDA:1,(anonymous_21)
FNDA:1,(anonymous_22)
FNDA:0,(anonymous_23)
FNDA:0,(anonymous_24)
DA:48,0
DA:57,0
DA:66,0
DA:67,0
DA:68,0
DA:70,0
DA:75,1
DA:77,1
DA:78,1
DA:89,0
DA:90,0
DA:95,0
DA:98,0
DA:99,0
DA:102,0
DA:103,0
DA:104,0
DA:107,0
DA:109,0
DA:111,0
DA:113,0
DA:116,0
DA:117,0
DA:122,0
DA:128,0
DA:129,0
DA:133,0
DA:137,0
DA:138,0
DA:142,0
DA:146,0
DA:156,0
DA:157,0
DA:165,0
DA:166,0
DA:174,0
DA:175,0
DA:185,0
DA:193,0
DA:194,0
DA:203,0
DA:204,0
DA:205,0
DA:206,0
DA:207,0
DA:208,0
DA:209,0
DA:210,0
DA:211,0
DA:212,0
DA:213,0
DA:214,0
DA:216,0
DA:217,0
DA:222,0
DA:226,0
DA:228,0
DA:237,0
DA:238,0
DA:242,0
DA:243,0
DA:244,0
DA:248,0
DA:250,0
DA:259,0
DA:260,0
DA:262,0
DA:271,0
DA:274,0
DA:283,1
DA:292,1
DA:297,1
DA:313,1
DA:323,1
DA:342,1
LF:75
LH:9
BRDA:67,0,0,0
BRDA:67,0,1,0
BRDA:95,1,0,0
BRDA:95,1,1,0
BRDA:98,2,0,0
BRDA:98,2,1,0
BRDA:98,3,0,0
BRDA:98,3,1,0
BRDA:116,4,0,0
BRDA:116,4,1,0
BRDA:116,5,0,0
BRDA:116,5,1,0
BRDA:128,6,0,0
BRDA:128,6,1,0
BRDA:137,7,0,0
BRDA:137,7,1,0
BRDA:137,8,0,0
BRDA:137,8,1,0
BRDA:143,9,0,0
BRDA:143,9,1,0
BRDA:204,10,0,0
BRDA:204,10,1,0
BRDA:205,11,0,0
BRDA:205,11,1,0
BRDA:212,12,0,0
BRDA:212,12,1,0
BRDA:212,13,0,0
BRDA:212,13,1,0
BRDA:213,14,0,0
BRDA:213,14,1,0
BRDA:213,15,0,0
BRDA:213,15,1,0
BRDA:216,16,0,0
BRDA:216,16,1,0
BRDA:216,17,0,0
BRDA:216,17,1,0
BRDA:237,18,0,0
BRDA:237,18,1,0
BRDA:243,19,0,0
BRDA:243,19,1,0
BRDA:285,20,0,0
BRDA:285,20,1,1
BRDA:305,21,0,1
BRDA:305,21,1,0
BRF:44
BRH:2
end_of_record
TN:
SF:/root/flyve/src/components/FilesUpload/FilesUploadItemList.js
FN:44,(anonymous_0)
FNF:1
FNH:1
FNDA:1,(anonymous_0)
DA:45,1
DA:81,1
LF:2
LH:2
BRF:0
BRH:0
end_of_record
TN:
SF:/root/flyve/src/components/FilesUpload/index.js
FNF:0
FNH:0
DA:29,0
DA:30,0
LF:2
LH:0
BRF:0
BRH:0
end_of_record
TN:
SF:/root/flyve/src/components/Forms/index.js
FNF:0
FNH:0
DA:29,0
DA:30,0
DA:31,0
DA:32,0
DA:33,0
LF:5
LH:0
BRF:0
BRH:0
end_of_record
TN:
SF:/root/flyve/src/components/Forms/ConstructInputs/createListElement.js
FN:44,(anonymous_0)
FN:58,(anonymous_1)
FNF:2
FNH:0
FNDA:0,(anonymous_0)
FNDA:0,(anonymous_1)
DA:29,0
DA:30,0
DA:31,0
DA:32,0
DA:33,0
DA:34,0
DA:44,0
DA:49,0
DA:55,0
DA:60,0
DA:61,0
DA:74,0
DA:75,0
DA:84,0
DA:85,0
DA:100,0
DA:117,0
DA:124,0
DA:130,0
LF:19
LH:0
BRDA:49,0,0,0
BRDA:49,0,1,0
BRDA:60,1,0,0
BRDA:60,1,1,0
BRDA:74,2,0,0
BRDA:74,2,1,0
BRDA:84,3,0,0
BRDA:84,3,1,0
BRF:8
BRH:0
end_of_record
TN:
SF:/root/flyve/src/components/Forms/ConstructInputs/index.js
FN:39,(anonymous_0)
FN:63,(anonymous_1)
FNF:2
FNH:0
FNDA:0,(anonymous_0)
FNDA:0,(anonymous_1)
DA:29,0
DA:30,0
DA:31,0
DA:39,0
DA:42,0
DA:43,0
DA:59,0
DA:63,0
DA:73,0
DA:79,0
LF:10
LH:0
BRDA:42,0,0,0
BRDA:42,0,1,0
BRDA:49,1,0,0
BRDA:49,1,1,0
BRF:4
BRH:0
end_of_record
TN:
SF:/root/flyve/src/components/Forms/DatePicker/days.js
FN:36,(anonymous_0)
FNF:1
FNH:1
FNDA:3,(anonymous_0)
DA:37,3
DA:52,3
DA:53,1
DA:56,3
DA:58,3
DA:59,3
DA:60,87
DA:68,3
LF:8
LH:8
BRDA:52,0,0,1
BRDA:52,0,1,2
BRDA:52,1,0,3
BRDA:52,1,1,3
BRDA:52,1,2,3
BRDA:58,2,0,3
BRDA:58,2,1,0
BRF:7
BRH:6
end_of_record
TN:
SF:/root/flyve/src/components/Forms/DatePicker/index.js
FN:45,(anonymous_0)
FN:60,(anonymous_1)
FN:78,(anonymous_2)
FNF:3
FNH:2
FNDA:1,(anonymous_0)
FNDA:0,(anonymous_1)
FNDA:1,(anonymous_2)
DA:46,1
DA:47,1
DA:48,1
DA:61,0
DA:62,0
DA:68,0
DA:70,0
DA:79,1
DA:133,1
DA:138,1
LF:10
LH:6
BRDA:49,0,0,1
BRDA:49,0,1,0
BRDA:50,1,0,1
BRDA:50,1,1,0
BRDA:51,2,0,1
BRDA:51,2,1,0
BRDA:63,3,0,0
BRDA:63,3,1,0
BRDA:64,4,0,0
BRDA:64,4,1,0
BRDA:65,5,0,0
BRDA:65,5,1,0
BRDA:82,6,0,1
BRDA:82,6,1,1
BRF:14
BRH:5
end_of_record
TN:
SF:/root/flyve/src/components/Forms/DatePicker/months.js
FN:37,(anonymous_0)
FN:39,(anonymous_1)
FNF:2
FNH:2
FNDA:2,(anonymous_0)
FNDA:24,(anonymous_1)
DA:38,2
DA:39,2
DA:40,24
DA:46,2
LF:4
LH:4
BRF:0
BRH:0
end_of_record
TN:
SF:/root/flyve/src/components/Forms/DatePicker/years.js
FN:36,(anonymous_0)
FNF:1
FNH:1
FNDA:2,(anonymous_0)
DA:37,2
DA:38,2
DA:39,242
DA:45,2
LF:4
LH:4
BRF:0
BRH:0
end_of_record
TN:
SF:/root/flyve/src/components/Forms/Input/index.js
FN:44,(anonymous_0)
FN:84,(anonymous_1)
FN:94,(anonymous_2)
FN:111,(anonymous_3)
FN:60,(anonymous_4)
FN:120,(anonymous_5)
FN:150,(anonymous_6)
FN:164,(anonymous_7)
FN:180,(anonymous_8)
FN:183,(anonymous_9)
FNF:10
FNH:0
FNDA:0,(anonymous_0)
FNDA:0,(anonymous_1)
FNDA:0,(anonymous_2)
FNDA:0,(anonymous_3)
FNDA:0,(anonymous_4)
FNDA:0,(anonymous_5)
FNDA:0,(anonymous_6)
FNDA:0,(anonymous_7)
FNDA:0,(anonymous_8)
FNDA:0,(anonymous_9)
DA:29,0
DA:32,0
DA:33,0
DA:34,0
DA:35,0
DA:44,0
DA:45,0
DA:46,0
DA:61,0
DA:62,0
DA:63,0
DA:64,0
DA:70,0
DA:74,0
DA:85,0
DA:95,0
DA:96,0
DA:98,0
DA:112,0
DA:113,0
DA:121,0
DA:132,0
DA:150,0
DA:164,0
DA:174,0
DA:189,0
LF:26
LH:0
BRDA:95,0,0,0
BRDA:95,0,1,0
BRDA:101,1,0,0
BRDA:101,1,1,0
BRDA:113,2,0,0
BRDA:113,2,1,0
BRDA:61,3,0,0
BRDA:61,3,1,0
BRDA:61,4,0,0
BRDA:61,4,1,0
BRDA:62,5,0,0
BRDA:62,5,1,0
BRDA:67,6,0,0
BRDA:67,6,1,0
BRDA:123,7,0,0
BRDA:123,7,1,0
BRDA:135,8,0,0
BRDA:135,8,1,0
BRDA:147,9,0,0
BRDA:147,9,1,0
BRDA:161,10,0,0
BRDA:161,10,1,0
BRF:22
BRH:0
end_of_record
TN:
SF:/root/flyve/src/components/Forms/Schemas/index.js
FNF:0
FNH:0
DA:29,0
DA:30,0
DA:31,0
LF:3
LH:0
BRF:0
BRH:0
end_of_record
TN:
SF:/root/flyve/src/components/Forms/Schemas/Schemas/agent.js
FN:39,_default
FNF:1
FNH:0
FNDA:0,_default
DA:29,0
DA:44,0
DA:67,0
LF:3
LH:0
BRF:0
BRH:0
end_of_record
TN:
SF:/root/flyve/src/components/Forms/Schemas/Schemas/supervision.js
FN:38,_default
FNF:1
FNH:0
FNDA:0,_default
DA:29,0
DA:42,0
DA:95,0
LF:3
LH:0
BRF:0
BRH:0
end_of_record
TN:
SF:/root/flyve/src/components/Forms/Schemas/Schemas/user.js
FN:42,_default
FNF:1
FNH:0
FNDA:0,_default
DA:29,0
DA:75,0
DA:156,0
DA:157,0
DA:178,0
DA:192,0
DA:238,0
DA:271,0
DA:312,0
DA:333,0
DA:370,0
DA:371,0
DA:387,0
DA:391,0
DA:392,0
DA:407,0
LF:16
LH:0
BRDA:156,0,0,0
BRDA:156,0,1,0
BRDA:370,1,0,0
BRDA:370,1,1,0
BRF:4
BRH:0
end_of_record
TN:
SF:/root/flyve/src/components/Forms/Select/index.js
FN:41,(anonymous_0)
FN:49,(anonymous_1)
FN:62,(anonymous_2)
FN:71,(anonymous_3)
FN:77,(anonymous_4)
FN:98,(anonymous_5)
FN:109,(anonymous_6)
FN:120,(anonymous_7)
FN:130,(anonymous_8)
FN:139,(anonymous_9)
FN:161,(anonymous_10)
FN:163,(anonymous_11)
FN:185,(anonymous_12)
FN:212,(anonymous_13)
FNF:14
FNH:6
FNDA:1,(anonymous_0)
FNDA:1,(anonymous_1)
FNDA:0,(anonymous_2)
FNDA:0,(anonymous_3)
FNDA:0,(anonymous_4)
FNDA:0,(anonymous_5)
FNDA:0,(anonymous_6)
FNDA:0,(anonymous_7)
FNDA:0,(anonymous_8)
FNDA:0,(anonymous_9)
FNDA:1,(anonymous_10)
FNDA:2,(anonymous_11)
FNDA:2,(anonymous_12)
FNDA:4,(anonymous_13)
DA:42,1
DA:43,1
DA:50,1
DA:51,0
DA:53,1
DA:63,0
DA:72,0
DA:73,0
DA:75,0
DA:77,0
DA:78,0
DA:83,0
DA:86,0
DA:87,0
DA:88,0
DA:95,0
DA:98,0
DA:99,0
DA:105,0
DA:108,0
DA:109,0
DA:110,0
DA:116,0
DA:119,0
DA:120,0
DA:121,0
DA:127,0
DA:130,0
DA:131,0
DA:136,0
DA:139,0
DA:140,0
DA:145,0
DA:148,0
DA:151,0
DA:162,1
DA:163,1
DA:164,2
DA:165,0
DA:170,2
DA:176,1
DA:186,2
DA:213,4
DA:224,1
DA:234,1
LF:45
LH:13
BRDA:50,0,0,0
BRDA:50,0,1,1
BRDA:50,1,0,1
BRDA:50,1,1,0
BRDA:75,2,0,0
BRDA:75,2,1,0
BRDA:75,2,2,0
BRDA:75,2,3,0
BRDA:75,2,4,0
BRDA:75,2,5,0
BRDA:75,2,6,0
BRDA:86,3,0,0
BRDA:86,3,1,0
BRDA:87,4,0,0
BRDA:87,4,1,0
BRDA:108,5,0,0
BRDA:108,5,1,0
BRDA:119,6,0,0
BRDA:119,6,1,0
BRDA:164,7,0,0
BRDA:164,7,1,2
BRDA:189,8,0,2
BRDA:189,8,1,2
BRDA:198,9,0,2
BRDA:198,9,1,0
BRDA:203,10,0,2
BRDA:203,10,1,2
BRF:27
BRH:8
end_of_record
TN:
SF:/root/flyve/src/components/Forms/TextArea/index.js
FN:38,(anonymous_0)
FN:54,(anonymous_1)
FN:67,(anonymous_2)
FNF:3
FNH:1
FNDA:1,(anonymous_0)
FNDA:0,(anonymous_1)
FNDA:0,(anonymous_2)
DA:38,1
DA:39,1
DA:54,0
DA:62,1
DA:73,1
LF:5
LH:4
BRDA:41,0,0,1
BRDA:41,0,1,1
BRDA:52,1,0,1
BRDA:52,1,1,0
BRF:4
BRH:3
end_of_record
TN:
SF:/root/flyve/src/components/GenerateRoutes/index.js
FN:46,(anonymous_0)
FN:47,(anonymous_1)
FN:70,(anonymous_2)
FNF:3
FNH:0
FNDA:0,(anonymous_0)
FNDA:0,(anonymous_1)
FNDA:0,(anonymous_2)
DA:29,0
DA:30,0
DA:31,0
DA:32,0
DA:33,0
DA:46,0
DA:47,0
DA:50,0
DA:66,0
DA:70,0
DA:74,0
DA:81,0
DA:86,0
LF:13
LH:0
BRDA:58,0,0,0
BRDA:58,0,1,0
BRDA:59,1,0,0
BRDA:59,1,1,0
BRDA:66,2,0,0
BRDA:66,2,1,0
BRF:6
BRH:0
end_of_record
TN:
SF:/root/flyve/src/components/GenerateRoutes/PrivateRoute/index.js
FN:44,(anonymous_0)
FN:59,(anonymous_1)
FN:62,(anonymous_2)
FNF:3
FNH:0
FNDA:0,(anonymous_0)
FNDA:0,(anonymous_1)
FNDA:0,(anonymous_2)
DA:29,0
DA:30,0
DA:31,0
DA:34,0
DA:37,0
DA:44,0
DA:45,0
DA:46,0
DA:48,0
DA:59,0
DA:62,0
DA:77,0
DA:81,0
LF:13
LH:0
BRDA:45,0,0,0
BRDA:45,0,1,0
BRDA:45,1,0,0
BRDA:45,1,1,0
BRDA:63,2,0,0
BRDA:63,2,1,0
BRF:6
BRH:0
end_of_record
TN:
SF:/root/flyve/src/components/GenerateRoutes/PropsRoute/index.js
FN:42,(anonymous_0)
FN:49,(anonymous_1)
FNF:2
FNH:0
FNDA:0,(anonymous_0)
FNDA:0,(anonymous_1)
DA:29,0
DA:30,0
DA:31,0
DA:32,0
DA:33,0
DA:42,0
DA:43,0
DA:44,0
DA:46,0
DA:49,0
DA:54,0
LF:11
LH:0
BRDA:43,0,0,0
BRDA:43,0,1,0
BRF:2
BRH:0
end_of_record
TN:
SF:/root/flyve/src/components/GenerateRoutes/RenderMergedProps/index.js
FN:38,(anonymous_0)
FNF:1
FNH:0
FNDA:0,(anonymous_0)
DA:29,0
DA:38,0
DA:39,0
DA:40,0
LF:4
LH:0
BRF:0
BRH:0
end_of_record
TN:
SF:/root/flyve/src/components/HeaderBreadcrumb/index.js
FN:50,(anonymous_0)
FN:65,(anonymous_1)
FN:65,(anonymous_2)
FN:65,(anonymous_3)
FN:79,(anonymous_4)
FNF:5
FNH:5
FNDA:3,(anonymous_0)
FNDA:6,(anonymous_1)
FNDA:3,(anonymous_2)
FNDA:3,(anonymous_3)
FNDA:2,(anonymous_4)
DA:51,3
DA:52,3
DA:53,3
DA:54,6
DA:55,6
DA:56,9
DA:58,6
DA:65,6
DA:72,3
DA:80,2
DA:108,2
LF:11
LH:11
BRDA:65,0,0,3
BRDA:65,0,1,3
BRF:2
BRH:2
end_of_record
TN:
SF:/root/flyve/src/components/IconItemList/index.js
FN:45,(anonymous_0)
FN:48,(anonymous_1)
FN:55,(anonymous_2)
FN:66,(anonymous_3)
FN:76,(anonymous_4)
FN:90,(anonymous_5)
FN:110,(anonymous_6)
FN:123,(anonymous_7)
FN:124,(anonymous_8)
FN:136,(anonymous_9)
FN:179,(anonymous_10)
FNF:11
FNH:5
FNDA:0,(anonymous_0)
FNDA:0,(anonymous_1)
FNDA:4,(anonymous_2)
FNDA:4,(anonymous_3)
FNDA:3,(anonymous_4)
FNDA:3,(anonymous_5)
FNDA:0,(anonymous_6)
FNDA:0,(anonymous_7)
FNDA:0,(anonymous_8)
FNDA:7,(anonymous_9)
FNDA:0,(anonymous_10)
DA:46,0
DA:47,0
DA:48,0
DA:49,0
DA:51,0
DA:56,4
DA:57,4
DA:67,4
DA:68,3
DA:77,3
DA:79,0
DA:91,3
DA:92,3
DA:97,3
DA:101,3
DA:104,0
DA:105,0
DA:111,0
DA:113,0
DA:114,0
DA:115,0
DA:117,0
DA:120,0
DA:124,0
DA:125,0
DA:137,7
DA:144,7
DA:145,7
DA:146,6
DA:147,6
DA:155,7
DA:173,2
DA:183,2
LF:33
LH:17
BRDA:58,0,0,1
BRDA:58,0,1,3
BRDA:58,1,0,4
BRDA:58,1,1,3
BRDA:67,2,0,3
BRDA:67,2,1,1
BRDA:67,3,0,4
BRDA:67,3,1,3
BRDA:77,4,0,0
BRDA:77,4,1,3
BRDA:92,5,0,3
BRDA:92,5,1,3
BRDA:92,5,2,3
BRDA:92,5,3,3
BRDA:92,5,4,0
BRDA:113,6,0,0
BRDA:113,6,1,0
BRDA:145,7,0,6
BRDA:145,7,1,1
BRF:19
BRH:15
end_of_record
TN:
SF:/root/flyve/src/components/InfoBox/index.js
FN:44,(anonymous_0)
FNF:1
FNH:1
FNDA:1,(anonymous_0)
DA:44,1
DA:50,1
DA:63,1
LF:3
LH:3
BRF:0
BRH:0
end_of_record
TN:
SF:/root/flyve/src/components/LayoutListWithNavLinks/index.js
FN:56,(anonymous_0)
FN:68,(anonymous_1)
FN:83,(anonymous_2)
FN:91,(anonymous_3)
FN:100,(anonymous_4)
FN:117,(anonymous_5)
FN:132,(anonymous_6)
FN:140,(anonymous_7)
FN:162,(anonymous_8)
FN:168,(anonymous_9)
FN:171,(anonymous_10)
FNF:11
FNH:9
FNDA:1,(anonymous_0)
FNDA:1,(anonymous_1)
FNDA:1,(anonymous_2)
FNDA:0,(anonymous_3)
FNDA:1,(anonymous_4)
FNDA:0,(anonymous_5)
FNDA:1,(anonymous_6)
FNDA:1,(anonymous_7)
FNDA:1,(anonymous_8)
FNDA:1,(anonymous_9)
FNDA:2,(anonymous_10)
DA:57,1
DA:69,1
DA:70,1
DA:76,1
DA:84,1
DA:92,0
DA:101,1
DA:118,0
DA:119,0
DA:120,0
DA:133,1
DA:134,1
DA:141,1
DA:143,1
DA:144,0
DA:147,1
DA:148,0
DA:151,1
DA:163,1
DA:168,1
DA:172,2
DA:173,1
DA:185,1
DA:197,1
LF:24
LH:18
BRDA:58,0,0,0
BRDA:58,0,1,1
BRDA:59,1,0,0
BRDA:59,1,1,0
BRDA:72,2,0,0
BRDA:72,2,1,1
BRDA:104,3,0,0
BRDA:104,3,1,1
BRDA:104,4,0,0
BRDA:104,4,1,0
BRDA:119,5,0,0
BRDA:119,5,1,0
BRDA:122,6,0,0
BRDA:122,6,1,0
BRDA:133,7,0,0
BRDA:133,7,1,1
BRDA:143,8,0,0
BRDA:143,8,1,1
BRDA:147,9,0,0
BRDA:147,9,1,1
BRDA:147,10,0,1
BRDA:147,10,1,0
BRDA:172,11,0,1
BRDA:172,11,1,1
BRF:24
BRH:9
end_of_record
TN:
SF:/root/flyve/src/components/Loader/index.js
FN:39,(anonymous_0)
FNF:1
FNH:0
FNDA:0,(anonymous_0)
DA:29,0
DA:30,0
DA:31,0
DA:39,0
DA:41,0
DA:42,0
DA:43,0
DA:52,0
DA:59,0
DA:64,0
LF:10
LH:0
BRF:0
BRH:0
end_of_record
TN:
SF:/root/flyve/src/components/Loader/listRender.js
FN:42,(anonymous_0)
FNF:1
FNH:0
FNDA:0,(anonymous_0)
DA:29,0
DA:30,0
DA:31,0
DA:42,0
DA:46,0
DA:47,0
DA:56,0
DA:65,0
DA:69,0
LF:9
LH:0
BRDA:46,0,0,0
BRDA:46,0,1,0
BRF:2
BRH:0
end_of_record
TN:
SF:/root/flyve/src/components/Loading/index.js
FN:38,(anonymous_0)
FNF:1
FNH:1
FNDA:4,(anonymous_0)
DA:38,2
DA:45,4
DA:59,4
DA:78,4
DA:81,2
DA:88,2
LF:6
LH:6
BRDA:59,0,0,2
BRDA:59,0,1,2
BRF:2
BRH:2
end_of_record
TN:
SF:/root/flyve/src/components/ScrollSync/ScrollSync.js
FN:41,(anonymous_0)
FN:100,(anonymous_1)
FN:117,(anonymous_2)
FN:130,(anonymous_3)
FN:139,(anonymous_4)
FN:150,(anonymous_5)
FN:155,(anonymous_6)
FN:164,(anonymous_7)
FN:165,(anonymous_8)
FN:176,(anonymous_9)
FN:190,(anonymous_10)
FN:206,(anonymous_11)
FN:87,(anonymous_12)
FN:217,(anonymous_13)
FNF:14
FNH:0
FNDA:0,(anonymous_0)
FNDA:0,(anonymous_1)
FNDA:0,(anonymous_2)
FNDA:0,(anonymous_3)
FNDA:0,(anonymous_4)
FNDA:0,(anonymous_5)
FNDA:0,(anonymous_6)
FNDA:0,(anonymous_7)
FNDA:0,(anonymous_8)
FNDA:0,(anonymous_9)
FNDA:0,(anonymous_10)
FNDA:0,(anonymous_11)
FNDA:0,(anonymous_12)
FNDA:0,(anonymous_13)
DA:31,0
DA:34,0
DA:41,0
DA:88,0
DA:101,0
DA:102,0
DA:105,0
DA:106,0
DA:107,0
DA:118,0
DA:119,0
DA:120,0
DA:131,0
DA:140,0
DA:151,0
DA:152,0
DA:155,0
DA:165,0
DA:166,0
DA:184,0
DA:186,0
DA:188,0
DA:190,0
DA:192,0
DA:194,0
DA:196,0
DA:197,0
DA:199,0
DA:200,0
DA:202,0
DA:203,0
DA:206,0
DA:207,0
DA:218,0
LF:34
LH:0
BRDA:101,0,0,0
BRDA:101,0,1,0
BRDA:105,1,0,0
BRDA:105,1,1,0
BRDA:118,2,0,0
BRDA:118,2,1,0
BRDA:151,3,0,0
BRDA:151,3,1,0
BRDA:192,4,0,0
BRDA:192,4,1,0
BRDA:199,5,0,0
BRDA:199,5,1,0
BRDA:199,6,0,0
BRDA:199,6,1,0
BRDA:200,7,0,0
BRDA:200,7,1,0
BRDA:202,8,0,0
BRDA:202,8,1,0
BRDA:202,9,0,0
BRDA:202,9,1,0
BRDA:203,10,0,0
BRDA:203,10,1,0
BRF:22
BRH:0
end_of_record
TN:
SF:/root/flyve/src/components/ScrollSync/ScrollSyncPanel.js
FN:76,(anonymous_0)
FN:87,(anonymous_1)
FN:98,(anonymous_2)
FN:106,(anonymous_3)
FNF:4
FNH:0
FNDA:0,(anonymous_0)
FNDA:0,(anonymous_1)
FNDA:0,(anonymous_2)
FNDA:0,(anonymous_3)
DA:29,0
DA:32,0
DA:33,0
DA:78,0
DA:79,0
DA:88,0
DA:89,0
DA:90,0
DA:99,0
DA:107,0
LF:10
LH:0
BRDA:78,0,0,0
BRDA:78,0,1,0
BRDA:88,1,0,0
BRDA:88,1,1,0
BRF:4
BRH:0
end_of_record
TN:
SF:/root/flyve/src/components/ScrollSync/index.js
FNF:0
FNH:0
DA:29,0
DA:30,0
LF:2
LH:0
BRF:0
BRH:0
end_of_record
TN:
SF:/root/flyve/src/components/SplitView/index.js
FN:52,(anonymous_0)
FN:67,(anonymous_1)
FN:57,(anonymous_2)
FN:75,(anonymous_3)
FN:156,(anonymous_4)
FN:161,(anonymous_5)
FNF:6
FNH:0
FNDA:0,(anonymous_0)
FNDA:0,(anonymous_1)
FNDA:0,(anonymous_2)
FNDA:0,(anonymous_3)
FNDA:0,(anonymous_4)
FNDA:0,(anonymous_5)
DA:29,0
DA:32,0
DA:33,0
DA:34,0
DA:35,0
DA:38,0
DA:39,0
DA:40,0
DA:41,0
DA:42,0
DA:52,0
DA:58,0
DA:59,0
DA:68,0
DA:76,0
DA:78,0
DA:80,0
DA:81,0
DA:157,0
DA:158,0
DA:161,0
DA:193,0
DA:197,0
LF:23
LH:0
BRDA:58,0,0,0
BRDA:58,0,1,0
BRDA:80,1,0,0
BRDA:80,1,1,0
BRDA:80,2,0,0
BRDA:80,2,1,0
BRDA:154,3,0,0
BRDA:154,3,1,0
BRDA:157,4,0,0
BRDA:157,4,1,0
BRF:10
BRH:0
end_of_record
TN:
SF:/root/flyve/src/components/SplitView/IconWithPopper/index.js
FN:47,(anonymous_0)
FN:77,(anonymous_1)
FNF:2
FNH:0
FNDA:0,(anonymous_0)
FNDA:0,(anonymous_1)
DA:29,0
DA:32,0
DA:33,0
DA:48,0
DA:49,0
DA:60,0
DA:75,0
DA:80,0
LF:8
LH:0
BRDA:48,0,0,0
BRDA:48,0,1,0
BRF:2
BRH:0
end_of_record
TN:
SF:/root/flyve/src/components/SplitView/ImgWithPopper/index.js
FN:47,(anonymous_0)
FNF:1
FNH:0
FNDA:0,(anonymous_0)
DA:29,0
DA:32,0
DA:35,0
DA:48,0
DA:67,0
DA:71,0
LF:6
LH:0
BRF:0
BRH:0
end_of_record
TN:
SF:/root/flyve/src/components/SplitView/SpanWithPopper/index.js
FN:47,(anonymous_0)
FN:77,(anonymous_1)
FNF:2
FNH:0
FNDA:0,(anonymous_0)
FNDA:0,(anonymous_1)
DA:29,0
DA:32,0
DA:33,0
DA:48,0
DA:49,0
DA:57,0
DA:69,0
DA:75,0
LF:8
LH:0
BRDA:48,0,0,0
BRDA:48,0,1,0
BRF:2
BRH:0
end_of_record
TN:
SF:/root/flyve/src/containers/About/index.js
FN:43,(anonymous_0)
FNF:1
FNH:0
FNDA:0,(anonymous_0)
DA:30,0
DA:33,0
DA:34,0
DA:35,0
DA:36,0
DA:44,0
DA:58,0
LF:7
LH:0
BRF:0
BRH:0
end_of_record
TN:
SF:/root/flyve/src/containers/About/routes.js
FN:40,(anonymous_0)
FN:46,(anonymous_2)
FN:52,(anonymous_4)
FN:58,(anonymous_6)
FN:64,(anonymous_8)
FN:70,(anonymous_10)
FN:76,(anonymous_12)
FN:82,(anonymous_14)
FNF:8
FNH:0
FNDA:0,(anonymous_0)
FNDA:0,(anonymous_2)
FNDA:0,(anonymous_4)
FNDA:0,(anonymous_6)
FNDA:0,(anonymous_8)
FNDA:0,(anonymous_10)
FNDA:0,(anonymous_12)
FNDA:0,(anonymous_14)
DA:30,0
DA:37,0
DA:40,0
DA:46,0
DA:52,0
DA:58,0
DA:64,0
DA:70,0
DA:76,0
DA:82,0
LF:10
LH:0
BRF:0
BRH:0
end_of_record
TN:
SF:/root/flyve/src/containers/About/components/Contact/index.js
FN:39,(anonymous_0)
FNF:1
FNH:0
FNDA:0,(anonymous_0)
DA:30,0
DA:31,0
DA:32,0
DA:39,0
DA:40,0
LF:5
LH:0
BRF:0
BRH:0
end_of_record
TN:
SF:/root/flyve/src/containers/About/components/HelpCenter/Feedback.js
FN:49,(anonymous_0)
FN:66,(anonymous_1)
FN:71,(anonymous_2)
FN:99,(anonymous_3)
FN:108,(anonymous_4)
FN:60,(anonymous_5)
FN:114,(anonymous_6)
FNF:7
FNH:0
FNDA:0,(anonymous_0)
FNDA:0,(anonymous_1)
FNDA:0,(anonymous_2)
FNDA:0,(anonymous_3)
FNDA:0,(anonymous_4)
FNDA:0,(anonymous_5)
FNDA:0,(anonymous_6)
DA:30,0
DA:33,0
DA:34,0
DA:35,0
DA:36,0
DA:37,0
DA:38,0
DA:42,0
DA:43,0
DA:49,0
DA:50,0
DA:52,0
DA:61,0
DA:62,0
DA:67,0
DA:69,0
DA:71,0
DA:74,0
DA:76,0
DA:77,0
DA:79,0
DA:80,0
DA:81,0
DA:86,0
DA:91,0
DA:93,0
DA:97,0
DA:99,0
DA:100,0
DA:109,0
DA:115,0
DA:116,0
DA:119,0
DA:120,0
DA:133,0
DA:169,0
LF:36
LH:0
BRDA:76,0,0,0
BRDA:76,0,1,0
BRDA:80,1,0,0
BRDA:80,1,1,0
BRDA:91,2,0,0
BRDA:91,2,1,0
BRDA:97,3,0,0
BRDA:97,3,1,0
BRDA:61,4,0,0
BRDA:61,4,1,0
BRDA:115,5,0,0
BRDA:115,5,1,0
BRDA:119,6,0,0
BRDA:119,6,1,0
BRF:14
BRH:0
end_of_record
TN:
SF:/root/flyve/src/containers/About/components/HelpCenter/HelpCenterArticle.js
FN:45,(anonymous_0)
FN:55,(anonymous_1)
FN:77,(anonymous_2)
FN:83,(anonymous_3)
FNF:4
FNH:0
FNDA:0,(anonymous_0)
FNDA:0,(anonymous_1)
FNDA:0,(anonymous_2)
FNDA:0,(anonymous_3)
DA:30,0
DA:33,0
DA:34,0
DA:35,0
DA:36,0
DA:37,0
DA:38,0
DA:39,0
DA:45,0
DA:46,0
DA:48,0
DA:56,0
DA:57,0
DA:64,0
DA:66,0
DA:70,0
DA:78,0
DA:79,0
DA:80,0
DA:84,0
DA:111,0
LF:21
LH:0
BRDA:80,0,0,0
BRDA:80,0,1,0
BRDA:87,1,0,0
BRDA:87,1,1,0
BRF:4
BRH:0
end_of_record
TN:
SF:/root/flyve/src/containers/About/components/HelpCenter/HelpCenterList.js
FN:59,(anonymous_0)
FN:47,(anonymous_1)
FN:50,(anonymous_2)
FN:73,(anonymous_3)
FN:79,(anonymous_4)
FN:86,(anonymous_5)
FN:101,(anonymous_6)
FN:105,(anonymous_7)
FN:109,(anonymous_8)
FN:110,(anonymous_9)
FN:116,(anonymous_10)
FN:118,(anonymous_11)
FN:128,(anonymous_12)
FN:142,(anonymous_13)
FN:146,(anonymous_14)
FN:150,(anonymous_15)
FNF:16
FNH:0
FNDA:0,(anonymous_0)
FNDA:0,(anonymous_1)
FNDA:0,(anonymous_2)
FNDA:0,(anonymous_3)
FNDA:0,(anonymous_4)
FNDA:0,(anonymous_5)
FNDA:0,(anonymous_6)
FNDA:0,(anonymous_7)
FNDA:0,(anonymous_8)
FNDA:0,(anonymous_9)
FNDA:0,(anonymous_10)
FNDA:0,(anonymous_11)
FNDA:0,(anonymous_12)
FNDA:0,(anonymous_13)
FNDA:0,(anonymous_14)
FNDA:0,(anonymous_15)
DA:30,0
DA:33,0
DA:34,0
DA:35,0
DA:36,0
DA:37,0
DA:38,0
DA:39,0
DA:40,0
DA:41,0
DA:48,0
DA:50,0
DA:59,0
DA:60,0
DA:61,0
DA:74,0
DA:75,0
DA:79,0
DA:81,0
DA:83,0
DA:86,0
DA:90,0
DA:95,0
DA:102,0
DA:106,0
DA:110,0
DA:117,0
DA:118,0
DA:119,0
DA:120,0
DA:123,0
DA:129,0
DA:130,0
DA:131,0
DA:133,0
DA:134,0
DA:135,0
DA:136,0
DA:143,0
DA:147,0
DA:151,0
DA:252,0
LF:42
LH:0
BRDA:119,0,0,0
BRDA:119,0,1,0
BRDA:133,1,0,0
BRDA:133,1,1,0
BRDA:135,2,0,0
BRDA:135,2,1,0
BRDA:153,3,0,0
BRDA:153,3,1,0
BRDA:215,4,0,0
BRDA:215,4,1,0
BRF:10
BRH:0
end_of_record
TN:
SF:/root/flyve/src/containers/About/components/HelpCenter/index.js
FN:41,(anonymous_0)
FNF:1
FNH:0
FNDA:0,(anonymous_0)
DA:30,0
DA:33,0
DA:34,0
DA:35,0
DA:42,0
DA:51,0
LF:6
LH:0
BRF:0
BRH:0
end_of_record
TN:
SF:/root/flyve/src/containers/About/components/HelpCenter/routes.js
FNF:0
FNH:0
DA:30,0
DA:31,0
DA:32,0
DA:33,0
DA:34,0
DA:41,0
LF:6
LH:0
BRF:0
BRH:0
end_of_record
TN:
SF:/root/flyve/src/containers/About/components/License/index.js
FN:47,(anonymous_0)
FN:59,(anonymous_1)
FN:80,(anonymous_2)
FNF:3
FNH:0
FNDA:0,(anonymous_0)
FNDA:0,(anonymous_1)
FNDA:0,(anonymous_2)
DA:29,0
DA:32,0
DA:33,0
DA:34,0
DA:35,0
DA:36,0
DA:37,0
DA:38,0
DA:47,0
DA:48,0
DA:49,0
DA:60,0
DA:61,0
DA:62,0
DA:66,0
DA:70,0
DA:82,0
DA:83,0
DA:84,0
DA:88,0
DA:100,0
DA:105,0
DA:110,0
LF:23
LH:0
BRDA:82,0,0,0
BRDA:82,0,1,0
BRDA:83,1,0,0
BRDA:83,1,1,0
BRF:4
BRH:0
end_of_record
TN:
SF:/root/flyve/src/containers/About/components/Overview/index.js
FN:38,(anonymous_0)
FNF:1
FNH:0
FNDA:0,(anonymous_0)
DA:30,0
DA:31,0
DA:32,0
DA:38,0
DA:39,0
LF:5
LH:0
BRF:0
BRH:0
end_of_record
TN:
SF:/root/flyve/src/containers/About/components/ReleaseNotes/index.js
FN:46,(anonymous_0)
FN:58,(anonymous_1)
FN:81,(anonymous_2)
FNF:3
FNH:0
FNDA:0,(anonymous_0)
FNDA:0,(anonymous_1)
FNDA:0,(anonymous_2)
DA:29,0
DA:32,0
DA:33,0
DA:34,0
DA:35,0
DA:36,0
DA:37,0
DA:46,0
DA:47,0
DA:48,0
DA:59,0
DA:60,0
DA:63,0
DA:67,0
DA:71,0
DA:83,0
DA:84,0
DA:85,0
DA:89,0
DA:101,0
DA:106,0
DA:111,0
LF:22
LH:0
BRDA:83,0,0,0
BRDA:83,0,1,0
BRDA:84,1,0,0
BRDA:84,1,1,0
BRF:4
BRH:0
end_of_record
TN:
SF:/root/flyve/src/containers/About/components/SystemInformation/index.js
FN:45,(anonymous_0)
FN:53,(anonymous_1)
FN:73,(anonymous_2)
FN:77,(anonymous_3)
FNF:4
FNH:0
FNDA:0,(anonymous_0)
FNDA:0,(anonymous_1)
FNDA:0,(anonymous_2)
FNDA:0,(anonymous_3)
DA:30,0
DA:33,0
DA:34,0
DA:35,0
DA:36,0
DA:37,0
DA:38,0
DA:45,0
DA:46,0
DA:47,0
DA:54,0
DA:55,0
DA:58,0
DA:63,0
DA:67,0
DA:74,0
DA:76,0
DA:77,0
DA:78,0
DA:102,0
DA:120,0
LF:21
LH:0
BRDA:76,0,0,0
BRDA:76,0,1,0
BRDA:104,1,0,0
BRDA:104,1,1,0
BRF:4
BRH:0
end_of_record
TN:
SF:/root/flyve/src/containers/About/components/TermsOfUse/index.js
FN:38,(anonymous_0)
FNF:1
FNH:0
FNDA:0,(anonymous_0)
DA:30,0
DA:31,0
DA:32,0
DA:38,0
DA:39,0
LF:5
LH:0
BRF:0
BRH:0
end_of_record
TN:
SF:/root/flyve/src/containers/Applications/index.js
FN:48,(anonymous_0)
FN:74,(anonymous_1)
FN:99,(anonymous_2)
FN:117,(anonymous_3)
FN:125,(anonymous_4)
FN:133,(anonymous_5)
FN:142,(anonymous_6)
FN:169,(anonymous_7)
FN:66,(anonymous_8)
FN:196,(anonymous_9)
FNF:10
FNH:0
FNDA:0,(anonymous_0)
FNDA:0,(anonymous_1)
FNDA:0,(anonymous_2)
FNDA:0,(anonymous_3)
FNDA:0,(anonymous_4)
FNDA:0,(anonymous_5)
FNDA:0,(anonymous_6)
FNDA:0,(anonymous_7)
FNDA:0,(anonymous_8)
FNDA:0,(anonymous_9)
DA:30,0
DA:33,0
DA:34,0
DA:35,0
DA:36,0
DA:37,0
DA:38,0
DA:39,0
DA:40,0
DA:48,0
DA:49,0
DA:50,0
DA:59,0
DA:67,0
DA:75,0
DA:77,0
DA:78,0
DA:82,0
DA:87,0
DA:88,0
DA:99,0
DA:117,0
DA:125,0
DA:133,0
DA:143,0
DA:147,0
DA:148,0
DA:153,0
DA:155,0
DA:158,0
DA:161,0
DA:170,0
DA:171,0
DA:176,0
DA:177,0
DA:185,0
DA:187,0
DA:190,0
DA:193,0
DA:198,0
DA:216,0
DA:225,0
LF:42
LH:0
BRDA:77,0,0,0
BRDA:77,0,1,0
BRDA:87,1,0,0
BRDA:87,1,1,0
BRDA:147,2,0,0
BRDA:147,2,1,0
BRDA:148,3,0,0
BRDA:148,3,1,0
BRDA:148,4,0,0
BRDA:148,4,1,0
BRDA:148,4,2,0
BRDA:148,4,3,0
BRDA:148,4,4,0
BRDA:170,5,0,0
BRDA:170,5,1,0
BRDA:176,6,0,0
BRDA:176,6,1,0
BRDA:177,7,0,0
BRDA:177,7,1,0
BRDA:178,8,0,0
BRDA:178,8,1,0
BRDA:178,8,2,0
BRDA:178,8,3,0
BRDA:178,8,4,0
BRDA:53,9,0,0
BRDA:53,9,1,0
BRF:26
BRH:0
end_of_record
TN:
SF:/root/flyve/src/containers/Applications/routes.js
FN:41,(anonymous_0)
FN:47,(anonymous_2)
FN:53,(anonymous_4)
FN:59,(anonymous_6)
FN:65,(anonymous_8)
FN:71,(anonymous_10)
FNF:6
FNH:0
FNDA:0,(anonymous_0)
FNDA:0,(anonymous_2)
FNDA:0,(anonymous_4)
FNDA:0,(anonymous_6)
FNDA:0,(anonymous_8)
FNDA:0,(anonymous_10)
DA:30,0
DA:31,0
DA:38,0
DA:41,0
DA:47,0
DA:53,0
DA:59,0
DA:65,0
DA:71,0
LF:9
LH:0
BRF:0
BRH:0
end_of_record
TN:
SF:/root/flyve/src/containers/Applications/components/ApplicationsAdd.js
FN:49,(anonymous_0)
FN:64,(anonymous_1)
FN:76,(anonymous_2)
FN:88,(anonymous_3)
FN:99,(anonymous_4)
FN:107,(anonymous_5)
FN:118,(anonymous_6)
FN:130,(anonymous_7)
FN:132,(anonymous_8)
FN:165,(anonymous_9)
FN:207,(anonymous_10)
FN:233,(anonymous_11)
FN:237,(anonymous_12)
FNF:13
FNH:0
FNDA:0,(anonymous_0)
FNDA:0,(anonymous_1)
FNDA:0,(anonymous_2)
FNDA:0,(anonymous_3)
FNDA:0,(anonymous_4)
FNDA:0,(anonymous_5)
FNDA:0,(anonymous_6)
FNDA:0,(anonymous_7)
FNDA:0,(anonymous_8)
FNDA:0,(anonymous_9)
FNDA:0,(anonymous_10)
FNDA:0,(anonymous_11)
FNDA:0,(anonymous_12)
DA:30,0
DA:33,0
DA:34,0
DA:35,0
DA:36,0
DA:40,0
DA:41,0
DA:49,0
DA:50,0
DA:51,0
DA:65,0
DA:77,0
DA:89,0
DA:100,0
DA:108,0
DA:119,0
DA:120,0
DA:123,0
DA:131,0
DA:132,0
DA:133,0
DA:134,0
DA:135,0
DA:136,0
DA:137,0
DA:140,0
DA:144,0
DA:147,0
DA:152,0
DA:154,0
DA:158,0
DA:167,0
DA:168,0
DA:172,0
DA:207,0
DA:234,0
DA:237,0
DA:251,0
DA:256,0
LF:39
LH:0
BRDA:119,0,0,0
BRDA:119,0,1,0
BRDA:167,1,0,0
BRDA:167,1,1,0
BRDA:231,2,0,0
BRDA:231,2,1,0
BRF:6
BRH:0
end_of_record
TN:
SF:/root/flyve/src/containers/Applications/components/ApplicationsContent.js
FN:50,(anonymous_0)
FN:102,(anonymous_1)
FN:142,(anonymous_2)
FN:62,(anonymous_3)
FN:72,(anonymous_4)
FN:85,(anonymous_5)
FN:161,(anonymous_6)
FN:218,(anonymous_7)
FN:237,(anonymous_8)
FNF:9
FNH:0
FNDA:0,(anonymous_0)
FNDA:0,(anonymous_1)
FNDA:0,(anonymous_2)
FNDA:0,(anonymous_3)
FNDA:0,(anonymous_4)
FNDA:0,(anonymous_5)
FNDA:0,(anonymous_6)
FNDA:0,(anonymous_7)
FNDA:0,(anonymous_8)
DA:30,0
DA:33,0
DA:34,0
DA:35,0
DA:36,0
DA:37,0
DA:38,0
DA:39,0
DA:40,0
DA:41,0
DA:42,0
DA:50,0
DA:51,0
DA:53,0
DA:63,0
DA:73,0
DA:74,0
DA:86,0
DA:87,0
DA:92,0
DA:103,0
DA:104,0
DA:105,0
DA:107,0
DA:110,0
DA:111,0
DA:118,0
DA:123,0
DA:124,0
DA:126,0
DA:130,0
DA:143,0
DA:144,0
DA:145,0
DA:149,0
DA:153,0
DA:157,0
DA:162,0
DA:163,0
DA:168,0
DA:169,0
DA:178,0
DA:192,0
DA:218,0
DA:237,0
DA:245,0
DA:250,0
LF:47
LH:0
BRDA:104,0,0,0
BRDA:104,0,1,0
BRDA:73,1,0,0
BRDA:73,1,1,0
BRDA:86,2,0,0
BRDA:86,2,1,0
BRDA:162,3,0,0
BRDA:162,3,1,0
BRDA:162,4,0,0
BRDA:162,4,1,0
BRDA:168,5,0,0
BRDA:168,5,1,0
BRF:12
BRH:0
end_of_record
TN:
SF:/root/flyve/src/containers/Applications/components/ApplicationsEdit.js
FN:47,(anonymous_0)
FN:61,(anonymous_1)
FN:65,(anonymous_2)
FN:88,(anonymous_3)
FN:127,(anonymous_4)
FN:134,(anonymous_5)
FNF:6
FNH:0
FNDA:0,(anonymous_0)
FNDA:0,(anonymous_1)
FNDA:0,(anonymous_2)
FNDA:0,(anonymous_3)
FNDA:0,(anonymous_4)
FNDA:0,(anonymous_5)
DA:30,0
DA:33,0
DA:34,0
DA:35,0
DA:36,0
DA:37,0
DA:38,0
DA:39,0
DA:47,0
DA:48,0
DA:50,0
DA:62,0
DA:65,0
DA:68,0
DA:69,0
DA:71,0
DA:75,0
DA:78,0
DA:89,0
DA:90,0
DA:91,0
DA:94,0
DA:99,0
DA:100,0
DA:106,0
DA:113,0
DA:114,0
DA:117,0
DA:121,0
DA:128,0
DA:129,0
DA:130,0
DA:134,0
DA:135,0
DA:143,0
DA:162,0
DA:168,0
DA:180,0
LF:38
LH:0
BRDA:68,0,0,0
BRDA:68,0,1,0
BRDA:90,1,0,0
BRDA:90,1,1,0
BRDA:99,2,0,0
BRDA:99,2,1,0
BRDA:128,3,0,0
BRDA:128,3,1,0
BRDA:129,4,0,0
BRDA:129,4,1,0
BRF:10
BRH:0
end_of_record
TN:
SF:/root/flyve/src/containers/Applications/components/ApplicationsEditItemList.js
FN:42,(anonymous_0)
FN:64,(anonymous_1)
FN:75,(anonymous_2)
FN:53,(anonymous_3)
FN:81,(anonymous_4)
FNF:5
FNH:0
FNDA:0,(anonymous_0)
FNDA:0,(anonymous_1)
FNDA:0,(anonymous_2)
FNDA:0,(anonymous_3)
FNDA:0,(anonymous_4)
DA:30,0
DA:33,0
DA:34,0
DA:42,0
DA:43,0
DA:45,0
DA:54,0
DA:65,0
DA:76,0
DA:77,0
DA:82,0
DA:105,0
LF:12
LH:0
BRDA:76,0,0,0
BRDA:76,0,1,0
BRF:2
BRH:0
end_of_record
TN:
SF:/root/flyve/src/containers/Applications/components/ApplicationsItemList.js
FN:41,(anonymous_0)
FNF:1
FNH:0
FNDA:0,(anonymous_0)
DA:30,0
DA:33,0
DA:34,0
DA:41,0
DA:45,0
DA:48,0
DA:49,0
DA:58,0
DA:73,0
DA:89,0
DA:95,0
LF:11
LH:0
BRDA:48,0,0,0
BRDA:48,0,1,0
BRF:2
BRH:0
end_of_record
TN:
SF:/root/flyve/src/containers/Applications/components/ApplicationsList.js
FN:59,(anonymous_0)
FN:51,(anonymous_1)
FN:130,(anonymous_2)
FN:179,(anonymous_3)
FN:190,(anonymous_4)
FN:209,(anonymous_5)
FN:230,(anonymous_6)
FN:253,(anonymous_7)
FN:257,(anonymous_8)
FN:296,(anonymous_9)
FN:307,(anonymous_10)
FN:357,(anonymous_11)
FN:417,(anonymous_12)
FN:78,(anonymous_13)
FN:82,(anonymous_14)
FN:119,(anonymous_15)
FN:426,(anonymous_16)
FN:482,(anonymous_17)
FN:507,(anonymous_18)
FN:550,(anonymous_19)
FNF:20
FNH:0
FNDA:0,(anonymous_0)
FNDA:0,(anonymous_1)
FNDA:0,(anonymous_2)
FNDA:0,(anonymous_3)
FNDA:0,(anonymous_4)
FNDA:0,(anonymous_5)
FNDA:0,(anonymous_6)
FNDA:0,(anonymous_7)
FNDA:0,(anonymous_8)
FNDA:0,(anonymous_9)
FNDA:0,(anonymous_10)
FNDA:0,(anonymous_11)
FNDA:0,(anonymous_12)
FNDA:0,(anonymous_13)
FNDA:0,(anonymous_14)
FNDA:0,(anonymous_15)
FNDA:0,(anonymous_16)
FNDA:0,(anonymous_17)
FNDA:0,(anonymous_18)
FNDA:0,(anonymous_19)
DA:30,0
DA:33,0
DA:34,0
DA:35,0
DA:36,0
DA:37,0
DA:38,0
DA:39,0
DA:40,0
DA:41,0
DA:42,0
DA:43,0
DA:52,0
DA:59,0
DA:60,0
DA:61,0
DA:79,0
DA:82,0
DA:87,0
DA:93,0
DA:95,0
DA:96,0
DA:97,0
DA:99,0
DA:100,0
DA:103,0
DA:104,0
DA:105,0
DA:108,0
DA:109,0
DA:110,0
DA:120,0
DA:122,0
DA:130,0
DA:134,0
DA:138,0
DA:140,0
DA:141,0
DA:142,0
DA:151,0
DA:160,0
DA:167,0
DA:168,0
DA:180,0
DA:182,0
DA:183,0
DA:190,0
DA:195,0
DA:197,0
DA:198,0
DA:199,0
DA:200,0
DA:201,0
DA:209,0
DA:215,0
DA:217,0
DA:218,0
DA:219,0
DA:220,0
DA:221,0
DA:231,0
DA:232,0
DA:233,0
DA:235,0
DA:236,0
DA:239,0
DA:240,0
DA:241,0
DA:243,0
DA:244,0
DA:254,0
DA:255,0
DA:256,0
DA:257,0
DA:261,0
DA:265,0
DA:273,0
DA:278,0
DA:279,0
DA:280,0
DA:283,0
DA:284,0
DA:286,0
DA:289,0
DA:293,0
DA:294,0
DA:296,0
DA:307,0
DA:308,0
DA:312,0
DA:314,0
DA:315,0
DA:324,0
DA:326,0
DA:335,0
DA:342,0
DA:344,0
DA:357,0
DA:363,0
DA:364,0
DA:366,0
DA:367,0
DA:370,0
DA:375,0
DA:376,0
DA:377,0
DA:378,0
DA:381,0
DA:391,0
DA:392,0
DA:393,0
DA:397,0
DA:407,0
DA:418,0
DA:419,0
DA:420,0
DA:421,0
DA:422,0
DA:426,0
DA:432,0
DA:435,0
DA:446,0
DA:456,0
DA:477,0
DA:478,0
DA:479,0
DA:480,0
DA:482,0
DA:495,0
DA:504,0
DA:507,0
DA:550,0
DA:556,0
DA:561,0
LF:134
LH:0
BRDA:200,0,0,0
BRDA:200,0,1,0
BRDA:220,1,0,0
BRDA:220,1,1,0
BRDA:240,2,0,0
BRDA:240,2,1,0
BRDA:240,3,0,0
BRDA:240,3,1,0
BRDA:243,4,0,0
BRDA:243,4,1,0
BRDA:243,5,0,0
BRDA:243,5,1,0
BRDA:256,6,0,0
BRDA:256,6,1,0
BRDA:324,7,0,0
BRDA:324,7,1,0
BRDA:375,8,0,0
BRDA:375,8,1,0
BRDA:377,9,0,0
BRDA:377,9,1,0
BRDA:378,10,0,0
BRDA:378,10,1,0
BRDA:392,11,0,0
BRDA:392,11,1,0
BRDA:421,12,0,0
BRDA:421,12,1,0
BRDA:95,13,0,0
BRDA:95,13,1,0
BRDA:97,14,0,0
BRDA:97,14,1,0
BRDA:97,15,0,0
BRDA:97,15,1,0
BRDA:99,16,0,0
BRDA:99,16,1,0
BRDA:103,17,0,0
BRDA:103,17,1,0
BRDA:108,18,0,0
BRDA:108,18,1,0
BRDA:108,19,0,0
BRDA:108,19,1,0
BRDA:108,19,2,0
BRDA:109,20,0,0
BRDA:109,20,1,0
BRDA:457,21,0,0
BRDA:457,21,1,0
BRDA:477,22,0,0
BRDA:477,22,1,0
BRDA:479,23,0,0
BRDA:479,23,1,0
BRDA:479,24,0,0
BRDA:479,24,1,0
BRDA:489,25,0,0
BRDA:489,25,1,0
BRDA:490,26,0,0
BRDA:490,26,1,0
BRDA:533,27,0,0
BRDA:533,27,1,0
BRDA:534,28,0,0
BRDA:534,28,1,0
BRF:59
BRH:0
end_of_record
TN:
SF:/root/flyve/src/containers/Devices/index.js
FN:47,(anonymous_0)
FN:81,(anonymous_1)
FN:106,(anonymous_2)
FN:124,(anonymous_3)
FN:132,(anonymous_4)
FN:140,(anonymous_5)
FN:149,(anonymous_6)
FN:176,(anonymous_7)
FN:61,(anonymous_8)
FN:65,(anonymous_9)
FN:200,(anonymous_10)
FNF:11
FNH:0
FNDA:0,(anonymous_0)
FNDA:0,(anonymous_1)
FNDA:0,(anonymous_2)
FNDA:0,(anonymous_3)
FNDA:0,(anonymous_4)
FNDA:0,(anonymous_5)
FNDA:0,(anonymous_6)
FNDA:0,(anonymous_7)
FNDA:0,(anonymous_8)
FNDA:0,(anonymous_9)
FNDA:0,(anonymous_10)
DA:30,0
DA:33,0
DA:34,0
DA:35,0
DA:36,0
DA:37,0
DA:38,0
DA:39,0
DA:40,0
DA:47,0
DA:48,0
DA:49,0
DA:58,0
DA:62,0
DA:66,0
DA:67,0
DA:72,0
DA:82,0
DA:84,0
DA:85,0
DA:89,0
DA:94,0
DA:95,0
DA:106,0
DA:124,0
DA:132,0
DA:140,0
DA:150,0
DA:154,0
DA:155,0
DA:160,0
DA:162,0
DA:165,0
DA:168,0
DA:177,0
DA:178,0
DA:183,0
DA:184,0
DA:189,0
DA:191,0
DA:194,0
DA:197,0
DA:202,0
DA:220,0
DA:229,0
LF:45
LH:0
BRDA:84,0,0,0
BRDA:84,0,1,0
BRDA:94,1,0,0
BRDA:94,1,1,0
BRDA:154,2,0,0
BRDA:154,2,1,0
BRDA:155,3,0,0
BRDA:155,3,1,0
BRDA:155,4,0,0
BRDA:155,4,1,0
BRDA:155,4,2,0
BRDA:155,4,3,0
BRDA:155,4,4,0
BRDA:177,5,0,0
BRDA:177,5,1,0
BRDA:183,6,0,0
BRDA:183,6,1,0
BRDA:184,7,0,0
BRDA:184,7,1,0
BRDA:184,8,0,0
BRDA:184,8,1,0
BRDA:184,8,2,0
BRDA:184,8,3,0
BRDA:184,8,4,0
BRDA:52,9,0,0
BRDA:52,9,1,0
BRDA:66,10,0,0
BRDA:66,10,1,0
BRDA:66,11,0,0
BRDA:66,11,1,0
BRDA:66,11,2,0
BRF:31
BRH:0
end_of_record
TN:
SF:/root/flyve/src/containers/Devices/routes.js
FN:40,(anonymous_0)
FN:46,(anonymous_2)
FN:52,(anonymous_4)
FN:58,(anonymous_6)
FN:64,(anonymous_8)
FN:70,(anonymous_10)
FNF:6
FNH:0
FNDA:0,(anonymous_0)
FNDA:0,(anonymous_2)
FNDA:0,(anonymous_4)
FNDA:0,(anonymous_6)
FNDA:0,(anonymous_8)
FNDA:0,(anonymous_10)
DA:29,0
DA:30,0
DA:37,0
DA:40,0
DA:46,0
DA:52,0
DA:58,0
DA:64,0
DA:70,0
LF:9
LH:0
BRF:0
BRH:0
end_of_record
TN:
SF:/root/flyve/src/containers/Devices/components/DevicesContent.js
FN:55,(anonymous_0)
FN:81,(anonymous_1)
FN:89,(anonymous_2)
FN:64,(anonymous_3)
FN:97,(anonymous_4)
FN:103,(anonymous_5)
FN:108,(anonymous_6)
FN:113,(anonymous_7)
FNF:8
FNH:0
FNDA:0,(anonymous_0)
FNDA:0,(anonymous_1)
FNDA:0,(anonymous_2)
FNDA:0,(anonymous_3)
FNDA:0,(anonymous_4)
FNDA:0,(anonymous_5)
FNDA:0,(anonymous_6)
FNDA:0,(anonymous_7)
DA:30,0
DA:33,0
DA:34,0
DA:35,0
DA:36,0
DA:37,0
DA:38,0
DA:39,0
DA:40,0
DA:41,0
DA:55,0
DA:56,0
DA:58,0
DA:65,0
DA:66,0
DA:71,0
DA:82,0
DA:83,0
DA:84,0
DA:89,0
DA:90,0
DA:98,0
DA:103,0
DA:108,0
DA:113,0
DA:185,0
DA:190,0
LF:27
LH:0
BRDA:82,0,0,0
BRDA:82,0,1,0
BRDA:83,1,0,0
BRDA:83,1,1,0
BRDA:65,2,0,0
BRDA:65,2,1,0
BRF:6
BRH:0
end_of_record
TN:
SF:/root/flyve/src/containers/Devices/components/DevicesEdit.js
FN:44,(anonymous_0)
FN:64,(anonymous_1)
FNF:2
FNH:0
FNDA:0,(anonymous_0)
FNDA:0,(anonymous_1)
DA:30,0
DA:33,0
DA:34,0
DA:35,0
DA:36,0
DA:45,0
DA:46,0
DA:65,0
DA:84,0
DA:89,0
LF:10
LH:0
BRF:0
BRH:0
end_of_record
TN:
SF:/root/flyve/src/containers/Devices/components/DevicesEditOne.js
FN:51,(anonymous_0)
FN:72,(anonymous_1)
FN:77,(anonymous_2)
FN:98,(anonymous_3)
FN:127,(anonymous_4)
FN:148,(anonymous_5)
FN:161,(anonymous_6)
FN:171,(anonymous_7)
FN:60,(anonymous_8)
FN:182,(anonymous_9)
FNF:10
FNH:0
FNDA:0,(anonymous_0)
FNDA:0,(anonymous_1)
FNDA:0,(anonymous_2)
FNDA:0,(anonymous_3)
FNDA:0,(anonymous_4)
FNDA:0,(anonymous_5)
FNDA:0,(anonymous_6)
FNDA:0,(anonymous_7)
FNDA:0,(anonymous_8)
FNDA:0,(anonymous_9)
DA:30,0
DA:33,0
DA:34,0
DA:35,0
DA:36,0
DA:37,0
DA:38,0
DA:39,0
DA:40,0
DA:43,0
DA:51,0
DA:52,0
DA:54,0
DA:61,0
DA:62,0
DA:64,0
DA:73,0
DA:78,0
DA:99,0
DA:128,0
DA:129,0
DA:131,0
DA:138,0
DA:149,0
DA:152,0
DA:156,0
DA:162,0
DA:167,0
DA:168,0
DA:169,0
DA:172,0
DA:176,0
DA:184,0
DA:189,0
DA:190,0
DA:192,0
DA:198,0
DA:199,0
DA:216,0
DA:221,0
LF:40
LH:0
BRDA:128,0,0,0
BRDA:128,0,1,0
BRDA:61,1,0,0
BRDA:61,1,1,0
BRDA:189,2,0,0
BRDA:189,2,1,0
BRDA:192,3,0,0
BRDA:192,3,1,0
BRDA:198,4,0,0
BRDA:198,4,1,0
BRDA:198,5,0,0
BRDA:198,5,1,0
BRF:12
BRH:0
end_of_record
TN:
SF:/root/flyve/src/containers/Devices/components/DevicesItemList.js
FN:41,(anonymous_0)
FNF:1
FNH:0
FNDA:0,(anonymous_0)
DA:30,0
DA:33,0
DA:34,0
DA:42,0
DA:47,0
DA:48,0
DA:56,0
DA:61,0
DA:80,0
LF:9
LH:0
BRDA:43,0,0,0
BRDA:43,0,1,0
BRDA:47,1,0,0
BRDA:47,1,1,0
BRF:4
BRH:0
end_of_record
TN:
SF:/root/flyve/src/containers/Devices/components/DevicesList.js
FN:70,(anonymous_0)
FN:55,(anonymous_1)
FN:63,(anonymous_2)
FN:123,(anonymous_3)
FN:174,(anonymous_4)
FN:215,(anonymous_5)
FN:228,(anonymous_6)
FN:242,(anonymous_7)
FN:263,(anonymous_8)
FN:267,(anonymous_9)
FN:308,(anonymous_10)
FN:320,(anonymous_11)
FN:89,(anonymous_12)
FN:93,(anonymous_13)
FN:114,(anonymous_14)
FN:359,(anonymous_15)
FN:363,(anonymous_16)
FN:382,(anonymous_17)
FN:412,(anonymous_18)
FN:432,(anonymous_19)
FN:473,(anonymous_20)
FNF:21
FNH:0
FNDA:0,(anonymous_0)
FNDA:0,(anonymous_1)
FNDA:0,(anonymous_2)
FNDA:0,(anonymous_3)
FNDA:0,(anonymous_4)
FNDA:0,(anonymous_5)
FNDA:0,(anonymous_6)
FNDA:0,(anonymous_7)
FNDA:0,(anonymous_8)
FNDA:0,(anonymous_9)
FNDA:0,(anonymous_10)
FNDA:0,(anonymous_11)
FNDA:0,(anonymous_12)
FNDA:0,(anonymous_13)
FNDA:0,(anonymous_14)
FNDA:0,(anonymous_15)
FNDA:0,(anonymous_16)
FNDA:0,(anonymous_17)
FNDA:0,(anonymous_18)
FNDA:0,(anonymous_19)
FNDA:0,(anonymous_20)
DA:30,0
DA:33,0
DA:34,0
DA:35,0
DA:36,0
DA:37,0
DA:38,0
DA:39,0
DA:40,0
DA:41,0
DA:42,0
DA:43,0
DA:44,0
DA:56,0
DA:64,0
DA:70,0
DA:71,0
DA:72,0
DA:90,0
DA:94,0
DA:95,0
DA:96,0
DA:98,0
DA:99,0
DA:102,0
DA:103,0
DA:104,0
DA:107,0
DA:108,0
DA:109,0
DA:115,0
DA:124,0
DA:125,0
DA:128,0
DA:132,0
DA:133,0
DA:134,0
DA:135,0
DA:138,0
DA:139,0
DA:148,0
DA:149,0
DA:150,0
DA:153,0
DA:163,0
DA:175,0
DA:176,0
DA:186,0
DA:187,0
DA:196,0
DA:203,0
DA:204,0
DA:216,0
DA:217,0
DA:218,0
DA:219,0
DA:220,0
DA:229,0
DA:230,0
DA:231,0
DA:232,0
DA:233,0
DA:243,0
DA:244,0
DA:245,0
DA:247,0
DA:248,0
DA:250,0
DA:251,0
DA:252,0
DA:254,0
DA:255,0
DA:264,0
DA:265,0
DA:266,0
DA:267,0
DA:271,0
DA:275,0
DA:283,0
DA:288,0
DA:289,0
DA:290,0
DA:293,0
DA:294,0
DA:296,0
DA:297,0
DA:301,0
DA:305,0
DA:306,0
DA:308,0
DA:321,0
DA:322,0
DA:330,0
DA:332,0
DA:341,0
DA:348,0
DA:360,0
DA:365,0
DA:376,0
DA:382,0
DA:386,0
DA:407,0
DA:408,0
DA:409,0
DA:410,0
DA:412,0
DA:427,0
DA:430,0
DA:432,0
DA:473,0
DA:480,0
DA:485,0
LF:112
LH:0
BRDA:132,0,0,0
BRDA:132,0,1,0
BRDA:134,1,0,0
BRDA:134,1,1,0
BRDA:135,2,0,0
BRDA:135,2,1,0
BRDA:149,3,0,0
BRDA:149,3,1,0
BRDA:219,4,0,0
BRDA:219,4,1,0
BRDA:232,5,0,0
BRDA:232,5,1,0
BRDA:251,6,0,0
BRDA:251,6,1,0
BRDA:251,7,0,0
BRDA:251,7,1,0
BRDA:254,8,0,0
BRDA:254,8,1,0
BRDA:254,9,0,0
BRDA:254,9,1,0
BRDA:266,10,0,0
BRDA:266,10,1,0
BRDA:296,11,0,0
BRDA:296,11,1,0
BRDA:330,12,0,0
BRDA:330,12,1,0
BRDA:94,13,0,0
BRDA:94,13,1,0
BRDA:96,14,0,0
BRDA:96,14,1,0
BRDA:96,15,0,0
BRDA:96,15,1,0
BRDA:98,16,0,0
BRDA:98,16,1,0
BRDA:102,17,0,0
BRDA:102,17,1,0
BRDA:107,18,0,0
BRDA:107,18,1,0
BRDA:107,19,0,0
BRDA:107,19,1,0
BRDA:107,19,2,0
BRDA:108,20,0,0
BRDA:108,20,1,0
BRDA:387,21,0,0
BRDA:387,21,1,0
BRDA:407,22,0,0
BRDA:407,22,1,0
BRDA:409,23,0,0
BRDA:409,23,1,0
BRDA:409,24,0,0
BRDA:409,24,1,0
BRDA:421,25,0,0
BRDA:421,25,1,0
BRDA:422,26,0,0
BRDA:422,26,1,0
BRDA:457,27,0,0
BRDA:457,27,1,0
BRDA:458,28,0,0
BRDA:458,28,1,0
BRF:59
BRH:0
end_of_record
TN:
SF:/root/flyve/src/containers/Devices/components/Enroll.js
FN:46,(anonymous_0)
FN:59,(anonymous_1)
FN:64,(anonymous_2)
FN:75,(anonymous_3)
FN:89,(anonymous_4)
FN:103,(anonymous_5)
FN:109,(anonymous_6)
FN:151,(anonymous_7)
FNF:8
FNH:0
FNDA:0,(anonymous_0)
FNDA:0,(anonymous_1)
FNDA:0,(anonymous_2)
FNDA:0,(anonymous_3)
FNDA:0,(anonymous_4)
FNDA:0,(anonymous_5)
FNDA:0,(anonymous_6)
FNDA:0,(anonymous_7)
DA:30,0
DA:33,0
DA:34,0
DA:35,0
DA:36,0
DA:37,0
DA:38,0
DA:46,0
DA:47,0
DA:48,0
DA:60,0
DA:61,0
DA:62,0
DA:65,0
DA:73,0
DA:76,0
DA:77,0
DA:80,0
DA:87,0
DA:90,0
DA:104,0
DA:111,0
DA:112,0
DA:116,0
DA:151,0
DA:169,0
DA:173,0
LF:27
LH:0
BRDA:61,0,0,0
BRDA:61,0,1,0
BRDA:111,1,0,0
BRDA:111,1,1,0
BRF:4
BRH:0
end_of_record
TN:
SF:/root/flyve/src/containers/Devices/components/Map.js
FN:53,(anonymous_0)
FN:81,(anonymous_1)
FN:98,(anonymous_2)
FN:61,(anonymous_3)
FN:62,(anonymous_4)
FN:77,(anonymous_5)
FN:117,(anonymous_6)
FNF:7
FNH:0
FNDA:0,(anonymous_0)
FNDA:0,(anonymous_1)
FNDA:0,(anonymous_2)
FNDA:0,(anonymous_3)
FNDA:0,(anonymous_4)
FNDA:0,(anonymous_5)
FNDA:0,(anonymous_6)
DA:30,0
DA:33,0
DA:34,0
DA:38,0
DA:40,0
DA:53,0
DA:54,0
DA:55,0
DA:62,0
DA:63,0
DA:74,0
DA:77,0
DA:82,0
DA:83,0
DA:84,0
DA:85,0
DA:89,0
DA:99,0
DA:100,0
DA:101,0
DA:106,0
DA:107,0
DA:108,0
DA:118,0
DA:122,0
DA:130,0
LF:26
LH:0
BRDA:82,0,0,0
BRDA:82,0,1,0
BRDA:84,1,0,0
BRDA:84,1,1,0
BRDA:106,2,0,0
BRDA:106,2,1,0
BRF:6
BRH:0
end_of_record
TN:
SF:/root/flyve/src/containers/Devices/components/Sections/DangerZone.js
FN:46,(anonymous_0)
FN:79,(anonymous_1)
FN:111,(anonymous_2)
FN:143,(anonymous_3)
FN:55,(anonymous_4)
FN:61,(anonymous_5)
FN:167,(anonymous_6)
FN:170,(anonymous_7)
FNF:8
FNH:0
FNDA:0,(anonymous_0)
FNDA:0,(anonymous_1)
FNDA:0,(anonymous_2)
FNDA:0,(anonymous_3)
FNDA:0,(anonymous_4)
FNDA:0,(anonymous_5)
FNDA:0,(anonymous_6)
FNDA:0,(anonymous_7)
DA:30,0
DA:33,0
DA:34,0
DA:35,0
DA:36,0
DA:37,0
DA:38,0
DA:46,0
DA:47,0
DA:49,0
DA:56,0
DA:57,0
DA:62,0
DA:63,0
DA:69,0
DA:80,0
DA:81,0
DA:82,0
DA:83,0
DA:90,0
DA:95,0
DA:96,0
DA:98,0
DA:112,0
DA:113,0
DA:114,0
DA:115,0
DA:122,0
DA:127,0
DA:128,0
DA:130,0
DA:144,0
DA:145,0
DA:146,0
DA:147,0
DA:151,0
DA:156,0
DA:157,0
DA:159,0
DA:168,0
DA:170,0
DA:230,0
DA:237,0
LF:43
LH:0
BRDA:81,0,0,0
BRDA:81,0,1,0
BRDA:92,1,0,0
BRDA:92,1,1,0
BRDA:113,2,0,0
BRDA:113,2,1,0
BRDA:124,3,0,0
BRDA:124,3,1,0
BRDA:145,4,0,0
BRDA:145,4,1,0
BRDA:153,5,0,0
BRDA:153,5,1,0
BRDA:56,6,0,0
BRDA:56,6,1,0
BRDA:56,7,0,0
BRDA:56,7,1,0
BRDA:62,8,0,0
BRDA:62,8,1,0
BRDA:62,9,0,0
BRDA:62,9,1,0
BRF:20
BRH:0
end_of_record
TN:
SF:/root/flyve/src/containers/Devices/components/Sections/DependentInventory.js
FN:40,(anonymous_0)
FN:46,(anonymous_1)
FN:46,(anonymous_2)
FN:60,(anonymous_3)
FN:68,(anonymous_4)
FN:70,(anonymous_5)
FNF:6
FNH:0
FNDA:0,(anonymous_0)
FNDA:0,(anonymous_1)
FNDA:0,(anonymous_2)
FNDA:0,(anonymous_3)
FNDA:0,(anonymous_4)
FNDA:0,(anonymous_5)
DA:30,0
DA:33,0
DA:34,0
DA:40,0
DA:46,0
DA:47,0
DA:61,0
DA:62,0
DA:68,0
DA:70,0
DA:75,0
DA:80,0
DA:85,0
LF:13
LH:0
BRDA:61,0,0,0
BRDA:61,0,1,0
BRF:2
BRH:0
end_of_record
TN:
SF:/root/flyve/src/containers/Devices/components/Sections/EditNumbers.js
FN:44,(anonymous_0)
FN:54,(anonymous_1)
FN:57,(anonymous_2)
FN:62,(anonymous_3)
FN:63,(anonymous_4)
FN:74,(anonymous_5)
FN:77,(anonymous_6)
FN:88,(anonymous_7)
FN:92,(anonymous_8)
FN:101,(anonymous_9)
FN:137,(anonymous_10)
FNF:11
FNH:0
FNDA:0,(anonymous_0)
FNDA:0,(anonymous_1)
FNDA:0,(anonymous_2)
FNDA:0,(anonymous_3)
FNDA:0,(anonymous_4)
FNDA:0,(anonymous_5)
FNDA:0,(anonymous_6)
FNDA:0,(anonymous_7)
FNDA:0,(anonymous_8)
FNDA:0,(anonymous_9)
FNDA:0,(anonymous_10)
DA:30,0
DA:33,0
DA:34,0
DA:35,0
DA:36,0
DA:44,0
DA:45,0
DA:47,0
DA:51,0
DA:55,0
DA:57,0
DA:63,0
DA:75,0
DA:76,0
DA:77,0
DA:78,0
DA:79,0
DA:81,0
DA:89,0
DA:93,0
DA:94,0
DA:102,0
DA:137,0
DA:156,0
LF:24
LH:0
BRDA:76,0,0,0
BRDA:76,0,1,0
BRDA:117,1,0,0
BRDA:117,1,1,0
BRF:4
BRH:0
end_of_record
TN:
SF:/root/flyve/src/containers/Devices/components/Sections/Geolocation.js
FN:47,(anonymous_0)
FN:95,(anonymous_1)
FN:101,(anonymous_2)
FN:114,(anonymous_3)
FN:116,(anonymous_4)
FN:117,(anonymous_5)
FN:133,(anonymous_6)
FN:174,(anonymous_7)
FN:216,(anonymous_8)
FN:217,(anonymous_9)
FN:219,(anonymous_10)
FN:232,(anonymous_11)
FN:64,(anonymous_12)
FN:68,(anonymous_13)
FN:74,(anonymous_14)
FN:236,(anonymous_15)
FNF:16
FNH:0
FNDA:0,(anonymous_0)
FNDA:0,(anonymous_1)
FNDA:0,(anonymous_2)
FNDA:0,(anonymous_3)
FNDA:0,(anonymous_4)
FNDA:0,(anonymous_5)
FNDA:0,(anonymous_6)
FNDA:0,(anonymous_7)
FNDA:0,(anonymous_8)
FNDA:0,(anonymous_9)
FNDA:0,(anonymous_10)
FNDA:0,(anonymous_11)
FNDA:0,(anonymous_12)
FNDA:0,(anonymous_13)
FNDA:0,(anonymous_14)
FNDA:0,(anonymous_15)
DA:30,0
DA:33,0
DA:34,0
DA:35,0
DA:36,0
DA:37,0
DA:38,0
DA:39,0
DA:40,0
DA:47,0
DA:48,0
DA:50,0
DA:61,0
DA:65,0
DA:69,0
DA:70,0
DA:75,0
DA:76,0
DA:84,0
DA:96,0
DA:97,0
DA:101,0
DA:102,0
DA:115,0
DA:116,0
DA:117,0
DA:118,0
DA:119,0
DA:121,0
DA:123,0
DA:134,0
DA:135,0
DA:139,0
DA:147,0
DA:153,0
DA:155,0
DA:159,0
DA:175,0
DA:176,0
DA:179,0
DA:184,0
DA:190,0
DA:192,0
DA:199,0
DA:206,0
DA:217,0
DA:220,0
DA:222,0
DA:232,0
DA:237,0
DA:291,0
LF:51
LH:0
BRDA:96,0,0,0
BRDA:96,0,1,0
BRDA:96,1,0,0
BRDA:96,1,1,0
BRDA:118,2,0,0
BRDA:118,2,1,0
BRDA:175,3,0,0
BRDA:175,3,1,0
BRDA:220,4,0,0
BRDA:220,4,1,0
BRDA:69,5,0,0
BRDA:69,5,1,0
BRDA:69,6,0,0
BRDA:69,6,1,0
BRDA:75,7,0,0
BRDA:75,7,1,0
BRDA:75,8,0,0
BRDA:75,8,1,0
BRDA:238,9,0,0
BRDA:238,9,1,0
BRDA:254,10,0,0
BRDA:254,10,1,0
BRDA:269,11,0,0
BRDA:269,11,1,0
BRDA:276,12,0,0
BRDA:276,12,1,0
BRF:26
BRH:0
end_of_record
TN:
SF:/root/flyve/src/containers/Devices/components/Sections/GeolocationList.js
FN:41,(anonymous_0)
FN:44,(anonymous_1)
FN:48,(anonymous_2)
FN:61,(anonymous_3)
FNF:4
FNH:0
FNDA:0,(anonymous_0)
FNDA:0,(anonymous_1)
FNDA:0,(anonymous_2)
FNDA:0,(anonymous_3)
DA:30,0
DA:33,0
DA:34,0
DA:43,0
DA:44,0
DA:45,0
DA:48,0
DA:61,0
DA:69,0
DA:75,0
DA:79,0
DA:84,0
LF:12
LH:0
BRDA:43,0,0,0
BRDA:43,0,1,0
BRF:2
BRH:0
end_of_record
TN:
SF:/root/flyve/src/containers/Devices/components/Sections/GeolocationRange.js
FN:45,(anonymous_0)
FN:60,(anonymous_1)
FN:66,(anonymous_2)
FN:91,(anonymous_3)
FNF:4
FNH:0
FNDA:0,(anonymous_0)
FNDA:0,(anonymous_1)
FNDA:0,(anonymous_2)
FNDA:0,(anonymous_3)
DA:30,0
DA:33,0
DA:34,0
DA:35,0
DA:45,0
DA:46,0
DA:48,0
DA:61,0
DA:67,0
DA:91,0
DA:104,0
DA:110,0
LF:12
LH:0
BRF:0
BRH:0
end_of_record
TN:
SF:/root/flyve/src/containers/Devices/components/Sections/Inventory.js
FN:44,(anonymous_0)
FN:60,(anonymous_1)
FN:63,(anonymous_2)
FN:93,(anonymous_3)
FN:94,(anonymous_4)
FN:103,(anonymous_5)
FN:114,(anonymous_6)
FN:234,(anonymous_7)
FN:234,(anonymous_8)
FN:253,(anonymous_9)
FN:254,(anonymous_10)
FN:52,(anonymous_11)
FN:271,(anonymous_12)
FN:285,(anonymous_13)
FN:299,(anonymous_14)
FN:324,(anonymous_15)
FNF:16
FNH:0
FNDA:0,(anonymous_0)
FNDA:0,(anonymous_1)
FNDA:0,(anonymous_2)
FNDA:0,(anonymous_3)
FNDA:0,(anonymous_4)
FNDA:0,(anonymous_5)
FNDA:0,(anonymous_6)
FNDA:0,(anonymous_7)
FNDA:0,(anonymous_8)
FNDA:0,(anonymous_9)
FNDA:0,(anonymous_10)
FNDA:0,(anonymous_11)
FNDA:0,(anonymous_12)
FNDA:0,(anonymous_13)
FNDA:0,(anonymous_14)
FNDA:0,(anonymous_15)
DA:30,0
DA:33,0
DA:34,0
DA:35,0
DA:36,0
DA:44,0
DA:45,0
DA:46,0
DA:53,0
DA:61,0
DA:64,0
DA:65,0
DA:67,0
DA:68,0
DA:70,0
DA:71,0
DA:80,0
DA:81,0
DA:91,0
DA:93,0
DA:94,0
DA:97,0
DA:98,0
DA:102,0
DA:103,0
DA:108,0
DA:114,0
DA:119,0
DA:120,0
DA:125,0
DA:130,0
DA:135,0
DA:140,0
DA:145,0
DA:155,0
DA:156,0
DA:160,0
DA:165,0
DA:166,0
DA:170,0
DA:175,0
DA:176,0
DA:193,0
DA:198,0
DA:203,0
DA:204,0
DA:210,0
DA:211,0
DA:213,0
DA:221,0
DA:234,0
DA:235,0
DA:254,0
DA:255,0
DA:268,0
DA:272,0
DA:273,0
DA:278,0
DA:279,0
DA:286,0
DA:287,0
DA:300,0
DA:306,0
DA:317,0
DA:322,0
DA:329,0
LF:66
LH:0
BRDA:67,0,0,0
BRDA:67,0,1,0
BRDA:80,1,0,0
BRDA:80,1,1,0
BRDA:97,2,0,0
BRDA:97,2,1,0
BRDA:102,3,0,0
BRDA:102,3,1,0
BRDA:119,4,0,0
BRDA:119,4,1,0
BRDA:119,5,0,0
BRDA:119,5,1,0
BRDA:155,6,0,0
BRDA:155,6,1,0
BRDA:161,7,0,0
BRDA:161,7,1,0
BRDA:165,8,0,0
BRDA:165,8,1,0
BRDA:171,9,0,0
BRDA:171,9,1,0
BRDA:175,10,0,0
BRDA:175,10,1,0
BRDA:194,11,0,0
BRDA:194,11,1,0
BRDA:203,12,0,0
BRDA:203,12,1,0
BRDA:210,13,0,0
BRDA:210,13,1,0
BRDA:272,14,0,0
BRDA:272,14,1,0
BRDA:278,15,0,0
BRDA:278,15,1,0
BRDA:286,16,0,0
BRDA:286,16,1,0
BRDA:290,17,0,0
BRDA:290,17,1,0
BRDA:310,18,0,0
BRDA:310,18,1,0
BRF:38
BRH:0
end_of_record
TN:
SF:/root/flyve/src/containers/Devices/components/Sections/Main.js
FN:49,(anonymous_0)
FN:93,(anonymous_1)
FN:109,(anonymous_2)
FN:118,(anonymous_3)
FN:145,(anonymous_4)
FN:156,(anonymous_5)
FN:166,(anonymous_6)
FN:179,(anonymous_7)
FN:188,(anonymous_8)
FN:191,(anonymous_9)
FN:211,(anonymous_10)
FN:227,(anonymous_11)
FN:234,(anonymous_12)
FN:272,(anonymous_13)
FN:289,(anonymous_14)
FN:292,(anonymous_15)
FN:321,(anonymous_16)
FN:62,(anonymous_17)
FN:66,(anonymous_18)
FN:74,(anonymous_19)
FN:329,(anonymous_20)
FN:358,(anonymous_21)
FN:441,(anonymous_22)
FN:463,(anonymous_23)
FN:476,(anonymous_24)
FNF:25
FNH:0
FNDA:0,(anonymous_0)
FNDA:0,(anonymous_1)
FNDA:0,(anonymous_2)
FNDA:0,(anonymous_3)
FNDA:0,(anonymous_4)
FNDA:0,(anonymous_5)
FNDA:0,(anonymous_6)
FNDA:0,(anonymous_7)
FNDA:0,(anonymous_8)
FNDA:0,(anonymous_9)
FNDA:0,(anonymous_10)
FNDA:0,(anonymous_11)
FNDA:0,(anonymous_12)
FNDA:0,(anonymous_13)
FNDA:0,(anonymous_14)
FNDA:0,(anonymous_15)
FNDA:0,(anonymous_16)
FNDA:0,(anonymous_17)
FNDA:0,(anonymous_18)
FNDA:0,(anonymous_19)
FNDA:0,(anonymous_20)
FNDA:0,(anonymous_21)
FNDA:0,(anonymous_22)
FNDA:0,(anonymous_23)
FNDA:0,(anonymous_24)
DA:30,0
DA:33,0
DA:34,0
DA:35,0
DA:36,0
DA:37,0
DA:38,0
DA:39,0
DA:40,0
DA:41,0
DA:49,0
DA:50,0
DA:52,0
DA:63,0
DA:67,0
DA:68,0
DA:69,0
DA:70,0
DA:75,0
DA:76,0
DA:83,0
DA:94,0
DA:95,0
DA:96,0
DA:97,0
DA:102,0
DA:104,0
DA:108,0
DA:109,0
DA:114,0
DA:118,0
DA:124,0
DA:131,0
DA:135,0
DA:146,0
DA:147,0
DA:148,0
DA:152,0
DA:157,0
DA:162,0
DA:163,0
DA:164,0
DA:167,0
DA:180,0
DA:181,0
DA:189,0
DA:192,0
DA:193,0
DA:204,0
DA:209,0
DA:212,0
DA:215,0
DA:220,0
DA:228,0
DA:234,0
DA:235,0
DA:236,0
DA:241,0
DA:246,0
DA:255,0
DA:256,0
DA:266,0
DA:269,0
DA:272,0
DA:279,0
DA:289,0
DA:292,0
DA:293,0
DA:294,0
DA:298,0
DA:299,0
DA:304,0
DA:309,0
DA:315,0
DA:318,0
DA:321,0
DA:331,0
DA:332,0
DA:336,0
DA:339,0
DA:340,0
DA:348,0
DA:352,0
DA:353,0
DA:358,0
DA:363,0
DA:442,0
DA:464,0
DA:476,0
DA:482,0
DA:486,0
LF:91
LH:0
BRDA:94,0,0,0
BRDA:94,0,1,0
BRDA:108,1,0,0
BRDA:108,1,1,0
BRDA:147,2,0,0
BRDA:147,2,1,0
BRDA:206,3,0,0
BRDA:206,3,1,0
BRDA:235,4,0,0
BRDA:235,4,1,0
BRDA:255,5,0,0
BRDA:255,5,1,0
BRDA:266,6,0,0
BRDA:266,6,1,0
BRDA:270,7,0,0
BRDA:270,7,1,0
BRDA:293,8,0,0
BRDA:293,8,1,0
BRDA:298,9,0,0
BRDA:298,9,1,0
BRDA:315,10,0,0
BRDA:315,10,1,0
BRDA:319,11,0,0
BRDA:319,11,1,0
BRDA:67,12,0,0
BRDA:67,12,1,0
BRDA:67,13,0,0
BRDA:67,13,1,0
BRDA:69,14,0,0
BRDA:69,14,1,0
BRDA:75,15,0,0
BRDA:75,15,1,0
BRDA:75,16,0,0
BRDA:75,16,1,0
BRDA:331,17,0,0
BRDA:331,17,1,0
BRDA:331,18,0,0
BRDA:331,18,1,0
BRDA:331,18,2,0
BRDA:336,19,0,0
BRDA:336,19,1,0
BRDA:339,20,0,0
BRDA:339,20,1,0
BRDA:352,21,0,0
BRDA:352,21,1,0
BRDA:375,22,0,0
BRDA:375,22,1,0
BRDA:397,23,0,0
BRDA:397,23,1,0
BRDA:453,24,0,0
BRDA:453,24,1,0
BRF:51
BRH:0
end_of_record
TN:
SF:/root/flyve/src/containers/Devices/components/Sections/SystemReport.js
FN:45,(anonymous_0)
FN:83,(anonymous_1)
FN:100,(anonymous_2)
FN:103,(anonymous_3)
FN:60,(anonymous_4)
FN:66,(anonymous_5)
FN:135,(anonymous_6)
FN:169,(anonymous_7)
FN:175,(anonymous_8)
FN:217,(anonymous_9)
FN:225,(anonymous_10)
FNF:11
FNH:0
FNDA:0,(anonymous_0)
FNDA:0,(anonymous_1)
FNDA:0,(anonymous_2)
FNDA:0,(anonymous_3)
FNDA:0,(anonymous_4)
FNDA:0,(anonymous_5)
FNDA:0,(anonymous_6)
FNDA:0,(anonymous_7)
FNDA:0,(anonymous_8)
FNDA:0,(anonymous_9)
FNDA:0,(anonymous_10)
DA:30,0
DA:33,0
DA:34,0
DA:35,0
DA:36,0
DA:37,0
DA:45,0
DA:46,0
DA:47,0
DA:61,0
DA:62,0
DA:67,0
DA:68,0
DA:74,0
DA:84,0
DA:93,0
DA:101,0
DA:104,0
DA:105,0
DA:116,0
DA:121,0
DA:123,0
DA:128,0
DA:135,0
DA:137,0
DA:141,0
DA:170,0
DA:175,0
DA:218,0
DA:225,0
DA:312,0
LF:31
LH:0
BRDA:61,0,0,0
BRDA:61,0,1,0
BRDA:61,1,0,0
BRDA:61,1,1,0
BRDA:67,2,0,0
BRDA:67,2,1,0
BRDA:67,3,0,0
BRDA:67,3,1,0
BRDA:138,4,0,0
BRDA:138,4,1,0
BRDA:137,5,0,0
BRDA:137,5,1,0
BRDA:152,6,0,0
BRDA:152,6,1,0
BRDA:179,7,0,0
BRDA:179,7,1,0
BRDA:191,8,0,0
BRDA:191,8,1,0
BRDA:240,9,0,0
BRDA:240,9,1,0
BRDA:252,10,0,0
BRDA:252,10,1,0
BRDA:252,11,0,0
BRDA:252,11,1,0
BRDA:261,12,0,0
BRDA:261,12,1,0
BRDA:277,13,0,0
BRDA:277,13,1,0
BRDA:292,14,0,0
BRDA:292,14,1,0
BRF:30
BRH:0
end_of_record
TN:
SF:/root/flyve/src/containers/Devices/components/Sections/index.js
FNF:0
FNH:0
DA:30,0
DA:31,0
DA:32,0
DA:33,0
DA:34,0
LF:5
LH:0
BRF:0
BRH:0
end_of_record
TN:
SF:/root/flyve/src/containers/Devices/components/Sections/Applications/ApplicationDetail.js
FN:51,(anonymous_0)
FN:59,(anonymous_1)
FN:81,(anonymous_2)
FN:122,(anonymous_3)
FNF:4
FNH:0
FNDA:0,(anonymous_0)
FNDA:0,(anonymous_1)
FNDA:0,(anonymous_2)
FNDA:0,(anonymous_3)
DA:30,0
DA:33,0
DA:34,0
DA:35,0
DA:36,0
DA:37,0
DA:38,0
DA:39,0
DA:40,0
DA:51,0
DA:52,0
DA:53,0
DA:60,0
DA:61,0
DA:65,0
DA:70,0
DA:75,0
DA:82,0
DA:123,0
DA:139,0
LF:20
LH:0
BRDA:84,0,0,0
BRDA:84,0,1,0
BRDA:88,1,0,0
BRDA:88,1,1,0
BRF:4
BRH:0
end_of_record
TN:
SF:/root/flyve/src/containers/Devices/components/Sections/Applications/index.js
FN:80,(anonymous_0)
FN:52,(anonymous_1)
FN:62,(anonymous_2)
FN:124,(anonymous_3)
FN:131,(anonymous_4)
FN:192,(anonymous_5)
FN:95,(anonymous_6)
FN:99,(anonymous_7)
FN:105,(anonymous_8)
FN:196,(anonymous_9)
FN:239,(anonymous_10)
FNF:11
FNH:0
FNDA:0,(anonymous_0)
FNDA:0,(anonymous_1)
FNDA:0,(anonymous_2)
FNDA:0,(anonymous_3)
FNDA:0,(anonymous_4)
FNDA:0,(anonymous_5)
FNDA:0,(anonymous_6)
FNDA:0,(anonymous_7)
FNDA:0,(anonymous_8)
FNDA:0,(anonymous_9)
FNDA:0,(anonymous_10)
DA:30,0
DA:33,0
DA:34,0
DA:35,0
DA:36,0
DA:37,0
DA:38,0
DA:39,0
DA:40,0
DA:41,0
DA:53,0
DA:60,0
DA:62,0
DA:80,0
DA:81,0
DA:83,0
DA:96,0
DA:100,0
DA:101,0
DA:106,0
DA:107,0
DA:114,0
DA:127,0
DA:128,0
DA:129,0
DA:132,0
DA:133,0
DA:136,0
DA:142,0
DA:157,0
DA:173,0
DA:178,0
DA:192,0
DA:199,0
DA:200,0
DA:209,0
DA:210,0
DA:215,0
DA:216,0
DA:223,0
DA:235,0
DA:239,0
DA:251,0
DA:256,0
DA:260,0
LF:45
LH:0
BRDA:132,0,0,0
BRDA:132,0,1,0
BRDA:100,1,0,0
BRDA:100,1,1,0
BRDA:100,2,0,0
BRDA:100,2,1,0
BRDA:106,3,0,0
BRDA:106,3,1,0
BRDA:106,4,0,0
BRDA:106,4,1,0
BRDA:199,5,0,0
BRDA:199,5,1,0
BRDA:209,6,0,0
BRDA:209,6,1,0
BRDA:215,7,0,0
BRDA:215,7,1,0
BRF:16
BRH:0
end_of_record
TN:
SF:/root/flyve/src/containers/Files/index.js
FN:48,(anonymous_0)
FN:74,(anonymous_1)
FN:99,(anonymous_2)
FN:117,(anonymous_3)
FN:125,(anonymous_4)
FN:133,(anonymous_5)
FN:142,(anonymous_6)
FN:168,(anonymous_7)
FN:66,(anonymous_8)
FN:191,(anonymous_9)
FNF:10
FNH:0
FNDA:0,(anonymous_0)
FNDA:0,(anonymous_1)
FNDA:0,(anonymous_2)
FNDA:0,(anonymous_3)
FNDA:0,(anonymous_4)
FNDA:0,(anonymous_5)
FNDA:0,(anonymous_6)
FNDA:0,(anonymous_7)
FNDA:0,(anonymous_8)
FNDA:0,(anonymous_9)
DA:30,0
DA:33,0
DA:34,0
DA:35,0
DA:36,0
DA:37,0
DA:38,0
DA:39,0
DA:40,0
DA:48,0
DA:49,0
DA:50,0
DA:59,0
DA:67,0
DA:75,0
DA:77,0
DA:78,0
DA:82,0
DA:87,0
DA:88,0
DA:99,0
DA:117,0
DA:125,0
DA:133,0
DA:143,0
DA:147,0
DA:148,0
DA:152,0
DA:154,0
DA:157,0
DA:160,0
DA:169,0
DA:170,0
DA:175,0
DA:176,0
DA:180,0
DA:182,0
DA:185,0
DA:188,0
DA:193,0
DA:211,0
DA:221,0
LF:42
LH:0
BRDA:77,0,0,0
BRDA:77,0,1,0
BRDA:87,1,0,0
BRDA:87,1,1,0
BRDA:147,2,0,0
BRDA:147,2,1,0
BRDA:148,3,0,0
BRDA:148,3,1,0
BRDA:148,4,0,0
BRDA:148,4,1,0
BRDA:148,4,2,0
BRDA:148,4,3,0
BRDA:148,4,4,0
BRDA:169,5,0,0
BRDA:169,5,1,0
BRDA:175,6,0,0
BRDA:175,6,1,0
BRDA:176,7,0,0
BRDA:176,7,1,0
BRDA:176,8,0,0
BRDA:176,8,1,0
BRDA:176,8,2,0
BRDA:176,8,3,0
BRDA:176,8,4,0
BRDA:53,9,0,0
BRDA:53,9,1,0
BRF:26
BRH:0
end_of_record
TN:
SF:/root/flyve/src/containers/Files/routes.js
FN:41,(anonymous_0)
FN:47,(anonymous_2)
FN:53,(anonymous_4)
FN:59,(anonymous_6)
FN:65,(anonymous_8)
FN:71,(anonymous_10)
FNF:6
FNH:0
FNDA:0,(anonymous_0)
FNDA:0,(anonymous_2)
FNDA:0,(anonymous_4)
FNDA:0,(anonymous_6)
FNDA:0,(anonymous_8)
FNDA:0,(anonymous_10)
DA:30,0
DA:31,0
DA:38,0
DA:41,0
DA:47,0
DA:53,0
DA:59,0
DA:65,0
DA:71,0
LF:9
LH:0
BRF:0
BRH:0
end_of_record
TN:
SF:/root/flyve/src/containers/Files/components/FilesAdd.js
FN:49,(anonymous_0)
FN:62,(anonymous_1)
FN:74,(anonymous_2)
FN:86,(anonymous_3)
FN:94,(anonymous_4)
FN:102,(anonymous_5)
FN:105,(anonymous_6)
FN:138,(anonymous_7)
FN:155,(anonymous_8)
FN:179,(anonymous_9)
FN:183,(anonymous_10)
FNF:11
FNH:0
FNDA:0,(anonymous_0)
FNDA:0,(anonymous_1)
FNDA:0,(anonymous_2)
FNDA:0,(anonymous_3)
FNDA:0,(anonymous_4)
FNDA:0,(anonymous_5)
FNDA:0,(anonymous_6)
FNDA:0,(anonymous_7)
FNDA:0,(anonymous_8)
FNDA:0,(anonymous_9)
FNDA:0,(anonymous_10)
DA:30,0
DA:33,0
DA:34,0
DA:35,0
DA:36,0
DA:40,0
DA:41,0
DA:49,0
DA:50,0
DA:51,0
DA:63,0
DA:75,0
DA:87,0
DA:95,0
DA:103,0
DA:105,0
DA:106,0
DA:107,0
DA:108,0
DA:109,0
DA:110,0
DA:113,0
DA:117,0
DA:120,0
DA:125,0
DA:127,0
DA:131,0
DA:140,0
DA:141,0
DA:143,0
DA:155,0
DA:180,0
DA:183,0
DA:198,0
DA:202,0
LF:35
LH:0
BRDA:140,0,0,0
BRDA:140,0,1,0
BRDA:177,1,0,0
BRDA:177,1,1,0
BRF:4
BRH:0
end_of_record
TN:
SF:/root/flyve/src/containers/Files/components/FilesContent.js
FN:47,(anonymous_0)
FN:65,(anonymous_1)
FN:75,(anonymous_2)
FN:79,(anonymous_3)
FN:118,(anonymous_4)
FN:164,(anonymous_5)
FNF:6
FNH:0
FNDA:0,(anonymous_0)
FNDA:0,(anonymous_1)
FNDA:0,(anonymous_2)
FNDA:0,(anonymous_3)
FNDA:0,(anonymous_4)
FNDA:0,(anonymous_5)
DA:30,0
DA:33,0
DA:34,0
DA:35,0
DA:36,0
DA:37,0
DA:38,0
DA:39,0
DA:47,0
DA:48,0
DA:50,0
DA:54,0
DA:55,0
DA:56,0
DA:66,0
DA:67,0
DA:76,0
DA:77,0
DA:78,0
DA:79,0
DA:83,0
DA:87,0
DA:95,0
DA:100,0
DA:101,0
DA:103,0
DA:108,0
DA:112,0
DA:119,0
DA:120,0
DA:129,0
DA:131,0
DA:164,0
DA:171,0
DA:176,0
LF:35
LH:0
BRDA:78,0,0,0
BRDA:78,0,1,0
BRDA:54,1,0,0
BRDA:54,1,1,0
BRDA:119,2,0,0
BRDA:119,2,1,0
BRDA:129,3,0,0
BRDA:129,3,1,0
BRF:8
BRH:0
end_of_record
TN:
SF:/root/flyve/src/containers/Files/components/FilesEdit.js
FN:46,(anonymous_0)
FN:59,(anonymous_1)
FN:64,(anonymous_2)
FN:87,(anonymous_3)
FN:126,(anonymous_4)
FN:133,(anonymous_5)
FNF:6
FNH:0
FNDA:0,(anonymous_0)
FNDA:0,(anonymous_1)
FNDA:0,(anonymous_2)
FNDA:0,(anonymous_3)
FNDA:0,(anonymous_4)
FNDA:0,(anonymous_5)
DA:30,0
DA:33,0
DA:34,0
DA:35,0
DA:36,0
DA:37,0
DA:38,0
DA:46,0
DA:47,0
DA:48,0
DA:60,0
DA:61,0
DA:64,0
DA:67,0
DA:68,0
DA:70,0
DA:74,0
DA:77,0
DA:88,0
DA:89,0
DA:90,0
DA:93,0
DA:98,0
DA:99,0
DA:105,0
DA:112,0
DA:113,0
DA:116,0
DA:120,0
DA:127,0
DA:128,0
DA:129,0
DA:133,0
DA:134,0
DA:141,0
DA:160,0
DA:164,0
DA:169,0
LF:38
LH:0
BRDA:67,0,0,0
BRDA:67,0,1,0
BRDA:89,1,0,0
BRDA:89,1,1,0
BRDA:98,2,0,0
BRDA:98,2,1,0
BRDA:127,3,0,0
BRDA:127,3,1,0
BRDA:128,4,0,0
BRDA:128,4,1,0
BRF:10
BRH:0
end_of_record
TN:
SF:/root/flyve/src/containers/Files/components/FilesEditItemList.js
FN:42,(anonymous_0)
FN:61,(anonymous_1)
FN:72,(anonymous_2)
FN:50,(anonymous_3)
FN:78,(anonymous_4)
FNF:5
FNH:0
FNDA:0,(anonymous_0)
FNDA:0,(anonymous_1)
FNDA:0,(anonymous_2)
FNDA:0,(anonymous_3)
FNDA:0,(anonymous_4)
DA:30,0
DA:33,0
DA:34,0
DA:42,0
DA:43,0
DA:45,0
DA:51,0
DA:62,0
DA:73,0
DA:74,0
DA:79,0
DA:102,0
LF:12
LH:0
BRDA:73,0,0,0
BRDA:73,0,1,0
BRF:2
BRH:0
end_of_record
TN:
SF:/root/flyve/src/containers/Files/components/FilesItemList.js
FN:40,(anonymous_0)
FNF:1
FNH:0
FNDA:0,(anonymous_0)
DA:30,0
DA:33,0
DA:41,0
DA:52,0
LF:4
LH:0
BRF:0
BRH:0
end_of_record
TN:
SF:/root/flyve/src/containers/Files/components/FilesList.js
FN:59,(anonymous_0)
FN:51,(anonymous_1)
FN:112,(anonymous_2)
FN:153,(anonymous_3)
FN:162,(anonymous_4)
FN:175,(anonymous_5)
FN:189,(anonymous_6)
FN:211,(anonymous_7)
FN:214,(anonymous_8)
FN:220,(anonymous_9)
FN:264,(anonymous_10)
FN:306,(anonymous_11)
FN:78,(anonymous_12)
FN:82,(anonymous_13)
FN:103,(anonymous_14)
FN:353,(anonymous_15)
FN:402,(anonymous_16)
FN:426,(anonymous_17)
FN:468,(anonymous_18)
FNF:19
FNH:0
FNDA:0,(anonymous_0)
FNDA:0,(anonymous_1)
FNDA:0,(anonymous_2)
FNDA:0,(anonymous_3)
FNDA:0,(anonymous_4)
FNDA:0,(anonymous_5)
FNDA:0,(anonymous_6)
FNDA:0,(anonymous_7)
FNDA:0,(anonymous_8)
FNDA:0,(anonymous_9)
FNDA:0,(anonymous_10)
FNDA:0,(anonymous_11)
FNDA:0,(anonymous_12)
FNDA:0,(anonymous_13)
FNDA:0,(anonymous_14)
FNDA:0,(anonymous_15)
FNDA:0,(anonymous_16)
FNDA:0,(anonymous_17)
FNDA:0,(anonymous_18)
DA:30,0
DA:33,0
DA:34,0
DA:35,0
DA:36,0
DA:37,0
DA:38,0
DA:39,0
DA:40,0
DA:41,0
DA:42,0
DA:43,0
DA:52,0
DA:59,0
DA:60,0
DA:61,0
DA:79,0
DA:83,0
DA:84,0
DA:85,0
DA:87,0
DA:88,0
DA:91,0
DA:92,0
DA:93,0
DA:96,0
DA:97,0
DA:98,0
DA:104,0
DA:113,0
DA:114,0
DA:115,0
DA:124,0
DA:125,0
DA:134,0
DA:141,0
DA:142,0
DA:154,0
DA:155,0
DA:163,0
DA:164,0
DA:165,0
DA:166,0
DA:167,0
DA:176,0
DA:177,0
DA:178,0
DA:179,0
DA:180,0
DA:190,0
DA:191,0
DA:192,0
DA:194,0
DA:195,0
DA:197,0
DA:198,0
DA:199,0
DA:201,0
DA:202,0
DA:212,0
DA:213,0
DA:214,0
DA:218,0
DA:221,0
DA:222,0
DA:230,0
DA:235,0
DA:236,0
DA:237,0
DA:239,0
DA:243,0
DA:244,0
DA:245,0
DA:251,0
DA:252,0
DA:253,0
DA:254,0
DA:265,0
DA:266,0
DA:274,0
DA:276,0
DA:285,0
DA:291,0
DA:293,0
DA:307,0
DA:308,0
DA:311,0
DA:315,0
DA:316,0
DA:317,0
DA:318,0
DA:321,0
DA:322,0
DA:331,0
DA:332,0
DA:333,0
DA:337,0
DA:347,0
DA:355,0
DA:366,0
DA:376,0
DA:397,0
DA:398,0
DA:399,0
DA:400,0
DA:402,0
DA:415,0
DA:424,0
DA:426,0
DA:468,0
DA:474,0
DA:479,0
LF:112
LH:0
BRDA:166,0,0,0
BRDA:166,0,1,0
BRDA:179,1,0,0
BRDA:179,1,1,0
BRDA:198,2,0,0
BRDA:198,2,1,0
BRDA:198,3,0,0
BRDA:198,3,1,0
BRDA:201,4,0,0
BRDA:201,4,1,0
BRDA:201,5,0,0
BRDA:201,5,1,0
BRDA:213,6,0,0
BRDA:213,6,1,0
BRDA:253,7,0,0
BRDA:253,7,1,0
BRDA:274,8,0,0
BRDA:274,8,1,0
BRDA:315,9,0,0
BRDA:315,9,1,0
BRDA:317,10,0,0
BRDA:317,10,1,0
BRDA:318,11,0,0
BRDA:318,11,1,0
BRDA:332,12,0,0
BRDA:332,12,1,0
BRDA:83,13,0,0
BRDA:83,13,1,0
BRDA:85,14,0,0
BRDA:85,14,1,0
BRDA:85,15,0,0
BRDA:85,15,1,0
BRDA:87,16,0,0
BRDA:87,16,1,0
BRDA:91,17,0,0
BRDA:91,17,1,0
BRDA:96,18,0,0
BRDA:96,18,1,0
BRDA:96,19,0,0
BRDA:96,19,1,0
BRDA:96,19,2,0
BRDA:97,20,0,0
BRDA:97,20,1,0
BRDA:377,21,0,0
BRDA:377,21,1,0
BRDA:397,22,0,0
BRDA:397,22,1,0
BRDA:399,23,0,0
BRDA:399,23,1,0
BRDA:399,24,0,0
BRDA:399,24,1,0
BRDA:409,25,0,0
BRDA:409,25,1,0
BRDA:410,26,0,0
BRDA:410,26,1,0
BRDA:450,27,0,0
BRDA:450,27,1,0
BRDA:451,28,0,0
BRDA:451,28,1,0
BRF:59
BRH:0
end_of_record
TN:
SF:/root/flyve/src/containers/Fleets/index.js
FN:49,(anonymous_0)
FN:75,(anonymous_1)
FN:101,(anonymous_2)
FN:121,(anonymous_3)
FN:130,(anonymous_4)
FN:139,(anonymous_5)
FN:148,(anonymous_6)
FN:175,(anonymous_7)
FN:67,(anonymous_8)
FN:203,(anonymous_9)
FNF:10
FNH:0
FNDA:0,(anonymous_0)
FNDA:0,(anonymous_1)
FNDA:0,(anonymous_2)
FNDA:0,(anonymous_3)
FNDA:0,(anonymous_4)
FNDA:0,(anonymous_5)
FNDA:0,(anonymous_6)
FNDA:0,(anonymous_7)
FNDA:0,(anonymous_8)
FNDA:0,(anonymous_9)
DA:30,0
DA:33,0
DA:34,0
DA:35,0
DA:36,0
DA:37,0
DA:38,0
DA:39,0
DA:40,0
DA:41,0
DA:49,0
DA:50,0
DA:51,0
DA:60,0
DA:68,0
DA:76,0
DA:78,0
DA:79,0
DA:83,0
DA:88,0
DA:89,0
DA:101,0
DA:121,0
DA:130,0
DA:139,0
DA:149,0
DA:153,0
DA:154,0
DA:159,0
DA:161,0
DA:164,0
DA:167,0
DA:176,0
DA:177,0
DA:182,0
DA:183,0
DA:188,0
DA:190,0
DA:193,0
DA:196,0
DA:205,0
DA:223,0
DA:231,0
LF:43
LH:0
BRDA:78,0,0,0
BRDA:78,0,1,0
BRDA:88,1,0,0
BRDA:88,1,1,0
BRDA:153,2,0,0
BRDA:153,2,1,0
BRDA:154,3,0,0
BRDA:154,3,1,0
BRDA:154,4,0,0
BRDA:154,4,1,0
BRDA:154,4,2,0
BRDA:154,4,3,0
BRDA:154,4,4,0
BRDA:176,5,0,0
BRDA:176,5,1,0
BRDA:182,6,0,0
BRDA:182,6,1,0
BRDA:183,7,0,0
BRDA:183,7,1,0
BRDA:183,8,0,0
BRDA:183,8,1,0
BRDA:183,8,2,0
BRDA:183,8,3,0
BRDA:183,8,4,0
BRDA:54,9,0,0
BRDA:54,9,1,0
BRF:26
BRH:0
end_of_record
TN:
SF:/root/flyve/src/containers/Fleets/routes.js
FN:42,(anonymous_0)
FN:48,(anonymous_2)
FN:54,(anonymous_4)
FN:60,(anonymous_6)
FN:66,(anonymous_8)
FN:72,(anonymous_10)
FNF:6
FNH:0
FNDA:0,(anonymous_0)
FNDA:0,(anonymous_2)
FNDA:0,(anonymous_4)
FNDA:0,(anonymous_6)
FNDA:0,(anonymous_8)
FNDA:0,(anonymous_10)
DA:30,0
DA:31,0
DA:38,0
DA:42,0
DA:48,0
DA:54,0
DA:60,0
DA:66,0
DA:72,0
LF:9
LH:0
BRF:0
BRH:0
end_of_record
TN:
SF:/root/flyve/src/containers/Fleets/components/DevicesAssociated.js
FN:88,(anonymous_0)
FN:71,(anonymous_1)
FN:74,(anonymous_2)
FN:105,(anonymous_3)
FN:144,(anonymous_4)
FN:161,(anonymous_5)
FNF:6
FNH:0
FNDA:0,(anonymous_0)
FNDA:0,(anonymous_1)
FNDA:0,(anonymous_2)
FNDA:0,(anonymous_3)
FNDA:0,(anonymous_4)
FNDA:0,(anonymous_5)
DA:30,0
DA:33,0
DA:34,0
DA:35,0
DA:36,0
DA:37,0
DA:38,0
DA:39,0
DA:40,0
DA:41,0
DA:42,0
DA:43,0
DA:72,0
DA:74,0
DA:88,0
DA:89,0
DA:90,0
DA:106,0
DA:109,0
DA:114,0
DA:127,0
DA:134,0
DA:145,0
DA:161,0
DA:179,0
LF:25
LH:0
BRDA:149,0,0,0
BRDA:149,0,1,0
BRDA:152,1,0,0
BRDA:152,1,1,0
BRDA:151,2,0,0
BRDA:151,2,1,0
BRF:6
BRH:0
end_of_record
TN:
SF:/root/flyve/src/containers/Fleets/components/FleetsContent.js
FN:50,(anonymous_0)
FN:80,(anonymous_1)
FN:139,(anonymous_2)
FN:167,(anonymous_3)
FN:191,(anonymous_4)
FN:296,(anonymous_5)
FN:311,(anonymous_6)
FN:368,(anonymous_7)
FN:388,(anonymous_8)
FN:400,(anonymous_9)
FN:410,(anonymous_10)
FN:431,(anonymous_11)
FN:436,(anonymous_12)
FN:439,(anonymous_13)
FN:454,(anonymous_14)
FN:476,(anonymous_15)
FN:495,(anonymous_16)
FN:513,(anonymous_17)
FN:526,(anonymous_18)
FN:546,(anonymous_19)
FN:575,(anonymous_20)
FN:579,(anonymous_21)
FN:595,(anonymous_22)
FN:599,(anonymous_23)
FN:619,(anonymous_24)
FN:623,(anonymous_25)
FN:636,(anonymous_26)
FN:687,(anonymous_27)
FN:700,(anonymous_28)
FN:704,(anonymous_29)
FN:731,(anonymous_30)
FN:752,(anonymous_31)
FN:779,(anonymous_32)
FN:831,(anonymous_33)
FN:851,(anonymous_34)
FN:855,(anonymous_35)
FN:866,(anonymous_36)
FN:872,(anonymous_37)
FN:876,(anonymous_38)
FN:901,(anonymous_39)
FN:903,(anonymous_40)
FN:918,(anonymous_41)
FN:920,(anonymous_42)
FN:976,(anonymous_43)
FN:1003,(anonymous_44)
FN:1007,(anonymous_45)
FN:1010,(anonymous_46)
FN:1060,(anonymous_47)
FN:1106,(anonymous_48)
FN:1107,(anonymous_49)
FN:1118,(anonymous_50)
FN:1127,(anonymous_51)
FN:95,(anonymous_52)
FN:117,(anonymous_53)
FN:1138,(anonymous_54)
FN:1241,(anonymous_55)
FN:1248,(anonymous_56)
FN:1283,(anonymous_57)
FNF:58
FNH:0
FNDA:0,(anonymous_0)
FNDA:0,(anonymous_1)
FNDA:0,(anonymous_2)
FNDA:0,(anonymous_3)
FNDA:0,(anonymous_4)
FNDA:0,(anonymous_5)
FNDA:0,(anonymous_6)
FNDA:0,(anonymous_7)
FNDA:0,(anonymous_8)
FNDA:0,(anonymous_9)
FNDA:0,(anonymous_10)
FNDA:0,(anonymous_11)
FNDA:0,(anonymous_12)
FNDA:0,(anonymous_13)
FNDA:0,(anonymous_14)
FNDA:0,(anonymous_15)
FNDA:0,(anonymous_16)
FNDA:0,(anonymous_17)
FNDA:0,(anonymous_18)
FNDA:0,(anonymous_19)
FNDA:0,(anonymous_20)
FNDA:0,(anonymous_21)
FNDA:0,(anonymous_22)
FNDA:0,(anonymous_23)
FNDA:0,(anonymous_24)
FNDA:0,(anonymous_25)
FNDA:0,(anonymous_26)
FNDA:0,(anonymous_27)
FNDA:0,(anonymous_28)
FNDA:0,(anonymous_29)
FNDA:0,(anonymous_30)
FNDA:0,(anonymous_31)
FNDA:0,(anonymous_32)
FNDA:0,(anonymous_33)
FNDA:0,(anonymous_34)
FNDA:0,(anonymous_35)
FNDA:0,(anonymous_36)
FNDA:0,(anonymous_37)
FNDA:0,(anonymous_38)
FNDA:0,(anonymous_39)
FNDA:0,(anonymous_40)
FNDA:0,(anonymous_41)
FNDA:0,(anonymous_42)
FNDA:0,(anonymous_43)
FNDA:0,(anonymous_44)
FNDA:0,(anonymous_45)
FNDA:0,(anonymous_46)
FNDA:0,(anonymous_47)
FNDA:0,(anonymous_48)
FNDA:0,(anonymous_49)
FNDA:0,(anonymous_50)
FNDA:0,(anonymous_51)
FNDA:0,(anonymous_52)
FNDA:0,(anonymous_53)
FNDA:0,(anonymous_54)
FNDA:0,(anonymous_55)
FNDA:0,(anonymous_56)
FNDA:0,(anonymous_57)
DA:30,0
DA:33,0
DA:34,0
DA:35,0
DA:36,0
DA:37,0
DA:38,0
DA:39,0
DA:40,0
DA:41,0
DA:42,0
DA:50,0
DA:51,0
DA:52,0
DA:54,0
DA:81,0
DA:83,0
DA:84,0
DA:86,0
DA:95,0
DA:99,0
DA:101,0
DA:102,0
DA:103,0
DA:105,0
DA:118,0
DA:119,0
DA:130,0
DA:140,0
DA:143,0
DA:145,0
DA:150,0
DA:153,0
DA:158,0
DA:168,0
DA:170,0
DA:172,0
DA:175,0
DA:178,0
DA:180,0
DA:182,0
DA:191,0
DA:196,0
DA:201,0
DA:206,0
DA:219,0
DA:226,0
DA:235,0
DA:236,0
DA:238,0
DA:242,0
DA:243,0
DA:265,0
DA:287,0
DA:291,0
DA:292,0
DA:295,0
DA:296,0
DA:297,0
DA:304,0
DA:305,0
DA:307,0
DA:308,0
DA:311,0
DA:318,0
DA:319,0
DA:320,0
DA:322,0
DA:325,0
DA:334,0
DA:341,0
DA:353,0
DA:361,0
DA:368,0
DA:389,0
DA:401,0
DA:403,0
DA:411,0
DA:432,0
DA:434,0
DA:436,0
DA:437,0
DA:438,0
DA:439,0
DA:441,0
DA:442,0
DA:443,0
DA:444,0
DA:446,0
DA:454,0
DA:459,0
DA:461,0
DA:462,0
DA:466,0
DA:467,0
DA:469,0
DA:476,0
DA:495,0
DA:500,0
DA:502,0
DA:503,0
DA:504,0
DA:507,0
DA:512,0
DA:513,0
DA:515,0
DA:517,0
DA:523,0
DA:525,0
DA:526,0
DA:546,0
DA:551,0
DA:554,0
DA:557,0
DA:558,0
DA:559,0
DA:561,0
DA:562,0
DA:564,0
DA:574,0
DA:575,0
DA:577,0
DA:578,0
DA:579,0
DA:580,0
DA:581,0
DA:585,0
DA:588,0
DA:594,0
DA:595,0
DA:597,0
DA:598,0
DA:599,0
DA:600,0
DA:601,0
DA:605,0
DA:607,0
DA:618,0
DA:619,0
DA:621,0
DA:622,0
DA:623,0
DA:624,0
DA:625,0
DA:629,0
DA:631,0
DA:632,0
DA:635,0
DA:636,0
DA:637,0
DA:641,0
DA:642,0
DA:643,0
DA:648,0
DA:653,0
DA:664,0
DA:687,0
DA:692,0
DA:696,0
DA:697,0
DA:700,0
DA:701,0
DA:704,0
DA:705,0
DA:707,0
DA:710,0
DA:717,0
DA:718,0
DA:720,0
DA:721,0
DA:724,0
DA:725,0
DA:726,0
DA:728,0
DA:731,0
DA:752,0
DA:756,0
DA:757,0
DA:759,0
DA:760,0
DA:761,0
DA:762,0
DA:764,0
DA:767,0
DA:770,0
DA:779,0
DA:783,0
DA:787,0
DA:789,0
DA:790,0
DA:793,0
DA:797,0
DA:803,0
DA:809,0
DA:811,0
DA:815,0
DA:819,0
DA:831,0
DA:837,0
DA:840,0
DA:842,0
DA:845,0
DA:848,0
DA:850,0
DA:851,0
DA:853,0
DA:854,0
DA:856,0
DA:857,0
DA:859,0
DA:863,0
DA:865,0
DA:866,0
DA:870,0
DA:872,0
DA:876,0
DA:877,0
DA:880,0
DA:881,0
DA:882,0
DA:883,0
DA:887,0
DA:888,0
DA:890,0
DA:899,0
DA:901,0
DA:902,0
DA:903,0
DA:904,0
DA:905,0
DA:908,0
DA:912,0
DA:917,0
DA:918,0
DA:919,0
DA:920,0
DA:921,0
DA:924,0
DA:927,0
DA:928,0
DA:929,0
DA:935,0
DA:936,0
DA:942,0
DA:943,0
DA:949,0
DA:950,0
DA:956,0
DA:961,0
DA:963,0
DA:967,0
DA:976,0
DA:980,0
DA:985,0
DA:987,0
DA:991,0
DA:992,0
DA:996,0
DA:1001,0
DA:1003,0
DA:1006,0
DA:1007,0
DA:1009,0
DA:1010,0
DA:1011,0
DA:1013,0
DA:1014,0
DA:1015,0
DA:1018,0
DA:1021,0
DA:1022,0
DA:1026,0
DA:1027,0
DA:1033,0
DA:1036,0
DA:1041,0
DA:1042,0
DA:1044,0
DA:1048,0
DA:1060,0
DA:1066,0
DA:1067,0
DA:1069,0
DA:1070,0
DA:1074,0
DA:1075,0
DA:1080,0
DA:1083,0
DA:1088,0
DA:1089,0
DA:1091,0
DA:1095,0
DA:1107,0
DA:1119,0
DA:1128,0
DA:1129,0
DA:1131,0
DA:1138,0
DA:1146,0
DA:1147,0
DA:1151,0
DA:1156,0
DA:1158,0
DA:1159,0
DA:1163,0
DA:1241,0
DA:1249,0
DA:1283,0
DA:1291,0
DA:1296,0
LF:310
LH:0
BRDA:83,0,0,0
BRDA:83,0,1,0
BRDA:143,1,0,0
BRDA:143,1,1,0
BRDA:146,2,0,0
BRDA:146,2,1,0
BRDA:146,2,2,0
BRDA:146,2,3,0
BRDA:146,2,4,0
BRDA:150,3,0,0
BRDA:150,3,1,0
BRDA:153,4,0,0
BRDA:153,4,1,0
BRDA:173,5,0,0
BRDA:173,5,1,0
BRDA:173,5,2,0
BRDA:173,5,3,0
BRDA:173,5,4,0
BRDA:173,5,5,0
BRDA:238,6,0,0
BRDA:238,6,1,0
BRDA:295,7,0,0
BRDA:295,7,1,0
BRDA:304,8,0,0
BRDA:304,8,1,0
BRDA:307,9,0,0
BRDA:307,9,1,0
BRDA:312,10,0,0
BRDA:312,10,1,0
BRDA:312,10,2,0
BRDA:312,10,3,0
BRDA:312,10,4,0
BRDA:318,11,0,0
BRDA:318,11,1,0
BRDA:319,12,0,0
BRDA:319,12,1,0
BRDA:371,13,0,0
BRDA:371,13,1,0
BRDA:373,14,0,0
BRDA:373,14,1,0
BRDA:374,15,0,0
BRDA:374,15,1,0
BRDA:375,16,0,0
BRDA:375,16,1,0
BRDA:376,17,0,0
BRDA:376,17,1,0
BRDA:461,18,0,0
BRDA:461,18,1,0
BRDA:462,19,0,0
BRDA:462,19,1,0
BRDA:462,20,0,0
BRDA:462,20,1,0
BRDA:462,20,2,0
BRDA:462,20,3,0
BRDA:471,21,0,0
BRDA:471,21,1,0
BRDA:502,22,0,0
BRDA:502,22,1,0
BRDA:508,23,0,0
BRDA:508,23,1,0
BRDA:508,23,2,0
BRDA:508,23,3,0
BRDA:508,23,4,0
BRDA:512,24,0,0
BRDA:512,24,1,0
BRDA:519,25,0,0
BRDA:519,25,1,0
BRDA:525,26,0,0
BRDA:525,26,1,0
BRDA:554,27,0,0
BRDA:554,27,1,0
BRDA:560,28,0,0
BRDA:560,28,1,0
BRDA:560,28,2,0
BRDA:560,28,3,0
BRDA:560,28,4,0
BRDA:560,28,5,0
BRDA:561,29,0,0
BRDA:561,29,1,0
BRDA:566,30,0,0
BRDA:566,30,1,0
BRDA:574,31,0,0
BRDA:574,31,1,0
BRDA:578,32,0,0
BRDA:578,32,1,0
BRDA:580,33,0,0
BRDA:580,33,1,0
BRDA:590,34,0,0
BRDA:590,34,1,0
BRDA:594,35,0,0
BRDA:594,35,1,0
BRDA:598,36,0,0
BRDA:598,36,1,0
BRDA:600,37,0,0
BRDA:600,37,1,0
BRDA:609,38,0,0
BRDA:609,38,1,0
BRDA:618,39,0,0
BRDA:618,39,1,0
BRDA:622,40,0,0
BRDA:622,40,1,0
BRDA:624,41,0,0
BRDA:624,41,1,0
BRDA:635,42,0,0
BRDA:635,42,1,0
BRDA:637,43,0,0
BRDA:637,43,1,0
BRDA:637,44,0,0
BRDA:637,44,1,0
BRDA:637,44,2,0
BRDA:637,44,3,0
BRDA:642,45,0,0
BRDA:642,45,1,0
BRDA:696,46,0,0
BRDA:696,46,1,0
BRDA:698,47,0,0
BRDA:698,47,1,0
BRDA:698,47,2,0
BRDA:698,47,3,0
BRDA:698,47,4,0
BRDA:712,48,0,0
BRDA:712,48,1,0
BRDA:717,49,0,0
BRDA:717,49,1,0
BRDA:720,50,0,0
BRDA:720,50,1,0
BRDA:725,51,0,0
BRDA:725,51,1,0
BRDA:759,52,0,0
BRDA:759,52,1,0
BRDA:760,53,0,0
BRDA:760,53,1,0
BRDA:761,54,0,0
BRDA:761,54,1,0
BRDA:850,55,0,0
BRDA:850,55,1,0
BRDA:853,56,0,0
BRDA:853,56,1,0
BRDA:856,57,0,0
BRDA:856,57,1,0
BRDA:872,58,0,0
BRDA:872,58,1,0
BRDA:872,58,2,0
BRDA:872,58,3,0
BRDA:877,59,0,0
BRDA:877,59,1,0
BRDA:881,60,0,0
BRDA:881,60,1,0
BRDA:887,61,0,0
BRDA:887,61,1,0
BRDA:888,62,0,0
BRDA:888,62,1,0
BRDA:902,63,0,0
BRDA:902,63,1,0
BRDA:904,64,0,0
BRDA:904,64,1,0
BRDA:905,65,0,0
BRDA:905,65,1,0
BRDA:908,66,0,0
BRDA:908,66,1,0
BRDA:912,67,0,0
BRDA:912,67,1,0
BRDA:919,68,0,0
BRDA:919,68,1,0
BRDA:928,69,0,0
BRDA:928,69,1,0
BRDA:935,70,0,0
BRDA:935,70,1,0
BRDA:942,71,0,0
BRDA:942,71,1,0
BRDA:949,72,0,0
BRDA:949,72,1,0
BRDA:1003,73,0,0
BRDA:1003,73,1,0
BRDA:1009,74,0,0
BRDA:1009,74,1,0
BRDA:1026,75,0,0
BRDA:1026,75,1,0
BRDA:1069,76,0,0
BRDA:1069,76,1,0
BRDA:1108,77,0,0
BRDA:1108,77,1,0
BRDA:101,78,0,0
BRDA:101,78,1,0
BRDA:102,79,0,0
BRDA:102,79,1,0
BRDA:118,80,0,0
BRDA:118,80,1,0
BRDA:123,81,0,0
BRDA:123,81,1,0
BRDA:124,82,0,0
BRDA:124,82,1,0
BRDA:1151,83,0,0
BRDA:1151,83,1,0
BRDA:1151,84,0,0
BRDA:1151,84,1,0
BRDA:1151,84,2,0
BRDA:1151,84,3,0
BRDA:1151,84,4,0
BRDA:1158,85,0,0
BRDA:1158,85,1,0
BRDA:1171,86,0,0
BRDA:1171,86,1,0
BRDA:1207,87,0,0
BRDA:1207,87,1,0
BRDA:1205,88,0,0
BRDA:1205,88,1,0
BRDA:1241,89,0,0
BRDA:1241,89,1,0
BRDA:1243,90,0,0
BRDA:1243,90,1,0
BRDA:1268,91,0,0
BRDA:1268,91,1,0
BRF:213
BRH:0
end_of_record
TN:
SF:/root/flyve/src/containers/Fleets/components/FleetsEdit.js
FN:44,(anonymous_0)
FN:68,(anonymous_1)
FNF:2
FNH:0
FNDA:0,(anonymous_0)
FNDA:0,(anonymous_1)
DA:30,0
DA:33,0
DA:34,0
DA:35,0
DA:36,0
DA:45,0
DA:46,0
DA:69,0
DA:87,0
DA:91,0
LF:10
LH:0
BRF:0
BRH:0
end_of_record
TN:
SF:/root/flyve/src/containers/Fleets/components/FleetsItemList.js
FN:37,(anonymous_0)
FNF:1
FNH:0
FNDA:0,(anonymous_0)
DA:30,0
DA:31,0
DA:37,0
DA:40,0
DA:47,0
LF:5
LH:0
BRF:0
BRH:0
end_of_record
TN:
SF:/root/flyve/src/containers/Fleets/components/FleetsList.js
FN:63,(anonymous_0)
FN:55,(anonymous_1)
FN:128,(anonymous_2)
FN:142,(anonymous_3)
FN:156,(anonymous_4)
FN:178,(anonymous_5)
FN:182,(anonymous_6)
FN:221,(anonymous_7)
FN:232,(anonymous_8)
FN:268,(anonymous_9)
FN:313,(anonymous_10)
FN:322,(anonymous_11)
FN:86,(anonymous_12)
FN:95,(anonymous_13)
FN:120,(anonymous_14)
FN:367,(anonymous_15)
FN:415,(anonymous_16)
FN:433,(anonymous_17)
FN:474,(anonymous_18)
FNF:19
FNH:0
FNDA:0,(anonymous_0)
FNDA:0,(anonymous_1)
FNDA:0,(anonymous_2)
FNDA:0,(anonymous_3)
FNDA:0,(anonymous_4)
FNDA:0,(anonymous_5)
FNDA:0,(anonymous_6)
FNDA:0,(anonymous_7)
FNDA:0,(anonymous_8)
FNDA:0,(anonymous_9)
FNDA:0,(anonymous_10)
FNDA:0,(anonymous_11)
FNDA:0,(anonymous_12)
FNDA:0,(anonymous_13)
FNDA:0,(anonymous_14)
FNDA:0,(anonymous_15)
FNDA:0,(anonymous_16)
FNDA:0,(anonymous_17)
FNDA:0,(anonymous_18)
DA:30,0
DA:33,0
DA:34,0
[...]
FN:347,(anonymous_9)
FN:348,(anonymous_10)
FN:357,(anonymous_11)
FN:358,(anonymous_12)
FN:373,(anonymous_13)
FN:378,(anonymous_14)
FN:378,(anonymous_15)
FN:93,(anonymous_16)
FN:393,(anonymous_17)
FNF:18
FNH:0
FNDA:0,(anonymous_0)
FNDA:0,(anonymous_1)
FNDA:0,(anonymous_2)
FNDA:0,(anonymous_3)
FNDA:0,(anonymous_4)
FNDA:0,(anonymous_5)
FNDA:0,(anonymous_6)
FNDA:0,(anonymous_7)
FNDA:0,(anonymous_8)
FNDA:0,(anonymous_9)
FNDA:0,(anonymous_10)
FNDA:0,(anonymous_11)
FNDA:0,(anonymous_12)
FNDA:0,(anonymous_13)
FNDA:0,(anonymous_14)
FNDA:0,(anonymous_15)
FNDA:0,(anonymous_16)
FNDA:0,(anonymous_17)
DA:30,0
DA:33,0
DA:34,0
DA:35,0
DA:36,0
DA:37,0
DA:38,0
DA:39,0
DA:40,0
DA:41,0
DA:42,0
DA:45,0
DA:46,0
DA:55,0
DA:56,0
DA:58,0
DA:94,0
DA:102,0
DA:105,0
DA:106,0
DA:107,0
DA:111,0
DA:116,0
DA:117,0
DA:125,0
DA:135,0
DA:214,0
DA:224,0
DA:243,0
DA:245,0
DA:246,0
DA:247,0
DA:248,0
DA:255,0
DA:257,0
DA:265,0
DA:266,0
DA:270,0
DA:271,0
DA:275,0
DA:280,0
DA:285,0
DA:287,0
DA:291,0
DA:306,0
DA:318,0
DA:319,0
DA:320,0
DA:321,0
DA:333,0
DA:334,0
DA:348,0
DA:358,0
DA:374,0
DA:375,0
DA:376,0
DA:378,0
DA:379,0
DA:385,0
DA:396,0
DA:397,0
DA:399,0
DA:431,0
DA:480,0
DA:488,0
LF:65
LH:0
BRDA:210,0,0,0
BRDA:210,0,1,0
BRDA:211,1,0,0
BRDA:211,1,1,0
BRDA:245,2,0,0
BRDA:245,2,1,0
BRDA:245,3,0,0
BRDA:245,3,1,0
BRDA:246,4,0,0
BRDA:246,4,1,0
BRDA:248,5,0,0
BRDA:248,5,1,0
BRDA:265,6,0,0
BRDA:265,6,1,0
BRDA:375,7,0,0
BRDA:375,7,1,0
BRDA:396,8,0,0
BRDA:396,8,1,0
BRF:18
BRH:0
end_of_record
TN:
SF:/root/flyve/src/containers/Users/components/UsersItemList.js
FN:46,(anonymous_0)
FNF:1
FNH:0
FNDA:0,(anonymous_0)
DA:30,0
DA:33,0
DA:34,0
DA:47,0
DA:50,0
DA:66,0
LF:6
LH:0
BRDA:48,0,0,0
BRDA:48,0,1,0
BRF:2
BRH:0
end_of_record
TN:
SF:/root/flyve/src/containers/Users/components/UsersList.js
FN:73,(anonymous_0)
FN:57,(anonymous_1)
FN:66,(anonymous_2)
FN:140,(anonymous_3)
FN:154,(anonymous_4)
FN:176,(anonymous_5)
FN:218,(anonymous_6)
FN:221,(anonymous_7)
FN:227,(anonymous_8)
FN:272,(anonymous_9)
FN:313,(anonymous_10)
FN:96,(anonymous_11)
FN:107,(anonymous_12)
FN:132,(anonymous_13)
FN:365,(anonymous_14)
FN:384,(anonymous_15)
FN:414,(anonymous_16)
FN:437,(anonymous_17)
FN:443,(anonymous_18)
FN:484,(anonymous_19)
FNF:20
FNH:0
FNDA:0,(anonymous_0)
FNDA:0,(anonymous_1)
FNDA:0,(anonymous_2)
FNDA:0,(anonymous_3)
FNDA:0,(anonymous_4)
FNDA:0,(anonymous_5)
FNDA:0,(anonymous_6)
FNDA:0,(anonymous_7)
FNDA:0,(anonymous_8)
FNDA:0,(anonymous_9)
FNDA:0,(anonymous_10)
FNDA:0,(anonymous_11)
FNDA:0,(anonymous_12)
FNDA:0,(anonymous_13)
FNDA:0,(anonymous_14)
FNDA:0,(anonymous_15)
FNDA:0,(anonymous_16)
FNDA:0,(anonymous_17)
FNDA:0,(anonymous_18)
FNDA:0,(anonymous_19)
DA:30,0
DA:33,0
DA:34,0
DA:35,0
DA:36,0
DA:37,0
DA:38,0
DA:39,0
DA:40,0
DA:41,0
DA:42,0
DA:43,0
DA:44,0
DA:58,0
DA:67,0
DA:73,0
DA:74,0
DA:75,0
DA:97,0
DA:108,0
DA:109,0
DA:110,0
DA:112,0
DA:113,0
DA:116,0
DA:117,0
DA:118,0
DA:121,0
DA:122,0
DA:123,0
DA:133,0
DA:141,0
DA:142,0
DA:143,0
DA:144,0
DA:145,0
DA:155,0
DA:156,0
DA:157,0
DA:159,0
DA:160,0
DA:162,0
DA:163,0
DA:164,0
DA:166,0
DA:167,0
DA:177,0
DA:178,0
DA:179,0
DA:188,0
DA:189,0
DA:198,0
DA:205,0
DA:206,0
DA:219,0
DA:220,0
DA:221,0
DA:225,0
DA:228,0
DA:229,0
DA:237,0
DA:242,0
DA:243,0
DA:244,0
DA:246,0
DA:250,0
DA:251,0
DA:252,0
DA:253,0
DA:255,0
DA:261,0
DA:262,0
DA:263,0
DA:273,0
DA:274,0
DA:282,0
DA:284,0
DA:293,0
DA:299,0
DA:301,0
DA:314,0
DA:315,0
DA:318,0
DA:319,0
DA:323,0
DA:324,0
DA:325,0
DA:326,0
DA:329,0
DA:339,0
DA:340,0
DA:341,0
DA:345,0
DA:355,0
DA:367,0
DA:378,0
DA:384,0
DA:388,0
DA:408,0
DA:409,0
DA:410,0
DA:411,0
DA:412,0
DA:414,0
DA:429,0
DA:432,0
DA:435,0
DA:437,0
DA:444,0
DA:445,0
DA:446,0
DA:484,0
DA:491,0
DA:495,0
LF:114
LH:0
BRDA:144,0,0,0
BRDA:144,0,1,0
BRDA:163,1,0,0
BRDA:163,1,1,0
BRDA:163,2,0,0
BRDA:163,2,1,0
BRDA:166,3,0,0
BRDA:166,3,1,0
BRDA:166,4,0,0
BRDA:166,4,1,0
BRDA:220,5,0,0
BRDA:220,5,1,0
BRDA:252,6,0,0
BRDA:252,6,1,0
BRDA:282,7,0,0
BRDA:282,7,1,0
BRDA:323,8,0,0
BRDA:323,8,1,0
BRDA:325,9,0,0
BRDA:325,9,1,0
BRDA:326,10,0,0
BRDA:326,10,1,0
BRDA:340,11,0,0
BRDA:340,11,1,0
BRDA:108,12,0,0
BRDA:108,12,1,0
BRDA:110,13,0,0
BRDA:110,13,1,0
BRDA:110,14,0,0
BRDA:110,14,1,0
BRDA:112,15,0,0
BRDA:112,15,1,0
BRDA:116,16,0,0
BRDA:116,16,1,0
BRDA:121,17,0,0
BRDA:121,17,1,0
BRDA:121,18,0,0
BRDA:121,18,1,0
BRDA:121,18,2,0
BRDA:122,19,0,0
BRDA:122,19,1,0
BRDA:389,20,0,0
BRDA:389,20,1,0
BRDA:408,21,0,0
BRDA:408,21,1,0
BRDA:410,22,0,0
BRDA:410,22,1,0
BRDA:411,23,0,0
BRDA:411,23,1,0
BRDA:411,24,0,0
BRDA:411,24,1,0
BRDA:423,25,0,0
BRDA:423,25,1,0
BRDA:424,26,0,0
BRDA:424,26,1,0
BRDA:466,27,0,0
BRDA:466,27,1,0
BRDA:467,28,0,0
BRDA:467,28,1,0
BRF:59
BRH:0
end_of_record
TN:
SF:/root/flyve/src/hoc/withAdminDashboardLayout/index.js
FN:54,(anonymous_0)
FN:60,(anonymous_1)
FN:75,(anonymous_2)
FN:90,(anonymous_3)
FN:104,(anonymous_4)
FN:112,(anonymous_5)
FN:124,(anonymous_6)
FN:129,(anonymous_7)
FN:137,(anonymous_8)
FN:140,(anonymous_9)
FN:146,(anonymous_10)
FN:148,(anonymous_11)
FN:99,(anonymous_12)
FN:161,(anonymous_13)
FN:187,(anonymous_14)
FNF:15
FNH:0
FNDA:0,(anonymous_0)
FNDA:0,(anonymous_1)
FNDA:0,(anonymous_2)
FNDA:0,(anonymous_3)
FNDA:0,(anonymous_4)
FNDA:0,(anonymous_5)
FNDA:0,(anonymous_6)
FNDA:0,(anonymous_7)
FNDA:0,(anonymous_8)
FNDA:0,(anonymous_9)
FNDA:0,(anonymous_10)
FNDA:0,(anonymous_11)
FNDA:0,(anonymous_12)
FNDA:0,(anonymous_13)
FNDA:0,(anonymous_14)
DA:29,0
DA:32,0
DA:33,0
DA:34,0
DA:35,0
DA:36,0
DA:37,0
DA:38,0
DA:39,0
DA:40,0
DA:41,0
DA:42,0
DA:43,0
DA:44,0
DA:47,0
DA:54,0
DA:60,0
DA:61,0
DA:62,0
DA:69,0
DA:70,0
DA:71,0
DA:75,0
DA:78,0
DA:79,0
DA:80,0
DA:81,0
DA:90,0
DA:100,0
DA:105,0
DA:106,0
DA:107,0
DA:113,0
DA:114,0
DA:116,0
DA:117,0
DA:125,0
DA:130,0
DA:138,0
DA:141,0
DA:147,0
DA:148,0
DA:149,0
DA:162,0
DA:187,0
DA:195,0
DA:207,0
LF:47
LH:0
BRDA:79,0,0,0
BRDA:79,0,1,0
BRDA:106,1,0,0
BRDA:106,1,1,0
BRDA:116,2,0,0
BRDA:116,2,1,0
BRDA:125,3,0,0
BRDA:125,3,1,0
BRDA:147,4,0,0
BRDA:147,4,1,0
BRDA:170,5,0,0
BRDA:170,5,1,0
BRF:12
BRH:0
end_of_record
TN:
SF:/root/flyve/src/hoc/withAsyncComponent/index.js
FN:38,(anonymous_0)
FN:38,(anonymous_1)
FN:44,(anonymous_2)
FN:46,(anonymous_3)
FN:57,(anonymous_4)
FNF:5
FNH:0
FNDA:0,(anonymous_0)
FNDA:0,(anonymous_1)
FNDA:0,(anonymous_2)
FNDA:0,(anonymous_3)
FNDA:0,(anonymous_4)
DA:29,0
DA:38,0
DA:45,0
DA:47,0
DA:58,0
DA:60,0
LF:6
LH:0
BRDA:60,0,0,0
BRDA:60,0,1,0
BRF:2
BRH:0
end_of_record
TN:
SF:/root/flyve/src/hoc/withAuthentication/index.js
FN:33,(anonymous_1)
FN:35,(anonymous_2)
FNF:2
FNH:0
FNDA:0,(anonymous_1)
FNDA:0,(anonymous_2)
DA:29,0
DA:30,0
DA:33,0
DA:34,0
DA:36,0
DA:44,0
LF:6
LH:0
BRF:0
BRH:0
end_of_record
TN:
SF:/root/flyve/src/hoc/withAuthenticationLayout/index.js
FN:43,(anonymous_0)
FN:48,(anonymous_1)
FN:60,(anonymous_2)
FN:74,(anonymous_3)
FNF:4
FNH:0
FNDA:0,(anonymous_0)
FNDA:0,(anonymous_1)
FNDA:0,(anonymous_2)
FNDA:0,(anonymous_3)
DA:29,0
DA:30,0
DA:31,0
DA:32,0
DA:33,0
DA:34,0
DA:43,0
DA:48,0
DA:49,0
DA:53,0
DA:60,0
DA:74,0
DA:84,0
DA:89,0
DA:99,0
LF:15
LH:0
BRDA:50,0,0,0
BRDA:50,0,1,0
BRF:2
BRH:0
end_of_record
TN:
SF:/root/flyve/src/hoc/withGLPI/index.js
FN:42,(anonymous_0)
FN:48,(anonymous_1)
FNF:2
FNH:0
FNDA:0,(anonymous_0)
FNDA:0,(anonymous_1)
DA:29,0
DA:32,0
DA:35,0
DA:42,0
DA:49,0
DA:52,0
LF:6
LH:0
BRF:0
BRH:0
end_of_record
TN:
SF:/root/flyve/src/hoc/withHandleMessages/index.js
FN:39,(anonymous_0)
FN:45,(anonymous_1)
FNF:2
FNH:0
FNDA:0,(anonymous_0)
FNDA:0,(anonymous_1)
DA:29,0
DA:32,0
DA:39,0
DA:46,0
DA:50,0
LF:5
LH:0
BRF:0
BRH:0
end_of_record
TN:
SF:/root/flyve/src/hoc/withI18n/index.js
FN:33,(anonymous_1)
FN:35,(anonymous_2)
FNF:2
FNH:0
FNDA:0,(anonymous_1)
FNDA:0,(anonymous_2)
DA:29,0
DA:30,0
DA:33,0
DA:34,0
DA:36,0
DA:44,0
LF:6
LH:0
BRF:0
BRH:0
end_of_record
TN:
SF:/root/flyve/src/hoc/withNotification/index.js
FN:32,(anonymous_0)
FN:33,(anonymous_1)
FN:35,(anonymous_2)
FNF:3
FNH:0
FNDA:0,(anonymous_0)
FNDA:0,(anonymous_1)
FNDA:0,(anonymous_2)
DA:29,0
DA:30,0
DA:32,0
DA:33,0
DA:34,0
DA:35,0
DA:39,0
LF:7
LH:0
BRF:0
BRH:0
end_of_record
TN:
SF:/root/flyve/src/providers/AuthenticationProvider/index.js
FN:38,(anonymous_0)
FN:45,(anonymous_1)
FN:46,(anonymous_2)
FN:52,(anonymous_3)
FN:52,(anonymous_4)
FN:57,(anonymous_5)
FN:61,(anonymous_6)
FN:78,(anonymous_7)
FN:82,(anonymous_8)
FN:87,(anonymous_9)
FN:95,(anonymous_10)
FN:95,(anonymous_11)
FN:100,(anonymous_12)
FN:112,(anonymous_13)
FN:117,(anonymous_14)
FN:126,(anonymous_15)
FN:131,(anonymous_16)
FN:141,(anonymous_17)
FNF:18
FNH:0
FNDA:0,(anonymous_0)
FNDA:0,(anonymous_1)
FNDA:0,(anonymous_2)
FNDA:0,(anonymous_3)
FNDA:0,(anonymous_4)
FNDA:0,(anonymous_5)
FNDA:0,(anonymous_6)
FNDA:0,(anonymous_7)
FNDA:0,(anonymous_8)
FNDA:0,(anonymous_9)
FNDA:0,(anonymous_10)
FNDA:0,(anonymous_11)
FNDA:0,(anonymous_12)
FNDA:0,(anonymous_13)
FNDA:0,(anonymous_14)
FNDA:0,(anonymous_15)
FNDA:0,(anonymous_16)
FNDA:0,(anonymous_17)
DA:29,0
DA:30,0
DA:31,0
DA:32,0
DA:34,0
DA:36,0
DA:38,0
DA:46,0
DA:47,0
DA:48,0
DA:49,0
DA:52,0
DA:53,0
DA:58,0
DA:62,0
DA:69,0
DA:70,0
DA:72,0
DA:79,0
DA:83,0
DA:88,0
DA:95,0
DA:96,0
DA:101,0
DA:113,0
DA:118,0
DA:127,0
DA:132,0
DA:142,0
DA:143,0
DA:151,0
LF:31
LH:0
BRDA:43,0,0,0
BRDA:43,0,1,0
BRDA:44,1,0,0
BRDA:44,1,1,0
BRDA:65,2,0,0
BRDA:65,2,1,0
BRF:6
BRH:0
end_of_record
TN:
SF:/root/flyve/src/providers/I18nProvider/index.js
FN:37,(anonymous_0)
FN:46,(anonymous_1)
FN:51,(anonymous_2)
FN:58,(anonymous_3)
FNF:4
FNH:0
FNDA:0,(anonymous_0)
FNDA:0,(anonymous_1)
FNDA:0,(anonymous_2)
FNDA:0,(anonymous_3)
DA:29,0
DA:30,0
DA:31,0
DA:33,0
DA:34,0
DA:37,0
DA:38,0
DA:39,0
DA:47,0
DA:48,0
DA:52,0
DA:53,0
DA:59,0
DA:61,0
DA:65,0
DA:69,0
LF:16
LH:0
BRDA:46,0,0,0
BRF:1
BRH:0
end_of_record
TN:
SF:/root/flyve/src/providers/NotificationsProvider/index.js
FN:39,(anonymous_0)
FN:47,(anonymous_1)
FN:57,(anonymous_2)
FN:65,(anonymous_3)
FN:71,(anonymous_4)
FN:77,(anonymous_5)
FN:87,(anonymous_6)
FN:93,(anonymous_7)
FN:103,(anonymous_8)
FNF:9
FNH:0
FNDA:0,(anonymous_0)
FNDA:0,(anonymous_1)
FNDA:0,(anonymous_2)
FNDA:0,(anonymous_3)
FNDA:0,(anonymous_4)
FNDA:0,(anonymous_5)
FNDA:0,(anonymous_6)
FNDA:0,(anonymous_7)
FNDA:0,(anonymous_8)
DA:29,0
DA:30,0
DA:31,0
DA:32,0
DA:33,0
DA:35,0
DA:37,0
DA:39,0
DA:48,0
DA:49,0
DA:50,0
DA:52,0
DA:57,0
DA:58,0
DA:59,0
DA:60,0
DA:65,0
DA:66,0
DA:72,0
DA:78,0
DA:94,0
DA:95,0
DA:96,0
DA:97,0
DA:98,0
DA:104,0
DA:118,0
DA:129,0
LF:28
LH:0
BRDA:47,0,0,0
BRDA:49,1,0,0
BRDA:49,1,1,0
BRDA:59,2,0,0
BRDA:59,2,1,0
BRDA:97,3,0,0
BRDA:97,3,1,0
BRDA:97,4,0,0
BRDA:97,4,1,0
BRF:9
BRH:0
end_of_record
TN:
SF:/root/flyve/src/shared/BuildItemList/index.js
FN:41,_default
FN:42,(anonymous_1)
FN:50,(anonymous_2)
FN:56,(anonymous_3)
FN:73,(anonymous_4)
FNF:5
FNH:0
FNDA:0,_default
FNDA:0,(anonymous_1)
FNDA:0,(anonymous_2)
FNDA:0,(anonymous_3)
FNDA:0,(anonymous_4)
DA:32,0
DA:33,0
DA:42,0
DA:43,0
DA:44,0
DA:46,0
DA:50,0
DA:51,0
DA:56,0
DA:57,0
DA:58,0
DA:59,0
DA:60,0
DA:61,0
DA:63,0
DA:65,0
DA:66,0
DA:67,0
DA:68,0
DA:70,0
DA:73,0
DA:74,0
DA:75,0
DA:76,0
DA:77,0
DA:79,0
DA:82,0
DA:83,0
DA:88,0
LF:29
LH:0
BRDA:41,0,0,0
BRDA:57,1,0,0
BRDA:57,1,1,0
BRDA:58,2,0,0
BRDA:58,2,1,0
BRDA:60,3,0,0
BRDA:60,3,1,0
BRDA:65,4,0,0
BRDA:65,4,1,0
BRDA:67,5,0,0
BRDA:67,5,1,0
BRDA:74,6,0,0
BRDA:74,6,1,0
BRDA:76,7,0,0
BRDA:76,7,1,0
BRDA:82,8,0,0
BRDA:82,8,1,0
BRF:17
BRH:0
end_of_record
TN:
SF:/root/flyve/src/shared/animations/index.js
FN:37,(anonymous_0)
FN:40,(anonymous_1)
FN:46,(anonymous_2)
FN:51,(anonymous_3)
FN:57,(anonymous_4)
FN:62,(anonymous_5)
FN:68,(anonymous_6)
FNF:7
FNH:4
FNDA:4,(anonymous_0)
FNDA:2,(anonymous_1)
FNDA:0,(anonymous_2)
FNDA:1,(anonymous_3)
FNDA:0,(anonymous_4)
FNDA:1,(anonymous_5)
FNDA:0,(anonymous_6)
DA:37,4
DA:40,2
DA:41,2
DA:46,2
DA:47,2
DA:51,2
DA:52,1
DA:57,1
DA:58,1
DA:62,2
DA:63,1
DA:68,1
DA:69,1
LF:13
LH:13
BRDA:37,0,0,0
BRDA:37,0,1,4
BRDA:46,1,0,0
BRDA:46,1,1,2
BRDA:57,2,0,0
BRDA:57,2,1,1
BRDA:68,3,0,0
BRDA:68,3,1,1
BRF:8
BRH:4
end_of_record
TN:
SF:/root/flyve/src/shared/animationsWinJs/index.js
FN:38,_default
FN:47,(anonymous_1)
FN:58,(anonymous_2)
FN:62,(anonymous_3)
FNF:4
FNH:0
FNDA:0,_default
FNDA:0,(anonymous_1)
FNDA:0,(anonymous_2)
FNDA:0,(anonymous_3)
DA:32,0
DA:39,0
DA:40,0
DA:42,0
DA:47,0
DA:48,0
DA:58,0
DA:59,0
DA:62,0
DA:63,0
LF:10
LH:0
BRDA:39,0,0,0
BRDA:39,0,1,0
BRDA:49,1,0,0
BRDA:49,1,1,0
BRDA:60,2,0,0
BRDA:60,2,1,0
BRDA:62,3,0,0
BRDA:62,3,1,0
BRF:8
BRH:0
end_of_record
TN:
SF:/root/flyve/src/shared/authtype/index.js
FN:39,(anonymous_0)
FNF:1
FNH:1
FNDA:10,(anonymous_0)
DA:39,1
DA:40,10
DA:42,1
DA:44,1
DA:46,1
DA:48,1
DA:50,1
DA:52,1
DA:54,1
DA:56,1
DA:58,1
DA:60,1
LF:12
LH:12
BRDA:40,0,0,1
BRDA:40,0,1,1
BRDA:40,0,2,1
BRDA:40,0,3,1
BRDA:40,0,4,1
BRDA:40,0,5,1
BRDA:40,0,6,1
BRDA:40,0,7,1
BRDA:40,0,8,1
BRDA:40,0,9,1
BRF:10
BRH:10
end_of_record
TN:
SF:/root/flyve/src/shared/bytesToSize/index.js
FN:35,(anonymous_0)
FNF:1
FNH:1
FNDA:6,(anonymous_0)
DA:36,6
DA:37,6
DA:38,5
DA:39,5
LF:4
LH:4
BRDA:37,0,0,1
BRDA:37,0,1,5
BRF:2
BRH:2
end_of_record
TN:
SF:/root/flyve/src/shared/calc100PercentMinus/index.js
FN:36,calc100PercentMinus
FNF:1
FNH:1
FNDA:3,calc100PercentMinus
DA:37,3
LF:1
LH:1
BRDA:37,0,0,1
BRDA:37,0,1,2
BRF:2
BRH:2
end_of_record
TN:
SF:/root/flyve/src/shared/configureDisplay/index.js
FN:32,(anonymous_0)
FNF:1
FNH:1
FNDA:1,(anonymous_0)
DA:33,1
DA:34,1
DA:49,1
DA:50,1
DA:52,1
LF:5
LH:5
BRDA:33,0,0,0
BRDA:33,0,1,1
BRDA:35,1,0,0
BRDA:35,1,1,1
BRDA:36,2,0,0
BRDA:36,2,1,1
BRDA:38,3,0,0
BRDA:38,3,1,1
BRDA:39,4,0,0
BRDA:39,4,1,1
BRDA:41,5,0,0
BRDA:41,5,1,1
BRDA:42,6,0,0
BRDA:42,6,1,1
BRDA:44,7,0,0
BRDA:44,7,1,1
BRDA:45,8,0,0
BRDA:45,8,1,1
BRDA:46,9,0,0
BRDA:46,9,1,1
BRDA:47,10,0,0
BRDA:47,10,1,1
BRDA:49,11,0,1
BRDA:49,11,1,0
BRF:24
BRH:12
end_of_record
TN:
SF:/root/flyve/src/shared/cookies/index.js
FN:37,setCookie
FN:53,getCookie
FN:68,eraseCookie
FNF:3
FNH:3
FNDA:4,setCookie
FNDA:4,getCookie
FNDA:2,eraseCookie
DA:38,4
DA:39,4
DA:40,2
DA:41,2
DA:42,2
DA:44,4
DA:54,4
DA:55,4
DA:56,4
DA:57,4
DA:58,4
DA:59,4
DA:61,1
DA:69,2
LF:14
LH:14
BRDA:39,0,0,2
BRDA:39,0,1,2
BRDA:44,1,0,4
BRDA:44,1,1,0
BRDA:59,2,0,3
BRDA:59,2,1,1
BRF:6
BRH:5
end_of_record
TN:
SF:/root/flyve/src/shared/getID/index.js
FN:39,(anonymous_0)
FNF:1
FNH:1
FNDA:1,(anonymous_0)
DA:41,1
DA:42,0
DA:43,1
DA:44,1
LF:4
LH:3
BRDA:39,0,0,1
BRDA:41,1,0,0
BRDA:41,1,1,1
BRF:3
BRH:2
end_of_record
TN:
SF:/root/flyve/src/shared/getMode/index.js
FN:35,(anonymous_0)
FNF:1
FNH:1
FNDA:7,(anonymous_0)
DA:36,7
LF:1
LH:1
BRDA:36,0,0,5
BRDA:36,0,1,2
BRDA:37,1,0,1
BRDA:37,1,1,1
BRF:4
BRH:4
end_of_record
TN:
SF:/root/flyve/src/shared/getQueryString/index.js
FN:35,(anonymous_0)
FN:39,(anonymous_1)
FNF:2
FNH:2
FNDA:2,(anonymous_0)
FNDA:3,(anonymous_1)
DA:36,2
DA:37,2
DA:38,2
DA:39,2
DA:40,3
DA:41,3
DA:46,2
LF:7
LH:7
BRF:0
BRH:0
end_of_record
TN:
SF:/root/flyve/src/shared/glpiApi/index.js
FNF:0
FNH:0
DA:35,4
DA:39,4
LF:2
LH:2
BRF:0
BRH:0
end_of_record
TN:
SF:/root/flyve/src/shared/handleMessage/index.js
FN:38,errorRoute
FN:57,pushError
FN:61,validateActiveProfile
FN:63,(anonymous_3)
FN:68,splitMessage
FN:79,(anonymous_5)
FNF:6
FNH:5
FNDA:1,errorRoute
FNDA:1,pushError
FNDA:1,validateActiveProfile
FNDA:0,(anonymous_3)
FNDA:1,splitMessage
FNDA:6,(anonymous_5)
DA:39,1
DA:40,0
DA:43,1
DA:44,0
DA:46,1
DA:48,1
DA:49,0
DA:51,1
DA:52,1
DA:54,0
DA:58,1
DA:62,1
DA:64,0
DA:69,1
DA:86,6
DA:91,6
DA:92,6
DA:94,1
DA:95,1
DA:97,1
DA:98,1
DA:99,1
DA:101,1
DA:102,1
DA:104,1
DA:106,1
DA:107,1
DA:109,1
DA:110,1
DA:112,1
DA:113,1
DA:114,0
DA:115,1
DA:116,0
DA:117,1
DA:118,1
DA:119,0
DA:120,1
DA:121,0
DA:123,1
DA:125,0
DA:126,0
DA:128,0
DA:131,0
DA:134,0
DA:137,1
DA:138,1
DA:140,1
DA:142,2
DA:145,6
LF:50
LH:36
BRDA:39,0,0,0
BRDA:39,0,1,1
BRDA:43,1,0,0
BRDA:43,1,1,1
BRDA:48,2,0,0
BRDA:48,2,1,1
BRDA:51,3,0,1
BRDA:51,3,1,0
BRDA:51,4,0,1
BRDA:51,4,1,0
BRDA:80,5,0,1
BRDA:84,6,0,6
BRDA:88,7,0,6
BRDA:88,7,1,6
BRDA:88,8,0,1
BRDA:88,8,1,5
BRDA:89,9,0,6
BRDA:89,9,1,0
BRDA:89,10,0,2
BRDA:89,10,1,4
BRDA:89,11,0,6
BRDA:89,11,1,4
BRDA:91,12,0,6
BRDA:91,12,1,0
BRDA:92,13,0,1
BRDA:92,13,1,1
BRDA:92,13,2,1
BRDA:92,13,3,1
BRDA:92,13,4,2
BRDA:97,14,0,1
BRDA:97,14,1,0
BRDA:98,15,0,1
BRDA:98,15,1,0
BRDA:101,16,0,1
BRDA:101,16,1,0
BRDA:106,17,0,0
BRDA:106,17,1,1
BRDA:108,18,0,3
BRDA:108,18,1,1
BRDA:109,19,0,1
BRDA:109,19,1,0
BRDA:110,20,0,1
BRDA:110,20,1,0
BRDA:112,21,0,1
BRDA:112,21,1,0
BRDA:112,22,0,1
BRDA:112,22,1,1
BRDA:113,23,0,0
BRDA:113,23,1,1
BRDA:115,24,0,0
BRDA:115,24,1,1
BRDA:115,25,0,1
BRDA:115,25,1,0
BRDA:117,26,0,1
BRDA:117,26,1,0
BRDA:118,27,0,0
BRDA:118,27,1,1
BRDA:118,28,0,1
BRDA:118,28,1,0
BRDA:120,29,0,0
BRDA:120,29,1,1
BRDA:125,30,0,0
BRDA:125,30,1,0
BRDA:137,31,0,1
BRDA:137,31,1,0
BRF:65
BRH:41
end_of_record
TN:
SF:/root/flyve/src/shared/history/index.js
FN:37,(anonymous_0)
FNF:1
FNH:1
FNDA:7,(anonymous_0)
DA:37,7
DA:38,7
DA:40,0
DA:42,7
LF:4
LH:3
BRDA:38,0,0,0
BRDA:38,0,1,7
BRF:2
BRH:1
end_of_record
TN:
SF:/root/flyve/src/shared/i18n/index.js
FN:35,tryRequire
FN:49,getTranslations
FN:61,setPolyglot
FNF:3
FNH:1
FNDA:10,tryRequire
FNDA:0,getTranslations
FNDA:0,setPolyglot
DA:33,10
DA:36,10
DA:38,10
DA:40,10
DA:44,10
DA:50,0
DA:51,0
DA:55,0
DA:57,0
DA:62,0
DA:63,0
DA:64,0
DA:65,0
LF:13
LH:5
BRDA:46,0,0,10
BRDA:46,0,1,10
BRDA:51,1,0,0
BRDA:51,1,1,0
BRDA:63,2,0,0
BRDA:63,2,1,0
BRF:6
BRH:2
end_of_record
TN:
SF:/root/flyve/src/shared/i18n/languages.js
FN:186,(anonymous_1)
FNF:1
FNH:0
FNDA:0,(anonymous_1)
DA:30,0
DA:31,0
DA:39,0
DA:185,0
DA:186,0
DA:187,0
DA:188,0
DA:198,0
LF:8
LH:0
BRDA:187,0,0,0
BRDA:187,0,1,0
BRF:2
BRH:0
end_of_record
TN:
SF:/root/flyve/src/shared/i18n/tests/constants.js
FNF:0
FNH:0
DA:29,0
DA:30,0
DA:31,0
DA:32,0
LF:4
LH:0
BRF:0
BRH:0
end_of_record
TN:
SF:/root/flyve/src/shared/itemtype/index.js
FNF:0
FNH:0
LF:0
LH:0
BRF:0
BRH:0
end_of_record
TN:
SF:/root/flyve/src/shared/language/index.js
FNF:0
FNH:0
DA:29,10
LF:1
LH:1
BRDA:29,0,0,0
BRDA:29,0,1,10
BRF:2
BRH:1
end_of_record
TN:
SF:/root/flyve/src/shared/logout/index.js
FN:37,(anonymous_0)
FNF:1
FNH:1
FNDA:2,(anonymous_0)
DA:39,2
DA:40,2
DA:42,2
DA:43,1
DA:46,2
LF:5
LH:5
BRDA:42,0,0,1
BRDA:42,0,1,1
BRF:2
BRH:2
end_of_record
TN:
SF:/root/flyve/src/shared/nativeNotification/index.js
FN:38,(anonymous_0)
FN:41,(anonymous_1)
FNF:2
FNH:2
FNDA:1,(anonymous_0)
FNDA:1,(anonymous_1)
DA:39,1
DA:40,1
DA:41,1
DA:42,1
DA:48,1
LF:5
LH:5
BRDA:38,0,0,1
BRDA:40,1,0,1
BRDA:40,1,1,0
BRDA:40,2,0,1
BRDA:40,2,1,1
BRF:5
BRH:4
end_of_record
TN:
SF:/root/flyve/src/shared/publicURL/index.js
FN:32,(anonymous_0)
FNF:1
FNH:1
FNDA:6,(anonymous_0)
DA:32,6
DA:33,6
DA:34,6
DA:35,6
LF:4
LH:4
BRDA:35,0,0,0
BRDA:35,0,1,6
BRF:2
BRH:1
end_of_record
TN:
SF:/root/flyve/src/shared/setGlpiCookie/index.js
FN:42,(anonymous_0)
FNF:1
FNH:1
FNDA:1,(anonymous_0)
DA:43,1
DA:45,1
DA:46,1
DA:47,1
DA:48,1
DA:51,1
DA:52,1
DA:53,1
LF:8
LH:8
BRDA:46,0,0,1
BRDA:46,0,1,0
BRDA:52,1,0,0
BRDA:52,1,1,1
BRF:4
BRH:2
end_of_record
TN:
SF:/root/flyve/src/shared/toDateInputValue/index.js
FN:36,(anonymous_0)
FNF:1
FNH:1
FNDA:2,(anonymous_0)
DA:37,2
DA:38,2
DA:39,2
DA:40,2
DA:41,2
DA:42,2
LF:6
LH:6
BRDA:40,0,0,1
BRDA:40,0,1,1
BRDA:41,1,0,1
BRDA:41,1,1,1
BRF:4
BRH:4
end_of_record
TN:
SF:/root/flyve/src/shared/updateObject/index.js
FN:37,(anonymous_0)
FNF:1
FNH:1
FNDA:1,(anonymous_0)
DA:38,1
DA:39,1
LF:2
LH:2
BRDA:38,0,0,0
BRDA:38,0,1,1
BRF:2
BRH:1
end_of_record
TN:
SF:/root/flyve/src/shared/validateData/index.js
FN:37,(anonymous_0)
FNF:1
FNH:1
FNDA:4,(anonymous_0)
DA:40,4
DA:41,3
DA:42,2
DA:44,4
DA:45,3
LF:5
LH:5
BRDA:40,0,0,1
BRDA:40,0,1,3
BRDA:40,1,0,4
BRDA:40,1,1,2
BRDA:40,1,2,1
BRDA:41,2,0,1
BRDA:41,2,1,2
BRDA:41,3,0,3
BRDA:41,3,1,1
BRDA:44,4,0,1
BRDA:44,4,1,3
BRF:11
BRH:11
end_of_record
TN:
SF:/root/flyve/src/shared/validateDate/index.js
FN:38,(anonymous_0)
FNF:1
FNH:1
FNDA:5,(anonymous_0)
DA:39,5
DA:40,2
DA:41,2
DA:42,2
DA:43,2
DA:45,3
LF:6
LH:6
BRDA:39,0,0,2
BRDA:39,0,1,3
BRDA:39,1,0,5
BRDA:39,1,1,4
BRDA:39,1,2,3
BRDA:43,2,0,2
BRDA:43,2,1,1
BRF:7
BRH:7
end_of_record
TN:
SF:/root/flyve/src/shared/validateNotifications/index.js
FN:35,(anonymous_0)
FNF:1
FNH:1
FNDA:2,(anonymous_0)
DA:36,2
DA:38,2
DA:40,2
DA:41,1
DA:42,1
DA:45,2
DA:46,1
DA:47,1
DA:50,2
LF:9
LH:9
BRDA:36,0,0,1
BRDA:36,0,1,1
BRDA:40,1,0,1
BRDA:40,1,1,1
BRDA:40,2,0,2
BRDA:40,2,1,2
BRDA:45,3,0,1
BRDA:45,3,1,1
BRF:8
BRH:8
end_of_record
