{"/home/travis/build/flyve-mdm/web-mdm-dashboard/src/index.js": {"path":"/home/travis/build/flyve-mdm/web-mdm-dashboard/src/index.js","statementMap":{"0":{"start":{"line":1,"column":32},"end":{"line":1,"column":93}},"1":{"start":{"line":1,"column":107},"end":{"line":1,"column":123}},"2":{"start":{"line":1,"column":138},"end":{"line":1,"column":168}},"3":{"start":{"line":2,"column":16},"end":{"line":2,"column":36}},"4":{"start":{"line":2,"column":54},"end":{"line":2,"column":87}},"5":{"start":{"line":3,"column":18},"end":{"line":3,"column":40}},"6":{"start":{"line":4,"column":13},"end":{"line":4,"column":31}},"7":{"start":{"line":5,"column":22},"end":{"line":5,"column":49}},"8":{"start":{"line":6,"column":24},"end":{"line":6,"column":53}},"9":{"start":{"line":7,"column":29},"end":{"line":7,"column":63}},"10":{"start":{"line":7,"column":94},"end":{"line":7,"column":140}},"11":{"start":{"line":8,"column":22},"end":{"line":8,"column":49}},"12":{"start":{"line":8,"column":73},"end":{"line":8,"column":112}},"13":{"start":{"line":9,"column":13},"end":{"line":9,"column":31}},"14":{"start":{"line":14,"column":0},"end":{"line":14,"column":29}},"15":{"start":{"line":15,"column":0},"end":{"line":15,"column":33}},"16":{"start":{"line":15,"column":71},"end":{"line":15,"column":125}},"17":{"start":{"line":15,"column":185},"end":{"line":15,"column":187}},"18":{"start":{"line":15,"column":188},"end":{"line":15,"column":323}},"19":{"start":{"line":15,"column":208},"end":{"line":15,"column":243}},"20":{"start":{"line":15,"column":234},"end":{"line":15,"column":243}},"21":{"start":{"line":15,"column":243},"end":{"line":15,"column":303}},"22":{"start":{"line":15,"column":294},"end":{"line":15,"column":303}},"23":{"start":{"line":15,"column":303},"end":{"line":15,"column":322}},"24":{"start":{"line":15,"column":323},"end":{"line":15,"column":337}},"25":{"start":{"line":17,"column":355},"end":{"line":24,"column":7}},"26":{"start":{"line":19,"column":8},"end":{"line":23,"column":9}},"27":{"start":{"line":20,"column":12},"end":{"line":20,"column":24}},"28":{"start":{"line":22,"column":12},"end":{"line":22,"column":25}},"29":{"start":{"line":27,"column":21},"end":{"line":33,"column":191}},"30":{"start":{"line":27,"column":48},"end":{"line":27,"column":62}},"31":{"start":{"line":27,"column":70},"end":{"line":27,"column":115}},"32":{"start":{"line":27,"column":116},"end":{"line":33,"column":190}},"33":{"start":{"line":29,"column":12},"end":{"line":33,"column":111}},"34":{"start":{"line":39,"column":0},"end":{"line":51,"column":32}},"35":{"start":{"line":53,"column":0},"end":{"line":53,"column":39}}},"fnMap":{"0":{"name":"_interopRequireDefault","decl":{"start":{"line":15,"column":42},"end":{"line":15,"column":64}},"loc":{"start":{"line":15,"column":70},"end":{"line":15,"column":126}},"line":15},"1":{"name":"_objectWithoutProperties","decl":{"start":{"line":15,"column":135},"end":{"line":15,"column":159}},"loc":{"start":{"line":15,"column":171},"end":{"line":15,"column":338}},"line":15},"2":{"name":"(anonymous_2)","decl":{"start":{"line":18,"column":21},"end":{"line":18,"column":22}},"loc":{"start":{"line":18,"column":27},"end":{"line":24,"column":5}},"line":18},"3":{"name":"(anonymous_3)","decl":{"start":{"line":27,"column":21},"end":{"line":27,"column":22}},"loc":{"start":{"line":27,"column":31},"end":{"line":33,"column":191}},"line":27},"4":{"name":"(anonymous_4)","decl":{"start":{"line":28,"column":95},"end":{"line":28,"column":96}},"loc":{"start":{"line":29,"column":12},"end":{"line":33,"column":111}},"line":29}},"branchMap":{"0":{"loc":{"start":{"line":15,"column":78},"end":{"line":15,"column":124}},"type":"cond-expr","locations":[{"start":{"line":15,"column":102},"end":{"line":15,"column":105}},{"start":{"line":15,"column":108},"end":{"line":15,"column":124}}],"line":15},"1":{"loc":{"start":{"line":15,"column":78},"end":{"line":15,"column":99}},"type":"binary-expr","locations":[{"start":{"line":15,"column":78},"end":{"line":15,"column":81}},{"start":{"line":15,"column":85},"end":{"line":15,"column":99}}],"line":15},"2":{"loc":{"start":{"line":15,"column":208},"end":{"line":15,"column":243}},"type":"if","locations":[{"start":{"line":15,"column":208},"end":{"line":15,"column":243}},{"start":{"line":15,"column":208},"end":{"line":15,"column":243}}],"line":15},"3":{"loc":{"start":{"line":15,"column":243},"end":{"line":15,"column":303}},"type":"if","locations":[{"start":{"line":15,"column":243},"end":{"line":15,"column":303}},{"start":{"line":15,"column":243},"end":{"line":15,"column":303}}],"line":15},"4":{"loc":{"start":{"line":19,"column":8},"end":{"line":23,"column":9}},"type":"if","locations":[{"start":{"line":19,"column":8},"end":{"line":23,"column":9}},{"start":{"line":19,"column":8},"end":{"line":23,"column":9}}],"line":19},"5":{"loc":{"start":{"line":19,"column":12},"end":{"line":19,"column":102}},"type":"binary-expr","locations":[{"start":{"line":19,"column":12},"end":{"line":19,"column":48}},{"start":{"line":19,"column":52},"end":{"line":19,"column":102}}],"line":19},"6":{"loc":{"start":{"line":29,"column":12},"end":{"line":33,"column":111}},"type":"cond-expr","locations":[{"start":{"line":30,"column":12},"end":{"line":30,"column":155}},{"start":{"line":32,"column":12},"end":{"line":33,"column":111}}],"line":29}},"s":{"0":0,"1":0,"2":0,"3":0,"4":0,"5":0,"6":0,"7":0,"8":0,"9":0,"10":0,"11":0,"12":0,"13":0,"14":0,"15":0,"16":0,"17":0,"18":0,"19":0,"20":0,"21":0,"22":0,"23":0,"24":0,"25":0,"26":0,"27":0,"28":0,"29":0,"30":0,"31":0,"32":0,"33":0,"34":0,"35":0},"f":{"0":0,"1":0,"2":0,"3":0,"4":0},"b":{"0":[0,0],"1":[0,0],"2":[0,0],"3":[0,0],"4":[0,0],"5":[0,0],"6":[0,0]}}
,"/home/travis/build/flyve-mdm/web-mdm-dashboard/src/reducers.js": {"path":"/home/travis/build/flyve-mdm/web-mdm-dashboard/src/reducers.js","statementMap":{"0":{"start":{"line":1,"column":13},"end":{"line":1,"column":75}},"1":{"start":{"line":1,"column":88},"end":{"line":1,"column":104}},"2":{"start":{"line":2,"column":24},"end":{"line":2,"column":53}},"3":{"start":{"line":3,"column":22},"end":{"line":3,"column":64}},"4":{"start":{"line":3,"column":88},"end":{"line":3,"column":127}},"5":{"start":{"line":4,"column":23},"end":{"line":4,"column":56}},"6":{"start":{"line":4,"column":80},"end":{"line":4,"column":120}},"7":{"start":{"line":4,"column":159},"end":{"line":4,"column":213}},"8":{"start":{"line":4,"column":214},"end":{"line":9,"column":47}}},"fnMap":{"0":{"name":"_interopRequireDefault","decl":{"start":{"line":4,"column":130},"end":{"line":4,"column":152}},"loc":{"start":{"line":4,"column":158},"end":{"line":4,"column":214}},"line":4}},"branchMap":{"0":{"loc":{"start":{"line":4,"column":166},"end":{"line":4,"column":212}},"type":"cond-expr","locations":[{"start":{"line":4,"column":190},"end":{"line":4,"column":193}},{"start":{"line":4,"column":196},"end":{"line":4,"column":212}}],"line":4},"1":{"loc":{"start":{"line":4,"column":166},"end":{"line":4,"column":187}},"type":"binary-expr","locations":[{"start":{"line":4,"column":166},"end":{"line":4,"column":169}},{"start":{"line":4,"column":173},"end":{"line":4,"column":187}}],"line":4}},"s":{"0":0,"1":0,"2":0,"3":0,"4":0,"5":0,"6":0,"7":0,"8":0},"f":{"0":0},"b":{"0":[0,0],"1":[0,0]}}
,"/home/travis/build/flyve-mdm/web-mdm-dashboard/src/registerServiceWorker.js": {"path":"/home/travis/build/flyve-mdm/web-mdm-dashboard/src/registerServiceWorker.js","statementMap":{"0":{"start":{"line":1,"column":13},"end":{"line":1,"column":75}},"1":{"start":{"line":1,"column":75},"end":{"line":21,"column":9}},"2":{"start":{"line":21,"column":9},"end":{"line":102,"column":24}},"3":{"start":{"line":109,"column":20},"end":{"line":111,"column":89}},"4":{"start":{"line":111,"column":111},"end":{"line":117,"column":36}},"5":{"start":{"line":112,"column":22},"end":{"line":112,"column":70}},"6":{"start":{"line":112,"column":71},"end":{"line":115,"column":14}},"7":{"start":{"line":115,"column":6},"end":{"line":115,"column":13}},"8":{"start":{"line":115,"column":14},"end":{"line":117,"column":35}},"9":{"start":{"line":115,"column":67},"end":{"line":115,"column":112}},"10":{"start":{"line":115,"column":113},"end":{"line":117,"column":32}},"11":{"start":{"line":116,"column":8},"end":{"line":116,"column":39}},"12":{"start":{"line":117,"column":8},"end":{"line":117,"column":31}},"13":{"start":{"line":117,"column":70},"end":{"line":124,"column":156}},"14":{"start":{"line":117,"column":132},"end":{"line":124,"column":68}},"15":{"start":{"line":117,"column":193},"end":{"line":117,"column":216}},"16":{"start":{"line":117,"column":217},"end":{"line":124,"column":66}},"17":{"start":{"line":117,"column":257},"end":{"line":124,"column":64}},"18":{"start":{"line":117,"column":302},"end":{"line":124,"column":63}},"19":{"start":{"line":121,"column":12},"end":{"line":121,"column":69}},"20":{"start":{"line":124,"column":12},"end":{"line":124,"column":62}},"21":{"start":{"line":124,"column":87},"end":{"line":124,"column":153}},"22":{"start":{"line":125,"column":2},"end":{"line":128,"column":126}},"23":{"start":{"line":126,"column":4},"end":{"line":128,"column":30}},"24":{"start":{"line":127,"column":6},"end":{"line":127,"column":127}},"25":{"start":{"line":127,"column":58},"end":{"line":127,"column":124}},"26":{"start":{"line":127,"column":96},"end":{"line":127,"column":121}},"27":{"start":{"line":128,"column":6},"end":{"line":128,"column":29}},"28":{"start":{"line":128,"column":46},"end":{"line":128,"column":123}},"29":{"start":{"line":128,"column":150},"end":{"line":128,"column":267}},"30":{"start":{"line":128,"column":185},"end":{"line":128,"column":266}},"31":{"start":{"line":128,"column":237},"end":{"line":128,"column":263}}},"fnMap":{"0":{"name":"register","decl":{"start":{"line":111,"column":99},"end":{"line":111,"column":107}},"loc":{"start":{"line":111,"column":110},"end":{"line":117,"column":37}},"line":111},"1":{"name":"(anonymous_1)","decl":{"start":{"line":115,"column":46},"end":{"line":115,"column":47}},"loc":{"start":{"line":115,"column":52},"end":{"line":117,"column":33}},"line":115},"2":{"name":"registerValidSW","decl":{"start":{"line":117,"column":46},"end":{"line":117,"column":61}},"loc":{"start":{"line":117,"column":69},"end":{"line":124,"column":157}},"line":117},"3":{"name":"(anonymous_3)","decl":{"start":{"line":117,"column":115},"end":{"line":117,"column":116}},"loc":{"start":{"line":117,"column":131},"end":{"line":124,"column":69}},"line":117},"4":{"name":"(anonymous_4)","decl":{"start":{"line":117,"column":161},"end":{"line":117,"column":162}},"loc":{"start":{"line":117,"column":167},"end":{"line":124,"column":67}},"line":117},"5":{"name":"(anonymous_5)","decl":{"start":{"line":117,"column":250},"end":{"line":117,"column":251}},"loc":{"start":{"line":117,"column":256},"end":{"line":124,"column":65}},"line":117},"6":{"name":"(anonymous_6)","decl":{"start":{"line":124,"column":77},"end":{"line":124,"column":78}},"loc":{"start":{"line":124,"column":86},"end":{"line":124,"column":154}},"line":124},"7":{"name":"checkValidServiceWorker","decl":{"start":{"line":124,"column":166},"end":{"line":124,"column":189}},"loc":{"start":{"line":124,"column":197},"end":{"line":128,"column":127}},"line":124},"8":{"name":"(anonymous_8)","decl":{"start":{"line":125,"column":20},"end":{"line":125,"column":21}},"loc":{"start":{"line":125,"column":32},"end":{"line":128,"column":31}},"line":125},"9":{"name":"(anonymous_9)","decl":{"start":{"line":127,"column":41},"end":{"line":127,"column":42}},"loc":{"start":{"line":127,"column":57},"end":{"line":127,"column":125}},"line":127},"10":{"name":"(anonymous_10)","decl":{"start":{"line":127,"column":89},"end":{"line":127,"column":90}},"loc":{"start":{"line":127,"column":95},"end":{"line":127,"column":122}},"line":127},"11":{"name":"(anonymous_11)","decl":{"start":{"line":128,"column":39},"end":{"line":128,"column":40}},"loc":{"start":{"line":128,"column":45},"end":{"line":128,"column":124}},"line":128},"12":{"name":"unregister","decl":{"start":{"line":128,"column":136},"end":{"line":128,"column":146}},"loc":{"start":{"line":128,"column":149},"end":{"line":128,"column":268}},"line":128},"13":{"name":"(anonymous_13)","decl":{"start":{"line":128,"column":220},"end":{"line":128,"column":221}},"loc":{"start":{"line":128,"column":236},"end":{"line":128,"column":264}},"line":128}},"branchMap":{"0":{"loc":{"start":{"line":109,"column":28},"end":{"line":111,"column":88}},"type":"binary-expr","locations":[{"start":{"line":109,"column":28},"end":{"line":109,"column":68}},{"start":{"line":110,"column":0},"end":{"line":110,"column":36}},{"start":{"line":111,"column":0},"end":{"line":111,"column":88}}],"line":109},"1":{"loc":{"start":{"line":111,"column":111},"end":{"line":117,"column":36}},"type":"if","locations":[{"start":{"line":111,"column":111},"end":{"line":117,"column":36}},{"start":{"line":111,"column":111},"end":{"line":117,"column":36}}],"line":111},"2":{"loc":{"start":{"line":111,"column":115},"end":{"line":111,"column":184}},"type":"binary-expr","locations":[{"start":{"line":111,"column":115},"end":{"line":111,"column":152}},{"start":{"line":111,"column":156},"end":{"line":111,"column":184}}],"line":111},"3":{"loc":{"start":{"line":112,"column":71},"end":{"line":115,"column":14}},"type":"if","locations":[{"start":{"line":112,"column":71},"end":{"line":115,"column":14}},{"start":{"line":112,"column":71},"end":{"line":115,"column":14}}],"line":112},"4":{"loc":{"start":{"line":115,"column":113},"end":{"line":117,"column":32}},"type":"if","locations":[{"start":{"line":115,"column":113},"end":{"line":117,"column":32}},{"start":{"line":115,"column":113},"end":{"line":117,"column":32}}],"line":115},"5":{"loc":{"start":{"line":117,"column":257},"end":{"line":124,"column":64}},"type":"if","locations":[{"start":{"line":117,"column":257},"end":{"line":124,"column":64}},{"start":{"line":117,"column":257},"end":{"line":124,"column":64}}],"line":117},"6":{"loc":{"start":{"line":117,"column":302},"end":{"line":124,"column":63}},"type":"if","locations":[{"start":{"line":117,"column":302},"end":{"line":124,"column":63}},{"start":{"line":117,"column":302},"end":{"line":124,"column":63}}],"line":117},"7":{"loc":{"start":{"line":126,"column":4},"end":{"line":128,"column":30}},"type":"if","locations":[{"start":{"line":126,"column":4},"end":{"line":128,"column":30}},{"start":{"line":126,"column":4},"end":{"line":128,"column":30}}],"line":126},"8":{"loc":{"start":{"line":126,"column":8},"end":{"line":126,"column":100}},"type":"binary-expr","locations":[{"start":{"line":126,"column":8},"end":{"line":126,"column":31}},{"start":{"line":126,"column":35},"end":{"line":126,"column":100}}],"line":126},"9":{"loc":{"start":{"line":128,"column":150},"end":{"line":128,"column":267}},"type":"if","locations":[{"start":{"line":128,"column":150},"end":{"line":128,"column":267}},{"start":{"line":128,"column":150},"end":{"line":128,"column":267}}],"line":128}},"s":{"0":0,"1":0,"2":0,"3":0,"4":0,"5":0,"6":0,"7":0,"8":0,"9":0,"10":0,"11":0,"12":0,"13":0,"14":0,"15":0,"16":0,"17":0,"18":0,"19":0,"20":0,"21":0,"22":0,"23":0,"24":0,"25":0,"26":0,"27":0,"28":0,"29":0,"30":0,"31":0},"f":{"0":0,"1":0,"2":0,"3":0,"4":0,"5":0,"6":0,"7":0,"8":0,"9":0,"10":0,"11":0,"12":0,"13":0},"b":{"0":[0,0,0],"1":[0,0],"2":[0,0],"3":[0,0],"4":[0,0],"5":[0,0],"6":[0,0],"7":[0,0],"8":[0,0],"9":[0,0]}}
,"/home/travis/build/flyve-mdm/web-mdm-dashboard/src/store.js": {"path":"/home/travis/build/flyve-mdm/web-mdm-dashboard/src/store.js","statementMap":{"0":{"start":{"line":1,"column":13},"end":{"line":1,"column":75}},"1":{"start":{"line":1,"column":75},"end":{"line":1,"column":119}},"2":{"start":{"line":1,"column":132},"end":{"line":1,"column":148}},"3":{"start":{"line":2,"column":23},"end":{"line":2,"column":74}},"4":{"start":{"line":3,"column":16},"end":{"line":3,"column":37}},"5":{"start":{"line":3,"column":55},"end":{"line":3,"column":88}},"6":{"start":{"line":4,"column":24},"end":{"line":4,"column":53}},"7":{"start":{"line":5,"column":18},"end":{"line":5,"column":40}},"8":{"start":{"line":5,"column":60},"end":{"line":5,"column":95}},"9":{"start":{"line":6,"column":28},"end":{"line":6,"column":67}},"10":{"start":{"line":6,"column":97},"end":{"line":6,"column":142}},"11":{"start":{"line":6,"column":181},"end":{"line":6,"column":235}},"12":{"start":{"line":8,"column":16},"end":{"line":8,"column":71}},"13":{"start":{"line":11,"column":30},"end":{"line":11,"column":78}},"14":{"start":{"line":13,"column":22},"end":{"line":15,"column":1}},"15":{"start":{"line":14,"column":4},"end":{"line":14,"column":84}},"16":{"start":{"line":17,"column":14},"end":{"line":19,"column":59}}},"fnMap":{"0":{"name":"_interopRequireDefault","decl":{"start":{"line":6,"column":152},"end":{"line":6,"column":174}},"loc":{"start":{"line":6,"column":180},"end":{"line":6,"column":236}},"line":6},"1":{"name":"(anonymous_1)","decl":{"start":{"line":13,"column":22},"end":{"line":13,"column":23}},"loc":{"start":{"line":13,"column":28},"end":{"line":15,"column":1}},"line":13}},"branchMap":{"0":{"loc":{"start":{"line":6,"column":188},"end":{"line":6,"column":234}},"type":"cond-expr","locations":[{"start":{"line":6,"column":212},"end":{"line":6,"column":215}},{"start":{"line":6,"column":218},"end":{"line":6,"column":234}}],"line":6},"1":{"loc":{"start":{"line":6,"column":188},"end":{"line":6,"column":209}},"type":"binary-expr","locations":[{"start":{"line":6,"column":188},"end":{"line":6,"column":191}},{"start":{"line":6,"column":195},"end":{"line":6,"column":209}}],"line":6}},"s":{"0":0,"1":0,"2":0,"3":0,"4":0,"5":0,"6":0,"7":0,"8":0,"9":0,"10":0,"11":0,"12":0,"13":0,"14":0,"15":0,"16":0},"f":{"0":0,"1":0},"b":{"0":[0,0],"1":[0,0]}}
,"/home/travis/build/flyve-mdm/web-mdm-dashboard/src/AdminDashboard/BodyAdminDashboard.js": {"path":"/home/travis/build/flyve-mdm/web-mdm-dashboard/src/AdminDashboard/BodyAdminDashboard.js","statementMap":{"0":{"start":{"line":1,"column":13},"end":{"line":1,"column":75}},"1":{"start":{"line":1,"column":94},"end":{"line":1,"column":183}},"2":{"start":{"line":1,"column":197},"end":{"line":1,"column":213}},"3":{"start":{"line":1,"column":228},"end":{"line":1,"column":258}},"4":{"start":{"line":2,"column":18},"end":{"line":2,"column":40}},"5":{"start":{"line":2,"column":60},"end":{"line":2,"column":95}},"6":{"start":{"line":3,"column":18},"end":{"line":3,"column":40}},"7":{"start":{"line":4,"column":13},"end":{"line":4,"column":29}},"8":{"start":{"line":5,"column":22},"end":{"line":5,"column":49}},"9":{"start":{"line":5,"column":64},"end":{"line":5,"column":104}},"10":{"start":{"line":6,"column":12},"end":{"line":6,"column":29}},"11":{"start":{"line":6,"column":43},"end":{"line":6,"column":72}},"12":{"start":{"line":7,"column":13},"end":{"line":7,"column":31}},"13":{"start":{"line":7,"column":46},"end":{"line":7,"column":76}},"14":{"start":{"line":8,"column":15},"end":{"line":8,"column":35}},"15":{"start":{"line":8,"column":52},"end":{"line":8,"column":84}},"16":{"start":{"line":9,"column":19},"end":{"line":9,"column":43}},"17":{"start":{"line":9,"column":64},"end":{"line":9,"column":100}},"18":{"start":{"line":10,"column":14},"end":{"line":10,"column":33}},"19":{"start":{"line":10,"column":49},"end":{"line":10,"column":80}},"20":{"start":{"line":11,"column":13},"end":{"line":11,"column":31}},"21":{"start":{"line":11,"column":46},"end":{"line":11,"column":76}},"22":{"start":{"line":12,"column":20},"end":{"line":12,"column":45}},"23":{"start":{"line":12,"column":67},"end":{"line":12,"column":104}},"24":{"start":{"line":13,"column":20},"end":{"line":13,"column":45}},"25":{"start":{"line":13,"column":67},"end":{"line":13,"column":104}},"26":{"start":{"line":14,"column":13},"end":{"line":14,"column":31}},"27":{"start":{"line":14,"column":46},"end":{"line":14,"column":76}},"28":{"start":{"line":15,"column":16},"end":{"line":15,"column":37}},"29":{"start":{"line":15,"column":55},"end":{"line":15,"column":88}},"30":{"start":{"line":16,"column":26},"end":{"line":16,"column":64}},"31":{"start":{"line":16,"column":92},"end":{"line":16,"column":135}},"32":{"start":{"line":17,"column":26},"end":{"line":17,"column":64}},"33":{"start":{"line":17,"column":92},"end":{"line":17,"column":135}},"34":{"start":{"line":18,"column":29},"end":{"line":18,"column":70}},"35":{"start":{"line":18,"column":101},"end":{"line":18,"column":147}},"36":{"start":{"line":19,"column":15},"end":{"line":19,"column":42}},"37":{"start":{"line":19,"column":59},"end":{"line":19,"column":91}},"38":{"start":{"line":19,"column":131},"end":{"line":19,"column":347}},"39":{"start":{"line":19,"column":159},"end":{"line":19,"column":170}},"40":{"start":{"line":19,"column":191},"end":{"line":19,"column":193}},"41":{"start":{"line":19,"column":194},"end":{"line":19,"column":311}},"42":{"start":{"line":19,"column":212},"end":{"line":19,"column":310}},"43":{"start":{"line":19,"column":234},"end":{"line":19,"column":309}},"44":{"start":{"line":19,"column":286},"end":{"line":19,"column":309}},"45":{"start":{"line":19,"column":311},"end":{"line":19,"column":332}},"46":{"start":{"line":19,"column":332},"end":{"line":19,"column":346}},"47":{"start":{"line":19,"column":386},"end":{"line":19,"column":440}},"48":{"start":{"line":21,"column":19},"end":{"line":21,"column":316}},"49":{"start":{"line":24,"column":4},"end":{"line":39,"column":47}},"50":{"start":{"line":44,"column":20},"end":{"line":58,"column":90}},"51":{"start":{"line":56,"column":26},"end":{"line":56,"column":58}},"52":{"start":{"line":57,"column":29},"end":{"line":57,"column":64}},"53":{"start":{"line":58,"column":41},"end":{"line":58,"column":88}},"54":{"start":{"line":60,"column":4},"end":{"line":60,"column":23}},"55":{"start":{"line":66,"column":8},"end":{"line":66,"column":21}},"56":{"start":{"line":66,"column":21},"end":{"line":88,"column":10}},"57":{"start":{"line":83,"column":12},"end":{"line":87,"column":13}},"58":{"start":{"line":84,"column":16},"end":{"line":85,"column":50}},"59":{"start":{"line":88,"column":10},"end":{"line":107,"column":10}},"60":{"start":{"line":99,"column":32},"end":{"line":99,"column":70}},"61":{"start":{"line":100,"column":12},"end":{"line":106,"column":13}},"62":{"start":{"line":101,"column":16},"end":{"line":105,"column":17}},"63":{"start":{"line":102,"column":20},"end":{"line":102,"column":103}},"64":{"start":{"line":102,"column":49},"end":{"line":102,"column":103}},"65":{"start":{"line":104,"column":20},"end":{"line":104,"column":67}},"66":{"start":{"line":107,"column":10},"end":{"line":107,"column":79}},"67":{"start":{"line":107,"column":79},"end":{"line":107,"column":109}},"68":{"start":{"line":107,"column":155},"end":{"line":107,"column":202}},"69":{"start":{"line":107,"column":202},"end":{"line":107,"column":243}},"70":{"start":{"line":107,"column":243},"end":{"line":107,"column":285}},"71":{"start":{"line":107,"column":285},"end":{"line":107,"column":328}},"72":{"start":{"line":107,"column":328},"end":{"line":107,"column":359}},"73":{"start":{"line":107,"column":382},"end":{"line":107,"column":435}},"74":{"start":{"line":107,"column":460},"end":{"line":107,"column":516}},"75":{"start":{"line":110,"column":24},"end":{"line":129,"column":29}},"76":{"start":{"line":132,"column":8},"end":{"line":138,"column":9}},"77":{"start":{"line":133,"column":12},"end":{"line":136,"column":46}},"78":{"start":{"line":140,"column":8},"end":{"line":145,"column":9}},"79":{"start":{"line":141,"column":12},"end":{"line":143,"column":65}},"80":{"start":{"line":146,"column":8},"end":{"line":151,"column":9}},"81":{"start":{"line":147,"column":12},"end":{"line":149,"column":55}},"82":{"start":{"line":153,"column":33},"end":{"line":155,"column":28}},"83":{"start":{"line":159,"column":8},"end":{"line":189,"column":15}},"84":{"start":{"line":161,"column":28},"end":{"line":161,"column":38}},"85":{"start":{"line":162,"column":16},"end":{"line":178,"column":17}},"86":{"start":{"line":163,"column":20},"end":{"line":177,"column":21}},"87":{"start":{"line":164,"column":24},"end":{"line":168,"column":45}},"88":{"start":{"line":170,"column":27},"end":{"line":177,"column":21}},"89":{"start":{"line":171,"column":24},"end":{"line":175,"column":45}},"90":{"start":{"line":180,"column":16},"end":{"line":186,"column":161}},"91":{"start":{"line":186,"column":41},"end":{"line":186,"column":87}},"92":{"start":{"line":193,"column":8},"end":{"line":205,"column":138}},"93":{"start":{"line":196,"column":96},"end":{"line":196,"column":131}},"94":{"start":{"line":210,"column":6},"end":{"line":215,"column":20}}},"fnMap":{"0":{"name":"_interopRequireWildcard","decl":{"start":{"line":19,"column":101},"end":{"line":19,"column":124}},"loc":{"start":{"line":19,"column":130},"end":{"line":19,"column":348}},"line":19},"1":{"name":"_interopRequireDefault","decl":{"start":{"line":19,"column":357},"end":{"line":19,"column":379}},"loc":{"start":{"line":19,"column":385},"end":{"line":19,"column":441}},"line":19},"2":{"name":"mapStateToProps","decl":{"start":{"line":23,"column":9},"end":{"line":23,"column":24}},"loc":{"start":{"line":23,"column":39},"end":{"line":41,"column":1}},"line":23},"3":{"name":"mapDispatchToProps","decl":{"start":{"line":43,"column":9},"end":{"line":43,"column":27}},"loc":{"start":{"line":43,"column":38},"end":{"line":61,"column":1}},"line":43},"4":{"name":"(anonymous_4)","decl":{"start":{"line":56,"column":19},"end":{"line":56,"column":20}},"loc":{"start":{"line":56,"column":26},"end":{"line":56,"column":58}},"line":56},"5":{"name":"(anonymous_5)","decl":{"start":{"line":57,"column":22},"end":{"line":57,"column":23}},"loc":{"start":{"line":57,"column":29},"end":{"line":57,"column":64}},"line":57},"6":{"name":"(anonymous_6)","decl":{"start":{"line":58,"column":34},"end":{"line":58,"column":35}},"loc":{"start":{"line":58,"column":41},"end":{"line":58,"column":88}},"line":58},"7":{"name":"(anonymous_7)","decl":{"start":{"line":65,"column":4},"end":{"line":65,"column":5}},"loc":{"start":{"line":65,"column":23},"end":{"line":107,"column":110}},"line":65},"8":{"name":"(anonymous_8)","decl":{"start":{"line":82,"column":23},"end":{"line":82,"column":24}},"loc":{"start":{"line":82,"column":29},"end":{"line":88,"column":9}},"line":82},"9":{"name":"(anonymous_9)","decl":{"start":{"line":98,"column":27},"end":{"line":98,"column":28}},"loc":{"start":{"line":98,"column":44},"end":{"line":107,"column":9}},"line":98},"10":{"name":"(anonymous_10)","decl":{"start":{"line":107,"column":68},"end":{"line":107,"column":69}},"loc":{"start":{"line":107,"column":74},"end":{"line":107,"column":76}},"line":107},"11":{"name":"(anonymous_11)","decl":{"start":{"line":107,"column":110},"end":{"line":107,"column":111}},"loc":{"start":{"line":107,"column":154},"end":{"line":107,"column":360}},"line":107},"12":{"name":"(anonymous_12)","decl":{"start":{"line":107,"column":360},"end":{"line":107,"column":361}},"loc":{"start":{"line":107,"column":381},"end":{"line":107,"column":436}},"line":107},"13":{"name":"(anonymous_13)","decl":{"start":{"line":107,"column":436},"end":{"line":107,"column":437}},"loc":{"start":{"line":107,"column":459},"end":{"line":107,"column":517}},"line":107},"14":{"name":"(anonymous_14)","decl":{"start":{"line":109,"column":4},"end":{"line":109,"column":5}},"loc":{"start":{"line":109,"column":13},"end":{"line":210,"column":5}},"line":109},"15":{"name":"(anonymous_15)","decl":{"start":{"line":160,"column":34},"end":{"line":160,"column":35}},"loc":{"start":{"line":160,"column":51},"end":{"line":189,"column":13}},"line":160},"16":{"name":"(anonymous_16)","decl":{"start":{"line":186,"column":35},"end":{"line":186,"column":36}},"loc":{"start":{"line":186,"column":41},"end":{"line":186,"column":87}},"line":186},"17":{"name":"(anonymous_17)","decl":{"start":{"line":196,"column":83},"end":{"line":196,"column":84}},"loc":{"start":{"line":196,"column":95},"end":{"line":196,"column":132}},"line":196}},"branchMap":{"0":{"loc":{"start":{"line":19,"column":131},"end":{"line":19,"column":347}},"type":"if","locations":[{"start":{"line":19,"column":131},"end":{"line":19,"column":347}},{"start":{"line":19,"column":131},"end":{"line":19,"column":347}}],"line":19},"1":{"loc":{"start":{"line":19,"column":135},"end":{"line":19,"column":156}},"type":"binary-expr","locations":[{"start":{"line":19,"column":135},"end":{"line":19,"column":138}},{"start":{"line":19,"column":142},"end":{"line":19,"column":156}}],"line":19},"2":{"loc":{"start":{"line":19,"column":194},"end":{"line":19,"column":311}},"type":"if","locations":[{"start":{"line":19,"column":194},"end":{"line":19,"column":311}},{"start":{"line":19,"column":194},"end":{"line":19,"column":311}}],"line":19},"3":{"loc":{"start":{"line":19,"column":234},"end":{"line":19,"column":309}},"type":"if","locations":[{"start":{"line":19,"column":234},"end":{"line":19,"column":309}},{"start":{"line":19,"column":234},"end":{"line":19,"column":309}}],"line":19},"4":{"loc":{"start":{"line":19,"column":393},"end":{"line":19,"column":439}},"type":"cond-expr","locations":[{"start":{"line":19,"column":417},"end":{"line":19,"column":420}},{"start":{"line":19,"column":423},"end":{"line":19,"column":439}}],"line":19},"5":{"loc":{"start":{"line":19,"column":393},"end":{"line":19,"column":414}},"type":"binary-expr","locations":[{"start":{"line":19,"column":393},"end":{"line":19,"column":396}},{"start":{"line":19,"column":400},"end":{"line":19,"column":414}}],"line":19},"6":{"loc":{"start":{"line":83,"column":12},"end":{"line":87,"column":13}},"type":"if","locations":[{"start":{"line":83,"column":12},"end":{"line":87,"column":13}},{"start":{"line":83,"column":12},"end":{"line":87,"column":13}}],"line":83},"7":{"loc":{"start":{"line":100,"column":12},"end":{"line":106,"column":13}},"type":"if","locations":[{"start":{"line":100,"column":12},"end":{"line":106,"column":13}},{"start":{"line":100,"column":12},"end":{"line":106,"column":13}}],"line":100},"8":{"loc":{"start":{"line":101,"column":16},"end":{"line":105,"column":17}},"type":"if","locations":[{"start":{"line":101,"column":16},"end":{"line":105,"column":17}},{"start":{"line":101,"column":16},"end":{"line":105,"column":17}}],"line":101},"9":{"loc":{"start":{"line":102,"column":20},"end":{"line":102,"column":103}},"type":"if","locations":[{"start":{"line":102,"column":20},"end":{"line":102,"column":103}},{"start":{"line":102,"column":20},"end":{"line":102,"column":103}}],"line":102},"10":{"loc":{"start":{"line":132,"column":8},"end":{"line":138,"column":9}},"type":"if","locations":[{"start":{"line":132,"column":8},"end":{"line":138,"column":9}},{"start":{"line":132,"column":8},"end":{"line":138,"column":9}}],"line":132},"11":{"loc":{"start":{"line":140,"column":8},"end":{"line":145,"column":9}},"type":"if","locations":[{"start":{"line":140,"column":8},"end":{"line":145,"column":9}},{"start":{"line":140,"column":8},"end":{"line":145,"column":9}}],"line":140},"12":{"loc":{"start":{"line":146,"column":8},"end":{"line":151,"column":9}},"type":"if","locations":[{"start":{"line":146,"column":8},"end":{"line":151,"column":9}},{"start":{"line":146,"column":8},"end":{"line":151,"column":9}}],"line":146},"13":{"loc":{"start":{"line":162,"column":16},"end":{"line":178,"column":17}},"type":"if","locations":[{"start":{"line":162,"column":16},"end":{"line":178,"column":17}},{"start":{"line":162,"column":16},"end":{"line":178,"column":17}}],"line":162},"14":{"loc":{"start":{"line":163,"column":20},"end":{"line":177,"column":21}},"type":"if","locations":[{"start":{"line":163,"column":20},"end":{"line":177,"column":21}},{"start":{"line":163,"column":20},"end":{"line":177,"column":21}}],"line":163},"15":{"loc":{"start":{"line":170,"column":27},"end":{"line":177,"column":21}},"type":"if","locations":[{"start":{"line":170,"column":27},"end":{"line":177,"column":21}},{"start":{"line":170,"column":27},"end":{"line":177,"column":21}}],"line":170}},"s":{"0":0,"1":0,"2":0,"3":0,"4":0,"5":0,"6":0,"7":0,"8":0,"9":0,"10":0,"11":0,"12":0,"13":0,"14":0,"15":0,"16":0,"17":0,"18":0,"19":0,"20":0,"21":0,"22":0,"23":0,"24":0,"25":0,"26":0,"27":0,"28":0,"29":0,"30":0,"31":0,"32":0,"33":0,"34":0,"35":0,"36":0,"37":0,"38":0,"39":0,"40":0,"41":0,"42":0,"43":0,"44":0,"45":0,"46":0,"47":0,"48":0,"49":0,"50":0,"51":0,"52":0,"53":0,"54":0,"55":0,"56":0,"57":0,"58":0,"59":0,"60":0,"61":0,"62":0,"63":0,"64":0,"65":0,"66":0,"67":0,"68":0,"69":0,"70":0,"71":0,"72":0,"73":0,"74":0,"75":0,"76":0,"77":0,"78":0,"79":0,"80":0,"81":0,"82":0,"83":0,"84":0,"85":0,"86":0,"87":0,"88":0,"89":0,"90":0,"91":0,"92":0,"93":0,"94":0},"f":{"0":0,"1":0,"2":0,"3":0,"4":0,"5":0,"6":0,"7":0,"8":0,"9":0,"10":0,"11":0,"12":0,"13":0,"14":0,"15":0,"16":0,"17":0},"b":{"0":[0,0],"1":[0,0],"2":[0,0],"3":[0,0],"4":[0,0],"5":[0,0],"6":[0,0],"7":[0,0],"8":[0,0],"9":[0,0],"10":[0,0],"11":[0,0],"12":[0,0],"13":[0,0],"14":[0,0],"15":[0,0]}}
,"/home/travis/build/flyve-mdm/web-mdm-dashboard/src/AdminDashboard/BuildItemList.js": {"path":"/home/travis/build/flyve-mdm/web-mdm-dashboard/src/AdminDashboard/BuildItemList.js","statementMap":{"0":{"start":{"line":1,"column":13},"end":{"line":1,"column":75}},"1":{"start":{"line":1,"column":75},"end":{"line":48,"column":2}},"2":{"start":{"line":5,"column":21},"end":{"line":7,"column":5}},"3":{"start":{"line":6,"column":8},"end":{"line":6,"column":59}},"4":{"start":{"line":9,"column":22},"end":{"line":11,"column":5}},"5":{"start":{"line":10,"column":8},"end":{"line":10,"column":41}},"6":{"start":{"line":13,"column":24},"end":{"line":31,"column":5}},"7":{"start":{"line":14,"column":8},"end":{"line":30,"column":9}},"8":{"start":{"line":15,"column":12},"end":{"line":21,"column":13}},"9":{"start":{"line":16,"column":16},"end":{"line":16,"column":26}},"10":{"start":{"line":17,"column":19},"end":{"line":21,"column":13}},"11":{"start":{"line":18,"column":16},"end":{"line":18,"column":25}},"12":{"start":{"line":20,"column":16},"end":{"line":20,"column":25}},"13":{"start":{"line":23,"column":12},"end":{"line":29,"column":13}},"14":{"start":{"line":24,"column":16},"end":{"line":24,"column":26}},"15":{"start":{"line":25,"column":19},"end":{"line":29,"column":13}},"16":{"start":{"line":26,"column":16},"end":{"line":26,"column":25}},"17":{"start":{"line":28,"column":16},"end":{"line":28,"column":25}},"18":{"start":{"line":33,"column":19},"end":{"line":41,"column":5}},"19":{"start":{"line":34,"column":8},"end":{"line":40,"column":9}},"20":{"start":{"line":35,"column":12},"end":{"line":35,"column":22}},"21":{"start":{"line":36,"column":15},"end":{"line":40,"column":9}},"22":{"start":{"line":37,"column":12},"end":{"line":37,"column":21}},"23":{"start":{"line":39,"column":12},"end":{"line":39,"column":21}},"24":{"start":{"line":43,"column":4},"end":{"line":47,"column":5}},"25":{"start":{"line":44,"column":8},"end":{"line":46,"column":56}},"26":{"start":{"line":48,"column":15},"end":{"line":48,"column":31}},"27":{"start":{"line":48,"column":46},"end":{"line":48,"column":76}},"28":{"start":{"line":48,"column":115},"end":{"line":48,"column":169}}},"fnMap":{"0":{"name":"(anonymous_0)","decl":{"start":{"line":3,"column":0},"end":{"line":3,"column":1}},"loc":{"start":{"line":3,"column":22},"end":{"line":48,"column":1}},"line":3},"1":{"name":"(anonymous_1)","decl":{"start":{"line":5,"column":21},"end":{"line":5,"column":22}},"loc":{"start":{"line":5,"column":37},"end":{"line":7,"column":5}},"line":5},"2":{"name":"(anonymous_2)","decl":{"start":{"line":9,"column":22},"end":{"line":9,"column":23}},"loc":{"start":{"line":9,"column":38},"end":{"line":11,"column":5}},"line":9},"3":{"name":"(anonymous_3)","decl":{"start":{"line":13,"column":24},"end":{"line":13,"column":25}},"loc":{"start":{"line":13,"column":40},"end":{"line":31,"column":5}},"line":13},"4":{"name":"(anonymous_4)","decl":{"start":{"line":33,"column":19},"end":{"line":33,"column":20}},"loc":{"start":{"line":33,"column":29},"end":{"line":41,"column":5}},"line":33},"5":{"name":"_interopRequireDefault","decl":{"start":{"line":48,"column":86},"end":{"line":48,"column":108}},"loc":{"start":{"line":48,"column":114},"end":{"line":48,"column":170}},"line":48}},"branchMap":{"0":{"loc":{"start":{"line":14,"column":8},"end":{"line":30,"column":9}},"type":"if","locations":[{"start":{"line":14,"column":8},"end":{"line":30,"column":9}},{"start":{"line":14,"column":8},"end":{"line":30,"column":9}}],"line":14},"1":{"loc":{"start":{"line":15,"column":12},"end":{"line":21,"column":13}},"type":"if","locations":[{"start":{"line":15,"column":12},"end":{"line":21,"column":13}},{"start":{"line":15,"column":12},"end":{"line":21,"column":13}}],"line":15},"2":{"loc":{"start":{"line":17,"column":19},"end":{"line":21,"column":13}},"type":"if","locations":[{"start":{"line":17,"column":19},"end":{"line":21,"column":13}},{"start":{"line":17,"column":19},"end":{"line":21,"column":13}}],"line":17},"3":{"loc":{"start":{"line":23,"column":12},"end":{"line":29,"column":13}},"type":"if","locations":[{"start":{"line":23,"column":12},"end":{"line":29,"column":13}},{"start":{"line":23,"column":12},"end":{"line":29,"column":13}}],"line":23},"4":{"loc":{"start":{"line":25,"column":19},"end":{"line":29,"column":13}},"type":"if","locations":[{"start":{"line":25,"column":19},"end":{"line":29,"column":13}},{"start":{"line":25,"column":19},"end":{"line":29,"column":13}}],"line":25},"5":{"loc":{"start":{"line":34,"column":8},"end":{"line":40,"column":9}},"type":"if","locations":[{"start":{"line":34,"column":8},"end":{"line":40,"column":9}},{"start":{"line":34,"column":8},"end":{"line":40,"column":9}}],"line":34},"6":{"loc":{"start":{"line":36,"column":15},"end":{"line":40,"column":9}},"type":"if","locations":[{"start":{"line":36,"column":15},"end":{"line":40,"column":9}},{"start":{"line":36,"column":15},"end":{"line":40,"column":9}}],"line":36},"7":{"loc":{"start":{"line":43,"column":4},"end":{"line":47,"column":5}},"type":"if","locations":[{"start":{"line":43,"column":4},"end":{"line":47,"column":5}},{"start":{"line":43,"column":4},"end":{"line":47,"column":5}}],"line":43},"8":{"loc":{"start":{"line":48,"column":122},"end":{"line":48,"column":168}},"type":"cond-expr","locations":[{"start":{"line":48,"column":146},"end":{"line":48,"column":149}},{"start":{"line":48,"column":152},"end":{"line":48,"column":168}}],"line":48},"9":{"loc":{"start":{"line":48,"column":122},"end":{"line":48,"column":143}},"type":"binary-expr","locations":[{"start":{"line":48,"column":122},"end":{"line":48,"column":125}},{"start":{"line":48,"column":129},"end":{"line":48,"column":143}}],"line":48}},"s":{"0":0,"1":0,"2":0,"3":0,"4":0,"5":0,"6":0,"7":0,"8":0,"9":0,"10":0,"11":0,"12":0,"13":0,"14":0,"15":0,"16":0,"17":0,"18":0,"19":0,"20":0,"21":0,"22":0,"23":0,"24":0,"25":0,"26":0,"27":0,"28":0},"f":{"0":0,"1":0,"2":0,"3":0,"4":0,"5":0},"b":{"0":[0,0],"1":[0,0],"2":[0,0],"3":[0,0],"4":[0,0],"5":[0,0],"6":[0,0],"7":[0,0],"8":[0,0],"9":[0,0]}}
,"/home/travis/build/flyve-mdm/web-mdm-dashboard/src/AdminDashboard/Data.js": {"path":"/home/travis/build/flyve-mdm/web-mdm-dashboard/src/AdminDashboard/Data.js","statementMap":{"0":{"start":{"line":1,"column":13},"end":{"line":1,"column":75}},"1":{"start":{"line":1,"column":75},"end":{"line":1,"column":197}},"2":{"start":{"line":1,"column":210},"end":{"line":1,"column":238}},"3":{"start":{"line":1,"column":253},"end":{"line":1,"column":283}},"4":{"start":{"line":2,"column":14},"end":{"line":2,"column":43}},"5":{"start":{"line":2,"column":59},"end":{"line":2,"column":90}},"6":{"start":{"line":3,"column":19},"end":{"line":3,"column":53}},"7":{"start":{"line":3,"column":74},"end":{"line":3,"column":110}},"8":{"start":{"line":4,"column":14},"end":{"line":4,"column":43}},"9":{"start":{"line":4,"column":59},"end":{"line":4,"column":90}},"10":{"start":{"line":5,"column":13},"end":{"line":5,"column":41}},"11":{"start":{"line":5,"column":56},"end":{"line":5,"column":86}},"12":{"start":{"line":6,"column":16},"end":{"line":6,"column":47}},"13":{"start":{"line":6,"column":65},"end":{"line":6,"column":98}},"14":{"start":{"line":6,"column":137},"end":{"line":6,"column":191}},"15":{"start":{"line":8,"column":14},"end":{"line":8,"column":53}},"16":{"start":{"line":9,"column":18},"end":{"line":9,"column":66}},"17":{"start":{"line":10,"column":13},"end":{"line":10,"column":51}},"18":{"start":{"line":11,"column":12},"end":{"line":11,"column":48}},"19":{"start":{"line":12,"column":19},"end":{"line":12,"column":65}},"20":{"start":{"line":13,"column":12},"end":{"line":13,"column":48}}},"fnMap":{"0":{"name":"_interopRequireDefault","decl":{"start":{"line":6,"column":108},"end":{"line":6,"column":130}},"loc":{"start":{"line":6,"column":136},"end":{"line":6,"column":192}},"line":6}},"branchMap":{"0":{"loc":{"start":{"line":6,"column":144},"end":{"line":6,"column":190}},"type":"cond-expr","locations":[{"start":{"line":6,"column":168},"end":{"line":6,"column":171}},{"start":{"line":6,"column":174},"end":{"line":6,"column":190}}],"line":6},"1":{"loc":{"start":{"line":6,"column":144},"end":{"line":6,"column":165}},"type":"binary-expr","locations":[{"start":{"line":6,"column":144},"end":{"line":6,"column":147}},{"start":{"line":6,"column":151},"end":{"line":6,"column":165}}],"line":6}},"s":{"0":0,"1":0,"2":0,"3":0,"4":0,"5":0,"6":0,"7":0,"8":0,"9":0,"10":0,"11":0,"12":0,"13":0,"14":0,"15":0,"16":0,"17":0,"18":0,"19":0,"20":0},"f":{"0":0},"b":{"0":[0,0],"1":[0,0]}}
,"/home/travis/build/flyve-mdm/web-mdm-dashboard/src/AdminDashboard/DuckController.js": {"path":"/home/travis/build/flyve-mdm/web-mdm-dashboard/src/AdminDashboard/DuckController.js","statementMap":{"0":{"start":{"line":1,"column":13},"end":{"line":1,"column":75}},"1":{"start":{"line":1,"column":75},"end":{"line":59,"column":8}},"2":{"start":{"line":59,"column":8},"end":{"line":153,"column":36}},"3":{"start":{"line":153,"column":36},"end":{"line":158,"column":22}},"4":{"start":{"line":158,"column":22},"end":{"line":163,"column":46}},"5":{"start":{"line":163,"column":46},"end":{"line":169,"column":24}},"6":{"start":{"line":169,"column":24},"end":{"line":175,"column":32}},"7":{"start":{"line":175,"column":32},"end":{"line":181,"column":26}},"8":{"start":{"line":181,"column":26},"end":{"line":187,"column":24}},"9":{"start":{"line":187,"column":24},"end":{"line":192,"column":32}},"10":{"start":{"line":192,"column":32},"end":{"line":198,"column":36}},"11":{"start":{"line":198,"column":36},"end":{"line":205,"column":36}},"12":{"start":{"line":205,"column":36},"end":{"line":212,"column":38}},"13":{"start":{"line":212,"column":38},"end":{"line":219,"column":30}},"14":{"start":{"line":219,"column":30},"end":{"line":225,"column":36}},"15":{"start":{"line":225,"column":36},"end":{"line":231,"column":36}},"16":{"start":{"line":231,"column":36},"end":{"line":236,"column":22}},"17":{"start":{"line":236,"column":22},"end":{"line":251,"column":28}},"18":{"start":{"line":251,"column":28},"end":{"line":266,"column":58}},"19":{"start":{"line":266,"column":58},"end":{"line":273,"column":52}},"20":{"start":{"line":273,"column":67},"end":{"line":273,"column":94}},"21":{"start":{"line":273,"column":111},"end":{"line":273,"column":143}},"22":{"start":{"line":273,"column":162},"end":{"line":273,"column":192}},"23":{"start":{"line":273,"column":212},"end":{"line":273,"column":247}},"24":{"start":{"line":273,"column":264},"end":{"line":273,"column":285}},"25":{"start":{"line":273,"column":303},"end":{"line":273,"column":336}},"26":{"start":{"line":273,"column":352},"end":{"line":273,"column":372}},"27":{"start":{"line":273,"column":389},"end":{"line":273,"column":421}},"28":{"start":{"line":273,"column":433},"end":{"line":273,"column":449}},"29":{"start":{"line":273,"column":460},"end":{"line":273,"column":489}},"30":{"start":{"line":273,"column":503},"end":{"line":273,"column":519}},"31":{"start":{"line":273,"column":534},"end":{"line":273,"column":564}},"32":{"start":{"line":273,"column":604},"end":{"line":273,"column":820}},"33":{"start":{"line":273,"column":632},"end":{"line":273,"column":643}},"34":{"start":{"line":273,"column":664},"end":{"line":273,"column":666}},"35":{"start":{"line":273,"column":667},"end":{"line":273,"column":784}},"36":{"start":{"line":273,"column":685},"end":{"line":273,"column":783}},"37":{"start":{"line":273,"column":707},"end":{"line":273,"column":782}},"38":{"start":{"line":273,"column":759},"end":{"line":273,"column":782}},"39":{"start":{"line":273,"column":784},"end":{"line":273,"column":805}},"40":{"start":{"line":273,"column":805},"end":{"line":273,"column":819}},"41":{"start":{"line":273,"column":859},"end":{"line":273,"column":913}},"42":{"start":{"line":273,"column":930},"end":{"line":273,"column":1012}},"43":{"start":{"line":273,"column":1013},"end":{"line":273,"column":1041}},"44":{"start":{"line":273,"column":1063},"end":{"line":274,"column":1}},"45":{"start":{"line":274,"column":29},"end":{"line":274,"column":79}},"46":{"start":{"line":274,"column":99},"end":{"line":274,"column":142}},"47":{"start":{"line":274,"column":175},"end":{"line":274,"column":230}},"48":{"start":{"line":274,"column":251},"end":{"line":274,"column":295}},"49":{"start":{"line":274,"column":320},"end":{"line":274,"column":368}},"50":{"start":{"line":274,"column":390},"end":{"line":274,"column":435}},"51":{"start":{"line":274,"column":456},"end":{"line":274,"column":500}},"52":{"start":{"line":274,"column":525},"end":{"line":274,"column":573}},"53":{"start":{"line":274,"column":601},"end":{"line":274,"column":651}},"54":{"start":{"line":274,"column":679},"end":{"line":274,"column":729}},"55":{"start":{"line":274,"column":758},"end":{"line":274,"column":809}},"56":{"start":{"line":274,"column":833},"end":{"line":274,"column":880}},"57":{"start":{"line":274,"column":911},"end":{"line":274,"column":964}},"58":{"start":{"line":274,"column":995},"end":{"line":274,"column":1048}},"59":{"start":{"line":274,"column":1087},"end":{"line":274,"column":1148}},"60":{"start":{"line":275,"column":49},"end":{"line":275,"column":1533}},"61":{"start":{"line":275,"column":95},"end":{"line":275,"column":162}},"62":{"start":{"line":275,"column":178},"end":{"line":275,"column":233}},"63":{"start":{"line":275,"column":262},"end":{"line":275,"column":327}},"64":{"start":{"line":275,"column":344},"end":{"line":275,"column":402}},"65":{"start":{"line":275,"column":423},"end":{"line":275,"column":489}},"66":{"start":{"line":275,"column":507},"end":{"line":275,"column":567}},"67":{"start":{"line":275,"column":584},"end":{"line":275,"column":663}},"68":{"start":{"line":275,"column":684},"end":{"line":275,"column":750}},"69":{"start":{"line":275,"column":774},"end":{"line":275,"column":844}},"70":{"start":{"line":275,"column":868},"end":{"line":275,"column":938}},"71":{"start":{"line":275,"column":963},"end":{"line":275,"column":1035}},"72":{"start":{"line":275,"column":1055},"end":{"line":275,"column":1120}},"73":{"start":{"line":275,"column":1147},"end":{"line":275,"column":1305}},"74":{"start":{"line":275,"column":1332},"end":{"line":275,"column":1392}},"75":{"start":{"line":275,"column":1427},"end":{"line":275,"column":1511}},"76":{"start":{"line":275,"column":1519},"end":{"line":275,"column":1532}},"77":{"start":{"line":276,"column":29},"end":{"line":276,"column":65}},"78":{"start":{"line":276,"column":88},"end":{"line":276,"column":116}},"79":{"start":{"line":276,"column":151},"end":{"line":276,"column":179}},"80":{"start":{"line":276,"column":179},"end":{"line":276,"column":220}},"81":{"start":{"line":276,"column":251},"end":{"line":276,"column":289}},"82":{"start":{"line":276,"column":328},"end":{"line":276,"column":374}},"83":{"start":{"line":276,"column":407},"end":{"line":276,"column":447}},"84":{"start":{"line":276,"column":471},"end":{"line":276,"column":500}},"85":{"start":{"line":276,"column":539},"end":{"line":276,"column":585}},"86":{"start":{"line":276,"column":638},"end":{"line":276,"column":726}},"87":{"start":{"line":276,"column":769},"end":{"line":276,"column":820}},"88":{"start":{"line":276,"column":865},"end":{"line":276,"column":918}},"89":{"start":{"line":276,"column":949},"end":{"line":276,"column":998}},"90":{"start":{"line":276,"column":1032},"end":{"line":276,"column":1086}},"91":{"start":{"line":276,"column":1116},"end":{"line":276,"column":1155}},"92":{"start":{"line":276,"column":1186},"end":{"line":276,"column":1484}},"93":{"start":{"line":276,"column":1206},"end":{"line":276,"column":1241}},"94":{"start":{"line":276,"column":1241},"end":{"line":276,"column":1271}},"95":{"start":{"line":276,"column":1271},"end":{"line":276,"column":1482}},"96":{"start":{"line":276,"column":1336},"end":{"line":276,"column":1369}},"97":{"start":{"line":276,"column":1369},"end":{"line":276,"column":1400}},"98":{"start":{"line":276,"column":1419},"end":{"line":276,"column":1448}},"99":{"start":{"line":276,"column":1448},"end":{"line":276,"column":1479}},"100":{"start":{"line":276,"column":1510},"end":{"line":276,"column":1801}},"101":{"start":{"line":276,"column":1530},"end":{"line":276,"column":1567}},"102":{"start":{"line":276,"column":1567},"end":{"line":276,"column":1597}},"103":{"start":{"line":276,"column":1597},"end":{"line":276,"column":1799}},"104":{"start":{"line":276,"column":1653},"end":{"line":276,"column":1686}},"105":{"start":{"line":276,"column":1686},"end":{"line":276,"column":1717}},"106":{"start":{"line":276,"column":1736},"end":{"line":276,"column":1765}},"107":{"start":{"line":276,"column":1765},"end":{"line":276,"column":1796}},"108":{"start":{"line":276,"column":1858},"end":{"line":276,"column":1923}},"109":{"start":{"line":276,"column":1961},"end":{"line":285,"column":6}},"110":{"start":{"line":276,"column":1981},"end":{"line":276,"column":2011}},"111":{"start":{"line":276,"column":2011},"end":{"line":284,"column":11}},"112":{"start":{"line":278,"column":12},"end":{"line":278,"column":56}},"113":{"start":{"line":279,"column":12},"end":{"line":279,"column":43}},"114":{"start":{"line":282,"column":12},"end":{"line":282,"column":41}},"115":{"start":{"line":283,"column":12},"end":{"line":283,"column":43}}},"fnMap":{"0":{"name":"_interopRequireWildcard","decl":{"start":{"line":273,"column":574},"end":{"line":273,"column":597}},"loc":{"start":{"line":273,"column":603},"end":{"line":273,"column":821}},"line":273},"1":{"name":"_interopRequireDefault","decl":{"start":{"line":273,"column":830},"end":{"line":273,"column":852}},"loc":{"start":{"line":273,"column":858},"end":{"line":273,"column":914}},"line":273},"2":{"name":"reducer","decl":{"start":{"line":275,"column":9},"end":{"line":275,"column":16}},"loc":{"start":{"line":275,"column":48},"end":{"line":275,"column":1534}},"line":275},"3":{"name":"handleTogglePane","decl":{"start":{"line":276,"column":9},"end":{"line":276,"column":25}},"loc":{"start":{"line":276,"column":28},"end":{"line":276,"column":66}},"line":276},"4":{"name":"closePane","decl":{"start":{"line":276,"column":75},"end":{"line":276,"column":84}},"loc":{"start":{"line":276,"column":87},"end":{"line":276,"column":117}},"line":276},"5":{"name":"handleToggleAnimation","decl":{"start":{"line":276,"column":126},"end":{"line":276,"column":147}},"loc":{"start":{"line":276,"column":150},"end":{"line":276,"column":221}},"line":276},"6":{"name":"changeMode","decl":{"start":{"line":276,"column":230},"end":{"line":276,"column":240}},"loc":{"start":{"line":276,"column":250},"end":{"line":276,"column":290}},"line":276},"7":{"name":"changeLocation","decl":{"start":{"line":276,"column":299},"end":{"line":276,"column":313}},"loc":{"start":{"line":276,"column":327},"end":{"line":276,"column":375}},"line":276},"8":{"name":"changeIndex","decl":{"start":{"line":276,"column":384},"end":{"line":276,"column":395}},"loc":{"start":{"line":276,"column":406},"end":{"line":276,"column":448}},"line":276},"9":{"name":"handleBack","decl":{"start":{"line":276,"column":457},"end":{"line":276,"column":467}},"loc":{"start":{"line":276,"column":470},"end":{"line":276,"column":501}},"line":276},"10":{"name":"changeEndpoint","decl":{"start":{"line":276,"column":510},"end":{"line":276,"column":524}},"loc":{"start":{"line":276,"column":538},"end":{"line":276,"column":586}},"line":276},"11":{"name":"changeDataSource","decl":{"start":{"line":276,"column":595},"end":{"line":276,"column":611}},"loc":{"start":{"line":276,"column":637},"end":{"line":276,"column":727}},"line":276},"12":{"name":"changeActionList","decl":{"start":{"line":276,"column":736},"end":{"line":276,"column":752}},"loc":{"start":{"line":276,"column":768},"end":{"line":276,"column":821}},"line":276},"13":{"name":"changeCurrentItem","decl":{"start":{"line":276,"column":830},"end":{"line":276,"column":847}},"loc":{"start":{"line":276,"column":864},"end":{"line":276,"column":919}},"line":276},"14":{"name":"changeLoading","decl":{"start":{"line":276,"column":928},"end":{"line":276,"column":941}},"loc":{"start":{"line":276,"column":948},"end":{"line":276,"column":999}},"line":276},"15":{"name":"fetchDataSuccess","decl":{"start":{"line":276,"column":1008},"end":{"line":276,"column":1024}},"loc":{"start":{"line":276,"column":1031},"end":{"line":276,"column":1087}},"line":276},"16":{"name":"fetchDataFailure","decl":{"start":{"line":276,"column":1096},"end":{"line":276,"column":1112}},"loc":{"start":{"line":276,"column":1115},"end":{"line":276,"column":1156}},"line":276},"17":{"name":"fetchData","decl":{"start":{"line":276,"column":1165},"end":{"line":276,"column":1174}},"loc":{"start":{"line":276,"column":1185},"end":{"line":276,"column":1485}},"line":276},"18":{"name":"(anonymous_18)","decl":{"start":{"line":276,"column":1193},"end":{"line":276,"column":1194}},"loc":{"start":{"line":276,"column":1205},"end":{"line":276,"column":1483}},"line":276},"19":{"name":"(anonymous_19)","decl":{"start":{"line":276,"column":1313},"end":{"line":276,"column":1314}},"loc":{"start":{"line":276,"column":1335},"end":{"line":276,"column":1401}},"line":276},"20":{"name":"(anonymous_20)","decl":{"start":{"line":276,"column":1409},"end":{"line":276,"column":1410}},"loc":{"start":{"line":276,"column":1418},"end":{"line":276,"column":1480}},"line":276},"21":{"name":"sendFeedback","decl":{"start":{"line":276,"column":1494},"end":{"line":276,"column":1506}},"loc":{"start":{"line":276,"column":1509},"end":{"line":276,"column":1802}},"line":276},"22":{"name":"(anonymous_22)","decl":{"start":{"line":276,"column":1517},"end":{"line":276,"column":1518}},"loc":{"start":{"line":276,"column":1529},"end":{"line":276,"column":1800}},"line":276},"23":{"name":"(anonymous_23)","decl":{"start":{"line":276,"column":1630},"end":{"line":276,"column":1631}},"loc":{"start":{"line":276,"column":1652},"end":{"line":276,"column":1718}},"line":276},"24":{"name":"(anonymous_24)","decl":{"start":{"line":276,"column":1726},"end":{"line":276,"column":1727}},"loc":{"start":{"line":276,"column":1735},"end":{"line":276,"column":1797}},"line":276},"25":{"name":"changePasswordConfiguration","decl":{"start":{"line":276,"column":1811},"end":{"line":276,"column":1838}},"loc":{"start":{"line":276,"column":1857},"end":{"line":276,"column":1924}},"line":276},"26":{"name":"getPasswordConfiguration","decl":{"start":{"line":276,"column":1933},"end":{"line":276,"column":1957}},"loc":{"start":{"line":276,"column":1960},"end":{"line":286,"column":1}},"line":276},"27":{"name":"(anonymous_27)","decl":{"start":{"line":276,"column":1968},"end":{"line":276,"column":1969}},"loc":{"start":{"line":276,"column":1980},"end":{"line":285,"column":5}},"line":276},"28":{"name":"(anonymous_28)","decl":{"start":{"line":277,"column":13},"end":{"line":277,"column":14}},"loc":{"start":{"line":277,"column":35},"end":{"line":280,"column":9}},"line":277},"29":{"name":"(anonymous_29)","decl":{"start":{"line":281,"column":14},"end":{"line":281,"column":15}},"loc":{"start":{"line":281,"column":23},"end":{"line":284,"column":9}},"line":281}},"branchMap":{"0":{"loc":{"start":{"line":273,"column":604},"end":{"line":273,"column":820}},"type":"if","locations":[{"start":{"line":273,"column":604},"end":{"line":273,"column":820}},{"start":{"line":273,"column":604},"end":{"line":273,"column":820}}],"line":273},"1":{"loc":{"start":{"line":273,"column":608},"end":{"line":273,"column":629}},"type":"binary-expr","locations":[{"start":{"line":273,"column":608},"end":{"line":273,"column":611}},{"start":{"line":273,"column":615},"end":{"line":273,"column":629}}],"line":273},"2":{"loc":{"start":{"line":273,"column":667},"end":{"line":273,"column":784}},"type":"if","locations":[{"start":{"line":273,"column":667},"end":{"line":273,"column":784}},{"start":{"line":273,"column":667},"end":{"line":273,"column":784}}],"line":273},"3":{"loc":{"start":{"line":273,"column":707},"end":{"line":273,"column":782}},"type":"if","locations":[{"start":{"line":273,"column":707},"end":{"line":273,"column":782}},{"start":{"line":273,"column":707},"end":{"line":273,"column":782}}],"line":273},"4":{"loc":{"start":{"line":273,"column":866},"end":{"line":273,"column":912}},"type":"cond-expr","locations":[{"start":{"line":273,"column":890},"end":{"line":273,"column":893}},{"start":{"line":273,"column":896},"end":{"line":273,"column":912}}],"line":273},"5":{"loc":{"start":{"line":273,"column":866},"end":{"line":273,"column":887}},"type":"binary-expr","locations":[{"start":{"line":273,"column":866},"end":{"line":273,"column":869}},{"start":{"line":273,"column":873},"end":{"line":273,"column":887}}],"line":273},"6":{"loc":{"start":{"line":273,"column":930},"end":{"line":273,"column":1012}},"type":"cond-expr","locations":[{"start":{"line":273,"column":964},"end":{"line":273,"column":1007}},{"start":{"line":273,"column":1010},"end":{"line":273,"column":1012}}],"line":273},"7":{"loc":{"start":{"line":273,"column":1125},"end":{"line":273,"column":1185}},"type":"cond-expr","locations":[{"start":{"line":273,"column":1160},"end":{"line":273,"column":1178}},{"start":{"line":273,"column":1181},"end":{"line":273,"column":1185}}],"line":273},"8":{"loc":{"start":{"line":275,"column":17},"end":{"line":275,"column":38}},"type":"default-arg","locations":[{"start":{"line":275,"column":25},"end":{"line":275,"column":38}}],"line":275},"9":{"loc":{"start":{"line":275,"column":49},"end":{"line":275,"column":1533}},"type":"switch","locations":[{"start":{"line":275,"column":71},"end":{"line":275,"column":162}},{"start":{"line":275,"column":162},"end":{"line":275,"column":233}},{"start":{"line":275,"column":233},"end":{"line":275,"column":327}},{"start":{"line":275,"column":327},"end":{"line":275,"column":402}},{"start":{"line":275,"column":402},"end":{"line":275,"column":489}},{"start":{"line":275,"column":489},"end":{"line":275,"column":567}},{"start":{"line":275,"column":567},"end":{"line":275,"column":663}},{"start":{"line":275,"column":663},"end":{"line":275,"column":750}},{"start":{"line":275,"column":750},"end":{"line":275,"column":844}},{"start":{"line":275,"column":844},"end":{"line":275,"column":938}},{"start":{"line":275,"column":938},"end":{"line":275,"column":1035}},{"start":{"line":275,"column":1035},"end":{"line":275,"column":1120}},{"start":{"line":275,"column":1120},"end":{"line":275,"column":1305}},{"start":{"line":275,"column":1305},"end":{"line":275,"column":1392}},{"start":{"line":275,"column":1392},"end":{"line":275,"column":1511}},{"start":{"line":275,"column":1511},"end":{"line":275,"column":1532}}],"line":275}},"s":{"0":0,"1":0,"2":0,"3":0,"4":0,"5":0,"6":0,"7":0,"8":0,"9":0,"10":0,"11":0,"12":0,"13":0,"14":0,"15":0,"16":0,"17":0,"18":0,"19":0,"20":0,"21":0,"22":0,"23":0,"24":0,"25":0,"26":0,"27":0,"28":0,"29":0,"30":0,"31":0,"32":0,"33":0,"34":0,"35":0,"36":0,"37":0,"38":0,"39":0,"40":0,"41":0,"42":0,"43":0,"44":0,"45":0,"46":0,"47":0,"48":0,"49":0,"50":0,"51":0,"52":0,"53":0,"54":0,"55":0,"56":0,"57":0,"58":0,"59":0,"60":0,"61":0,"62":0,"63":0,"64":0,"65":0,"66":0,"67":0,"68":0,"69":0,"70":0,"71":0,"72":0,"73":0,"74":0,"75":0,"76":0,"77":0,"78":0,"79":0,"80":0,"81":0,"82":0,"83":0,"84":0,"85":0,"86":0,"87":0,"88":0,"89":0,"90":0,"91":0,"92":0,"93":0,"94":0,"95":0,"96":0,"97":0,"98":0,"99":0,"100":0,"101":0,"102":0,"103":0,"104":0,"105":0,"106":0,"107":0,"108":0,"109":0,"110":0,"111":0,"112":0,"113":0,"114":0,"115":0},"f":{"0":0,"1":0,"2":0,"3":0,"4":0,"5":0,"6":0,"7":0,"8":0,"9":0,"10":0,"11":0,"12":0,"13":0,"14":0,"15":0,"16":0,"17":0,"18":0,"19":0,"20":0,"21":0,"22":0,"23":0,"24":0,"25":0,"26":0,"27":0,"28":0,"29":0},"b":{"0":[0,0],"1":[0,0],"2":[0,0],"3":[0,0],"4":[0,0],"5":[0,0],"6":[0,0],"7":[0,0],"8":[0],"9":[0,0,0,0,0,0,0,0,0,0,0,0,0,0,0,0]}}
,"/home/travis/build/flyve-mdm/web-mdm-dashboard/src/AdminDashboard/HeaderAdminDashboard.js": {"path":"/home/travis/build/flyve-mdm/web-mdm-dashboard/src/AdminDashboard/HeaderAdminDashboard.js","statementMap":{"0":{"start":{"line":1,"column":13},"end":{"line":1,"column":75}},"1":{"start":{"line":1,"column":94},"end":{"line":1,"column":185}},"2":{"start":{"line":1,"column":199},"end":{"line":1,"column":215}},"3":{"start":{"line":1,"column":230},"end":{"line":1,"column":260}},"4":{"start":{"line":2,"column":17},"end":{"line":2,"column":38}},"5":{"start":{"line":2,"column":57},"end":{"line":2,"column":91}},"6":{"start":{"line":3,"column":18},"end":{"line":3,"column":40}},"7":{"start":{"line":3,"column":60},"end":{"line":3,"column":95}},"8":{"start":{"line":4,"column":18},"end":{"line":4,"column":40}},"9":{"start":{"line":5,"column":13},"end":{"line":5,"column":29}},"10":{"start":{"line":6,"column":22},"end":{"line":6,"column":49}},"11":{"start":{"line":7,"column":23},"end":{"line":7,"column":57}},"12":{"start":{"line":8,"column":20},"end":{"line":8,"column":45}},"13":{"start":{"line":8,"column":67},"end":{"line":8,"column":104}},"14":{"start":{"line":9,"column":15},"end":{"line":9,"column":42}},"15":{"start":{"line":9,"column":59},"end":{"line":9,"column":91}},"16":{"start":{"line":10,"column":19},"end":{"line":10,"column":53}},"17":{"start":{"line":10,"column":74},"end":{"line":10,"column":110}},"18":{"start":{"line":11,"column":20},"end":{"line":11,"column":52}},"19":{"start":{"line":11,"column":74},"end":{"line":11,"column":111}},"20":{"start":{"line":12,"column":15},"end":{"line":12,"column":42}},"21":{"start":{"line":12,"column":59},"end":{"line":12,"column":91}},"22":{"start":{"line":12,"column":130},"end":{"line":12,"column":184}},"23":{"start":{"line":15,"column":4},"end":{"line":21,"column":47}},"24":{"start":{"line":26,"column":20},"end":{"line":32,"column":105}},"25":{"start":{"line":34,"column":4},"end":{"line":34,"column":23}},"26":{"start":{"line":37,"column":85},"end":{"line":80,"column":17}},"27":{"start":{"line":40,"column":27},"end":{"line":40,"column":42}},"28":{"start":{"line":41,"column":27},"end":{"line":41,"column":51}},"29":{"start":{"line":43,"column":12},"end":{"line":45,"column":13}},"30":{"start":{"line":44,"column":16},"end":{"line":44,"column":56}},"31":{"start":{"line":65,"column":12},"end":{"line":65,"column":54}},"32":{"start":{"line":66,"column":12},"end":{"line":66,"column":44}},"33":{"start":{"line":70,"column":25},"end":{"line":70,"column":78}},"34":{"start":{"line":72,"column":12},"end":{"line":72,"column":82}},"35":{"start":{"line":73,"column":12},"end":{"line":73,"column":52}},"36":{"start":{"line":74,"column":12},"end":{"line":74,"column":51}},"37":{"start":{"line":75,"column":12},"end":{"line":79,"column":15}},"38":{"start":{"line":76,"column":16},"end":{"line":76,"column":55}},"39":{"start":{"line":76,"column":26},"end":{"line":76,"column":55}},"40":{"start":{"line":78,"column":16},"end":{"line":78,"column":55}},"41":{"start":{"line":78,"column":26},"end":{"line":78,"column":55}},"42":{"start":{"line":80,"column":40},"end":{"line":80,"column":93}},"43":{"start":{"line":80,"column":118},"end":{"line":80,"column":174}},"44":{"start":{"line":80,"column":211},"end":{"line":80,"column":275}},"45":{"start":{"line":80,"column":303},"end":{"line":80,"column":343}},"46":{"start":{"line":80,"column":344},"end":{"line":80,"column":584}},"47":{"start":{"line":83,"column":8},"end":{"line":113,"column":62}},"48":{"start":{"line":101,"column":41},"end":{"line":101,"column":64}},"49":{"start":{"line":125,"column":0},"end":{"line":131,"column":53}},"50":{"start":{"line":131,"column":53},"end":{"line":137,"column":22}}},"fnMap":{"0":{"name":"_interopRequireDefault","decl":{"start":{"line":12,"column":101},"end":{"line":12,"column":123}},"loc":{"start":{"line":12,"column":129},"end":{"line":12,"column":185}},"line":12},"1":{"name":"mapStateToProps","decl":{"start":{"line":14,"column":9},"end":{"line":14,"column":24}},"loc":{"start":{"line":14,"column":39},"end":{"line":23,"column":1}},"line":14},"2":{"name":"mapDispatchToProps","decl":{"start":{"line":25,"column":9},"end":{"line":25,"column":27}},"loc":{"start":{"line":25,"column":38},"end":{"line":35,"column":1}},"line":25},"3":{"name":"(anonymous_3)","decl":{"start":{"line":37,"column":53},"end":{"line":37,"column":54}},"loc":{"start":{"line":37,"column":74},"end":{"line":80,"column":18}},"line":37},"4":{"name":"(anonymous_4)","decl":{"start":{"line":39,"column":23},"end":{"line":39,"column":24}},"loc":{"start":{"line":39,"column":29},"end":{"line":46,"column":9}},"line":39},"5":{"name":"(anonymous_5)","decl":{"start":{"line":64,"column":21},"end":{"line":64,"column":22}},"loc":{"start":{"line":64,"column":36},"end":{"line":67,"column":9}},"line":64},"6":{"name":"(anonymous_6)","decl":{"start":{"line":69,"column":17},"end":{"line":69,"column":18}},"loc":{"start":{"line":69,"column":29},"end":{"line":80,"column":9}},"line":69},"7":{"name":"(anonymous_7)","decl":{"start":{"line":75,"column":49},"end":{"line":75,"column":50}},"loc":{"start":{"line":75,"column":61},"end":{"line":77,"column":13}},"line":75},"8":{"name":"(anonymous_8)","decl":{"start":{"line":77,"column":21},"end":{"line":77,"column":22}},"loc":{"start":{"line":77,"column":30},"end":{"line":79,"column":13}},"line":77},"9":{"name":"(anonymous_9)","decl":{"start":{"line":80,"column":18},"end":{"line":80,"column":19}},"loc":{"start":{"line":80,"column":39},"end":{"line":80,"column":94}},"line":80},"10":{"name":"(anonymous_10)","decl":{"start":{"line":80,"column":94},"end":{"line":80,"column":95}},"loc":{"start":{"line":80,"column":117},"end":{"line":80,"column":175}},"line":80},"11":{"name":"(anonymous_11)","decl":{"start":{"line":80,"column":175},"end":{"line":80,"column":176}},"loc":{"start":{"line":80,"column":194},"end":{"line":80,"column":585}},"line":80},"12":{"name":"(anonymous_12)","decl":{"start":{"line":82,"column":4},"end":{"line":82,"column":5}},"loc":{"start":{"line":82,"column":13},"end":{"line":122,"column":5}},"line":82},"13":{"name":"(anonymous_13)","decl":{"start":{"line":101,"column":35},"end":{"line":101,"column":36}},"loc":{"start":{"line":101,"column":41},"end":{"line":101,"column":64}},"line":101}},"branchMap":{"0":{"loc":{"start":{"line":12,"column":137},"end":{"line":12,"column":183}},"type":"cond-expr","locations":[{"start":{"line":12,"column":161},"end":{"line":12,"column":164}},{"start":{"line":12,"column":167},"end":{"line":12,"column":183}}],"line":12},"1":{"loc":{"start":{"line":12,"column":137},"end":{"line":12,"column":158}},"type":"binary-expr","locations":[{"start":{"line":12,"column":137},"end":{"line":12,"column":140}},{"start":{"line":12,"column":144},"end":{"line":12,"column":158}}],"line":12},"2":{"loc":{"start":{"line":43,"column":12},"end":{"line":45,"column":13}},"type":"if","locations":[{"start":{"line":43,"column":12},"end":{"line":45,"column":13}},{"start":{"line":43,"column":12},"end":{"line":45,"column":13}}],"line":43},"3":{"loc":{"start":{"line":76,"column":16},"end":{"line":76,"column":55}},"type":"if","locations":[{"start":{"line":76,"column":16},"end":{"line":76,"column":55}},{"start":{"line":76,"column":16},"end":{"line":76,"column":55}}],"line":76},"4":{"loc":{"start":{"line":78,"column":16},"end":{"line":78,"column":55}},"type":"if","locations":[{"start":{"line":78,"column":16},"end":{"line":78,"column":55}},{"start":{"line":78,"column":16},"end":{"line":78,"column":55}}],"line":78},"5":{"loc":{"start":{"line":80,"column":211},"end":{"line":80,"column":275}},"type":"binary-expr","locations":[{"start":{"line":80,"column":211},"end":{"line":80,"column":241}},{"start":{"line":80,"column":245},"end":{"line":80,"column":275}}],"line":80},"6":{"loc":{"start":{"line":80,"column":303},"end":{"line":80,"column":343}},"type":"binary-expr","locations":[{"start":{"line":80,"column":303},"end":{"line":80,"column":312}},{"start":{"line":80,"column":316},"end":{"line":80,"column":343}}],"line":80},"7":{"loc":{"start":{"line":80,"column":351},"end":{"line":80,"column":583}},"type":"cond-expr","locations":[{"start":{"line":80,"column":374},"end":{"line":80,"column":576}},{"start":{"line":80,"column":579},"end":{"line":80,"column":583}}],"line":80},"8":{"loc":{"start":{"line":105,"column":16},"end":{"line":113,"column":59}},"type":"cond-expr","locations":[{"start":{"line":105,"column":55},"end":{"line":105,"column":57}},{"start":{"line":106,"column":16},"end":{"line":113,"column":59}}],"line":105}},"s":{"0":0,"1":0,"2":0,"3":0,"4":0,"5":0,"6":0,"7":0,"8":0,"9":0,"10":0,"11":0,"12":0,"13":0,"14":0,"15":0,"16":0,"17":0,"18":0,"19":0,"20":0,"21":0,"22":0,"23":0,"24":0,"25":0,"26":0,"27":0,"28":0,"29":0,"30":0,"31":0,"32":0,"33":0,"34":0,"35":0,"36":0,"37":0,"38":0,"39":0,"40":0,"41":0,"42":0,"43":0,"44":0,"45":0,"46":0,"47":0,"48":0,"49":0,"50":0},"f":{"0":0,"1":0,"2":0,"3":0,"4":0,"5":0,"6":0,"7":0,"8":0,"9":0,"10":0,"11":0,"12":0,"13":0},"b":{"0":[0,0],"1":[0,0],"2":[0,0],"3":[0,0],"4":[0,0],"5":[0,0],"6":[0,0],"7":[0,0],"8":[0,0]}}
,"/home/travis/build/flyve-mdm/web-mdm-dashboard/src/AdminDashboard/IconItemList.js": {"path":"/home/travis/build/flyve-mdm/web-mdm-dashboard/src/AdminDashboard/IconItemList.js","statementMap":{"0":{"start":{"line":1,"column":13},"end":{"line":1,"column":75}},"1":{"start":{"line":1,"column":94},"end":{"line":1,"column":177}},"2":{"start":{"line":1,"column":191},"end":{"line":1,"column":207}},"3":{"start":{"line":1,"column":222},"end":{"line":1,"column":252}},"4":{"start":{"line":2,"column":17},"end":{"line":2,"column":38}},"5":{"start":{"line":2,"column":57},"end":{"line":2,"column":91}},"6":{"start":{"line":2,"column":130},"end":{"line":2,"column":184}},"7":{"start":{"line":6,"column":22},"end":{"line":6,"column":125}},"8":{"start":{"line":7,"column":20},"end":{"line":12,"column":37}},"9":{"start":{"line":14,"column":24},"end":{"line":14,"column":26}},"10":{"start":{"line":15,"column":8},"end":{"line":23,"column":9}},"11":{"start":{"line":16,"column":12},"end":{"line":16,"column":41}},"12":{"start":{"line":17,"column":12},"end":{"line":21,"column":49}},"13":{"start":{"line":25,"column":8},"end":{"line":28,"column":197}},"14":{"start":{"line":32,"column":6},"end":{"line":32,"column":37}},"15":{"start":{"line":35,"column":0},"end":{"line":39,"column":19}},"16":{"start":{"line":42,"column":0},"end":{"line":48,"column":43}}},"fnMap":{"0":{"name":"_interopRequireDefault","decl":{"start":{"line":2,"column":101},"end":{"line":2,"column":123}},"loc":{"start":{"line":2,"column":129},"end":{"line":2,"column":185}},"line":2},"1":{"name":"(anonymous_1)","decl":{"start":{"line":5,"column":4},"end":{"line":5,"column":5}},"loc":{"start":{"line":5,"column":13},"end":{"line":32,"column":5}},"line":5}},"branchMap":{"0":{"loc":{"start":{"line":2,"column":137},"end":{"line":2,"column":183}},"type":"cond-expr","locations":[{"start":{"line":2,"column":161},"end":{"line":2,"column":164}},{"start":{"line":2,"column":167},"end":{"line":2,"column":183}}],"line":2},"1":{"loc":{"start":{"line":2,"column":137},"end":{"line":2,"column":158}},"type":"binary-expr","locations":[{"start":{"line":2,"column":137},"end":{"line":2,"column":140}},{"start":{"line":2,"column":144},"end":{"line":2,"column":158}}],"line":2},"2":{"loc":{"start":{"line":6,"column":22},"end":{"line":6,"column":125}},"type":"cond-expr","locations":[{"start":{"line":6,"column":78},"end":{"line":6,"column":106}},{"start":{"line":6,"column":109},"end":{"line":6,"column":125}}],"line":6},"3":{"loc":{"start":{"line":6,"column":22},"end":{"line":6,"column":75}},"type":"binary-expr","locations":[{"start":{"line":6,"column":22},"end":{"line":6,"column":48}},{"start":{"line":6,"column":52},"end":{"line":6,"column":75}}],"line":6},"4":{"loc":{"start":{"line":15,"column":8},"end":{"line":23,"column":9}},"type":"if","locations":[{"start":{"line":15,"column":8},"end":{"line":23,"column":9}},{"start":{"line":15,"column":8},"end":{"line":23,"column":9}}],"line":15}},"s":{"0":0,"1":0,"2":0,"3":0,"4":0,"5":0,"6":0,"7":0,"8":0,"9":0,"10":0,"11":0,"12":0,"13":0,"14":0,"15":0,"16":0},"f":{"0":0,"1":0},"b":{"0":[0,0],"1":[0,0],"2":[0,0],"3":[0,0],"4":[0,0]}}
,"/home/travis/build/flyve-mdm/web-mdm-dashboard/src/AdminDashboard/ItemList.js": {"path":"/home/travis/build/flyve-mdm/web-mdm-dashboard/src/AdminDashboard/ItemList.js","statementMap":{"0":{"start":{"line":1,"column":13},"end":{"line":1,"column":75}},"1":{"start":{"line":1,"column":75},"end":{"line":73,"column":2}},"2":{"start":{"line":6,"column":21},"end":{"line":26,"column":5}},"3":{"start":{"line":7,"column":8},"end":{"line":23,"column":51}},"4":{"start":{"line":9,"column":16},"end":{"line":9,"column":91}},"5":{"start":{"line":11,"column":16},"end":{"line":11,"column":73}},"6":{"start":{"line":13,"column":16},"end":{"line":13,"column":72}},"7":{"start":{"line":15,"column":16},"end":{"line":15,"column":61}},"8":{"start":{"line":17,"column":16},"end":{"line":17,"column":58}},"9":{"start":{"line":19,"column":16},"end":{"line":19,"column":83}},"10":{"start":{"line":21,"column":16},"end":{"line":21,"column":101}},"11":{"start":{"line":23,"column":16},"end":{"line":23,"column":50}},"12":{"start":{"line":28,"column":22},"end":{"line":30,"column":5}},"13":{"start":{"line":29,"column":8},"end":{"line":29,"column":41}},"14":{"start":{"line":32,"column":24},"end":{"line":51,"column":5}},"15":{"start":{"line":33,"column":8},"end":{"line":49,"column":9}},"16":{"start":{"line":34,"column":12},"end":{"line":40,"column":13}},"17":{"start":{"line":35,"column":16},"end":{"line":35,"column":26}},"18":{"start":{"line":36,"column":19},"end":{"line":40,"column":13}},"19":{"start":{"line":37,"column":16},"end":{"line":37,"column":25}},"20":{"start":{"line":39,"column":16},"end":{"line":39,"column":25}},"21":{"start":{"line":42,"column":12},"end":{"line":48,"column":13}},"22":{"start":{"line":43,"column":16},"end":{"line":43,"column":26}},"23":{"start":{"line":44,"column":19},"end":{"line":48,"column":13}},"24":{"start":{"line":45,"column":16},"end":{"line":45,"column":25}},"25":{"start":{"line":47,"column":16},"end":{"line":47,"column":25}},"26":{"start":{"line":53,"column":19},"end":{"line":61,"column":5}},"27":{"start":{"line":54,"column":8},"end":{"line":60,"column":9}},"28":{"start":{"line":55,"column":12},"end":{"line":55,"column":22}},"29":{"start":{"line":56,"column":15},"end":{"line":60,"column":9}},"30":{"start":{"line":57,"column":12},"end":{"line":57,"column":21}},"31":{"start":{"line":59,"column":12},"end":{"line":59,"column":21}},"32":{"start":{"line":63,"column":4},"end":{"line":71,"column":5}},"33":{"start":{"line":64,"column":8},"end":{"line":66,"column":56}},"34":{"start":{"line":68,"column":8},"end":{"line":70,"column":43}},"35":{"start":{"line":73,"column":14},"end":{"line":73,"column":31}},"36":{"start":{"line":73,"column":43},"end":{"line":73,"column":73}},"37":{"start":{"line":73,"column":87},"end":{"line":73,"column":103}},"38":{"start":{"line":73,"column":118},"end":{"line":73,"column":148}},"39":{"start":{"line":73,"column":187},"end":{"line":73,"column":241}},"40":{"start":{"line":73,"column":281},"end":{"line":73,"column":497}},"41":{"start":{"line":73,"column":309},"end":{"line":73,"column":320}},"42":{"start":{"line":73,"column":341},"end":{"line":73,"column":343}},"43":{"start":{"line":73,"column":344},"end":{"line":73,"column":461}},"44":{"start":{"line":73,"column":362},"end":{"line":73,"column":460}},"45":{"start":{"line":73,"column":384},"end":{"line":73,"column":459}},"46":{"start":{"line":73,"column":436},"end":{"line":73,"column":459}},"47":{"start":{"line":73,"column":461},"end":{"line":73,"column":482}},"48":{"start":{"line":73,"column":482},"end":{"line":73,"column":496}}},"fnMap":{"0":{"name":"(anonymous_0)","decl":{"start":{"line":4,"column":0},"end":{"line":4,"column":1}},"loc":{"start":{"line":4,"column":35},"end":{"line":73,"column":1}},"line":4},"1":{"name":"(anonymous_1)","decl":{"start":{"line":6,"column":21},"end":{"line":6,"column":22}},"loc":{"start":{"line":6,"column":37},"end":{"line":26,"column":5}},"line":6},"2":{"name":"(anonymous_2)","decl":{"start":{"line":28,"column":22},"end":{"line":28,"column":23}},"loc":{"start":{"line":28,"column":38},"end":{"line":30,"column":5}},"line":28},"3":{"name":"(anonymous_3)","decl":{"start":{"line":32,"column":24},"end":{"line":32,"column":25}},"loc":{"start":{"line":32,"column":40},"end":{"line":51,"column":5}},"line":32},"4":{"name":"(anonymous_4)","decl":{"start":{"line":53,"column":19},"end":{"line":53,"column":20}},"loc":{"start":{"line":53,"column":29},"end":{"line":61,"column":5}},"line":53},"5":{"name":"_interopRequireDefault","decl":{"start":{"line":73,"column":158},"end":{"line":73,"column":180}},"loc":{"start":{"line":73,"column":186},"end":{"line":73,"column":242}},"line":73},"6":{"name":"_interopRequireWildcard","decl":{"start":{"line":73,"column":251},"end":{"line":73,"column":274}},"loc":{"start":{"line":73,"column":280},"end":{"line":73,"column":498}},"line":73}},"branchMap":{"0":{"loc":{"start":{"line":4,"column":22},"end":{"line":4,"column":33}},"type":"default-arg","locations":[{"start":{"line":4,"column":29},"end":{"line":4,"column":33}}],"line":4},"1":{"loc":{"start":{"line":7,"column":8},"end":{"line":23,"column":51}},"type":"switch","locations":[{"start":{"line":8,"column":12},"end":{"line":9,"column":91}},{"start":{"line":10,"column":12},"end":{"line":11,"column":73}},{"start":{"line":12,"column":12},"end":{"line":13,"column":72}},{"start":{"line":14,"column":12},"end":{"line":15,"column":61}},{"start":{"line":16,"column":12},"end":{"line":17,"column":58}},{"start":{"line":18,"column":12},"end":{"line":19,"column":83}},{"start":{"line":20,"column":12},"end":{"line":21,"column":101}},{"start":{"line":22,"column":12},"end":{"line":23,"column":50}}],"line":7},"2":{"loc":{"start":{"line":33,"column":8},"end":{"line":49,"column":9}},"type":"if","locations":[{"start":{"line":33,"column":8},"end":{"line":49,"column":9}},{"start":{"line":33,"column":8},"end":{"line":49,"column":9}}],"line":33},"3":{"loc":{"start":{"line":34,"column":12},"end":{"line":40,"column":13}},"type":"if","locations":[{"start":{"line":34,"column":12},"end":{"line":40,"column":13}},{"start":{"line":34,"column":12},"end":{"line":40,"column":13}}],"line":34},"4":{"loc":{"start":{"line":36,"column":19},"end":{"line":40,"column":13}},"type":"if","locations":[{"start":{"line":36,"column":19},"end":{"line":40,"column":13}},{"start":{"line":36,"column":19},"end":{"line":40,"column":13}}],"line":36},"5":{"loc":{"start":{"line":42,"column":12},"end":{"line":48,"column":13}},"type":"if","locations":[{"start":{"line":42,"column":12},"end":{"line":48,"column":13}},{"start":{"line":42,"column":12},"end":{"line":48,"column":13}}],"line":42},"6":{"loc":{"start":{"line":44,"column":19},"end":{"line":48,"column":13}},"type":"if","locations":[{"start":{"line":44,"column":19},"end":{"line":48,"column":13}},{"start":{"line":44,"column":19},"end":{"line":48,"column":13}}],"line":44},"7":{"loc":{"start":{"line":54,"column":8},"end":{"line":60,"column":9}},"type":"if","locations":[{"start":{"line":54,"column":8},"end":{"line":60,"column":9}},{"start":{"line":54,"column":8},"end":{"line":60,"column":9}}],"line":54},"8":{"loc":{"start":{"line":56,"column":15},"end":{"line":60,"column":9}},"type":"if","locations":[{"start":{"line":56,"column":15},"end":{"line":60,"column":9}},{"start":{"line":56,"column":15},"end":{"line":60,"column":9}}],"line":56},"9":{"loc":{"start":{"line":63,"column":4},"end":{"line":71,"column":5}},"type":"if","locations":[{"start":
[...]
,"/home/travis/build/flyve-mdm/web-mdm-dashboard/src/Utils/Forms/DatePicker/index.js": {"path":"/home/travis/build/flyve-mdm/web-mdm-dashboard/src/Utils/Forms/DatePicker/index.js","statementMap":{"0":{"start":{"line":1,"column":13},"end":{"line":1,"column":75}},"1":{"start":{"line":1,"column":94},"end":{"line":1,"column":178}},"2":{"start":{"line":1,"column":192},"end":{"line":1,"column":208}},"3":{"start":{"line":1,"column":223},"end":{"line":1,"column":253}},"4":{"start":{"line":2,"column":17},"end":{"line":2,"column":38}},"5":{"start":{"line":2,"column":57},"end":{"line":2,"column":91}},"6":{"start":{"line":3,"column":13},"end":{"line":3,"column":31}},"7":{"start":{"line":3,"column":46},"end":{"line":3,"column":76}},"8":{"start":{"line":4,"column":14},"end":{"line":4,"column":33}},"9":{"start":{"line":4,"column":49},"end":{"line":4,"column":80}},"10":{"start":{"line":5,"column":12},"end":{"line":5,"column":29}},"11":{"start":{"line":5,"column":43},"end":{"line":5,"column":72}},"12":{"start":{"line":6,"column":18},"end":{"line":6,"column":46}},"13":{"start":{"line":6,"column":66},"end":{"line":6,"column":101}},"14":{"start":{"line":6,"column":140},"end":{"line":6,"column":194}},"15":{"start":{"line":11,"column":8},"end":{"line":11,"column":21}},"16":{"start":{"line":11,"column":21},"end":{"line":33,"column":10}},"17":{"start":{"line":21,"column":32},"end":{"line":21,"column":42}},"18":{"start":{"line":22,"column":26},"end":{"line":25,"column":58}},"19":{"start":{"line":28,"column":12},"end":{"line":28,"column":72}},"20":{"start":{"line":30,"column":12},"end":{"line":31,"column":111}},"21":{"start":{"line":33,"column":23},"end":{"line":33,"column":49}},"22":{"start":{"line":33,"column":50},"end":{"line":33,"column":252}},"23":{"start":{"line":36,"column":8},"end":{"line":60,"column":51}},"24":{"start":{"line":68,"column":0},"end":{"line":75,"column":52}},"25":{"start":{"line":75,"column":52},"end":{"line":78,"column":11}}},"fnMap":{"0":{"name":"_interopRequireDefault","decl":{"start":{"line":6,"column":111},"end":{"line":6,"column":133}},"loc":{"start":{"line":6,"column":139},"end":{"line":6,"column":195}},"line":6},"1":{"name":"(anonymous_1)","decl":{"start":{"line":10,"column":4},"end":{"line":10,"column":5}},"loc":{"start":{"line":10,"column":23},"end":{"line":33,"column":253}},"line":10},"2":{"name":"(anonymous_2)","decl":{"start":{"line":20,"column":17},"end":{"line":20,"column":18}},"loc":{"start":{"line":20,"column":32},"end":{"line":33,"column":9}},"line":20},"3":{"name":"(anonymous_3)","decl":{"start":{"line":35,"column":4},"end":{"line":35,"column":5}},"loc":{"start":{"line":35,"column":13},"end":{"line":65,"column":5}},"line":35}},"branchMap":{"0":{"loc":{"start":{"line":6,"column":147},"end":{"line":6,"column":193}},"type":"cond-expr","locations":[{"start":{"line":6,"column":171},"end":{"line":6,"column":174}},{"start":{"line":6,"column":177},"end":{"line":6,"column":193}}],"line":6},"1":{"loc":{"start":{"line":6,"column":147},"end":{"line":6,"column":168}},"type":"binary-expr","locations":[{"start":{"line":6,"column":147},"end":{"line":6,"column":150}},{"start":{"line":6,"column":154},"end":{"line":6,"column":168}}],"line":6},"2":{"loc":{"start":{"line":23,"column":22},"end":{"line":23,"column":83}},"type":"cond-expr","locations":[{"start":{"line":23,"column":40},"end":{"line":23,"column":55}},{"start":{"line":23,"column":58},"end":{"line":23,"column":83}}],"line":23},"3":{"loc":{"start":{"line":24,"column":23},"end":{"line":24,"column":105}},"type":"cond-expr","locations":[{"start":{"line":24,"column":42},"end":{"line":24,"column":58}},{"start":{"line":24,"column":61},"end":{"line":24,"column":105}}],"line":24},"4":{"loc":{"start":{"line":25,"column":21},"end":{"line":25,"column":56}},"type":"cond-expr","locations":[{"start":{"line":25,"column":38},"end":{"line":25,"column":52}},{"start":{"line":25,"column":55},"end":{"line":25,"column":56}}],"line":25},"5":{"loc":{"start":{"line":33,"column":71},"end":{"line":33,"column":120}},"type":"cond-expr","locations":[{"start":{"line":33,"column":90},"end":{"line":33,"column":108}},{"start":{"line":33,"column":111},"end":{"line":33,"column":120}}],"line":33},"6":{"loc":{"start":{"line":33,"column":129},"end":{"line":33,"column":197}},"type":"cond-expr","locations":[{"start":{"line":33,"column":148},"end":{"line":33,"column":185}},{"start":{"line":33,"column":188},"end":{"line":33,"column":197}}],"line":33},"7":{"loc":{"start":{"line":33,"column":204},"end":{"line":33,"column":249}},"type":"cond-expr","locations":[{"start":{"line":33,"column":223},"end":{"line":33,"column":237}},{"start":{"line":33,"column":240},"end":{"line":33,"column":249}}],"line":33}},"s":{"0":0,"1":0,"2":0,"3":0,"4":0,"5":0,"6":0,"7":0,"8":0,"9":0,"10":0,"11":0,"12":0,"13":0,"14":0,"15":0,"16":0,"17":0,"18":0,"19":0,"20":0,"21":0,"22":0,"23":0,"24":0,"25":0},"f":{"0":0,"1":0,"2":0,"3":0},"b":{"0":[0,0],"1":[0,0],"2":[0,0],"3":[0,0],"4":[0,0],"5":[0,0],"6":[0,0],"7":[0,0]}}
,"/home/travis/build/flyve-mdm/web-mdm-dashboard/src/Utils/Forms/DatePicker/months.js": {"path":"/home/travis/build/flyve-mdm/web-mdm-dashboard/src/Utils/Forms/DatePicker/months.js","statementMap":{"0":{"start":{"line":1,"column":13},"end":{"line":1,"column":75}},"1":{"start":{"line":1,"column":94},"end":{"line":1,"column":179}},"2":{"start":{"line":1,"column":193},"end":{"line":1,"column":209}},"3":{"start":{"line":1,"column":224},"end":{"line":1,"column":254}},"4":{"start":{"line":2,"column":18},"end":{"line":2,"column":46}},"5":{"start":{"line":2,"column":66},"end":{"line":2,"column":101}},"6":{"start":{"line":2,"column":140},"end":{"line":2,"column":194}},"7":{"start":{"line":2,"column":195},"end":{"line":14,"column":2}},"8":{"start":{"line":5,"column":17},"end":{"line":5,"column":19}},"9":{"start":{"line":6,"column":4},"end":{"line":12,"column":7}},"10":{"start":{"line":7,"column":8},"end":{"line":9,"column":20}},"11":{"start":{"line":13,"column":4},"end":{"line":13,"column":18}}},"fnMap":{"0":{"name":"_interopRequireDefault","decl":{"start":{"line":2,"column":111},"end":{"line":2,"column":133}},"loc":{"start":{"line":2,"column":139},"end":{"line":2,"column":195}},"line":2},"1":{"name":"(anonymous_1)","decl":{"start":{"line":4,"column":0},"end":{"line":4,"column":1}},"loc":{"start":{"line":4,"column":6},"end":{"line":14,"column":1}},"line":4},"2":{"name":"(anonymous_2)","decl":{"start":{"line":6,"column":33},"end":{"line":6,"column":34}},"loc":{"start":{"line":6,"column":42},"end":{"line":12,"column":5}},"line":6}},"branchMap":{"0":{"loc":{"start":{"line":2,"column":147},"end":{"line":2,"column":193}},"type":"cond-expr","locations":[{"start":{"line":2,"column":171},"end":{"line":2,"column":174}},{"start":{"line":2,"column":177},"end":{"line":2,"column":193}}],"line":2},"1":{"loc":{"start":{"line":2,"column":147},"end":{"line":2,"column":168}},"type":"binary-expr","locations":[{"start":{"line":2,"column":147},"end":{"line":2,"column":150}},{"start":{"line":2,"column":154},"end":{"line":2,"column":168}}],"line":2}},"s":{"0":0,"1":0,"2":0,"3":0,"4":0,"5":0,"6":0,"7":0,"8":0,"9":0,"10":0,"11":0},"f":{"0":0,"1":0,"2":0},"b":{"0":[0,0],"1":[0,0]}}
,"/home/travis/build/flyve-mdm/web-mdm-dashboard/src/Utils/Forms/DatePicker/years.js": {"path":"/home/travis/build/flyve-mdm/web-mdm-dashboard/src/Utils/Forms/DatePicker/years.js","statementMap":{"0":{"start":{"line":1,"column":13},"end":{"line":1,"column":75}},"1":{"start":{"line":1,"column":94},"end":{"line":1,"column":178}},"2":{"start":{"line":1,"column":192},"end":{"line":1,"column":208}},"3":{"start":{"line":1,"column":223},"end":{"line":1,"column":253}},"4":{"start":{"line":1,"column":292},"end":{"line":1,"column":346}},"5":{"start":{"line":1,"column":347},"end":{"line":13,"column":2}},"6":{"start":{"line":4,"column":16},"end":{"line":4,"column":18}},"7":{"start":{"line":5,"column":4},"end":{"line":11,"column":5}},"8":{"start":{"line":6,"column":8},"end":{"line":8,"column":20}},"9":{"start":{"line":12,"column":4},"end":{"line":12,"column":17}}},"fnMap":{"0":{"name":"_interopRequireDefault","decl":{"start":{"line":1,"column":263},"end":{"line":1,"column":285}},"loc":{"start":{"line":1,"column":291},"end":{"line":1,"column":347}},"line":1},"1":{"name":"(anonymous_1)","decl":{"start":{"line":3,"column":0},"end":{"line":3,"column":1}},"loc":{"start":{"line":3,"column":6},"end":{"line":13,"column":1}},"line":3}},"branchMap":{"0":{"loc":{"start":{"line":1,"column":299},"end":{"line":1,"column":345}},"type":"cond-expr","locations":[{"start":{"line":1,"column":323},"end":{"line":1,"column":326}},{"start":{"line":1,"column":329},"end":{"line":1,"column":345}}],"line":1},"1":{"loc":{"start":{"line":1,"column":299},"end":{"line":1,"column":320}},"type":"binary-expr","locations":[{"start":{"line":1,"column":299},"end":{"line":1,"column":302}},{"start":{"line":1,"column":306},"end":{"line":1,"column":320}}],"line":1}},"s":{"0":0,"1":0,"2":0,"3":0,"4":0,"5":0,"6":0,"7":0,"8":0,"9":0},"f":{"0":0,"1":0},"b":{"0":[0,0],"1":[0,0]}}
,"/home/travis/build/flyve-mdm/web-mdm-dashboard/src/Utils/Forms/Schemes/agentScheme.js": {"path":"/home/travis/build/flyve-mdm/web-mdm-dashboard/src/Utils/Forms/Schemes/agentScheme.js","statementMap":{"0":{"start":{"line":1,"column":13},"end":{"line":1,"column":75}},"1":{"start":{"line":1,"column":75},"end":{"line":33,"column":2}},"2":{"start":{"line":3,"column":28},"end":{"line":25,"column":16}},"3":{"start":{"line":30,"column":4},"end":{"line":31,"column":26}}},"fnMap":{"0":{"name":"(anonymous_0)","decl":{"start":{"line":1,"column":93},"end":{"line":1,"column":94}},"loc":{"start":{"line":1,"column":133},"end":{"line":33,"column":1}},"line":1}},"branchMap":{},"s":{"0":0,"1":0,"2":0,"3":0},"f":{"0":0},"b":{}}
,"/home/travis/build/flyve-mdm/web-mdm-dashboard/src/Utils/Forms/Schemes/index.js": {"path":"/home/travis/build/flyve-mdm/web-mdm-dashboard/src/Utils/Forms/Schemes/index.js","statementMap":{"0":{"start":{"line":1,"column":13},"end":{"line":1,"column":75}},"1":{"start":{"line":1,"column":75},"end":{"line":1,"column":157}},"2":{"start":{"line":1,"column":176},"end":{"line":1,"column":200}},"3":{"start":{"line":1,"column":221},"end":{"line":1,"column":257}},"4":{"start":{"line":2,"column":25},"end":{"line":2,"column":55}},"5":{"start":{"line":2,"column":82},"end":{"line":2,"column":124}},"6":{"start":{"line":3,"column":19},"end":{"line":3,"column":43}},"7":{"start":{"line":3,"column":64},"end":{"line":3,"column":100}},"8":{"start":{"line":3,"column":139},"end":{"line":3,"column":193}},"9":{"start":{"line":3,"column":194},"end":{"line":6,"column":36}},"10":{"start":{"line":6,"column":36},"end":{"line":7,"column":48}},"11":{"start":{"line":7,"column":48},"end":{"line":8,"column":36}}},"fnMap":{"0":{"name":"_interopRequireDefault","decl":{"start":{"line":3,"column":110},"end":{"line":3,"column":132}},"loc":{"start":{"line":3,"column":138},"end":{"line":3,"column":194}},"line":3}},"branchMap":{"0":{"loc":{"start":{"line":3,"column":146},"end":{"line":3,"column":192}},"type":"cond-expr","locations":[{"start":{"line":3,"column":170},"end":{"line":3,"column":173}},{"start":{"line":3,"column":176},"end":{"line":3,"column":192}}],"line":3},"1":{"loc":{"start":{"line":3,"column":146},"end":{"line":3,"column":167}},"type":"binary-expr","locations":[{"start":{"line":3,"column":146},"end":{"line":3,"column":149}},{"start":{"line":3,"column":153},"end":{"line":3,"column":167}}],"line":3}},"s":{"0":0,"1":0,"2":0,"3":0,"4":0,"5":0,"6":0,"7":0,"8":0,"9":0,"10":0,"11":0},"f":{"0":0},"b":{"0":[0,0],"1":[0,0]}}
,"/home/travis/build/flyve-mdm/web-mdm-dashboard/src/Utils/Forms/Schemes/supervisionScheme.js": {"path":"/home/travis/build/flyve-mdm/web-mdm-dashboard/src/Utils/Forms/Schemes/supervisionScheme.js","statementMap":{"0":{"start":{"line":1,"column":13},"end":{"line":1,"column":75}},"1":{"start":{"line":1,"column":75},"end":{"line":69,"column":2}},"2":{"start":{"line":3,"column":32},"end":{"line":61,"column":23}},"3":{"start":{"line":66,"column":4},"end":{"line":67,"column":30}}},"fnMap":{"0":{"name":"(anonymous_0)","decl":{"start":{"line":1,"column":93},"end":{"line":1,"column":94}},"loc":{"start":{"line":1,"column":127},"end":{"line":69,"column":1}},"line":1}},"branchMap":{},"s":{"0":0,"1":0,"2":0,"3":0},"f":{"0":0},"b":{}}
,"/home/travis/build/flyve-mdm/web-mdm-dashboard/src/Utils/Forms/Schemes/usersScheme.js": {"path":"/home/travis/build/flyve-mdm/web-mdm-dashboard/src/Utils/Forms/Schemes/usersScheme.js","statementMap":{"0":{"start":{"line":1,"column":13},"end":{"line":1,"column":75}},"1":{"start":{"line":1,"column":75},"end":{"line":287,"column":2}},"2":{"start":{"line":3,"column":32},"end":{"line":69,"column":16}},"3":{"start":{"line":74,"column":31},"end":{"line":116,"column":23}},"4":{"start":{"line":120,"column":32},"end":{"line":148,"column":23}},"5":{"start":{"line":153,"column":32},"end":{"line":188,"column":31}},"6":{"start":{"line":195,"column":34},"end":{"line":208,"column":33}},"7":{"start":{"line":212,"column":28},"end":{"line":254,"column":23}},"8":{"start":{"line":259,"column":28},"end":{"line":259,"column":32}},"9":{"start":{"line":261,"column":4},"end":{"line":276,"column":5}},"10":{"start":{"line":262,"column":8},"end":{"line":273,"column":36}},"11":{"start":{"line":278,"column":4},"end":{"line":285,"column":28}}},"fnMap":{"0":{"name":"(anonymous_0)","decl":{"start":{"line":1,"column":93},"end":{"line":1,"column":94}},"loc":{"start":{"line":1,"column":173},"end":{"line":287,"column":1}},"line":1}},"branchMap":{},"s":{"0":0,"1":0,"2":0,"3":0,"4":0,"5":0,"6":0,"7":0,"8":0,"9":0,"10":0,"11":0},"f":{"0":0},"b":{}}
,"/home/travis/build/flyve-mdm/web-mdm-dashboard/src/i18n/withI18NTranslation.js": {"path":"/home/travis/build/flyve-mdm/web-mdm-dashboard/src/i18n/withI18NTranslation.js","statementMap":{"0":{"start":{"line":1,"column":13},"end":{"line":1,"column":75}},"1":{"start":{"line":1,"column":94},"end":{"line":1,"column":174}},"2":{"start":{"line":1,"column":188},"end":{"line":1,"column":204}},"3":{"start":{"line":1,"column":219},"end":{"line":1,"column":249}},"4":{"start":{"line":2,"column":17},"end":{"line":2,"column":38}},"5":{"start":{"line":2,"column":57},"end":{"line":2,"column":91}},"6":{"start":{"line":3,"column":20},"end":{"line":3,"column":44}},"7":{"start":{"line":3,"column":83},"end":{"line":3,"column":137}},"8":{"start":{"line":10,"column":28},"end":{"line":50,"column":1}},"9":{"start":{"line":11,"column":2},"end":{"line":48,"column":7}},"10":{"start":{"line":13,"column":6},"end":{"line":13,"column":19}},"11":{"start":{"line":13,"column":19},"end":{"line":34,"column":8}},"12":{"start":{"line":22,"column":8},"end":{"line":33,"column":11}},"13":{"start":{"line":22,"column":37},"end":{"line":22,"column":80}},"14":{"start":{"line":23,"column":10},"end":{"line":27,"column":13}},"15":{"start":{"line":24,"column":25},"end":{"line":24,"column":27}},"16":{"start":{"line":25,"column":12},"end":{"line":25,"column":46}},"17":{"start":{"line":26,"column":12},"end":{"line":26,"column":24}},"18":{"start":{"line":28,"column":10},"end":{"line":28,"column":55}},"19":{"start":{"line":29,"column":10},"end":{"line":29,"column":29}},"20":{"start":{"line":31,"column":10},"end":{"line":31,"column":62}},"21":{"start":{"line":32,"column":10},"end":{"line":32,"column":29}},"22":{"start":{"line":34,"column":8},"end":{"line":34,"column":49}},"23":{"start":{"line":37,"column":6},"end":{"line":37,"column":55}},"24":{"start":{"line":41,"column":6},"end":{"line":43,"column":7}},"25":{"start":{"line":42,"column":8},"end":{"line":42,"column":56}},"26":{"start":{"line":47,"column":6},"end":{"line":47,"column":164}},"27":{"start":{"line":52,"column":0},"end":{"line":53,"column":60}},"28":{"start":{"line":53,"column":60},"end":{"line":56,"column":20}}},"fnMap":{"0":{"name":"_interopRequireDefault","decl":{"start":{"line":3,"column":54},"end":{"line":3,"column":76}},"loc":{"start":{"line":3,"column":82},"end":{"line":3,"column":138}},"line":3},"1":{"name":"(anonymous_1)","decl":{"start":{"line":10,"column":28},"end":{"line":10,"column":29}},"loc":{"start":{"line":10,"column":68},"end":{"line":50,"column":1}},"line":10},"2":{"name":"(anonymous_2)","decl":{"start":{"line":12,"column":4},"end":{"line":12,"column":5}},"loc":{"start":{"line":12,"column":23},"end":{"line":34,"column":50}},"line":12},"3":{"name":"(anonymous_3)","decl":{"start":{"line":21,"column":23},"end":{"line":21,"column":24}},"loc":{"start":{"line":21,"column":41},"end":{"line":34,"column":7}},"line":21},"4":{"name":"(anonymous_4)","decl":{"start":{"line":22,"column":31},"end":{"line":22,"column":32}},"loc":{"start":{"line":22,"column":37},"end":{"line":22,"column":80}},"line":22},"5":{"name":"(anonymous_5)","decl":{"start":{"line":22,"column":87},"end":{"line":22,"column":88}},"loc":{"start":{"line":22,"column":101},"end":{"line":30,"column":9}},"line":22},"6":{"name":"(anonymous_6)","decl":{"start":{"line":23,"column":51},"end":{"line":23,"column":52}},"loc":{"start":{"line":23,"column":57},"end":{"line":27,"column":11}},"line":23},"7":{"name":"(anonymous_7)","decl":{"start":{"line":30,"column":17},"end":{"line":30,"column":18}},"loc":{"start":{"line":30,"column":23},"end":{"line":33,"column":9}},"line":30},"8":{"name":"(anonymous_8)","decl":{"start":{"line":36,"column":53},"end":{"line":36,"column":54}},"loc":{"start":{"line":36,"column":73},"end":{"line":38,"column":5}},"line":36},"9":{"name":"(anonymous_9)","decl":{"start":{"line":40,"column":4},"end":{"line":40,"column":5}},"loc":{"start":{"line":40,"column":54},"end":{"line":44,"column":5}},"line":40},"10":{"name":"(anonymous_10)","decl":{"start":{"line":46,"column":4},"end":{"line":46,"column":5}},"loc":{"start":{"line":46,"column":13},"end":{"line":48,"column":5}},"line":46}},"branchMap":{"0":{"loc":{"start":{"line":3,"column":90},"end":{"line":3,"column":136}},"type":"cond-expr","locations":[{"start":{"line":3,"column":114},"end":{"line":3,"column":117}},{"start":{"line":3,"column":120},"end":{"line":3,"column":136}}],"line":3},"1":{"loc":{"start":{"line":3,"column":90},"end":{"line":3,"column":111}},"type":"binary-expr","locations":[{"start":{"line":3,"column":90},"end":{"line":3,"column":93}},{"start":{"line":3,"column":97},"end":{"line":3,"column":111}}],"line":3},"2":{"loc":{"start":{"line":41,"column":6},"end":{"line":43,"column":7}},"type":"if","locations":[{"start":{"line":41,"column":6},"end":{"line":43,"column":7}},{"start":{"line":41,"column":6},"end":{"line":43,"column":7}}],"line":41}},"s":{"0":0,"1":0,"2":0,"3":0,"4":0,"5":0,"6":0,"7":0,"8":0,"9":0,"10":0,"11":0,"12":0,"13":0,"14":0,"15":0,"16":0,"17":0,"18":0,"19":0,"20":0,"21":0,"22":0,"23":0,"24":0,"25":0,"26":0,"27":0,"28":0},"f":{"0":0,"1":0,"2":0,"3":0,"4":0,"5":0,"6":0,"7":0,"8":0,"9":0,"10":0},"b":{"0":[0,0],"1":[0,0],"2":[0,0]}}
,"/home/travis/build/flyve-mdm/web-mdm-dashboard/src/i18n/tests/constants.js": {"path":"/home/travis/build/flyve-mdm/web-mdm-dashboard/src/i18n/tests/constants.js","statementMap":{"0":{"start":{"line":1,"column":32},"end":{"line":6,"column":1}},"1":{"start":{"line":7,"column":25},"end":{"line":7,"column":32}},"2":{"start":{"line":8,"column":27},"end":{"line":8,"column":36}},"3":{"start":{"line":9,"column":23},"end":{"line":9,"column":59}}},"fnMap":{},"branchMap":{},"s":{"0":1,"1":1,"2":1,"3":1},"f":{},"b":{},"_coverageSchema":"332fd63041d2c1bcb487cc26dd0d5f7d97098a6c","hash":"2f8539b224e130d491e6daf1ac03769bb135a14a"}
}
