{"/root/repo/src/index.js": {"path":"/root/repo/src/index.js","statementMap":{"0":{"start":{"line":29,"column":0},"end":{"line":null,"column":-1}},"1":{"start":{"line":30,"column":0},"end":{"line":null,"column":-1}},"2":{"start":{"line":31,"column":0},"end":{"line":null,"column":-1}},"3":{"start":{"line":32,"column":0},"end":{"line":null,"column":-1}},"4":{"start":{"line":33,"column":0},"end":{"line":null,"column":-1}},"5":{"start":{"line":34,"column":0},"end":{"line":null,"column":-1}},"6":{"start":{"line":35,"column":0},"end":{"line":null,"column":-1}},"7":{"start":{"line":36,"column":0},"end":{"line":null,"column":-1}},"8":{"start":{"line":37,"column":0},"end":{"line":null,"column":-1}},"9":{"start":{"line":38,"column":0},"end":{"line":null,"column":-1}},"10":{"start":{"line":39,"column":0},"end":{"line":null,"column":-1}},"11":{"start":{"line":40,"column":0},"end":{"line":null,"column":-1}},"12":{"start":{"line":41,"column":0},"end":{"line":null,"column":-1}},"13":{"start":{"line":42,"column":0},"end":{"line":null,"column":-1}},"14":{"start":{"line":44,"column":22},"end":{"line":44,"column":0}},"15":{"start":{"line":47,"column":8},"end":{"line":48,"column":12}},"16":{"start":{"line":48,"column":12},"end":{"line":null,"column":-1}},"17":{"start":{"line":52,"column":22},"end":{"line":52,"column":0}},"18":{"start":{"line":54,"column":0},"end":{"line":null,"column":-1}},"19":{"start":{"line":60,"column":24},"end":{"line":null,"column":-1}},"20":{"start":{"line":75,"column":0},"end":{"line":null,"column":-1}}},"fnMap":{"0":{"name":"(anonymous_1)","decl":{"start":{"line":46,"column":16},"end":{"line":46,"column":21}},"loc":{"start":{"line":46,"column":22},"end":{"line":49,"column":5}}},"1":{"name":"(anonymous_2)","decl":{"start":{"line":59,"column":21},"end":{"line":59,"column":19}},"loc":{"start":{"line":59,"column":33},"end":{"line":58,"column":41}}}},"branchMap":{"0":{"loc":{"start":{"line":47,"column":8},"end":{"line":48,"column":12}},"type":"if","locations":[{"start":{"line":47,"column":8},"end":{"line":48,"column":12}},{"start":{"line":47,"column":8},"end":{"line":48,"column":12}}]},"1":{"loc":{"start":{"line":47,"column":12},"end":{"line":47,"column":11}},"type":"binary-expr","locations":[{"start":{"line":47,"column":12},"end":{"line":47,"column":11}},{"start":{"line":47,"column":54},"end":{"line":47,"column":8}}]},"2":{"loc":{"start":{"line":61,"column":30},"end":{"line":60,"column":31}},"type":"cond-expr","locations":[{"start":{"line":61,"column":30},"end":{"line":60,"column":31}},{"start":{"line":62,"column":30},"end":{"line":60,"column":24}}]},"3":{"loc":{"start":{"line":60,"column":32},"end":{"line":60,"column":31}},"type":"binary-expr","locations":[{"start":{"line":60,"column":32},"end":{"line":60,"column":31}},{"start":{"line":60,"column":74},"end":{"line":60,"column":31}}]}},"s":{"0":0,"1":0,"2":0,"3":0,"4":0,"5":0,"6":0,"7":0,"8":0,"9":0,"10":0,"11":0,"12":0,"13":0,"14":0,"15":0,"16":0,"17":0,"18":0,"19":0,"20":0},"f":{"0":0,"1":0},"b":{"0":[0,0],"1":[0,0],"2":[0,0],"3":[0,0]}}
,"/root/repo/src/registerServiceWorker.js": {"path":"/root/repo/src/registerServiceWorker.js","statementMap":{"0":{"start":{"line":39,"column":20},"end":{"line":39,"column":0}},"1":{"start":{"line":50,"column":4},"end":{"line":71,"column":5}},"2":{"start":{"line":52,"column":24},"end":{"line":52,"column":6}},"3":{"start":{"line":53,"column":6},"end":{"line":58,"column":7}},"4":{"start":{"line":57,"column":8},"end":{"line":null,"column":-1}},"5":{"start":{"line":60,"column":6},"end":{"line":null,"column":-1}},"6":{"start":{"line":61,"column":23},"end":{"line":61,"column":8}},"7":{"start":{"line":63,"column":8},"end":{"line":69,"column":9}},"8":{"start":{"line":65,"column":10},"end":{"line":null,"column":-1}},"9":{"start":{"line":68,"column":10},"end":{"line":null,"column":-1}},"10":{"start":{"line":75,"column":4},"end":{"line":null,"column":-1}},"11":{"start":{"line":78,"column":8},"end":{"line":null,"column":-1}},"12":{"start":{"line":79,"column":35},"end":{"line":79,"column":10}},"13":{"start":{"line":80,"column":10},"end":{"line":null,"column":-1}},"14":{"start":{"line":81,"column":12},"end":{"line":94,"column":13}},"15":{"start":{"line":82,"column":14},"end":{"line":93,"column":15}},"16":{"start":{"line":87,"column":16},"end":{"line":null,"column":-1}},"17":{"start":{"line":92,"column":16},"end":{"line":null,"column":-1}},"18":{"start":{"line":99,"column":8},"end":{"line":null,"column":-1}},"19":{"start":{"line":105,"column":4},"end":{"line":null,"column":-1}},"20":{"start":{"line":108,"column":8},"end":{"line":121,"column":9}},"21":{"start":{"line":113,"column":10},"end":{"line":null,"column":-1}},"22":{"start":{"line":114,"column":12},"end":{"line":null,"column":-1}},"23":{"start":{"line":115,"column":14},"end":{"line":null,"column":-1}},"24":{"start":{"line":120,"column":10},"end":{"line":null,"column":-1}},"25":{"start":{"line":124,"column":8},"end":{"line":null,"column":-1}},"26":{"start":{"line":131,"column":4},"end":{"line":135,"column":5}},"27":{"start":{"line":132,"column":6},"end":{"line":null,"column":-1}},"28":{"start":{"line":133,"column":8},"end":{"line":null,"column":-1}}},"fnMap":{"0":{"name":"register","decl":{"start":{"line":49,"column":26},"end":{"line":49,"column":17}},"loc":{"start":{"line":49,"column":37},"end":{"line":72,"column":3}}},"1":{"name":"(anonymous_1)","decl":{"start":{"line":60,"column":38},"end":{"line":60,"column":43}},"loc":{"start":{"line":60,"column":44},"end":{"line":60,"column":6}}},"2":{"name":"registerValidSW","decl":{"start":{"line":74,"column":11},"end":{"line":74,"column":2}},"loc":{"start":{"line":74,"column":34},"end":{"line":101,"column":3}}},"3":{"name":"(anonymous_3)","decl":{"start":{"line":77,"column":12},"end":{"line":77,"column":27}},"loc":{"start":{"line":77,"column":28},"end":{"line":75,"column":4}}},"4":{"name":"(anonymous_4)","decl":{"start":{"line":78,"column":37},"end":{"line":78,"column":42}},"loc":{"start":{"line":78,"column":43},"end":{"line":78,"column":8}}},"5":{"name":"(anonymous_5)","decl":{"start":{"line":80,"column":43},"end":{"line":80,"column":48}},"loc":{"start":{"line":80,"column":49},"end":{"line":80,"column":10}}},"6":{"name":"(anonymous_6)","decl":{"start":{"line":98,"column":13},"end":{"line":98,"column":21}},"loc":{"start":{"line":98,"column":22},"end":{"line":75,"column":4}}},"7":{"name":"checkValidServiceWorker","decl":{"start":{"line":103,"column":11},"end":{"line":103,"column":2}},"loc":{"start":{"line":103,"column":42},"end":{"line":128,"column":3}}},"8":{"name":"(anonymous_8)","decl":{"start":{"line":106,"column":12},"end":{"line":106,"column":23}},"loc":{"start":{"line":106,"column":24},"end":{"line":105,"column":4}}},"9":{"name":"(anonymous_9)","decl":{"start":{"line":113,"column":45},"end":{"line":113,"column":60}},"loc":{"start":{"line":113,"column":61},"end":{"line":113,"column":10}}},"10":{"name":"(anonymous_10)","decl":{"start":{"line":114,"column":43},"end":{"line":114,"column":48}},"loc":{"start":{"line":114,"column":49},"end":{"line":114,"column":12}}},"11":{"name":"(anonymous_11)","decl":{"start":{"line":123,"column":13},"end":{"line":123,"column":18}},"loc":{"start":{"line":123,"column":19},"end":{"line":105,"column":4}}},"12":{"name":"unregister","decl":{"start":{"line":130,"column":18},"end":{"line":130,"column":9}},"loc":{"start":{"line":130,"column":31},"end":{"line":136,"column":3}}},"13":{"name":"(anonymous_13)","decl":{"start":{"line":132,"column":41},"end":{"line":132,"column":56}},"loc":{"start":{"line":132,"column":57},"end":{"line":132,"column":6}}}},"branchMap":{"0":{"loc":{"start":{"line":40,"column":4},"end":{"line":40,"column":3}},"type":"binary-expr","locations":[{"start":{"line":40,"column":4},"end":{"line":40,"column":3}},{"start":{"line":42,"column":6},"end":{"line":40,"column":4}},{"start":{"line":44,"column":6},"end":{"line":39,"column":20}}]},"1":{"loc":{"start":{"line":50,"column":4},"end":{"line":71,"column":5}},"type":"if","locations":[{"start":{"line":50,"column":4},"end":{"line":71,"column":5}},{"start":{"line":50,"column":4},"end":{"line":71,"column":5}}]},"2":{"loc":{"start":{"line":50,"column":8},"end":{"line":50,"column":7}},"type":"binary-expr","locations":[{"start":{"line":50,"column":8},"end":{"line":50,"column":7}},{"start":{"line":50,"column":49},"end":{"line":50,"column":4}}]},"3":{"loc":{"start":{"line":53,"column":6},"end":{"line":58,"column":7}},"type":"if","locations":[{"start":{"line":53,"column":6},"end":{"line":58,"column":7}},{"start":{"line":53,"column":6},"end":{"line":58,"column":7}}]},"4":{"loc":{"start":{"line":63,"column":8},"end":{"line":69,"column":9}},"type":"if","locations":[{"start":{"line":63,"column":8},"end":{"line":69,"column":9}},{"start":{"line":63,"column":8},"end":{"line":69,"column":9}}]},"5":{"loc":{"start":{"line":81,"column":12},"end":{"line":94,"column":13}},"type":"if","locations":[{"start":{"line":81,"column":12},"end":{"line":94,"column":13}},{"start":{"line":81,"column":12},"end":{"line":94,"column":13}}]},"6":{"loc":{"start":{"line":82,"column":14},"end":{"line":93,"column":15}},"type":"if","locations":[{"start":{"line":82,"column":14},"end":{"line":93,"column":15}},{"start":{"line":82,"column":14},"end":{"line":93,"column":15}}]},"7":{"loc":{"start":{"line":108,"column":8},"end":{"line":121,"column":9}},"type":"if","locations":[{"start":{"line":108,"column":8},"end":{"line":121,"column":9}},{"start":{"line":108,"column":8},"end":{"line":121,"column":9}}]},"8":{"loc":{"start":{"line":109,"column":10},"end":{"line":109,"column":9}},"type":"binary-expr","locations":[{"start":{"line":109,"column":10},"end":{"line":109,"column":9}},{"start":{"line":110,"column":10},"end":{"line":108,"column":8}}]},"9":{"loc":{"start":{"line":131,"column":4},"end":{"line":135,"column":5}},"type":"if","locations":[{"start":{"line":131,"column":4},"end":{"line":135,"column":5}},{"start":{"line":131,"column":4},"end":{"line":135,"column":5}}]}},"s":{"0":0,"1":0,"2":0,"3":0,"4":0,"5":0,"6":0,"7":0,"8":0,"9":0,"10":0,"11":0,"12":0,"13":0,"14":0,"15":0,"16":0,"17":0,"18":0,"19":0,"20":0,"21":0,"22":0,"23":0,"24":0,"25":0,"26":0,"27":0,"28":0},"f":{"0":0,"1":0,"2":0,"3":0,"4":0,"5":0,"6":0,"7":0,"8":0,"9":0,"10":0,"11":0,"12":0,"13":0},"b":{"0":[0,0,0],"1":[0,0],"2":[0,0],"3":[0,0],"4":[0,0],"5":[0,0],"6":[0,0],"7":[0,0],"8":[0,0],"9":[0,0]}}
,"/root/repo/src/applications/AdminDashboard/index.js": {"path":"/root/repo/src/applications/AdminDashboard/index.js","statementMap":{"0":{"start":{"line":30,"column":0},"end":{"line":null,"column":-1}},"1":{"start":{"line":31,"column":0},"end":{"line":null,"column":-1}},"2":{"start":{"line":33,"column":0},"end":{"line":null,"column":-1}},"3":{"start":{"line":34,"column":0},"end":{"line":null,"column":-1}},"4":{"start":{"line":42,"column":4},"end":{"line":null,"column":-1}}},"fnMap":{"0":{"name":"(anonymous_1)","decl":{"start":{"line":41,"column":2},"end":{"line":41,"column":10}},"loc":{"start":{"line":41,"column":11},"end":{"line":43,"column":3}}}},"branchMap":{},"s":{"0":0,"1":0,"2":0,"3":0,"4":0},"f":{"0":0},"b":{}}
,"/root/repo/src/applications/AdminDashboard/routes.js": {"path":"/root/repo/src/applications/AdminDashboard/routes.js","statementMap":{"0":{"start":{"line":30,"column":0},"end":{"line":null,"column":-1}},"1":{"start":{"line":31,"column":0},"end":{"line":null,"column":-1}},"2":{"start":{"line":32,"column":0},"end":{"line":null,"column":-1}},"3":{"start":{"line":33,"column":0},"end":{"line":null,"column":-1}},"4":{"start":{"line":34,"column":0},"end":{"line":null,"column":-1}},"5":{"start":{"line":35,"column":0},"end":{"line":null,"column":-1}},"6":{"start":{"line":36,"column":0},"end":{"line":null,"column":-1}},"7":{"start":{"line":37,"column":0},"end":{"line":null,"column":-1}},"8":{"start":{"line":38,"column":0},"end":{"line":null,"column":-1}},"9":{"start":{"line":39,"column":0},"end":{"line":null,"column":-1}},"10":{"start":{"line":40,"column":0},"end":{"line":null,"column":-1}},"11":{"start":{"line":47,"column":15},"end":{"line":47,"column":0}}},"fnMap":{},"branchMap":{},"s":{"0":0,"1":0,"2":0,"3":0,"4":0,"5":0,"6":0,"7":0,"8":0,"9":0,"10":0,"11":0},"f":{},"b":{}}
,"/root/repo/src/applications/RootApp/index.js": {"path":"/root/repo/src/applications/RootApp/index.js","statementMap":{"0":{"start":{"line":30,"column":0},"end":{"line":null,"column":-1}},"1":{"start":{"line":31,"column":0},"end":{"line":null,"column":-1}},"2":{"start":{"line":34,"column":0},"end":{"line":null,"column":-1}},"3":{"start":{"line":35,"column":0},"end":{"line":null,"column":-1}},"4":{"start":{"line":36,"column":0},"end":{"line":null,"column":-1}},"5":{"start":{"line":37,"column":0},"end":{"line":null,"column":-1}},"6":{"start":{"line":47,"column":4},"end":{"line":null,"column":-1}}},"fnMap":{"0":{"name":"(anonymous_1)","decl":{"start":{"line":46,"column":2},"end":{"line":46,"column":11}},"loc":{"start":{"line":46,"column":12},"end":{"line":52,"column":3}}}},"branchMap":{},"s":{"0":0,"1":0,"2":0,"3":0,"4":0,"5":0,"6":0},"f":{"0":0},"b":{}}
,"/root/repo/src/applications/RootApp/routes.js": {"path":"/root/repo/src/applications/RootApp/routes.js","statementMap":{"0":{"start":{"line":30,"column":0},"end":{"line":null,"column":-1}},"1":{"start":{"line":31,"column":0},"end":{"line":null,"column":-1}},"2":{"start":{"line":32,"column":0},"end":{"line":null,"column":-1}},"3":{"start":{"line":33,"column":0},"end":{"line":null,"column":-1}},"4":{"start":{"line":34,"column":0},"end":{"line":null,"column":-1}},"5":{"start":{"line":35,"column":0},"end":{"line":null,"column":-1}},"6":{"start":{"line":36,"column":0},"end":{"line":null,"column":-1}},"7":{"start":{"line":43,"column":15},"end":{"line":43,"column":0}}},"fnMap":{},"branchMap":{},"s":{"0":0,"1":0,"2":0,"3":0,"4":0,"5":0,"6":0,"7":0},"f":{},"b":{}}
,"/root/repo/src/async/asyncAdminDashboard.js": {"path":"/root/repo/src/async/asyncAdminDashboard.js","statementMap":{"0":{"start":{"line":30,"column":0},"end":{"line":null,"column":-1}},"1":{"start":{"line":37,"column":28},"end":{"line":37,"column":0}},"2":{"start":{"line":38,"column":2},"end":{"line":null,"column":-1}}},"fnMap":{"0":{"name":"(anonymous_1)","decl":{"start":{"line":37,"column":47},"end":{"line":37,"column":52}},"loc":{"start":{"line":37,"column":53},"end":{"line":37,"column":28}}},"1":{"name":"(anonymous_2)","decl":{"start":{"line":38,"column":2},"end":{"line":38,"column":15}},"loc":{"start":{"line":38,"column":2},"end":{"line":null,"column":-1}}}},"branchMap":{},"s":{"0":0,"1":0,"2":0},"f":{"0":0,"1":0},"b":{}}
,"/root/repo/src/async/asyncForgotPassword.js": {"path":"/root/repo/src/async/asyncForgotPassword.js","statementMap":{"0":{"start":{"line":30,"column":0},"end":{"line":null,"column":-1}},"1":{"start":{"line":37,"column":28},"end":{"line":37,"column":0}},"2":{"start":{"line":38,"column":2},"end":{"line":null,"column":-1}}},"fnMap":{"0":{"name":"(anonymous_1)","decl":{"start":{"line":37,"column":47},"end":{"line":37,"column":52}},"loc":{"start":{"line":37,"column":53},"end":{"line":37,"column":28}}},"1":{"name":"(anonymous_2)","decl":{"start":{"line":38,"column":2},"end":{"line":38,"column":15}},"loc":{"start":{"line":38,"column":2},"end":{"line":null,"column":-1}}}},"branchMap":{},"s":{"0":0,"1":0,"2":0},"f":{"0":0,"1":0},"b":{}}
,"/root/repo/src/async/asyncLogout.js": {"path":"/root/repo/src/async/asyncLogout.js","statementMap":{"0":{"start":{"line":30,"column":0},"end":{"line":null,"column":-1}},"1":{"start":{"line":37,"column":20},"end":{"line":37,"column":0}},"2":{"start":{"line":38,"column":2},"end":{"line":null,"column":-1}}},"fnMap":{"0":{"name":"(anonymous_1)","decl":{"start":{"line":37,"column":39},"end":{"line":37,"column":44}},"loc":{"start":{"line":37,"column":45},"end":{"line":37,"column":20}}},"1":{"name":"(anonymous_2)","decl":{"start":{"line":38,"column":2},"end":{"line":38,"column":15}},"loc":{"start":{"line":38,"column":2},"end":{"line":null,"column":-1}}}},"branchMap":{},"s":{"0":0,"1":0,"2":0},"f":{"0":0,"1":0},"b":{}}
,"/root/repo/src/async/asyncPasswordFielset.js": {"path":"/root/repo/src/async/asyncPasswordFielset.js","statementMap":{"0":{"start":{"line":30,"column":0},"end":{"line":null,"column":-1}},"1":{"start":{"line":37,"column":30},"end":{"line":37,"column":0}},"2":{"start":{"line":38,"column":2},"end":{"line":null,"column":-1}}},"fnMap":{"0":{"name":"(anonymous_1)","decl":{"start":{"line":37,"column":49},"end":{"line":37,"column":54}},"loc":{"start":{"line":37,"column":55},"end":{"line":37,"column":30}}},"1":{"name":"(anonymous_2)","decl":{"start":{"line":38,"column":2},"end":{"line":38,"column":15}},"loc":{"start":{"line":38,"column":2},"end":{"line":null,"column":-1}}}},"branchMap":{},"s":{"0":0,"1":0,"2":0},"f":{"0":0,"1":0},"b":{}}
,"/root/repo/src/async/asyncResetPassword.js": {"path":"/root/repo/src/async/asyncResetPassword.js","statementMap":{"0":{"start":{"line":30,"column":0},"end":{"line":null,"column":-1}},"1":{"start":{"line":37,"column":27},"end":{"line":37,"column":0}},"2":{"start":{"line":38,"column":4},"end":{"line":null,"column":-1}}},"fnMap":{"0":{"name":"(anonymous_1)","decl":{"start":{"line":37,"column":46},"end":{"line":37,"column":51}},"loc":{"start":{"line":37,"column":52},"end":{"line":37,"column":27}}},"1":{"name":"(anonymous_2)","decl":{"start":{"line":38,"column":4},"end":{"line":38,"column":17}},"loc":{"start":{"line":38,"column":4},"end":{"line":null,"column":-1}}}},"branchMap":{},"s":{"0":0,"1":0,"2":0},"f":{"0":0,"1":0},"b":{}}
,"/root/repo/src/async/asyncSignUp.js": {"path":"/root/repo/src/async/asyncSignUp.js","statementMap":{"0":{"start":{"line":30,"column":0},"end":{"line":null,"column":-1}},"1":{"start":{"line":37,"column":20},"end":{"line":37,"column":0}},"2":{"start":{"line":38,"column":2},"end":{"line":null,"column":-1}}},"fnMap":{"0":{"name":"(anonymous_1)","decl":{"start":{"line":37,"column":39},"end":{"line":37,"column":44}},"loc":{"start":{"line":37,"column":45},"end":{"line":37,"column":20}}},"1":{"name":"(anonymous_2)","decl":{"start":{"line":38,"column":2},"end":{"line":38,"column":15}},"loc":{"start":{"line":38,"column":2},"end":{"line":null,"column":-1}}}},"branchMap":{},"s":{"0":0,"1":0,"2":0},"f":{"0":0,"1":0},"b":{}}
,"/root/repo/src/async/asyncValidateAccount.js": {"path":"/root/repo/src/async/asyncValidateAccount.js","statementMap":{"0":{"start":{"line":30,"column":0},"end":{"line":null,"column":-1}},"1":{"start":{"line":37,"column":29},"end":{"line":37,"column":0}},"2":{"start":{"line":38,"column":2},"end":{"line":null,"column":-1}}},"fnMap":{"0":{"name":"(anonymous_1)","decl":{"start":{"line":37,"column":48},"end":{"line":37,"column":53}},"loc":{"start":{"line":37,"column":54},"end":{"line":37,"column":29}}},"1":{"name":"(anonymous_2)","decl":{"start":{"line":38,"column":2},"end":{"line":38,"column":15}},"loc":{"start":{"line":38,"column":2},"end":{"line":null,"column":-1}}}},"branchMap":{},"s":{"0":0,"1":0,"2":0},"f":{"0":0,"1":0},"b":{}}
,"/root/repo/src/components/Confirmation/index.js": {"path":"/root/repo/src/components/Confirmation/index.js","statementMap":{"0":{"start":{"line":29,"column":0},"end":{"line":null,"column":-1}},"1":{"start":{"line":30,"column":0},"end":{"line":null,"column":-1}},"2":{"start":{"line":31,"column":0},"end":{"line":null,"column":-1}},"3":{"start":{"line":32,"column":0},"end":{"line":null,"column":-1}},"4":{"start":{"line":43,"column":8},"end":{"line":null,"column":-1}},"5":{"start":{"line":37,"column":8},"end":{"line":null,"column":-1}},"6":{"start":{"line":38,"column":12},"end":{"line":null,"column":-1}},"7":{"start":{"line":56,"column":0},"end":{"line":null,"column":-1}}},"fnMap":{"0":{"name":"(anonymous_1)","decl":{"start":{"line":42,"column":4},"end":{"line":42,"column":13}},"loc":{"start":{"line":42,"column":14},"end":{"line":53,"column":5}}},"1":{"name":"(anonymous_3)","decl":{"start":{"line":37,"column":58},"end":{"line":37,"column":59}},"loc":{"start":{"line":37,"column":74},"end":{"line":37,"column":21}}}},"branchMap":{},"s":{"0":0,"1":0,"2":0,"3":0,"4":0,"5":0,"6":0,"7":0},"f":{"0":0,"1":0},"b":{}}
,"/root/repo/src/components/ContentPane/index.js": {"path":"/root/repo/src/components/ContentPane/index.js","statementMap":{"0":{"start":{"line":29,"column":0},"end":{"line":null,"column":-1}},"1":{"start":{"line":30,"column":0},"end":{"line":null,"column":-1}},"2":{"start":{"line":31,"column":0},"end":{"line":null,"column":-1}},"3":{"start":{"line":36,"column":4},"end":{"line":null,"column":-1}},"4":{"start":{"line":40,"column":4},"end":{"line":null,"column":-1}},"5":{"start":{"line":44,"column":4},"end":{"line":null,"column":-1}},"6":{"start":{"line":45,"column":75},"end":{"line":45,"column":6}},"7":{"start":{"line":52,"column":0},"end":{"line":null,"column":-1}},"8":{"start":{"line":56,"column":0},"end":{"line":null,"column":-1}}},"fnMap":{"0":{"name":"(anonymous_1)","decl":{"start":{"line":35,"column":2},"end":{"line":35,"column":21}},"loc":{"start":{"line":35,"column":22},"end":{"line":37,"column":3}}},"1":{"name":"(anonymous_2)","decl":{"start":{"line":39,"column":2},"end":{"line":39,"column":19}},"loc":{"start":{"line":39,"column":20},"end":{"line":41,"column":3}}},"2":{"name":"(anonymous_3)","decl":{"start":{"line":43,"column":2},"end":{"line":43,"column":10}},"loc":{"start":{"line":43,"column":11},"end":{"line":49,"column":3}}},"3":{"name":"(anonymous_4)","decl":{"start":{"line":45,"column":67},"end":{"line":45,"column":74}},"loc":{"start":{"line":45,"column":75},"end":{"line":45,"column":6}}}},"branchMap":{},"s":{"0":0,"1":0,"2":0,"3":0,"4":0,"5":0,"6":0,"7":0,"8":0},"f":{"0":0,"1":0,"2":0,"3":0},"b":{}}
,"/root/repo/src/components/EditMultiple/index.js": {"path":"/root/repo/src/components/EditMultiple/index.js","statementMap":{"0":{"start":{"line":29,"column":0},"end":{"line":null,"column":-1}},"1":{"start":{"line":30,"column":0},"end":{"line":null,"column":-1}},"2":{"start":{"line":31,"column":0},"end":{"line":null,"column":-1}},"3":{"start":{"line":32,"column":0},"end":{"line":null,"column":-1}},"4":{"start":{"line":33,"column":0},"end":{"line":null,"column":-1}},"5":{"start":{"line":34,"column":0},"end":{"line":null,"column":-1}},"6":{"start":{"line":35,"column":0},"end":{"line":null,"column":-1}},"7":{"start":{"line":36,"column":0},"end":{"line":null,"column":-1}},"8":{"start":{"line":41,"column":8},"end":{"line":null,"column":-1}},"9":{"start":{"line":40,"column":23},"end":{"line":null,"column":-1}},"10":{"start":{"line":54,"column":24},"end":{"line":54,"column":8}},"11":{"start":{"line":56,"column":8},"end":{"line":62,"column":9}},"12":{"start":{"line":57,"column":12},"end":{"line":58,"column":16}},"13":{"start":{"line":58,"column":16},"end":{"line":null,"column":-1}},"14":{"start":{"line":60,"column":12},"end":{"line":61,"column":16}},"15":{"start":{"line":61,"column":16},"end":{"line":null,"column":-1}},"16":{"start":{"line":64,"column":8},"end":{"line":111,"column":9}},"17":{"start":{"line":65,"column":12},"end":{"line":null,"column":-1}},"18":{"start":{"line":68,"column":28},"end":{"line":68,"column":16}},"19":{"start":{"line":80,"column":16},"end":{"line":null,"column":-1}},"20":{"start":{"line":81,"column":20},"end":{"line":null,"column":-1}},"21":{"start":{"line":87,"column":16},"end":{"line":105,"column":17}},"22":{"start":{"line":88,"column":20},"end":{"line":null,"column":-1}},"23":{"start":{"line":89,"column":20},"end":{"line":null,"column":-1}},"24":{"start":{"line":90,"column":20},"end":{"line":null,"column":-1}},"25":{"start":{"line":95,"column":20},"end":{"line":null,"column":-1}},"26":{"start":{"line":96,"column":20},"end":{"line":null,"column":-1}},"27":{"start":{"line":97,"column":20},"end":{"line":null,"column":-1}},"28":{"start":{"line":99,"column":20},"end":{"line":null,"column":-1}},"29":{"start":{"line":100,"column":20},"end":{"line":null,"column":-1}},"30":{"start":{"line":108,"column":12},"end":{"line":null,"column":-1}},"31":{"start":{"line":115,"column":8},"end":{"line":142,"column":9}},"32":{"start":{"line":116,"column":12},"end":{"line":null,"column":-1}},"33":{"start":{"line":120,"column":16},"end":{"line":136,"column":17}},"34":{"start":{"line":121,"column":20},"end":{"line":null,"column":-1}},"35":{"start":{"line":124,"column":45},"end":{"line":123,"column":35}},"36":{"start":{"line":123,"column":35},"end":{"line":123,"column":34}},"37":{"start":{"line":125,"column":24},"end":{"line":null,"column":-1}},"38":{"start":{"line":139,"column":12},"end":{"line":null,"column":-1}},"39":{"start":{"line":146,"column":8},"end":{"line":null,"column":-1}},"40":{"start":{"line":147,"column":8},"end":{"line":null,"column":-1}},"41":{"start":{"line":148,"column":8},"end":{"line":null,"column":-1}},"42":{"start":{"line":42,"column":8},"end":{"line":null,"column":-1}},"43":{"start":{"line":152,"column":8},"end":{"line":306,"column":9}},"44":{"start":{"line":154,"column":12},"end":{"line":265,"column":13}},"45":{"start":{"line":155,"column":16},"end":{"line":null,"column":-1}},"46":{"start":{"line":159,"column":16},"end":{"line":null,"column":-1}},"47":{"start":{"line":161,"column":24},"end":{"line":null,"column":-1}},"48":{"start":{"line":170,"column":20},"end":{"line":null,"column":-1}},"49":{"start":{"line":173,"column":24},"end":{"line":null,"column":-1}},"50":{"start":{"line":201,"column":20},"end":{"line":null,"column":-1}},"51":{"start":{"line":204,"column":24},"end":{"line":231,"column":25}},"52":{"start":{"line":205,"column":28},"end":{"line":null,"column":-1}},"53":{"start":{"line":215,"column":28},"end":{"line":null,"column":-1}},"54":{"start":{"line":232,"column":20},"end":{"line":null,"column":-1}},"55":{"start":{"line":235,"column":24},"end":{"line":null,"column":-1}},"56":{"start":{"line":243,"column":20},"end":{"line":null,"column":-1}},"57":{"start":{"line":246,"column":24},"end":{"line":null,"column":-1}},"58":{"start":{"line":255,"column":20},"end":{"line":null,"column":-1}},"59":{"start":{"line":258,"column":24},"end":{"line":null,"column":-1}},"60":{"start":{"line":260,"column":16},"end":{"line":null,"column":-1}},"61":{"start":{"line":267,"column":12},"end":{"line":null,"column":-1}},"62":{"start":{"line":279,"column":73},"end":{"line":null,"column":-1}},"63":{"start":{"line":303,"column":12},"end":{"line":null,"column":-1}},"64":{"start":{"line":309,"column":0},"end":{"line":null,"column":-1}}},"fnMap":{"0":{"name":"(anonymous_1)","decl":{"start":{"line":40,"column":4},"end":{"line":40,"column":15}},"loc":{"start":{"line":40,"column":23},"end":{"line":51,"column":5}}},"1":{"name":"(anonymous_2)","decl":{"start":{"line":53,"column":17},"end":{"line":53,"column":28}},"loc":{"start":{"line":53,"column":29},"end":{"line":40,"column":23}}},"2":{"name":"(anonymous_3)","decl":{"start":{"line":67,"column":15},"end":{"line":67,"column":26}},"loc":{"start":{"line":67,"column":27},"end":{"line":65,"column":12}}},"3":{"name":"(anonymous_4)","decl":{"start":{"line":80,"column":53},"end":{"line":80,"column":63}},"loc":{"start":{"line":80,"column":64},"end":{"line":80,"column":24}}},"4":{"name":"(anonymous_5)","decl":{"start":{"line":114,"column":13},"end":{"line":114,"column":14}},"loc":{"start":{"line":114,"column":30},"end":{"line":40,"column":23}}},"5":{"name":"(anonymous_6)","decl":{"start":{"line":119,"column":15},"end":{"line":119,"column":19}},"loc":{"start":{"line":119,"column":20},"end":{"line":116,"column":12}}},"6":{"name":"(anonymous_7)","decl":{"start":{"line":123,"column":23},"end":{"line":123,"column":34}},"loc":{"start":{"line":123,"column":35},"end":{"line":121,"column":20}}},"7":{"name":"(anonymous_8)","decl":{"start":{"line":145,"column":13},"end":{"line":145,"column":18}},"loc":{"start":{"line":145,"column":19},"end":{"line":40,"column":23}}},"8":{"name":"(anonymous_9)","decl":{"start":{"line":151,"column":4},"end":{"line":151,"column":12}},"loc":{"start":{"line":151,"column":13},"end":{"line":307,"column":5}}},"9":{"name":"(anonymous_10)","decl":{"start":{"line":279,"column":62},"end":{"line":279,"column":70}},"loc":{"start":{"line":279,"column":71},"end":{"line":279,"column":37}}}},"branchMap":{"0":{"loc":{"start":{"line":56,"column":8},"end":{"line":62,"column":9}},"type":"if","locations":[{"start":{"line":56,"column":8},"end":{"line":62,"column":9}},{"start":{"line":56,"column":8},"end":{"line":62,"column":9}}]},"1":{"loc":{"start":{"line":57,"column":12},"end":{"line":58,"column":16}},"type":"if","locations":[{"start":{"line":57,"column":12},"end":{"line":58,"column":16}},{"start":{"line":57,"column":12},"end":{"line":58,"column":16}}]},"2":{"loc":{"start":{"line":60,"column":12},"end":{"line":61,"column":16}},"type":"if","locations":[{"start":{"line":60,"column":12},"end":{"line":61,"column":16}},{"start":{"line":60,"column":12},"end":{"line":61,"column":16}}]},"3":{"loc":{"start":{"line":64,"column":8},"end":{"line":111,"column":9}},"type":"if","locations":[{"start":{"line":64,"column":8},"end":{"line":111,"column":9}},{"start":{"line":64,"column":8},"end":{"line":111,"column":9}}]},"4":{"loc":{"start":{"line":69,"column":20},"end":{"line":68,"column":28}},"type":"cond-expr","locations":[{"start":{"line":69,"column":20},"end":{"line":68,"column":28}},{"start":{"line":75,"column":20},"end":{"line":68,"column":16}}]},"5":{"loc":{"start":{"line":72,"column":32},"end":{"line":71,"column":28}},"type":"cond-expr","locations":[{"start":{"line":72,"column":32},"end":{"line":71,"column":28}},{"start":{"line":72,"column":40},"end":{"line":73,"column":55}}]},"6":{"loc":{"start":{"line":73,"column":36},"end":{"line":72,"column":39}},"type":"cond-expr","locations":[{"start":{"line":73,"column":36},"end":{"line":72,"column":39}},{"start":{"line":73,"column":44},"end":{"line":73,"column":55}}]},"7":{"loc":{"start":{"line":115,"column":8},"end":{"line":142,"column":9}},"type":"if","locations":[{"start":{"line":115,"column":8},"end":{"line":142,"column":9}},{"start":{"line":115,"column":8},"end":{"line":142,"column":9}}]},"8":{"loc":{"start":{"line":120,"column":16},"end":{"line":136,"column":17}},"type":"if","locations":[{"start":{"line":120,"column":16},"end":{"line":136,"column":17}},{"start":{"line":120,"column":16},"end":{"line":136,"column":17}}]},"9":{"loc":{"start":{"line":152,"column":8},"end":{"line":306,"column":9}},"type":"if","locations":[{"start":{"line":152,"column":8},"end":{"line":306,"column":9}},{"start":{"line":152,"column":8},"end":{"line":306,"column":9}}]},"10":{"loc":{"start":{"line":154,"column":12},"end":{"line":265,"column":13}},"type":"if","locations":[{"start":{"line":154,"column":12},"end":{"line":265,"column":13}},{"start":{"line":154,"column":12},"end":{"line":265,"column":13}}]},"11":{"loc":{"start":{"line":160,"column":20},"end":{"line":170,"column":20}},"type":"switch","locations":[{"start":{"line":160,"column":20},"end":{"line":170,"column":20}},{"start":{"line":172,"column":20},"end":{"line":201,"column":20}},{"start":{"line":203,"column":20},"end":{"line":232,"column":20}},{"start":{"line":234,"column":20},"end":{"line":243,"column":20}},{"start":{"line":245,"column":20},"end":{"line":255,"column":20}},{"start":{"line":257,"column":20},"end":{"line":258,"column":24}}]},"12":{"loc":{"start":{"line":204,"column":24},"end":{"line":231,"column":25}},"type":"if","locations":[{"start":{"line":204,"column":24},"end":{"line":231,"column":25}},{"start":{"line":204,"column":24},"end":{"line":231,"column":25}}]},"13":{"loc":{"start":{"line":286,"column":49},"end":{"line":286,"column":26}},"type":"cond-expr","locations":[{"start":{"line":286,"column":49},"end":{"line":286,"column":26}},{"start":{"line":287,"column":28},"end":{"line":null,"column":-1}}]}},"s":{"0":0,"1":0,"2":0,"3":0,"4":0,"5":0,"6":0,"7":0,"8":0,"9":0,"10":0,"11":0,"12":0,"13":0,"14":0,"15":0,"16":0,"17":0,"18":0,"19":0,"20":0,"21":0,"22":0,"23":0,"24":0,"25":0,"26":0,"27":0,"28":0,"29":0,"30":0,"31":0,"32":0,"33":0,"34":0,"35":0,"36":0,"37":0,"38":0,"39":0,"40":0,"41":0,"42":0,"43":0,"44":0,"45":0,"46":0,"47":0,"48":0,"49":0,"50":0,"51":0,"52":0,"53":0,"54":0,"55":0,"56":0,"57":0,"58":0,"59":0,"60":0,"61":0,"62":0,"63":0,"64":0},"f":{"0":0,"1":0,"2":0,"3":0,"4":0,"5":0,"6":0,"7":0,"8":0,"9":0},"b":{"0":[0,0],"1":[0,0],"2":[0,0],"3":[0,0],"4":[0,0],"5":[0,0],"6":[0,0],"7":[0,0],"8":[0,0],"9":[0,0],"10":[0,0],"11":[0,0,0,0,0,0],"12":[0,0],"13":[0,0]}}
,"/root/repo/src/components/EmptyMessage/index.js": {"path":"/root/repo/src/components/EmptyMessage/index.js","statementMap":{"0":{"start":{"line":33,"column":21},"end":{"line":40,"column":1}},"1":{"start":{"line":34,"column":4},"end":{"line":39,"column":10}},"2":{"start":{"line":42,"column":0},"end":{"line":46,"column":1}},"3":{"start":{"line":48,"column":0},"end":{"line":51,"column":1}}},"fnMap":{"0":{"name":"(anonymous_0)","decl":{"start":{"line":33,"column":21},"end":{"line":33,"column":22}},"loc":{"start":{"line":34,"column":4},"end":{"line":39,"column":10}},"line":34}},"branchMap":{"0":{"loc":{"start":{"line":35,"column":9},"end":{"line":35,"column":102}},"type":"cond-expr","locations":[{"start":{"line":35,"column":40},"end":{"line":35,"column":95}},{"start":{"line":35,"column":98},"end":{"line":35,"column":102}}],"line":35},"1":{"loc":{"start":{"line":35,"column":9},"end":{"line":35,"column":37}},"type":"binary-expr","locations":[{"start":{"line":35,"column":9},"end":{"line":35,"column":19}},{"start":{"line":35,"column":23},"end":{"line":35,"column":37}}],"line":35}},"s":{"0":1,"1":1,"2":1,"3":1},"f":{"0":1},"b":{"0":[0,1],"1":[1,0]},"_coverageSchema":"332fd63041d2c1bcb487cc26dd0d5f7d97098a6c","hash":"478ef10e33dcef2f1adb503791da7e2f779696e3"}
,"/root/repo/src/components/ErrorValidation/index.js": {"path":"/root/repo/src/components/ErrorValidation/index.js","statementMap":{"0":{"start":{"line":36,"column":28},"end":{"line":36,"column":30}},"1":{"start":{"line":38,"column":8},"end":{"line":39,"column":69}},"2":{"start":{"line":39,"column":12},"end":{"line":39,"column":69}},"3":{"start":{"line":40,"column":8},"end":{"line":43,"column":9}},"4":{"start":{"line":41,"column":12},"end":{"line":42,"column":162}},"5":{"start":{"line":42,"column":16},"end":{"line":42,"column":162}},"6":{"start":{"line":44,"column":8},"end":{"line":48,"column":9}},"7":{"start":{"line":45,"column":25},"end":{"line":45,"column":32}},"8":{"start":{"line":46,"column":12},"end":{"line":47,"column":68}},"9":{"start":{"line":47,"column":16},"end":{"line":47,"column":68}},"10":{"start":{"line":49,"column":8},"end":{"line":53,"column":9}},"11":{"start":{"line":50,"column":25},"end":{"line":50,"column":33}},"12":{"start":{"line":51,"column":12},"end":{"line":52,"column":78}},"13":{"start":{"line":52,"column":16},"end":{"line":52,"column":78}},"14":{"start":{"line":54,"column":8},"end":{"line":58,"column":9}},"15":{"start":{"line":55,"column":25},"end":{"line":55,"column":33}},"16":{"start":{"line":56,"column":12},"end":{"line":57,"column":78}},"17":{"start":{"line":57,"column":16},"end":{"line":57,"column":78}},"18":{"start":{"line":59,"column":8},"end":{"line":63,"column":9}},"19":{"start":{"line":60,"column":25},"end":{"line":60,"column":67}},"20":{"start":{"line":61,"column":12},"end":{"line":62,"column":76}},"21":{"start":{"line":62,"column":16},"end":{"line":62,"column":76}},"22":{"start":{"line":64,"column":8},"end":{"line":68,"column":9}},"23":{"start":{"line":65,"column":25},"end":{"line":65,"column":96}},"24":{"start":{"line":66,"column":12},"end":{"line":67,"column":72}},"25":{"start":{"line":67,"column":16},"end":{"line":67,"column":72}},"26":{"start":{"line":69,"column":8},"end":{"line":72,"column":9}},"27":{"start":{"line":70,"column":12},"end":{"line":71,"column":76}},"28":{"start":{"line":71,"column":16},"end":{"line":71,"column":76}},"29":{"start":{"line":73,"column":8},"end":{"line":76,"column":9}},"30":{"start":{"line":74,"column":12},"end":{"line":75,"column":82}},"31":{"start":{"line":75,"column":16},"end":{"line":75,"column":82}},"32":{"start":{"line":78,"column":23},"end":{"line":78,"column":126}},"33":{"start":{"line":80,"column":8},"end":{"line":80,"column":21}},"34":{"start":{"line":84,"column":8},"end":{"line":92,"column":9}},"35":{"start":{"line":88,"column":24},"end":{"line":88,"column":63}},"36":{"start":{"line":96,"column":0},"end":{"line":98,"column":1}},"37":{"start":{"line":100,"column":0},"end":{"line":102,"column":1}}},"fnMap":{"0":{"name":"(anonymous_0)","decl":{"start":{"line":35,"column":24},"end":{"line":35,"column":25}},"loc":{"start":{"line":35,"column":57},"end":{"line":81,"column":5}},"line":35},"1":{"name":"(anonymous_1)","decl":{"start":{"line":83,"column":4},"end":{"line":83,"column":5}},"loc":{"start":{"line":83,"column":13},"end":{"line":93,"column":5}},"line":83},"2":{"name":"(anonymous_2)","decl":{"start":{"line":87,"column":44},"end":{"line":87,"column":45}},"loc":{"start":{"line":87,"column":64},"end":{"line":89,"column":21}},"line":87}},"branchMap":{"0":{"loc":{"start":{"line":38,"column":8},"end":{"line":39,"column":69}},"type":"if","locations":[{"start":{"line":38,"column":8},"end":{"line":39,"column":69}},{"start":{"line":38,"column":8},"end":{"line":39,"column":69}}],"line":38},"1":{"loc":{"start":{"line":38,"column":12},"end":{"line":38,"column":53}},"type":"binary-expr","locations":[{"start":{"line":38,"column":12},"end":{"line":38,"column":43}},{"start":{"line":38,"column":47},"end":{"line":38,"column":53}}],"line":38},"2":{"loc":{"start":{"line":40,"column":8},"end":{"line":43,"column":9}},"type":"if","locations":[{"start":{"line":40,"column":8},"end":{"line":43,"column":9}},{"start":{"line":40,"column":8},"end":{"line":43,"column":9}}],"line":40},"3":{"loc":{"start":{"line":41,"column":12},"end":{"line":42,"column":162}},"type":"if","locations":[{"start":{"line":41,"column":12},"end":{"line":42,"column":162}},{"start":{"line":41,"column":12},"end":{"line":42,"column":162}}],"line":41},"4":{"loc":{"start":{"line":44,"column":8},"end":{"line":48,"column":9}},"type":"if","locations":[{"start":{"line":44,"column":8},"end":{"line":48,"column":9}},{"start":{"line":44,"column":8},"end":{"line":48,"column":9}}],"line":44},"5":{"loc":{"start":{"line":46,"column":12},"end":{"line":47,"column":68}},"type":"if","locations":[{"start":{"line":46,"column":12},"end":{"line":47,"column":68}},{"start":{"line":46,"column":12},"end":{"line":47,"column":68}}],"line":46},"6":{"loc":{"start":{"line":49,"column":8},"end":{"line":53,"column":9}},"type":"if","locations":[{"start":{"line":49,"column":8},"end":{"line":53,"column":9}},{"start":{"line":49,"column":8},"end":{"line":53,"column":9}}],"line":49},"7":{"loc":{"start":{"line":51,"column":12},"end":{"line":52,"column":78}},"type":"if","locations":[{"start":{"line":51,"column":12},"end":{"line":52,"column":78}},{"start":{"line":51,"column":12},"end":{"line":52,"column":78}}],"line":51},"8":{"loc":{"start":{"line":54,"column":8},"end":{"line":58,"column":9}},"type":"if","locations":[{"start":{"line":54,"column":8},"end":{"line":58,"column":9}},{"start":{"line":54,"column":8},"end":{"line":58,"column":9}}],"line":54},"9":{"loc":{"start":{"line":56,"column":12},"end":{"line":57,"column":78}},"type":"if","locations":[{"start":{"line":56,"column":12},"end":{"line":57,"column":78}},{"start":{"line":56,"column":12},"end":{"line":57,"column":78}}],"line":56},"10":{"loc":{"start":{"line":59,"column":8},"end":{"line":63,"column":9}},"type":"if","locations":[{"start":{"line":59,"column":8},"end":{"line":63,"column":9}},{"start":{"line":59,"column":8},"end":{"line":63,"column":9}}],"line":59},"11":{"loc":{"start":{"line":61,"column":12},"end":{"line":62,"column":76}},"type":"if","locations":[{"start":{"line":61,"column":12},"end":{"line":62,"column":76}},{"start":{"line":61,"column":12},"end":{"line":62,"column":76}}],"line":61},"12":{"loc":{"start":{"line":64,"column":8},"end":{"line":68,"column":9}},"type":"if","locations":[{"start":{"line":64,"column":8},"end":{"line":68,"column":9}},{"start":{"line":64,"column":8},"end":{"line":68,"column":9}}],"line":64},"13":{"loc":{"start":{"line":66,"column":12},"end":{"line":67,"column":72}},"type":"if","locations":[{"start":{"line":66,"column":12},"end":{"line":67,"column":72}},{"start":{"line":66,"column":12},"end":{"line":67,"column":72}}],"line":66},"14":{"loc":{"start":{"line":69,"column":8},"end":{"line":72,"column":9}},"type":"if","locations":[{"start":{"line":69,"column":8},"end":{"line":72,"column":9}},{"start":{"line":69,"column":8},"end":{"line":72,"column":9}}],"line":69},"15":{"loc":{"start":{"line":70,"column":12},"end":{"line":71,"column":76}},"type":"if","locations":[{"start":{"line":70,"column":12},"end":{"line":71,"column":76}},{"start":{"line":70,"column":12},"end":{"line":71,"column":76}}],"line":70},"16":{"loc":{"start":{"line":73,"column":8},"end":{"line":76,"column":9}},"type":"if","locations":[{"start":{"line":73,"column":8},"end":{"line":76,"column":9}},{"start":{"line":73,"column":8},"end":{"line":76,"column":9}}],"line":73},"17":{"loc":{"start":{"line":74,"column":12},"end":{"line":75,"column":82}},"type":"if","locations":[{"start":{"line":74,"column":12},"end":{"line":75,"column":82}},{"start":{"line":74,"column":12},"end":{"line":75,"column":82}}],"line":74},"18":{"loc":{"start":{"line":78,"column":23},"end":{"line":78,"column":126}},"type":"cond-expr","locations":[{"start":{"line":78,"column":53},"end":{"line":78,"column":82}},{"start":{"line":78,"column":85},"end":{"line":78,"column":126}}],"line":78}},"s":{"0":0,"1":0,"2":0,"3":0,"4":0,"5":0,"6":0,"7":0,"8":0,"9":0,"10":0,"11":0,"12":0,"13":0,"14":0,"15":0,"16":0,"17":0,"18":0,"19":0,"20":0,"21":0,"22":0,"23":0,"24":0,"25":0,"26":0,"27":0,"28":0,"29":0,"30":0,"31":0,"32":0,"33":0,"34":1,"35":2,"36":1,"37":1},"f":{"0":0,"1":1,"2":2},"b":{"0":[0,0],"1":[0,0],"2":[0,0],"3":[0,0],"4":[0,0],"5":[0,0],"6":[0,0],"7":[0,0],"8":[0,0],"9":[0,0],"10":[0,0],"11":[0,0],"12":[0,0],"13":[0,0],"14":[0,0],"15":[0,0],"16":[0,0],"17":[0,0],"18":[0,0]},"_coverageSchema":"332fd63041d2c1bcb487cc26dd0d5f7d97098a6c","hash":"3f65bbcf6fab77461b6ea852f28e71d76f236d29"}
,"/root/repo/src/components/FilesUpload/FilesUpload.js": {"path":"/root/repo/src/components/FilesUpload/FilesUpload.js","statementMap":{"0":{"start":{"line":37,"column":8},"end":{"line":37,"column":29}},"1":{"start":{"line":38,"column":8},"end":{"line":38,"column":44}},"2":{"start":{"line":39,"column":8},"end":{"line":39,"column":54}},"3":{"start":{"line":40,"column":8},"end":{"line":40,"column":54}},"4":{"start":{"line":41,"column":8},"end":{"line":41,"column":62}},"5":{"start":{"line":43,"column":8},"end":{"line":43,"column":19}},"6":{"start":{"line":44,"column":8},"end":{"line":44,"column":34}},"7":{"start":{"line":48,"column":8},"end":{"line":48,"column":30}},"8":{"start":{"line":49,"column":8},"end":{"line":49,"column":31}},"9":{"start":{"line":53,"column":25},"end":{"line":53,"column":91}},"10":{"start":{"line":56,"column":8},"end":{"line":58,"column":9}},"11":{"start":{"line":57,"column":12},"end":{"line":57,"column":40}},"12":{"start":{"line":60,"column":20},"end":{"line":60,"column":22}},"13":{"start":{"line":61,"column":8},"end":{"line":98,"column":9}},"14":{"start":{"line":62,"column":23},"end":{"line":62,"column":36}},"15":{"start":{"line":65,"column":12},"end":{"line":65,"column":42}},"16":{"start":{"line":67,"column":12},"end":{"line":67,"column":53}},"17":{"start":{"line":69,"column":12},"end":{"line":69,"column":37}},"18":{"start":{"line":71,"column":12},"end":{"line":71,"column":54}},"19":{"start":{"line":74,"column":12},"end":{"line":83,"column":13}},"20":{"start":{"line":75,"column":16},"end":{"line":78,"column":17}},"21":{"start":{"line":80,"column":16},"end":{"line":82,"column":17}},"22":{"start":{"line":86,"column":12},"end":{"line":92,"column":13}},"23":{"start":{"line":87,"column":16},"end":{"line":90,"column":24}},"24":{"start":{"line":91,"column":16},"end":{"line":91,"column":21}},"25":{"start":{"line":95,"column":12},"end":{"line":97,"column":13}},"26":{"start":{"line":96,"column":16},"end":{"line":96,"column":32}},"27":{"start":{"line":100,"column":8},"end":{"line":104,"column":10}},"28":{"start":{"line":103,"column":12},"end":{"line":103,"column":60}},"29":{"start":{"line":108,"column":8},"end":{"line":108,"column":30}},"30":{"start":{"line":109,"column":8},"end":{"line":109,"column":31}},"31":{"start":{"line":113,"column":17},"end":{"line":113,"column":30}},"32":{"start":{"line":114,"column":8},"end":{"line":114,"column":60}},"33":{"start":{"line":118,"column":17},"end":{"line":118,"column":30}},"34":{"start":{"line":119,"column":8},"end":{"line":119,"column":96}},"35":{"start":{"line":123,"column":8},"end":{"line":123,"column":38}},"36":{"start":{"line":124,"column":8},"end":{"line":124,"column":33}},"37":{"start":{"line":128,"column":22},"end":{"line":128,"column":40}},"38":{"start":{"line":129,"column":8},"end":{"line":154,"column":9}},"39":{"start":{"line":130,"column":12},"end":{"line":146,"column":13}},"40":{"start":{"line":131,"column":31},"end":{"line":131,"column":59}},"41":{"start":{"line":132,"column":32},"end":{"line":132,"column":61}},"42":{"start":{"line":133,"column":16},"end":{"line":145,"column":17}},"43":{"start":{"line":134,"column":33},"end":{"line":134,"column":43}},"44":{"start":{"line":135,"column":37},"end":{"line":135,"column":57}},"45":{"start":{"line":136,"column":38},"end":{"line":136,"column":58}},"46":{"start":{"line":137,"column":20},"end":{"line":144,"column":21}},"47":{"start":{"line":138,"column":24},"end":{"line":140,"column":25}},"48":{"start":{"line":139,"column":28},"end":{"line":139,"column":39}},"49":{"start":{"line":141,"column":24},"end":{"line":143,"column":25}},"50":{"start":{"line":142,"column":28},"end":{"line":142,"column":39}},"51":{"start":{"line":147,"column":12},"end":{"line":150,"column":20}},"52":{"start":{"line":151,"column":12},"end":{"line":151,"column":24}},"53":{"start":{"line":153,"column":12},"end":{"line":153,"column":23}},"54":{"start":{"line":158,"column":8},"end":{"line":172,"column":9}},"55":{"start":{"line":159,"column":12},"end":{"line":162,"column":20}},"56":{"start":{"line":163,"column":12},"end":{"line":163,"column":24}},"57":{"start":{"line":164,"column":15},"end":{"line":172,"column":9}},"58":{"start":{"line":165,"column":12},"end":{"line":168,"column":20}},"59":{"start":{"line":169,"column":12},"end":{"line":169,"column":24}},"60":{"start":{"line":171,"column":12},"end":{"line":171,"column":23}},"61":{"start":{"line":176,"column":8},"end":{"line":176,"column":33}},"62":{"start":{"line":180,"column":8},"end":{"line":180,"column":33}},"63":{"start":{"line":184,"column":29},"end":{"line":184,"column":49}},"64":{"start":{"line":185,"column":8},"end":{"line":189,"column":9}},"65":{"start":{"line":186,"column":12},"end":{"line":186,"column":60}},"66":{"start":{"line":188,"column":12},"end":{"line":188,"column":25}},"67":{"start":{"line":193,"column":8},"end":{"line":193,"column":50}},"68":{"start":{"line":197,"column":8},"end":{"line":201,"column":10}},"69":{"start":{"line":198,"column":51},"end":{"line":198,"column":78}},"70":{"start":{"line":200,"column":12},"end":{"line":200,"column":60}},"71":{"start":{"line":205,"column":8},"end":{"line":209,"column":10}},"72":{"start":{"line":208,"column":12},"end":{"line":208,"column":60}},"73":{"start":{"line":213,"column":32},"end":{"line":223,"column":9}},"74":{"start":{"line":220,"column":16},"end":{"line":220,"column":43}},"75":{"start":{"line":225,"column":8},"end":{"line":247,"column":9}},"76":{"start":{"line":241,"column":39},"end":{"line":241,"column":63}},"77":{"start":{"line":251,"column":0},"end":{"line":268,"column":1}},"78":{"start":{"line":270,"column":0},"end":{"line":286,"column":1}},"79":{"start":{"line":272,"column":8},"end":{"line":272,"column":26}},"80":{"start":{"line":275,"column":8},"end":{"line":275,"column":70}}},"fnMap":{"0":{"name":"(anonymous_0)","decl":{"start":{"line":36,"column":4},"end":{"line":36,"column":5}},"loc":{"start":{"line":36,"column":32},"end":{"line":45,"column":5}},"line":36},"1":{"name":"(anonymous_1)","decl":{"start":{"line":47,"column":4},"end":{"line":47,"column":5}},"loc":{"start":{"line":47,"column":18},"end":{"line":105,"column":5}},"line":47},"2":{"name":"(anonymous_2)","decl":{"start":{"line":102,"column":11},"end":{"line":102,"column":12}},"loc":{"start":{"line":102,"column":17},"end":{"line":104,"column":9}},"line":102},"3":{"name":"(anonymous_3)","decl":{"start":{"line":107,"column":4},"end":{"line":107,"column":5}},"loc":{"start":{"line":107,"column":22},"end":{"line":110,"column":5}},"line":107},"4":{"name":"(anonymous_4)","decl":{"start":{"line":112,"column":4},"end":{"line":112,"column":5}},"loc":{"start":{"line":112,"column":23},"end":{"line":115,"column":5}},"line":112},"5":{"name":"(anonymous_5)","decl":{"start":{"line":117,"column":4},"end":{"line":117,"column":5}},"loc":{"start":{"line":117,"column":23},"end":{"line":120,"column":5}},"line":117},"6":{"name":"(anonymous_6)","decl":{"start":{"line":122,"column":4},"end":{"line":122,"column":5}},"loc":{"start":{"line":122,"column":22},"end":{"line":125,"column":5}},"line":122},"7":{"name":"(anonymous_7)","decl":{"start":{"line":127,"column":4},"end":{"line":127,"column":5}},"loc":{"start":{"line":127,"column":29},"end":{"line":155,"column":5}},"line":127},"8":{"name":"(anonymous_8)","decl":{"start":{"line":157,"column":4},"end":{"line":157,"column":5}},"loc":{"start":{"line":157,"column":29},"end":{"line":173,"column":5}},"line":157},"9":{"name":"(anonymous_9)","decl":{"start":{"line":175,"column":4},"end":{"line":175,"column":5}},"loc":{"start":{"line":175,"column":23},"end":{"line":177,"column":5}},"line":175},"10":{"name":"(anonymous_10)","decl":{"start":{"line":179,"column":4},"end":{"line":179,"column":5}},"loc":{"start":{"line":179,"column":24},"end":{"line":181,"column":5}},"line":179},"11":{"name":"(anonymous_11)","decl":{"start":{"line":183,"column":4},"end":{"line":183,"column":5}},"loc":{"start":{"line":183,"column":24},"end":{"line":190,"column":5}},"line":183},"12":{"name":"(anonymous_12)","decl":{"start":{"line":192,"column":4},"end":{"line":192,"column":5}},"loc":{"start":{"line":192,"column":25},"end":{"line":194,"column":5}},"line":192},"13":{"name":"(anonymous_13)","decl":{"start":{"line":196,"column":4},"end":{"line":196,"column":5}},"loc":{"start":{"line":196,"column":29},"end":{"line":202,"column":5}},"line":196},"14":{"name":"(anonymous_14)","decl":{"start":{"line":198,"column":43},"end":{"line":198,"column":44}},"loc":{"start":{"line":198,"column":51},"end":{"line":198,"column":78}},"line":198},"15":{"name":"(anonymous_15)","decl":{"start":{"line":199,"column":11},"end":{"line":199,"column":12}},"loc":{"start":{"line":199,"column":17},"end":{"line":201,"column":9}},"line":199},"16":{"name":"(anonymous_16)","decl":{"start":{"line":204,"column":4},"end":{"line":204,"column":5}},"loc":{"start":{"line":204,"column":18},"end":{"line":210,"column":5}},"line":204},"17":{"name":"(anonymous_17)","decl":{"start":{"line":207,"column":11},"end":{"line":207,"column":12}},"loc":{"start":{"line":207,"column":17},"end":{"line":209,"column":9}},"line":207},"18":{"name":"(anonymous_18)","decl":{"start":{"line":212,"column":4},"end":{"line":212,"column":5}},"loc":{"start":{"line":212,"column":13},"end":{"line":248,"column":5}},"line":212},"19":{"name":"(anonymous_19)","decl":{"start":{"line":219,"column":17},"end":{"line":219,"column":18}},"loc":{"start":{"line":219,"column":30},"end":{"line":221,"column":13}},"line":219},"20":{"name":"(anonymous_20)","decl":{"start":{"line":241,"column":25},"end":{"line":241,"column":26}},"loc":{"start":{"line":241,"column":37},"end":{"line":241,"column":65}},"line":241},"21":{"name":"(anonymous_21)","decl":{"start":{"line":271,"column":14},"end":{"line":271,"column":15}},"loc":{"start":{"line":271,"column":31},"end":{"line":273,"column":5}},"line":271},"22":{"name":"(anonymous_22)","decl":{"start":{"line":274,"column":13},"end":{"line":274,"column":14}},"loc":{"start":{"line":274,"column":36},"end":{"line":276,"column":5}},"line":274}},"branchMap":{"0":{"loc":{"start":{"line":53,"column":25},"end":{"line":53,"column":91}},"type":"cond-expr","locations":[{"start":{"line":53,"column":46},"end":{"line":53,"column":70}},{"start":{"line":53,"column":73},"end":{"line":53,"column":91}}],"line":53},"1":{"loc":{"start":{"line":56,"column":8},"end":{"line":58,"column":9}},"type":"if","locations":[{"start":{"line":56,"column":8},"end":{"line":58,"column":9}},{"start":{"line":56,"column":8},"end":{"line":58,"column":9}}],"line":56},"2":{"loc":{"start":{"line":56,"column":12},"end":{"line":56,"column":66}},"type":"binary-expr","locations":[{"start":{"line":56,"column":12},"end":{"line":56,"column":41}},{"start":{"line":56,"column":45},"end":{"line":56,"column":66}}],"line":56},"3":{"loc":{"start":{"line":74,"column":12},"end":{"line":83,"column":13}},"type":"if","locations":[{"start":{"line":74,"column":12},"end":{"line":83,"column":13}},{"start":{"line":74,"column":12},"end":{"line":83,"column":13}}],"line":74},"4":{"loc":{"start":{"line":74,"column":16},"end":{"line":74,"column":69}},"type":"binary-expr","locations":[{"start":{"line":74,"column":16},"end":{"line":74,"column":25}},{"start":{"line":74,"column":29},"end":{"line":74,"column":69}}],"line":74},"5":{"loc":{"start":{"line":86,"column":12},"end":{"line":92,"column":13}},"type":"if","locations":[{"start":{"line":86,"column":12},"end":{"line":92,"column":13}},{"start":{"line":86,"column":12},"end":{"line":92,"column":13}}],"line":86},"6":{"loc":{"start":{"line":95,"column":12},"end":{"line":97,"column":13}},"type":"if","locations":[{"start":{"line":95,"column":12},"end":{"line":97,"column":13}},{"start":{"line":95,"column":12},"end":{"line":97,"column":13}}],"line":95},"7":{"loc":{"start":{"line":95,"column":16},"end":{"line":95,"column":78}},"type":"binary-expr","locations":[{"start":{"line":95,"column":16},"end":{"line":95,"column":45}},{"start":{"line":95,"column":49},"end":{"line":95,"column":78}}],"line":95},"8":{"loc":{"start":{"line":101,"column":19},"end":{"line":101,"column":90}},"type":"cond-expr","locations":[{"start":{"line":101,"column":51},"end":{"line":101,"column":56}},{"start":{"line":101,"column":59},"end":{"line":101,"column":90}}],"line":101},"9":{"loc":{"start":{"line":129,"column":8},"end":{"line":154,"column":9}},"type":"if","locations":[{"start":{"line":129,"column":8},"end":{"line":154,"column":9}},{"start":{"line":129,"column":8},"end":{"line":154,"column":9}}],"line":129},"10":{"loc":{"start":{"line":130,"column":12},"end":{"line":146,"column":13}},"type":"if","locations":[{"start":{"line":130,"column":12},"end":{"line":146,"column":13}},{"start":{"line":130,"column":12},"end":{"line":146,"column":13}}],"line":130},"11":{"loc":{"start":{"line":137,"column":20},"end":{"line":144,"column":21}},"type":"if","locations":[{"start":{"line":137,"column":20},"end":{"line":144,"column":21}},{"start":{"line":137,"column":20},"end":{"line":144,"column":21}}],"line":137},"12":{"loc":{"start":{"line":137,"column":24},"end":{"line":137,"column":49}},"type":"binary-expr","locations":[{"start":{"line":137,"column":24},"end":{"line":137,"column":34}},{"start":{"line":137,"column":38},"end":{"line":137,"column":49}}],"line":137},"13":{"loc":{"start":{"line":138,"column":24},"end":{"line":140,"column":25}},"type":"if","locations":[{"start":{"line":138,"column":24},"end":{"line":140,"column":25}},{"start":{"line":138,"column":24},"end":{"line":140,"column":25}}],"line":138},"14":{"loc":{"start":{"line":138,"column":28},"end":{"line":138,"column":74}},"type":"binary-expr","locations":[{"start":{"line":138,"column":28},"end":{"line":138,"column":51}},{"start":{"line":138,"column":55},"end":{"line":138,"column":74}}],"line":138},"15":{"loc":{"start":{"line":141,"column":24},"end":{"line":143,"column":25}},"type":"if","locations":[{"start":{"line":141,"column":24},"end":{"line":143,"column":25}},{"start":{"line":141,"column":24},"end":{"line":143,"column":25}}],"line":141},"16":{"loc":{"start":{"line":141,"column":28},"end":{"line":141,"column":80}},"type":"binary-expr","locations":[{"start":{"line":141,"column":28},"end":{"line":141,"column":51}},{"start":{"line":141,"column":55},"end":{"line":141,"column":80}}],"line":141},"17":{"loc":{"start":{"line":158,"column":8},"end":{"line":172,"column":9}},"type":"if","locations":[{"start":{"line":158,"column":8},"end":{"line":172,"column":9}},{"start":{"line":158,"column":8},"end":{"line":172,"column":9}}],"line":158},"18":{"loc":{"start":{"line":164,"column":15},"end":{"line":172,"column":9}},"type":"if","locations":[{"start":{"line":164,"column":15},"end":{"line":172,"column":9}},{"start":{"line":164,"column":15},"end":{"line":172,"column":9}}],"line":164},"19":{"loc":{"start":{"line":185,"column":8},"end":{"line":189,"column":9}},"type":"if","locations":[{"start":{"line":185,"column":8},"end":{"line":189,"column":9}},{"start":{"line":185,"column":8},"end":{"line":189,"column":9}}],"line":185},"20":{"loc":{"start":{"line":215,"column":20},"end":{"line":215,"column":71}},"type":"cond-expr","locations":[{"start":{"line":215,"column":41},"end":{"line":215,"column":66}},{"start":{"line":215,"column":69},"end":{"line":215,"column":71}}],"line":215},"21":{"loc":{"start":{"line":233,"column":24},"end":{"line":235,"column":34}},"type":"cond-expr","locations":[{"start":{"line":234,"column":30},"end":{"line":234,"column":50}},{"start":{"line":235,"column":30},"end":{"line":235,"column":34}}],"line":233}},"s":{"0":1,"1":1,"2":1,"3":1,"4":1,"5":1,"6":1,"7":0,"8":0,"9":0,"10":0,"11":0,"12":0,"13":0,"14":0,"15":0,"16":0,"17":0,"18":0,"19":0,"20":0,"21":0,"22":0,"23":0,"24":0,"25":0,"26":0,"27":0,"28":0,"29":0,"30":0,"31":0,"32":0,"33":0,"34":0,"35":0,"36":0,"37":0,"38":0,"39":0,"40":0,"41":0,"42":0,"43":0,"44":0,"45":0,"46":0,"47":0,"48":0,"49":0,"50":0,"51":0,"52":0,"53":0,"54":0,"55":0,"56":0,"57":0,"58":0,"59":0,"60":0,"61":0,"62":0,"63":0,"64":0,"65":0,"66":0,"67":0,"68":0,"69":0,"70":0,"71":0,"72":0,"73":1,"74":1,"75":1,"76":1,"77":1,"78":1,"79":0,"80":0},"f":{"0":1,"1":0,"2":0,"3":0,"4":0,"5":0,"6":0,"7":0,"8":0,"9":0,"10":0,"11":0,"12":0,"13":0,"14":0,"15":0,"16":0,"17":0,"18":1,"19":1,"20":1,"21":0,"22":0},"b":{"0":[0,0],"1":[0,0],"2":[0,0],"3":[0,0],"4":[0,0],"5":[0,0],"6":[0,0],"7":[0,0],"8":[0,0],"9":[0,0],"10":[0,0],"11":[0,0],"12":[0,0],"13":[0,0],"14":[0,0],"15":[0,0],"16":[0,0],"17":[0,0],"18":[0,0],"19":[0,0],"20":[0,1],"21":[1,0]},"_coverageSchema":"332fd63041d2c1bcb487cc26dd0d5f7d97098a6c","hash":"c80f5dc173e73a659beaa66c653c018c0ac03ac7"}
,"/root/repo/src/components/FilesUpload/FilesUploadItemList.js": {"path":"/root/repo/src/components/FilesUpload/FilesUploadItemList.js","statementMap":{"0":{"start":{"line":34,"column":8},"end":{"line":54,"column":9}},"1":{"start":{"line":58,"column":0},"end":{"line":61,"column":1}}},"fnMap":{"0":{"name":"(anonymous_0)","decl":{"start":{"line":33,"column":4},"end":{"line":33,"column":5}},"loc":{"start":{"line":33,"column":13},"end":{"line":55,"column":5}},"line":33}},"branchMap":{},"s":{"0":1,"1":1},"f":{"0":1},"b":{},"_coverageSchema":"332fd63041d2c1bcb487cc26dd0d5f7d97098a6c","hash":"b6ee0f0c47bb705576723f8ab99e19f4760a78c5"}
,"/root/repo/src/components/FilesUpload/index.js": {"path":"/root/repo/src/components/FilesUpload/index.js","statementMap":{"0":{"start":{"line":29,"column":0},"end":{"line":null,"column":-1}},"1":{"start":{"line":30,"column":0},"end":{"line":null,"column":-1}}},"fnMap":{},"branchMap":{},"s":{"0":0,"1":0},"f":{},"b":{}}
,"/root/repo/src/components/Forms/index.js": {"path":"/root/repo/src/components/Forms/index.js","statementMap":{"0":{"start":{"line":29,"column":0},"end":{"line":null,"column":-1}},"1":{"start":{"line":30,"column":0},"end":{"line":null,"column":-1}},"2":{"start":{"line":31,"column":0},"end":{"line":null,"column":-1}},"3":{"start":{"line":32,"column":0},"end":{"line":null,"column":-1}},"4":{"start":{"line":33,"column":0},"end":{"line":null,"column":-1}}},"fnMap":{},"branchMap":{},"s":{"0":0,"1":0,"2":0,"3":0,"4":0},"f":{},"b":{}}
,"/root/repo/src/components/Forms/ConstructInputs/createListElement.js": {"path":"/root/repo/src/components/Forms/ConstructInputs/createListElement.js","statementMap":{"0":{"start":{"line":29,"column":0},"end":{"line":null,"column":-1}},"1":{"start":{"line":30,"column":0},"end":{"line":null,"column":-1}},"2":{"start":{"line":31,"column":0},"end":{"line":null,"column":-1}},"3":{"start":{"line":32,"column":0},"end":{"line":null,"column":-1}},"4":{"start":{"line":33,"column":0},"end":{"line":null,"column":-1}},"5":{"start":{"line":35,"column":26},"end":{"line":35,"column":0}},"6":{"start":{"line":36,"column":16},"end":{"line":36,"column":4}},"7":{"start":{"line":37,"column":4},"end":{"line":null,"column":-1}},"8":{"start":{"line":42,"column":20},"end":{"line":97,"column":21}},"9":{"start":{"line":43,"column":24},"end":{"line":null,"column":-1}},"10":{"start":{"line":55,"column":27},"end":{"line":97,"column":21}},"11":{"start":{"line":56,"column":24},"end":{"line":null,"column":-1}},"12":{"start":{"line":65,"column":27},"end":{"line":97,"column":21}},"13":{"start":{"line":66,"column":24},"end":{"line":null,"column":-1}},"14":{"start":{"line":81,"column":24},"end":{"line":null,"column":-1}},"15":{"start":{"line":98,"column":20},"end":{"line":null,"column":-1}}},"fnMap":{"0":{"name":"(anonymous_1)","decl":{"start":{"line":35,"column":26},"end":{"line":35,"column":27}},"loc":{"start":{"line":35,"column":55},"end":{"line":35,"column":0}}},"1":{"name":"(anonymous_2)","decl":{"start":{"line":40,"column":29},"end":{"line":40,"column":30}},"loc":{"start":{"line":40,"column":50},"end":{"line":40,"column":16}}}},"branchMap":{"0":{"loc":{"start":{"line":36,"column":23},"end":{"line":36,"column":16}},"type":"cond-expr","locations":[{"start":{"line":36,"column":23},"end":{"line":36,"column":16}},{"start":{"line":36,"column":64},"end":{"line":36,"column":4}}]},"1":{"loc":{"start":{"line":42,"column":20},"end":{"line":97,"column":21}},"type":"if","locations":[{"start":{"line":42,"column":20},"end":{"line":97,"column":21}},{"start":{"line":42,"column":20},"end":{"line":97,"column":21}}]},"2":{"loc":{"start":{"line":55,"column":27},"end":{"line":97,"column":21}},"type":"if","locations":[{"start":{"line":55,"column":27},"end":{"line":97,"column":21}},{"start":{"line":55,"column":27},"end":{"line":97,"column":21}}]},"3":{"loc":{"start":{"line":65,"column":27},"end":{"line":97,"column":21}},"type":"if","locations":[{"start":{"line":65,"column":27},"end":{"line":97,"column":21}},{"start":{"line":65,"column":27},"end":{"line":97,"column":21}}]}},"s":{"0":0,"1":0,"2":0,"3":0,"4":0,"5":0,"6":0,"7":0,"8":0,"9":0,"10":0,"11":0,"12":0,"13":0,"14":0,"15":0},"f":{"0":0,"1":0},"b":{"0":[0,0],"1":[0,0],"2":[0,0],"3":[0,0]}}
,"/root/repo/src/components/Forms/ConstructInputs/index.js": {"path":"/root/repo/src/components/Forms/ConstructInputs/index.js","statementMap":{"0":{"start":{"line":29,"column":0},"end":{"line":null,"column":-1}},"1":{"start":{"line":30,"column":0},"end":{"line":null,"column":-1}},"2":{"start":{"line":32,"column":0},"end":{"line":null,"column":-1}},"3":{"start":{"line":34,"column":24},"end":{"line":34,"column":0}},"4":{"start":{"line":37,"column":4},"end":{"line":44,"column":5}},"5":{"start":{"line":38,"column":8},"end":{"line":null,"column":-1}},"6":{"start":{"line":46,"column":4},"end":{"line":null,"column":-1}},"7":{"start":{"line":51,"column":20},"end":{"line":null,"column":-1}},"8":{"start":{"line":62,"column":0},"end":{"line":null,"column":-1}}},"fnMap":{"0":{"name":"(anonymous_1)","decl":{"start":{"line":34,"column":24},"end":{"line":34,"column":32}},"loc":{"start":{"line":34,"column":33},"end":{"line":34,"column":0}}},"1":{"name":"(anonymous_2)","decl":{"start":{"line":50,"column":31},"end":{"line":50,"column":32}},"loc":{"start":{"line":50,"column":52},"end":{"line":50,"column":16}}}},"branchMap":{"0":{"loc":{"start":{"line":37,"column":4},"end":{"line":44,"column":5}},"type":"if","locations":[{"start":{"line":37,"column":4},"end":{"line":44,"column":5}},{"start":{"line":37,"column":4},"end":{"line":44,"column":5}}]},"1":{"loc":{"start":{"line":41,"column":31},"end":{"line":41,"column":17}},"type":"cond-expr","locations":[{"start":{"line":41,"column":31},"end":{"line":41,"column":17}},{"start":{"line":41,"column":91},"end":{"line":null,"column":-1}}]}},"s":{"0":0,"1":0,"2":0,"3":0,"4":0,"5":0,"6":0,"7":0,"8":0},"f":{"0":0,"1":0},"b":{"0":[0,0],"1":[0,0]}}
,"/root/repo/src/components/Forms/DatePicker/days.js": {"path":"/root/repo/src/components/Forms/DatePicker/days.js","statementMap":{"0":{"start":{"line":32,"column":21},"end":{"line":45,"column":5}},"1":{"start":{"line":47,"column":4},"end":{"line":49,"column":5}},"2":{"start":{"line":48,"column":8},"end":{"line":48,"column":30}},"3":{"start":{"line":51,"column":15},"end":{"line":51,"column":17}},"4":{"start":{"line":53,"column":4},"end":{"line":61,"column":5}},"5":{"start":{"line":54,"column":8},"end":{"line":60,"column":9}},"6":{"start":{"line":55,"column":12},"end":{"line":59,"column":14}},"7":{"start":{"line":63,"column":4},"end":{"line":63,"column":15}}},"fnMap":{"0":{"name":"(anonymous_0)","decl":{"start":{"line":31,"column":15},"end":{"line":31,"column":16}},"loc":{"start":{"line":31,"column":32},"end":{"line":64,"column":1}},"line":31}},"branchMap":{"0":{"loc":{"start":{"line":47,"column":4},"end":{"line":49,"column":5}},"type":"if","locations":[{"start":{"line":47,"column":4},"end":{"line":49,"column":5}},{"start":{"line":47,"column":4},"end":{"line":49,"column":5}}],"line":47},"1":{"loc":{"start":{"line":47,"column":8},"end":{"line":47,"column":64}},"type":"binary-expr","locations":[{"start":{"line":47,"column":8},"end":{"line":47,"column":24}},{"start":{"line":47,"column":29},"end":{"line":47,"column":45}},{"start":{"line":47,"column":49},"end":{"line":47,"column":63}}],"line":47},"2":{"loc":{"start":{"line":53,"column":4},"end":{"line":61,"column":5}},"type":"if","locations":[{"start":{"line":53,"column":4},"end":{"line":61,"column":5}},{"start":{"line":53,"column":4},"end":{"line":61,"column":5}}],"line":53}},"s":{"0":3,"1":3,"2":1,"3":3,"4":3,"5":3,"6":87,"7":3},"f":{"0":3},"b":{"0":[1,2],"1":[3,3,3],"2":[3,0]},"_coverageSchema":"332fd63041d2c1bcb487cc26dd0d5f7d97098a6c","hash":"5cf88699eb7a96d020d18ba01810f4615ee01e79"}
,"/root/repo/src/components/Forms/DatePicker/index.js": {"path":"/root/repo/src/components/Forms/DatePicker/index.js","statementMap":{"0":{"start":{"line":39,"column":8},"end":{"line":39,"column":20}},"1":{"start":{"line":40,"column":21},"end":{"line":40,"column":48}},"2":{"start":{"line":41,"column":8},"end":{"line":45,"column":9}},"3":{"start":{"line":49,"column":28},"end":{"line":49,"column":38}},"4":{"start":{"line":50,"column":22},"end":{"line":54,"column":9}},"5":{"start":{"line":56,"column":8},"end":{"line":56,"column":67}},"6":{"start":{"line":58,"column":8},"end":{"line":60,"column":9}},"7":{"start":{"line":64,"column":8},"end":{"line":92,"column":9}},"8":{"start":{"line":96,"column":0},"end":{"line":98,"column":1}},"9":{"start":{"line":100,"column":0},"end":{"line":109,"column":1}}},"fnMap":{"0":{"name":"(anonymous_0)","decl":{"start":{"line":38,"column":4},"end":{"line":38,"column":5}},"loc":{"start":{"line":38,"column":24},"end":{"line":46,"column":5}},"line":38},"1":{"name":"(anonymous_1)","decl":{"start":{"line":48,"column":13},"end":{"line":48,"column":14}},"loc":{"start":{"line":48,"column":30},"end":{"line":61,"column":5}},"line":48},"2":{"name":"(anonymous_2)","decl":{"start":{"line":63,"column":4},"end":{"line":63,"column":5}},"loc":{"start":{"line":63,"column":14},"end":{"line":93,"column":5}},"line":63}},"branchMap":{"0":{"loc":{"start":{"line":42,"column":18},"end":{"line":42,"column":62}},"type":"cond-expr","locations":[{"start":{"line":42,"column":37},"end":{"line":42,"column":55}},{"start":{"line":42,"column":58},"end":{"line":42,"column":62}}],"line":42},"1":{"loc":{"start":{"line":43,"column":19},"end":{"line":43,"column":72}},"type":"cond-expr","locations":[{"start":{"line":43,"column":38},"end":{"line":43,"column":65}},{"start":{"line":43,"column":68},"end":{"line":43,"column":72}}],"line":43},"2":{"loc":{"start":{"line":44,"column":17},"end":{"line":44,"column":57}},"type":"cond-expr","locations":[{"start":{"line":44,"column":36},"end":{"line":44,"column":50}},{"start":{"line":44,"column":53},"end":{"line":44,"column":57}}],"line":44},"3":{"loc":{"start":{"line":51,"column":18},"end":{"line":51,"column":79}},"type":"cond-expr","locations":[{"start":{"line":51,"column":36},"end":{"line":51,"column":51}},{"start":{"line":51,"column":54},"end":{"line":51,"column":79}}],"line":51},"4":{"loc":{"start":{"line":52,"column":19},"end":{"line":52,"column":91}},"type":"cond-expr","locations":[{"start":{"line":52,"column":38},"end":{"line":52,"column":54}},{"start":{"line":52,"column":57},"end":{"line":52,"column":91}}],"line":52},"5":{"loc":{"start":{"line":53,"column":17},"end":{"line":53,"column":52}},"type":"cond-expr","locations":[{"start":{"line":53,"column":34},"end":{"line":53,"column":48}},{"start":{"line":53,"column":51},"end":{"line":53,"column":52}}],"line":53}},"s":{"0":1,"1":1,"2":1,"3":0,"4":0,"5":0,"6":0,"7":1,"8":1,"9":1},"f":{"0":1,"1":0,"2":1},"b":{"0":[1,0],"1":[1,0],"2":[1,0],"3":[0,0],"4":[0,0],"5":[0,0]},"_coverageSchema":"332fd63041d2c1bcb487cc26dd0d5f7d97098a6c","hash":"5925e0bd5033a9fa8d6c110dad33de53185b4546"}
,"/root/repo/src/components/Forms/DatePicker/months.js": {"path":"/root/repo/src/components/Forms/DatePicker/months.js","statementMap":{"0":{"start":{"line":33,"column":17},"end":{"line":33,"column":19}},"1":{"start":{"line":34,"column":4},"end":{"line":40,"column":6}},"2":{"start":{"line":35,"column":8},"end":{"line":39,"column":10}},"3":{"start":{"line":41,"column":4},"end":{"line":41,"column":17}}},"fnMap":{"0":{"name":"(anonymous_0)","decl":{"start":{"line":32,"column":15},"end":{"line":32,"column":16}},"loc":{"start":{"line":32,"column":21},"end":{"line":42,"column":1}},"line":32},"1":{"name":"(anonymous_1)","decl":{"start":{"line":34,"column":23},"end":{"line":34,"column":24}},"loc":{"start":{"line":34,"column":32},"end":{"line":40,"column":5}},"line":34}},"branchMap":{},"s":{"0":2,"1":2,"2":24,"3":2},"f":{"0":2,"1":24},"b":{},"_coverageSchema":"332fd63041d2c1bcb487cc26dd0d5f7d97098a6c","hash":"060943c1c687a9601db631c8b810e6dcd5e76f1b"}
,"/root/repo/src/components/Forms/DatePicker/years.js": {"path":"/root/repo/src/components/Forms/DatePicker/years.js","statementMap":{"0":{"start":{"line":32,"column":16},"end":{"line":32,"column":18}},"1":{"start":{"line":33,"column":4},"end":{"line":39,"column":5}},"2":{"start":{"line":34,"column":8},"end":{"line":38,"column":9}},"3":{"start":{"line":40,"column":4},"end":{"line":40,"column":16}}},"fnMap":{"0":{"name":"(anonymous_0)","decl":{"start":{"line":31,"column":15},"end":{"line":31,"column":16}},"loc":{"start":{"line":31,"column":21},"end":{"line":41,"column":1}},"line":31}},"branchMap":{},"s":{"0":2,"1":2,"2":242,"3":2},"f":{"0":2},"b":{},"_coverageSchema":"332fd63041d2c1bcb487cc26dd0d5f7d97098a6c","hash":"6ea720f3dc55c8e6e67180ef3395a21160e13875"}
,"/root/repo/src/components/Forms/Input/index.js": {"path":"/root/repo/src/components/Forms/Input/index.js","statementMap":{"0":{"start":{"line":29,"column":0},"end":{"line":null,"column":-1}},"1":{"start":{"line":30,"column":0},"end":{"line":null,"column":-1}},"2":{"start":{"line":31,"column":0},"end":{"line":null,"column":-1}},"3":{"start":{"line":32,"column":0},"end":{"line":null,"column":-1}},"4":{"start":{"line":33,"column":0},"end":{"line":null,"column":-1}},"5":{"start":{"line":38,"column":8},"end":{"line":null,"column":-1}},"6":{"start":{"line":37,"column":23},"end":{"line":null,"column":-1}},"7":{"start":{"line":47,"column":8},"end":{"line":null,"column":-1}},"8":{"start":{"line":73,"column":8},"end":{"line":82,"column":9}},"9":{"start":{"line":75,"column":31},"end":{"line":75,"column":12}},"10":{"start":{"line":77,"column":12},"end":{"line":null,"column":-1}},"11":{"start":{"line":39,"column":8},"end":{"line":null,"column":-1}},"12":{"start":{"line":51,"column":8},"end":{"line":69,"column":9}},"13":{"start":{"line":52,"column":12},"end":{"line":64,"column":13}},"14":{"start":{"line":54,"column":35},"end":{"line":54,"column":16}},"15":{"start":{"line":55,"column":16},"end":{"line":null,"column":-1}},"16":{"start":{"line":61,"column":16},"end":{"line":null,"column":-1}},"17":{"start":{"line":66,"column":12},"end":{"line":null,"column":-1}},"18":{"start":{"line":88,"column":28},"end":{"line":88,"column":8}},"19":{"start":{"line":89,"column":25},"end":{"line":89,"column":12}},"20":{"start":{"line":90,"column":12},"end":{"line":90,"column":21}},"21":{"start":{"line":90,"column":21},"end":{"line":null,"column":-1}},"22":{"start":{"line":92,"column":8},"end":{"line":92,"column":31}},"23":{"start":{"line":92,"column":31},"end":{"line":null,"column":-1}},"24":{"start":{"line":94,"column":8},"end":{"line":null,"column":-1}},"25":{"start":{"line":104,"column":34},"end":{"line":97,"column":16}},"26":{"start":{"line":112,"column":153},"end":{"line":112,"column":37}},"27":{"start":{"line":118,"column":0},"end":{"line":null,"column":-1}},"28":{"start":{"line":125,"column":0},"end":{"line":null,"column":-1}}},"fnMap":{"0":{"name":"(anonymous_1)","decl":{"start":{"line":37,"column":4},"end":{"line":37,"column":15}},"loc":{"start":{"line":37,"column":23},"end":{"line":44,"column":5}}},"1":{"name":"(anonymous_2)","decl":{"start":{"line":46,"column":14},"end":{"line":46,"column":12}},"loc":{"start":{"line":46,"column":30},"end":{"line":37,"column":23}}},"2":{"name":"(anonymous_3)","decl":{"start":{"line":72,"column":15},"end":{"line":72,"column":16}},"loc":{"start":{"line":72,"column":48},"end":{"line":37,"column":23}}},"3":{"name":"(anonymous_4)","decl":{"start":{"line":50,"column":4},"end":{"line":50,"column":10}},"loc":{"start":{"line":50,"column":58},"end":{"line":70,"column":5}}},"4":{"name":"(anonymous_5)","decl":{"start":{"line":86,"column":4},"end":{"line":86,"column":12}},"loc":{"start":{"line":86,"column":13},"end":{"line":115,"column":5}}},"5":{"name":"(anonymous_6)","decl":{"start":{"line":88,"column":28},"end":{"line":88,"column":39}},"loc":{"start":{"line":88,"column":40},"end":{"line":88,"column":8}}},"6":{"name":"(anonymous_7)","decl":{"start":{"line":104,"column":28},"end":{"line":104,"column":33}},"loc":{"start":{"line":104,"column":34},"end":{"line":97,"column":16}}},"7":{"name":"(anonymous_8)","decl":{"start":{"line":112,"column":147},"end":{"line":112,"column":152}},"loc":{"start":{"line":112,"column":153},"end":{"line":112,"column":37}}}},"branchMap":{"0":{"loc":{"start":{"line":73,"column":8},"end":{"line":82,"column":9}},"type":"if","locations":[{"start":{"line":73,"column":8},"end":{"line":82,"column":9}},{"start":{"line":73,"column":8},"end":{"line":82,"column":9}}]},"1":{"loc":{"start":{"line":80,"column":50},"end":{"line":80,"column":27}},"type":"cond-expr","locations":[{"start":{"line":80,"column":50},"end":{"line":80,"column":27}},{"start":{"line":80,"column":66},"end":{"line":null,"column":-1}}]},"2":{"loc":{"start":{"line":51,"column":8},"end":{"line":69,"column":9}},"type":"if","locations":[{"start":{"line":51,"column":8},"end":{"line":69,"column":9}},{"start":{"line":51,"column":8},"end":{"line":69,"column":9}}]},"3":{"loc":{"start":{"line":51,"column":12},"end":{"line":51,"column":11}},"type":"binary-expr","locations":[{"start":{"line":51,"column":12},"end":{"line":51,"column":11}},{"start":{"line":51,"column":36},"end":{"line":51,"column":8}}]},"4":{"loc":{"start":{"line":52,"column":12},"end":{"line":64,"column":13}},"type":"if","locations":[{"start":{"line":52,"column":12},"end":{"line":64,"column":13}},{"start":{"line":52,"column":12},"end":{"line":64,"column":13}}]},"5":{"loc":{"start":{"line":58,"column":54},"end":{"line":58,"column":31}},"type":"cond-expr","locations":[{"start":{"line":58,"column":54},"end":{"line":58,"column":31}},{"start":{"line":58,"column":70},"end":{"line":null,"column":-1}}]},"6":{"loc":{"start":{"line":90,"column":12},"end":{"line":90,"column":21}},"type":"if","locations":[{"start":{"line":90,"column":12},"end":{"line":90,"column":21}},{"start":{"line":90,"column":12},"end":{"line":90,"column":21}}]},"7":{"loc":{"start":{"line":92,"column":8},"end":{"line":92,"column":31}},"type":"if","locations":[{"start":{"line":92,"column":8},"end":{"line":92,"column":31}},{"start":{"line":92,"column":8},"end":{"line":92,"column":31}}]},"8":{"loc":{"start":{"line":112,"column":37},"end":{"line":112,"column":17}},"type":"cond-expr","locations":[{"start":{"line":112,"column":37},"end":{"line":112,"column":17}},{"start":{"line":112,"column":183},"end":{"line":null,"column":-1}}]}},"s":{"0":0,"1":0,"2":0,"3":0,"4":0,"5":0,"6":0,"7":0,"8":0,"9":0,"10":0,"11":0,"12":0,"13":0,"14":0,"15":0,"16":0,"17":0,"18":0,"19":0,"20":0,"21":0,"22":0,"23":0,"24":0,"25":0,"26":0,"27":0,"28":0},"f":{"0":0,"1":0,"2":0,"3":0,"4":0,"5":0,"6":0,"7":0},"b":{"0":[0,0],"1":[0,0],"2":[0,0],"3":[0,0],"4":[0,0],"5":[0,0],"6":[0,0],"7":[0,0],"8":[0,0]}}
,"/root/repo/src/components/Forms/Schemas/index.js": {"path":"/root/repo/src/components/Forms/Schemas/index.js","statementMap":{"0":{"start":{"line":29,"column":0},"end":{"line":null,"column":-1}},"1":{"start":{"line":30,"column":0},"end":{"line":null,"column":-1}},"2":{"start":{"line":31,"column":0},"end":{"line":null,"column":-1}}},"fnMap":{},"branchMap":{},"s":{"0":0,"1":0,"2":0},"f":{},"b":{}}
,"/root/repo/src/components/Forms/Schemas/Schemas/agent.js": {"path":"/root/repo/src/components/Forms/Schemas/Schemas/agent.js","statementMap":{"0":{"start":{"line":32,"column":28},"end":{"line":32,"column":4}},"1":{"start":{"line":59,"column":4},"end":{"line":null,"column":-1}},"2":{"start":{"line":29,"column":0},"end":{"line":null,"column":-1}}},"fnMap":{},"branchMap":{},"s":{"0":0,"1":0,"2":0},"f":{},"b":{}}
,"/root/repo/src/components/Forms/Schemas/Schemas/supervision.js": {"path":"/root/repo/src/components/Forms/Schemas/Schemas/supervision.js","statementMap":{"0":{"start":{"line":32,"column":32},"end":{"line":32,"column":4}},"1":{"start":{"line":95,"column":4},"end":{"line":null,"column":-1}},"2":{"start":{"line":29,"column":0},"end":{"line":null,"column":-1}}},"fnMap":{},"branchMap":{},"s":{"0":0,"1":0,"2":0},"f":{},"b":{}}
,"/root/repo/src/components/Forms/Schemas/Schemas/user.js": {"path":"/root/repo/src/components/Forms/Schemas/Schemas/user.js","statementMap":{"0":{"start":{"line":32,"column":32},"end":{"line":32,"column":4}},"1":{"start":{"line":103,"column":31},"end":{"line":103,"column":4}},"2":{"start":{"line":149,"column":32},"end":{"line":149,"column":4}},"3":{"start":{"line":182,"column":32},"end":{"line":182,"column":4}},"4":{"start":{"line":224,"column":34},"end":{"line":224,"column":4}},"5":{"start":{"line":241,"column":28},"end":{"line":241,"column":4}},"6":{"start":{"line":288,"column":28},"end":{"line":288,"column":4}},"7":{"start":{"line":290,"column":4},"end":{"line":305,"column":5}},"8":{"start":{"line":291,"column":8},"end":{"line":null,"column":-1}},"9":{"start":{"line":307,"column":4},"end":{"line":null,"column":-1}},"10":{"start":{"line":29,"column":0},"end":{"line":null,"column":-1}}},"fnMap":{},"branchMap":{},"s":{"0":0,"1":0,"2":0,"3":0,"4":0,"5":0,"6":0,"7":0,"8":0,"9":0,"10":0},"f":{},"b":{}}
[...]
:4}}},"10":{"name":"(anonymous_12)","decl":{"start":{"line":158,"column":28},"end":{"line":158,"column":33}},"loc":{"start":{"line":158,"column":34},"end":{"line":158,"column":7}}},"11":{"name":"(anonymous_13)","decl":{"start":{"line":159,"column":9},"end":{"line":159,"column":14}},"loc":{"start":{"line":159,"column":27},"end":{"line":159,"column":2}}},"12":{"name":"(anonymous_14)","decl":{"start":{"line":199,"column":28},"end":{"line":199,"column":26}},"loc":{"start":{"line":199,"column":37},"end":{"line":199,"column":7}}},"13":{"name":"(anonymous_15)","decl":{"start":{"line":200,"column":9},"end":{"line":200,"column":20}},"loc":{"start":{"line":200,"column":21},"end":{"line":200,"column":2}}},"14":{"name":"(anonymous_16)","decl":{"start":{"line":206,"column":10},"end":{"line":206,"column":15}},"loc":{"start":{"line":206,"column":16},"end":{"line":202,"column":4}}},"15":{"name":"(anonymous_17)","decl":{"start":{"line":214,"column":12},"end":{"line":214,"column":10}},"loc":{"start":{"line":214,"column":22},"end":{"line":202,"column":4}}},"16":{"name":"(anonymous_18)","decl":{"start":{"line":225,"column":37},"end":{"line":225,"column":35}},"loc":{"start":{"line":225,"column":47},"end":{"line":225,"column":7}}},"17":{"name":"(anonymous_19)","decl":{"start":{"line":226,"column":9},"end":{"line":226,"column":20}},"loc":{"start":{"line":226,"column":21},"end":{"line":226,"column":2}}},"18":{"name":"(anonymous_20)","decl":{"start":{"line":235,"column":10},"end":{"line":235,"column":11}},"loc":{"start":{"line":235,"column":32},"end":{"line":228,"column":4}}},"19":{"name":"(anonymous_21)","decl":{"start":{"line":243,"column":12},"end":{"line":243,"column":10}},"loc":{"start":{"line":243,"column":22},"end":{"line":228,"column":4}}},"20":{"name":"(anonymous_22)","decl":{"start":{"line":256,"column":34},"end":{"line":256,"column":35}},"loc":{"start":{"line":256,"column":67},"end":{"line":256,"column":7}}},"21":{"name":"(anonymous_23)","decl":{"start":{"line":257,"column":9},"end":{"line":257,"column":20}},"loc":{"start":{"line":257,"column":21},"end":{"line":257,"column":2}}},"22":{"name":"(anonymous_24)","decl":{"start":{"line":266,"column":12},"end":{"line":266,"column":13}},"loc":{"start":{"line":266,"column":34},"end":{"line":259,"column":4}}},"23":{"name":"(anonymous_25)","decl":{"start":{"line":274,"column":14},"end":{"line":274,"column":12}},"loc":{"start":{"line":274,"column":24},"end":{"line":259,"column":4}}},"24":{"name":"(anonymous_26)","decl":{"start":{"line":284,"column":42},"end":{"line":284,"column":47}},"loc":{"start":{"line":284,"column":48},"end":{"line":284,"column":7}}},"25":{"name":"(anonymous_27)","decl":{"start":{"line":285,"column":10},"end":{"line":285,"column":8}},"loc":{"start":{"line":285,"column":23},"end":{"line":285,"column":2}}},"26":{"name":"(anonymous_28)","decl":{"start":{"line":288,"column":10},"end":{"line":288,"column":11}},"loc":{"start":{"line":288,"column":32},"end":{"line":287,"column":4}}},"27":{"name":"(anonymous_29)","decl":{"start":{"line":292,"column":12},"end":{"line":292,"column":10}},"loc":{"start":{"line":292,"column":22},"end":{"line":287,"column":4}}},"28":{"name":"fetchSendFeedback","decl":{"start":{"line":303,"column":16},"end":{"line":303,"column":7}},"loc":{"start":{"line":303,"column":41},"end":{"line":323,"column":1}}},"29":{"name":"(anonymous_31)","decl":{"start":{"line":304,"column":10},"end":{"line":304,"column":8}},"loc":{"start":{"line":304,"column":23},"end":{"line":304,"column":2}}},"30":{"name":"(anonymous_32)","decl":{"start":{"line":310,"column":10},"end":{"line":310,"column":11}},"loc":{"start":{"line":310,"column":32},"end":{"line":306,"column":4}}},"31":{"name":"(anonymous_33)","decl":{"start":{"line":318,"column":12},"end":{"line":318,"column":10}},"loc":{"start":{"line":318,"column":22},"end":{"line":306,"column":4}}}},"branchMap":{"0":{"loc":{"start":{"line":134,"column":50},"end":{"line":134,"column":17}},"type":"cond-expr","locations":[{"start":{"line":134,"column":50},"end":{"line":134,"column":17}},{"start":{"line":134,"column":81},"end":{"line":131,"column":19}}]}},"s":{"0":0,"1":0,"2":0,"3":0,"4":0,"5":0,"6":0,"7":0,"8":0,"9":0,"10":0,"11":0,"12":0,"13":0,"14":0,"15":0,"16":0,"17":0,"18":0,"19":0,"20":0,"21":0,"22":0,"23":0,"24":0,"25":0,"26":0,"27":0,"28":0,"29":0,"30":0,"31":0,"32":0,"33":0,"34":0,"35":0,"36":0,"37":0,"38":0,"39":0,"40":0,"41":0,"42":0,"43":0,"44":0,"45":0,"46":0,"47":0,"48":0,"49":0,"50":0,"51":0,"52":0,"53":0,"54":0,"55":0,"56":0,"57":0,"58":0,"59":0,"60":0,"61":0,"62":0,"63":0,"64":0,"65":0,"66":0,"67":0,"68":0,"69":0,"70":0,"71":0,"72":0,"73":0,"74":0,"75":0,"76":0,"77":0,"78":0,"79":0,"80":0,"81":0,"82":0},"f":{"0":0,"1":0,"2":0,"3":0,"4":0,"5":0,"6":0,"7":0,"8":0,"9":0,"10":0,"11":0,"12":0,"13":0,"14":0,"15":0,"16":0,"17":0,"18":0,"19":0,"20":0,"21":0,"22":0,"23":0,"24":0,"25":0,"26":0,"27":0,"28":0,"29":0,"30":0,"31":0},"b":{"0":[0,0]}}
,"/root/repo/src/store/authentication/initialState.js": {"path":"/root/repo/src/store/authentication/initialState.js","statementMap":{"0":{"start":{"line":35,"column":21},"end":{"line":35,"column":0}}},"fnMap":{},"branchMap":{"0":{"loc":{"start":{"line":38,"column":53},"end":{"line":38,"column":15}},"type":"cond-expr","locations":[{"start":{"line":38,"column":53},"end":{"line":38,"column":15}},{"start":{"line":38,"column":103},"end":{"line":null,"column":-1}}]}},"s":{"0":0},"f":{},"b":{"0":[0,0]}}
,"/root/repo/src/store/authentication/reducer.js": {"path":"/root/repo/src/store/authentication/reducer.js","statementMap":{"0":{"start":{"line":30,"column":0},"end":{"line":null,"column":-1}},"1":{"start":{"line":31,"column":0},"end":{"line":null,"column":-1}},"2":{"start":{"line":32,"column":0},"end":{"line":null,"column":-1}},"3":{"start":{"line":33,"column":0},"end":{"line":null,"column":-1}},"4":{"start":{"line":34,"column":0},"end":{"line":null,"column":-1}},"5":{"start":{"line":41,"column":34},"end":{"line":41,"column":0}},"6":{"start":{"line":42,"column":2},"end":{"line":null,"column":-1}},"7":{"start":{"line":50,"column":36},"end":{"line":50,"column":0}},"8":{"start":{"line":51,"column":2},"end":{"line":null,"column":-1}},"9":{"start":{"line":59,"column":20},"end":{"line":59,"column":0}},"10":{"start":{"line":60,"column":2},"end":{"line":null,"column":-1}},"11":{"start":{"line":75,"column":17},"end":{"line":75,"column":0}},"12":{"start":{"line":76,"column":2},"end":{"line":null,"column":-1}},"13":{"start":{"line":84,"column":15},"end":{"line":84,"column":0}},"14":{"start":{"line":85,"column":2},"end":{"line":89,"column":20}},"15":{"start":{"line":86,"column":4},"end":{"line":null,"column":-1}},"16":{"start":{"line":87,"column":4},"end":{"line":null,"column":-1}},"17":{"start":{"line":88,"column":4},"end":{"line":null,"column":-1}},"18":{"start":{"line":90,"column":2},"end":{"line":null,"column":-1}},"19":{"start":{"line":90,"column":60},"end":{"line":null,"column":-1}},"20":{"start":{"line":98,"column":27},"end":{"line":98,"column":0}},"21":{"start":{"line":99,"column":2},"end":{"line":null,"column":-1}},"22":{"start":{"line":110,"column":16},"end":{"line":110,"column":0}},"23":{"start":{"line":111,"column":2},"end":{"line":null,"column":-1}},"24":{"start":{"line":112,"column":35},"end":{"line":null,"column":-1}},"25":{"start":{"line":113,"column":32},"end":{"line":null,"column":-1}},"26":{"start":{"line":114,"column":43},"end":{"line":null,"column":-1}},"27":{"start":{"line":115,"column":50},"end":{"line":null,"column":-1}},"28":{"start":{"line":116,"column":52},"end":{"line":null,"column":-1}},"29":{"start":{"line":117,"column":29},"end":{"line":null,"column":-1}},"30":{"start":{"line":118,"column":13},"end":{"line":null,"column":-1}}},"fnMap":{"0":{"name":"(anonymous_2)","decl":{"start":{"line":41,"column":34},"end":{"line":41,"column":35}},"loc":{"start":{"line":41,"column":53},"end":{"line":41,"column":0}}},"1":{"name":"(anonymous_3)","decl":{"start":{"line":50,"column":36},"end":{"line":50,"column":37}},"loc":{"start":{"line":50,"column":55},"end":{"line":50,"column":0}}},"2":{"name":"(anonymous_4)","decl":{"start":{"line":59,"column":20},"end":{"line":59,"column":21}},"loc":{"start":{"line":59,"column":39},"end":{"line":59,"column":0}}},"3":{"name":"(anonymous_5)","decl":{"start":{"line":75,"column":17},"end":{"line":75,"column":18}},"loc":{"start":{"line":75,"column":36},"end":{"line":75,"column":0}}},"4":{"name":"(anonymous_6)","decl":{"start":{"line":84,"column":15},"end":{"line":84,"column":21}},"loc":{"start":{"line":84,"column":40},"end":{"line":84,"column":0}}},"5":{"name":"(anonymous_7)","decl":{"start":{"line":90,"column":52},"end":{"line":90,"column":57}},"loc":{"start":{"line":90,"column":58},"end":{"line":90,"column":9}}},"6":{"name":"(anonymous_8)","decl":{"start":{"line":98,"column":27},"end":{"line":98,"column":28}},"loc":{"start":{"line":98,"column":46},"end":{"line":98,"column":0}}},"7":{"name":"(anonymous_9)","decl":{"start":{"line":110,"column":16},"end":{"line":110,"column":17}},"loc":{"start":{"line":110,"column":50},"end":{"line":110,"column":0}}}},"branchMap":{"0":{"loc":{"start":{"line":110,"column":25},"end":{"line":110,"column":16}},"type":"default-arg","locations":[{"start":{"line":110,"column":25},"end":{"line":110,"column":16}}]},"1":{"loc":{"start":{"line":112,"column":4},"end":{"line":112,"column":35}},"type":"switch","locations":[{"start":{"line":112,"column":4},"end":{"line":112,"column":35}},{"start":{"line":113,"column":4},"end":{"line":113,"column":32}},{"start":{"line":114,"column":4},"end":{"line":114,"column":43}},{"start":{"line":115,"column":4},"end":{"line":115,"column":50}},{"start":{"line":116,"column":4},"end":{"line":116,"column":52}},{"start":{"line":117,"column":4},"end":{"line":117,"column":29}},{"start":{"line":118,"column":4},"end":{"line":118,"column":13}}]}},"s":{"0":0,"1":0,"2":0,"3":0,"4":0,"5":0,"6":0,"7":0,"8":0,"9":0,"10":0,"11":0,"12":0,"13":0,"14":0,"15":0,"16":0,"17":0,"18":0,"19":0,"20":0,"21":0,"22":0,"23":0,"24":0,"25":0,"26":0,"27":0,"28":0,"29":0,"30":0},"f":{"0":0,"1":0,"2":0,"3":0,"4":0,"5":0,"6":0,"7":0},"b":{"0":[0],"1":[0,0,0,0,0,0,0]}}
,"/root/repo/src/store/i18n/actionTypes.js": {"path":"/root/repo/src/store/i18n/actionTypes.js","statementMap":{"0":{"start":{"line":36,"column":13},"end":{"line":36,"column":7}},"1":{"start":{"line":42,"column":13},"end":{"line":42,"column":7}}},"fnMap":{},"branchMap":{},"s":{"0":0,"1":0},"f":{},"b":{}}
,"/root/repo/src/store/i18n/actions.js": {"path":"/root/repo/src/store/i18n/actions.js","statementMap":{"0":{"start":{"line":30,"column":0},"end":{"line":null,"column":-1}},"1":{"start":{"line":31,"column":0},"end":{"line":null,"column":-1}},"2":{"start":{"line":39,"column":13},"end":{"line":39,"column":7}},"3":{"start":{"line":40,"column":2},"end":{"line":null,"column":-1}},"4":{"start":{"line":50,"column":13},"end":{"line":50,"column":7}},"5":{"start":{"line":51,"column":2},"end":{"line":null,"column":-1}}},"fnMap":{"0":{"name":"(anonymous_2)","decl":{"start":{"line":39,"column":30},"end":{"line":39,"column":45}},"loc":{"start":{"line":39,"column":46},"end":{"line":39,"column":7}}},"1":{"name":"(anonymous_3)","decl":{"start":{"line":50,"column":38},"end":{"line":50,"column":43}},"loc":{"start":{"line":50,"column":44},"end":{"line":50,"column":7}}}},"branchMap":{},"s":{"0":0,"1":0,"2":0,"3":0,"4":0,"5":0},"f":{"0":0,"1":0},"b":{}}
,"/root/repo/src/store/i18n/initialState.js": {"path":"/root/repo/src/store/i18n/initialState.js","statementMap":{"0":{"start":{"line":35,"column":21},"end":{"line":35,"column":0}}},"fnMap":{},"branchMap":{},"s":{"0":0},"f":{},"b":{}}
,"/root/repo/src/store/i18n/reducer.js": {"path":"/root/repo/src/store/i18n/reducer.js","statementMap":{"0":{"start":{"line":30,"column":0},"end":{"line":null,"column":-1}},"1":{"start":{"line":31,"column":0},"end":{"line":null,"column":-1}},"2":{"start":{"line":32,"column":0},"end":{"line":null,"column":-1}},"3":{"start":{"line":39,"column":23},"end":{"line":39,"column":0}},"4":{"start":{"line":40,"column":2},"end":{"line":null,"column":-1}},"5":{"start":{"line":48,"column":31},"end":{"line":48,"column":0}},"6":{"start":{"line":49,"column":2},"end":{"line":null,"column":-1}},"7":{"start":{"line":57,"column":16},"end":{"line":57,"column":0}},"8":{"start":{"line":58,"column":2},"end":{"line":null,"column":-1}},"9":{"start":{"line":59,"column":38},"end":{"line":null,"column":-1}},"10":{"start":{"line":60,"column":47},"end":{"line":null,"column":-1}},"11":{"start":{"line":61,"column":13},"end":{"line":null,"column":-1}}},"fnMap":{"0":{"name":"(anonymous_2)","decl":{"start":{"line":39,"column":23},"end":{"line":39,"column":24}},"loc":{"start":{"line":39,"column":42},"end":{"line":39,"column":0}}},"1":{"name":"(anonymous_3)","decl":{"start":{"line":48,"column":31},"end":{"line":48,"column":32}},"loc":{"start":{"line":48,"column":50},"end":{"line":48,"column":0}}},"2":{"name":"(anonymous_4)","decl":{"start":{"line":57,"column":16},"end":{"line":57,"column":17}},"loc":{"start":{"line":57,"column":50},"end":{"line":57,"column":0}}}},"branchMap":{"0":{"loc":{"start":{"line":57,"column":25},"end":{"line":57,"column":16}},"type":"default-arg","locations":[{"start":{"line":57,"column":25},"end":{"line":57,"column":16}}]},"1":{"loc":{"start":{"line":59,"column":4},"end":{"line":59,"column":38}},"type":"switch","locations":[{"start":{"line":59,"column":4},"end":{"line":59,"column":38}},{"start":{"line":60,"column":4},"end":{"line":60,"column":47}},{"start":{"line":61,"column":4},"end":{"line":61,"column":13}}]}},"s":{"0":0,"1":0,"2":0,"3":0,"4":0,"5":0,"6":0,"7":0,"8":0,"9":0,"10":0,"11":0},"f":{"0":0,"1":0,"2":0},"b":{"0":[0],"1":[0,0,0]}}
,"/root/repo/src/store/ui/actionTypes.js": {"path":"/root/repo/src/store/ui/actionTypes.js","statementMap":{"0":{"start":{"line":36,"column":13},"end":{"line":36,"column":7}},"1":{"start":{"line":42,"column":13},"end":{"line":42,"column":7}},"2":{"start":{"line":48,"column":13},"end":{"line":48,"column":7}},"3":{"start":{"line":54,"column":13},"end":{"line":54,"column":7}},"4":{"start":{"line":60,"column":13},"end":{"line":60,"column":7}}},"fnMap":{},"branchMap":{},"s":{"0":0,"1":0,"2":0,"3":0,"4":0},"f":{},"b":{}}
,"/root/repo/src/store/ui/actions.js": {"path":"/root/repo/src/store/ui/actions.js","statementMap":{"0":{"start":{"line":30,"column":0},"end":{"line":null,"column":-1}},"1":{"start":{"line":38,"column":13},"end":{"line":38,"column":7}},"2":{"start":{"line":39,"column":2},"end":{"line":null,"column":-1}},"3":{"start":{"line":49,"column":13},"end":{"line":49,"column":7}},"4":{"start":{"line":50,"column":2},"end":{"line":null,"column":-1}},"5":{"start":{"line":59,"column":13},"end":{"line":59,"column":7}},"6":{"start":{"line":60,"column":2},"end":{"line":null,"column":-1}},"7":{"start":{"line":69,"column":13},"end":{"line":69,"column":7}},"8":{"start":{"line":70,"column":2},"end":{"line":null,"column":-1}},"9":{"start":{"line":80,"column":13},"end":{"line":80,"column":7}},"10":{"start":{"line":81,"column":2},"end":{"line":null,"column":-1}}},"fnMap":{"0":{"name":"(anonymous_1)","decl":{"start":{"line":38,"column":33},"end":{"line":38,"column":48}},"loc":{"start":{"line":38,"column":49},"end":{"line":38,"column":7}}},"1":{"name":"(anonymous_2)","decl":{"start":{"line":49,"column":34},"end":{"line":49,"column":39}},"loc":{"start":{"line":49,"column":40},"end":{"line":49,"column":7}}},"2":{"name":"(anonymous_3)","decl":{"start":{"line":59,"column":34},"end":{"line":59,"column":39}},"loc":{"start":{"line":59,"column":40},"end":{"line":59,"column":7}}},"3":{"name":"(anonymous_4)","decl":{"start":{"line":69,"column":35},"end":{"line":69,"column":45}},"loc":{"start":{"line":69,"column":46},"end":{"line":69,"column":7}}},"4":{"name":"(anonymous_5)","decl":{"start":{"line":80,"column":33},"end":{"line":80,"column":41}},"loc":{"start":{"line":80,"column":42},"end":{"line":80,"column":7}}}},"branchMap":{},"s":{"0":0,"1":0,"2":0,"3":0,"4":0,"5":0,"6":0,"7":0,"8":0,"9":0,"10":0},"f":{"0":0,"1":0,"2":0,"3":0,"4":0},"b":{}}
,"/root/repo/src/store/ui/initialState.js": {"path":"/root/repo/src/store/ui/initialState.js","statementMap":{"0":{"start":{"line":35,"column":21},"end":{"line":35,"column":0}}},"fnMap":{},"branchMap":{},"s":{"0":0},"f":{},"b":{}}
,"/root/repo/src/store/ui/reducer.js": {"path":"/root/repo/src/store/ui/reducer.js","statementMap":{"0":{"start":{"line":30,"column":0},"end":{"line":null,"column":-1}},"1":{"start":{"line":31,"column":0},"end":{"line":null,"column":-1}},"2":{"start":{"line":32,"column":0},"end":{"line":null,"column":-1}},"3":{"start":{"line":39,"column":26},"end":{"line":39,"column":0}},"4":{"start":{"line":40,"column":2},"end":{"line":null,"column":-1}},"5":{"start":{"line":51,"column":28},"end":{"line":51,"column":0}},"6":{"start":{"line":52,"column":2},"end":{"line":null,"column":-1}},"7":{"start":{"line":62,"column":27},"end":{"line":62,"column":0}},"8":{"start":{"line":63,"column":2},"end":{"line":null,"column":-1}},"9":{"start":{"line":71,"column":26},"end":{"line":71,"column":0}},"10":{"start":{"line":72,"column":2},"end":{"line":null,"column":-1}},"11":{"start":{"line":80,"column":28},"end":{"line":80,"column":0}},"12":{"start":{"line":81,"column":2},"end":{"line":null,"column":-1}},"13":{"start":{"line":93,"column":16},"end":{"line":93,"column":0}},"14":{"start":{"line":94,"column":2},"end":{"line":null,"column":-1}},"15":{"start":{"line":95,"column":50},"end":{"line":null,"column":-1}},"16":{"start":{"line":96,"column":40},"end":{"line":null,"column":-1}},"17":{"start":{"line":97,"column":43},"end":{"line":null,"column":-1}},"18":{"start":{"line":98,"column":42},"end":{"line":null,"column":-1}},"19":{"start":{"line":99,"column":44},"end":{"line":null,"column":-1}},"20":{"start":{"line":100,"column":13},"end":{"line":null,"column":-1}}},"fnMap":{"0":{"name":"(anonymous_2)","decl":{"start":{"line":39,"column":26},"end":{"line":39,"column":27}},"loc":{"start":{"line":39,"column":45},"end":{"line":39,"column":0}}},"1":{"name":"(anonymous_3)","decl":{"start":{"line":51,"column":28},"end":{"line":51,"column":26}},"loc":{"start":{"line":51,"column":38},"end":{"line":51,"column":0}}},"2":{"name":"(anonymous_4)","decl":{"start":{"line":62,"column":27},"end":{"line":62,"column":28}},"loc":{"start":{"line":62,"column":46},"end":{"line":62,"column":0}}},"3":{"name":"(anonymous_5)","decl":{"start":{"line":71,"column":26},"end":{"line":71,"column":27}},"loc":{"start":{"line":71,"column":45},"end":{"line":71,"column":0}}},"4":{"name":"(anonymous_6)","decl":{"start":{"line":80,"column":28},"end":{"line":80,"column":29}},"loc":{"start":{"line":80,"column":47},"end":{"line":80,"column":0}}},"5":{"name":"(anonymous_7)","decl":{"start":{"line":93,"column":16},"end":{"line":93,"column":17}},"loc":{"start":{"line":93,"column":50},"end":{"line":93,"column":0}}}},"branchMap":{"0":{"loc":{"start":{"line":83,"column":13},"end":{"line":83,"column":12}},"type":"binary-expr","locations":[{"start":{"line":83,"column":13},"end":{"line":83,"column":12}},{"start":{"line":83,"column":31},"end":{"line":81,"column":29}}]},"1":{"loc":{"start":{"line":93,"column":25},"end":{"line":93,"column":16}},"type":"default-arg","locations":[{"start":{"line":93,"column":25},"end":{"line":93,"column":16}}]},"2":{"loc":{"start":{"line":95,"column":4},"end":{"line":95,"column":50}},"type":"switch","locations":[{"start":{"line":95,"column":4},"end":{"line":95,"column":50}},{"start":{"line":96,"column":4},"end":{"line":96,"column":40}},{"start":{"line":97,"column":4},"end":{"line":97,"column":43}},{"start":{"line":98,"column":4},"end":{"line":98,"column":42}},{"start":{"line":99,"column":4},"end":{"line":99,"column":44}},{"start":{"line":100,"column":4},"end":{"line":100,"column":13}}]}},"s":{"0":0,"1":0,"2":0,"3":0,"4":0,"5":0,"6":0,"7":0,"8":0,"9":0,"10":0,"11":0,"12":0,"13":0,"14":0,"15":0,"16":0,"17":0,"18":0,"19":0,"20":0},"f":{"0":0,"1":0,"2":0,"3":0,"4":0,"5":0},"b":{"0":[0,0],"1":[0],"2":[0,0,0,0,0,0]}}
}
