TN:
SF:/root/repo/src/index.js
FN:63,(anonymous_1)
FN:87,(anonymous_2)
FNF:2
FNH:0
FNDA:0,(anonymous_1)
FNDA:0,(anonymous_2)
DA:30,0
DA:31,0
DA:32,0
DA:35,0
DA:36,0
DA:37,0
DA:40,0
DA:43,0
DA:48,0
DA:49,0
DA:50,0
DA:51,0
DA:52,0
DA:53,0
DA:61,0
DA:64,0
DA:65,0
DA:74,0
DA:80,0
DA:88,0
DA:106,0
LF:21
LH:0
BRDA:64,0,0,0
BRDA:64,0,1,0
BRDA:64,1,0,0
BRDA:64,1,1,0
BRDA:89,2,0,0
BRDA:89,2,1,0
BRDA:88,3,0,0
BRDA:88,3,1,0
BRF:8
BRH:0
end_of_record
TN:
SF:/root/repo/src/registerServiceWorker.js
FN:58,register
FN:69,(anonymous_1)
FN:89,registerValidSW
FN:92,(anonymous_3)
FN:93,(anonymous_4)
FN:95,(anonymous_5)
FN:113,(anonymous_6)
FN:124,checkValidServiceWorker
FN:126,(anonymous_8)
FN:133,(anonymous_9)
FN:134,(anonymous_10)
FN:143,(anonymous_11)
FN:154,unregister
FN:156,(anonymous_13)
FNF:14
FNH:0
FNDA:0,register
FNDA:0,(anonymous_1)
FNDA:0,registerValidSW
FNDA:0,(anonymous_3)
FNDA:0,(anonymous_4)
FNDA:0,(anonymous_5)
FNDA:0,(anonymous_6)
FNDA:0,checkValidServiceWorker
FNDA:0,(anonymous_8)
FNDA:0,(anonymous_9)
FNDA:0,(anonymous_10)
FNDA:0,(anonymous_11)
FNDA:0,unregister
FNDA:0,(anonymous_13)
DA:44,0
DA:59,0
DA:61,0
DA:62,0
DA:66,0
DA:69,0
DA:70,0
DA:72,0
DA:74,0
DA:77,0
DA:90,0
DA:93,0
DA:94,0
DA:95,0
DA:96,0
DA:97,0
DA:102,0
DA:107,0
DA:114,0
DA:125,0
DA:128,0
DA:133,0
DA:134,0
DA:135,0
DA:140,0
DA:144,0
DA:155,0
DA:156,0
DA:157,0
LF:29
LH:0
BRDA:45,0,0,0
BRDA:45,0,1,0
BRDA:45,0,2,0
BRDA:59,1,0,0
BRDA:59,1,1,0
BRDA:59,2,0,0
BRDA:59,2,1,0
BRDA:62,3,0,0
BRDA:62,3,1,0
BRDA:72,4,0,0
BRDA:72,4,1,0
BRDA:96,5,0,0
BRDA:96,5,1,0
BRDA:97,6,0,0
BRDA:97,6,1,0
BRDA:128,7,0,0
BRDA:128,7,1,0
BRDA:129,8,0,0
BRDA:129,8,1,0
BRDA:155,9,0,0
BRDA:155,9,1,0
BRF:21
BRH:0
end_of_record
TN:
SF:/root/repo/src/applications/AdminDashboard/index.js
FN:43,(anonymous_1)
FNF:1
FNH:0
FNDA:0,(anonymous_1)
DA:30,0
DA:33,0
DA:34,0
DA:35,0
DA:44,0
LF:5
LH:0
BRF:0
BRH:0
end_of_record
TN:
SF:/root/repo/src/applications/AdminDashboard/routes.js
FNF:0
FNH:0
DA:30,0
DA:31,0
DA:32,0
DA:33,0
DA:34,0
DA:35,0
DA:36,0
DA:37,0
DA:38,0
DA:39,0
DA:40,0
DA:49,0
LF:12
LH:0
BRF:0
BRH:0
end_of_record
TN:
SF:/root/repo/src/applications/RootApp/index.js
FN:48,(anonymous_1)
FNF:1
FNH:0
FNDA:0,(anonymous_1)
DA:30,0
DA:33,0
DA:36,0
DA:37,0
DA:38,0
DA:39,0
DA:49,0
LF:7
LH:0
BRF:0
BRH:0
end_of_record
TN:
SF:/root/repo/src/applications/RootApp/routes.js
FNF:0
FNH:0
DA:30,0
DA:31,0
DA:32,0
DA:33,0
DA:34,0
DA:35,0
DA:36,0
DA:43,0
LF:8
LH:0
BRF:0
BRH:0
end_of_record
TN:
SF:/root/repo/src/async/asyncAdminDashboard.js
FN:37,(anonymous_1)
FN:38,(anonymous_2)
FNF:2
FNH:0
FNDA:0,(anonymous_1)
FNDA:0,(anonymous_2)
DA:30,0
DA:37,0
DA:38,0
LF:3
LH:0
BRF:0
BRH:0
end_of_record
TN:
SF:/root/repo/src/async/asyncForgotPassword.js
FN:37,(anonymous_1)
FN:38,(anonymous_2)
FNF:2
FNH:0
FNDA:0,(anonymous_1)
FNDA:0,(anonymous_2)
DA:30,0
DA:37,0
DA:38,0
LF:3
LH:0
BRF:0
BRH:0
end_of_record
TN:
SF:/root/repo/src/async/asyncLogout.js
FN:37,(anonymous_1)
FN:38,(anonymous_2)
FNF:2
FNH:0
FNDA:0,(anonymous_1)
FNDA:0,(anonymous_2)
DA:30,0
DA:37,0
DA:38,0
LF:3
LH:0
BRF:0
BRH:0
end_of_record
TN:
SF:/root/repo/src/async/asyncPasswordFielset.js
FN:37,(anonymous_1)
FN:38,(anonymous_2)
FNF:2
FNH:0
FNDA:0,(anonymous_1)
FNDA:0,(anonymous_2)
DA:30,0
DA:37,0
DA:38,0
LF:3
LH:0
BRF:0
BRH:0
end_of_record
TN:
SF:/root/repo/src/async/asyncResetPassword.js
FN:37,(anonymous_1)
FN:38,(anonymous_2)
FNF:2
FNH:0
FNDA:0,(anonymous_1)
FNDA:0,(anonymous_2)
DA:30,0
DA:37,0
DA:38,0
LF:3
LH:0
BRF:0
BRH:0
end_of_record
TN:
SF:/root/repo/src/async/asyncSignUp.js
FN:37,(anonymous_1)
FN:38,(anonymous_2)
FNF:2
FNH:0
FNDA:0,(anonymous_1)
FNDA:0,(anonymous_2)
DA:30,0
DA:37,0
DA:38,0
LF:3
LH:0
BRF:0
BRH:0
end_of_record
TN:
SF:/root/repo/src/async/asyncValidateAccount.js
FN:37,(anonymous_1)
FN:38,(anonymous_2)
FNF:2
FNH:0
FNDA:0,(anonymous_1)
FNDA:0,(anonymous_2)
DA:30,0
DA:37,0
DA:38,0
LF:3
LH:0
BRF:0
BRH:0
end_of_record
TN:
SF:/root/repo/src/components/Confirmation/index.js
FN:65,(anonymous_1)
FN:54,(anonymous_3)
FNF:2
FNH:0
FNDA:0,(anonymous_1)
FNDA:0,(anonymous_3)
DA:29,0
DA:32,0
DA:33,0
DA:34,0
DA:54,0
DA:57,0
DA:66,0
DA:79,0
LF:8
LH:0
BRF:0
BRH:0
end_of_record
TN:
SF:/root/repo/src/components/ContentPane/index.js
FN:49,(anonymous_1)
FN:57,(anonymous_2)
FN:65,(anonymous_3)
FN:67,(anonymous_4)
FNF:4
FNH:0
FNDA:0,(anonymous_1)
FNDA:0,(anonymous_2)
FNDA:0,(anonymous_3)
FNDA:0,(anonymous_4)
DA:29,0
DA:32,0
DA:33,0
DA:50,0
DA:58,0
DA:66,0
DA:67,0
DA:74,0
DA:78,0
LF:9
LH:0
BRF:0
BRH:0
end_of_record
TN:
SF:/root/repo/src/components/EditMultiple/index.js
FN:55,(anonymous_1)
FN:73,(anonymous_2)
FN:87,(anonymous_3)
FN:98,(anonymous_4)
FN:145,(anonymous_5)
FN:150,(anonymous_6)
FN:154,(anonymous_7)
FN:182,(anonymous_8)
FN:192,(anonymous_9)
FN:324,(anonymous_10)
FNF:10
FNH:0
FNDA:0,(anonymous_1)
FNDA:0,(anonymous_2)
FNDA:0,(anonymous_3)
FNDA:0,(anonymous_4)
FNDA:0,(anonymous_5)
FNDA:0,(anonymous_6)
FNDA:0,(anonymous_7)
FNDA:0,(anonymous_8)
FNDA:0,(anonymous_9)
FNDA:0,(anonymous_10)
DA:29,0
DA:32,0
DA:33,0
DA:34,0
DA:35,0
DA:41,0
DA:42,0
DA:43,0
DA:55,0
DA:56,0
DA:57,0
DA:74,0
DA:76,0
DA:77,0
DA:78,0
DA:80,0
DA:81,0
DA:84,0
DA:85,0
DA:88,0
DA:98,0
DA:99,0
DA:105,0
DA:106,0
DA:110,0
DA:113,0
DA:118,0
DA:119,0
DA:120,0
DA:122,0
DA:125,0
DA:133,0
DA:146,0
DA:147,0
DA:151,0
DA:152,0
DA:154,0
DA:157,0
DA:158,0
DA:172,0
DA:183,0
DA:184,0
DA:185,0
DA:193,0
DA:195,0
DA:196,0
DA:204,0
DA:206,0
DA:215,0
DA:218,0
DA:246,0
DA:249,0
DA:250,0
DA:260,0
DA:277,0
DA:280,0
DA:288,0
DA:291,0
DA:300,0
DA:303,0
DA:305,0
DA:312,0
DA:324,0
DA:351,0
DA:358,0
LF:65
LH:0
BRDA:76,0,0,0
BRDA:76,0,1,0
BRDA:77,1,0,0
BRDA:77,1,1,0
BRDA:80,2,0,0
BRDA:80,2,1,0
BRDA:84,3,0,0
BRDA:84,3,1,0
BRDA:88,4,0,0
BRDA:88,4,1,0
BRDA:91,5,0,0
BRDA:91,5,1,0
BRDA:92,6,0,0
BRDA:92,6,1,0
BRDA:146,7,0,0
BRDA:146,7,1,0
BRDA:151,8,0,0
BRDA:151,8,1,0
BRDA:193,9,0,0
BRDA:193,9,1,0
BRDA:195,10,0,0
BRDA:195,10,1,0
BRDA:205,11,0,0
BRDA:205,11,1,0
BRDA:205,11,2,0
BRDA:205,11,3,0
BRDA:205,11,4,0
BRDA:205,11,5,0
BRDA:249,12,0,0
BRDA:249,12,1,0
BRDA:332,13,0,0
BRDA:332,13,1,0
BRF:32
BRH:0
end_of_record
TN:
SF:/root/repo/src/components/EmptyMessage/index.js
FN:41,(anonymous_0)
FNF:1
FNH:1
FNDA:1,(anonymous_0)
DA:41,1
DA:42,1
DA:56,1
DA:62,1
LF:4
LH:4
BRDA:45,0,0,0
BRDA:45,0,1,1
BRDA:45,1,0,1
BRDA:45,1,1,0
BRF:4
BRH:2
end_of_record
TN:
SF:/root/repo/src/components/ErrorValidation/index.js
FN:52,(anonymous_0)
FN:112,(anonymous_1)
FN:117,(anonymous_2)
FNF:3
FNH:2
FNDA:0,(anonymous_0)
FNDA:1,(anonymous_1)
FNDA:2,(anonymous_2)
DA:53,0
DA:55,0
DA:56,0
DA:57,0
DA:58,0
DA:59,0
DA:63,0
DA:64,0
DA:65,0
DA:66,0
DA:68,0
DA:69,0
DA:70,0
DA:71,0
DA:73,0
DA:74,0
DA:75,0
DA:76,0
DA:78,0
DA:79,0
DA:80,0
DA:81,0
DA:83,0
DA:84,0
DA:85,0
DA:86,0
DA:88,0
DA:89,0
DA:90,0
DA:92,0
DA:93,0
DA:94,0
DA:97,0
DA:105,0
DA:113,1
DA:118,2
DA:127,1
DA:131,1
LF:38
LH:4
BRDA:55,0,0,0
BRDA:55,0,1,0
BRDA:55,1,0,0
BRDA:55,1,1,0
BRDA:57,2,0,0
BRDA:57,2,1,0
BRDA:58,3,0,0
BRDA:58,3,1,0
BRDA:63,4,0,0
BRDA:63,4,1,0
BRDA:65,5,0,0
BRDA:65,5,1,0
BRDA:68,6,0,0
BRDA:68,6,1,0
BRDA:70,7,0,0
BRDA:70,7,1,0
BRDA:73,8,0,0
BRDA:73,8,1,0
BRDA:75,9,0,0
BRDA:75,9,1,0
BRDA:78,10,0,0
BRDA:78,10,1,0
BRDA:80,11,0,0
BRDA:80,11,1,0
BRDA:83,12,0,0
BRDA:83,12,1,0
BRDA:85,13,0,0
BRDA:85,13,1,0
BRDA:88,14,0,0
BRDA:88,14,1,0
BRDA:89,15,0,0
BRDA:89,15,1,0
BRDA:92,16,0,0
BRDA:92,16,1,0
BRDA:93,17,0,0
BRDA:93,17,1,0
BRDA:97,18,0,0
BRDA:97,18,1,0
BRF:38
BRH:0
end_of_record
TN:
SF:/root/repo/src/components/FilesUpload/FilesUpload.js
FN:45,(anonymous_0)
FN:63,(anonymous_1)
FN:119,(anonymous_2)
FN:129,(anonymous_3)
FN:138,(anonymous_4)
FN:147,(anonymous_5)
FN:156,(anonymous_6)
FN:166,(anonymous_7)
FN:201,(anonymous_8)
FN:224,(anonymous_9)
FN:233,(anonymous_10)
FN:242,(anonymous_11)
FN:257,(anonymous_12)
FN:266,(anonymous_13)
FN:268,(anonymous_14)
FN:269,(anonymous_15)
FN:278,(anonymous_16)
FN:281,(anonymous_17)
FN:290,(anonymous_18)
FN:299,(anonymous_19)
FN:321,(anonymous_20)
FN:351,(anonymous_21)
FN:354,(anonymous_22)
FNF:23
FNH:4
FNDA:1,(anonymous_0)
FNDA:0,(anonymous_1)
FNDA:0,(anonymous_2)
FNDA:0,(anonymous_3)
FNDA:0,(anonymous_4)
FNDA:0,(anonymous_5)
FNDA:0,(anonymous_6)
FNDA:0,(anonymous_7)
FNDA:0,(anonymous_8)
FNDA:0,(anonymous_9)
FNDA:0,(anonymous_10)
FNDA:0,(anonymous_11)
FNDA:0,(anonymous_12)
FNDA:0,(anonymous_13)
FNDA:0,(anonymous_14)
FNDA:0,(anonymous_15)
FNDA:0,(anonymous_16)
FNDA:0,(anonymous_17)
FNDA:1,(anonymous_18)
FNDA:1,(anonymous_19)
FNDA:1,(anonymous_20)
FNDA:0,(anonymous_21)
FNDA:0,(anonymous_22)
DA:46,1
DA:47,1
DA:48,1
DA:49,1
DA:50,1
DA:52,1
DA:53,1
DA:64,0
DA:65,0
DA:70,0
DA:73,0
DA:74,0
DA:77,0
DA:78,0
DA:79,0
DA:82,0
DA:84,0
DA:86,0
DA:88,0
DA:91,0
DA:92,0
DA:97,0
DA:103,0
DA:104,0
DA:108,0
DA:112,0
DA:113,0
DA:117,0
DA:120,0
DA:130,0
DA:131,0
DA:139,0
DA:140,0
DA:148,0
DA:149,0
DA:157,0
DA:158,0
DA:167,0
DA:168,0
DA:169,0
DA:170,0
DA:171,0
DA:172,0
DA:173,0
DA:174,0
DA:175,0
DA:176,0
DA:177,0
DA:178,0
DA:180,0
DA:181,0
DA:186,0
DA:190,0
DA:192,0
DA:202,0
DA:203,0
DA:207,0
DA:208,0
DA:209,0
DA:213,0
DA:215,0
DA:225,0
DA:234,0
DA:243,0
DA:244,0
DA:245,0
DA:247,0
DA:258,0
DA:267,0
DA:268,0
DA:270,0
DA:279,0
DA:282,0
DA:291,1
DA:300,1
DA:305,1
DA:321,1
DA:331,1
DA:350,1
DA:352,0
DA:355,0
LF:81
LH:13
BRDA:70,0,0,0
BRDA:70,0,1,0
BRDA:73,1,0,0
BRDA:73,1,1,0
BRDA:73,2,0,0
BRDA:73,2,1,0
BRDA:91,3,0,0
BRDA:91,3,1,0
BRDA:91,4,0,0
BRDA:91,4,1,0
BRDA:103,5,0,0
BRDA:103,5,1,0
BRDA:112,6,0,0
BRDA:112,6,1,0
BRDA:112,7,0,0
BRDA:112,7,1,0
BRDA:118,8,0,0
BRDA:118,8,1,0
BRDA:168,9,0,0
BRDA:168,9,1,0
BRDA:169,10,0,0
BRDA:169,10,1,0
BRDA:176,11,0,0
BRDA:176,11,1,0
BRDA:176,12,0,0
BRDA:176,12,1,0
BRDA:177,13,0,0
BRDA:177,13,1,0
BRDA:177,14,0,0
BRDA:177,14,1,0
BRDA:180,15,0,0
BRDA:180,15,1,0
BRDA:180,16,0,0
BRDA:180,16,1,0
BRDA:202,17,0,0
BRDA:202,17,1,0
BRDA:208,18,0,0
BRDA:208,18,1,0
BRDA:244,19,0,0
BRDA:244,19,1,0
BRDA:293,20,0,0
BRDA:293,20,1,1
BRDA:313,21,0,1
BRDA:313,21,1,0
BRF:44
BRH:2
end_of_record
TN:
SF:/root/repo/src/components/FilesUpload/FilesUploadItemList.js
FN:44,(anonymous_0)
FNF:1
FNH:1
FNDA:1,(anonymous_0)
DA:45,1
DA:75,1
LF:2
LH:2
BRF:0
BRH:0
end_of_record
TN:
SF:/root/repo/src/components/FilesUpload/index.js
FNF:0
FNH:0
DA:29,0
DA:30,0
LF:2
LH:0
BRF:0
BRH:0
end_of_record
TN:
SF:/root/repo/src/components/Forms/index.js
FNF:0
FNH:0
DA:29,0
DA:30,0
DA:31,0
DA:32,0
DA:33,0
LF:5
LH:0
BRF:0
BRH:0
end_of_record
TN:
SF:/root/repo/src/components/Forms/ConstructInputs/createListElement.js
FN:43,(anonymous_1)
FN:57,(anonymous_2)
FNF:2
FNH:0
FNDA:0,(anonymous_1)
FNDA:0,(anonymous_2)
DA:29,0
DA:30,0
DA:31,0
DA:32,0
DA:33,0
DA:43,0
DA:48,0
DA:54,0
DA:59,0
DA:60,0
DA:72,0
DA:73,0
DA:82,0
DA:83,0
DA:98,0
DA:115,0
LF:16
LH:0
BRDA:48,0,0,0
BRDA:48,0,1,0
BRDA:59,1,0,0
BRDA:59,1,1,0
BRDA:72,2,0,0
BRDA:72,2,1,0
BRDA:82,3,0,0
BRDA:82,3,1,0
BRF:8
BRH:0
end_of_record
TN:
SF:/root/repo/src/components/Forms/ConstructInputs/index.js
FN:40,(anonymous_1)
FN:62,(anonymous_2)
FNF:2
FNH:0
FNDA:0,(anonymous_1)
FNDA:0,(anonymous_2)
DA:29,0
DA:30,0
DA:32,0
DA:40,0
DA:43,0
DA:44,0
DA:58,0
DA:63,0
DA:74,0
LF:9
LH:0
BRDA:43,0,0,0
BRDA:43,0,1,0
BRDA:49,1,0,0
BRDA:49,1,1,0
BRF:4
BRH:0
end_of_record
TN:
SF:/root/repo/src/components/Forms/DatePicker/days.js
FN:36,(anonymous_0)
FNF:1
FNH:1
FNDA:3,(anonymous_0)
DA:37,3
DA:52,3
DA:53,1
DA:56,3
DA:58,3
DA:59,3
DA:60,87
DA:68,3
LF:8
LH:8
BRDA:52,0,0,1
BRDA:52,0,1,2
BRDA:52,1,0,3
BRDA:52,1,1,3
BRDA:52,1,2,3
BRDA:58,2,0,3
BRDA:58,2,1,0
BRF:7
BRH:6
end_of_record
TN:
SF:/root/repo/src/components/Forms/DatePicker/index.js
FN:45,(anonymous_0)
FN:60,(anonymous_1)
FN:80,(anonymous_2)
FNF:3
FNH:2
FNDA:1,(anonymous_0)
FNDA:0,(anonymous_1)
FNDA:1,(anonymous_2)
DA:46,1
DA:47,1
DA:48,1
DA:61,0
DA:62,0
DA:68,0
DA:70,0
DA:81,1
DA:112,1
DA:116,1
LF:10
LH:6
BRDA:49,0,0,1
BRDA:49,0,1,0
BRDA:50,1,0,1
BRDA:50,1,1,0
BRDA:51,2,0,1
BRDA:51,2,1,0
BRDA:63,3,0,0
BRDA:63,3,1,0
BRDA:64,4,0,0
BRDA:64,4,1,0
BRDA:65,5,0,0
BRDA:65,5,1,0
BRF:12
BRH:3
end_of_record
TN:
SF:/root/repo/src/components/Forms/DatePicker/months.js
FN:37,(anonymous_0)
FN:39,(anonymous_1)
FNF:2
FNH:2
FNDA:2,(anonymous_0)
FNDA:24,(anonymous_1)
DA:38,2
DA:39,2
DA:40,24
DA:46,2
LF:4
LH:4
BRF:0
BRH:0
end_of_record
TN:
SF:/root/repo/src/components/Forms/DatePicker/years.js
FN:36,(anonymous_0)
FNF:1
FNH:1
FNDA:2,(anonymous_0)
DA:37,2
DA:38,2
DA:39,242
DA:45,2
LF:4
LH:4
BRF:0
BRH:0
end_of_record
TN:
SF:/root/repo/src/components/Forms/Input/index.js
FN:46,(anonymous_1)
FN:60,(anonymous_2)
FN:99,(anonymous_3)
FN:117,(anonymous_4)
FN:71,(anonymous_5)
FN:126,(anonymous_6)
FN:145,(anonymous_7)
FN:158,(anonymous_8)
FNF:8
FNH:0
FNDA:0,(anonymous_1)
FNDA:0,(anonymous_2)
FNDA:0,(anonymous_3)
FNDA:0,(anonymous_4)
FNDA:0,(anonymous_5)
FNDA:0,(anonymous_6)
FNDA:0,(anonymous_7)
FNDA:0,(anonymous_8)
DA:29,0
DA:32,0
DA:33,0
DA:34,0
DA:35,0
DA:46,0
DA:47,0
DA:48,0
DA:61,0
DA:72,0
DA:73,0
DA:75,0
DA:76,0
DA:82,0
DA:87,0
DA:100,0
DA:102,0
DA:104,0
DA:118,0
DA:119,0
DA:127,0
DA:135,0
DA:145,0
DA:158,0
DA:167,0
DA:174,0
LF:26
LH:0
BRDA:100,0,0,0
BRDA:100,0,1,0
BRDA:107,1,0,0
BRDA:107,1,1,0
BRDA:119,2,0,0
BRDA:119,2,1,0
BRDA:72,3,0,0
BRDA:72,3,1,0
BRDA:72,4,0,0
BRDA:72,4,1,0
BRDA:73,5,0,0
BRDA:73,5,1,0
BRDA:79,6,0,0
BRDA:79,6,1,0
BRDA:129,7,0,0
BRDA:129,7,1,0
BRDA:155,8,0,0
BRDA:155,8,1,0
BRF:18
BRH:0
end_of_record
TN:
SF:/root/repo/src/components/Forms/Schemas/index.js
FNF:0
FNH:0
DA:29,0
DA:30,0
DA:31,0
LF:3
LH:0
BRF:0
BRH:0
end_of_record
TN:
SF:/root/repo/src/components/Forms/Schemas/Schemas/agent.js
FNF:0
FNH:0
DA:29,0
DA:46,0
DA:69,0
LF:3
LH:0
BRF:0
BRH:0
end_of_record
TN:
SF:/root/repo/src/components/Forms/Schemas/Schemas/supervision.js
FNF:0
FNH:0
DA:29,0
DA:44,0
DA:97,0
LF:3
LH:0
BRF:0
BRH:0
end_of_record
TN:
SF:/root/repo/src/components/Forms/Schemas/Schemas/user.js
FNF:0
FNH:0
DA:29,0
DA:74,0
DA:141,0
DA:185,0
DA:217,0
DA:258,0
DA:275,0
DA:319,0
DA:323,0
DA:324,0
DA:339,0
LF:11
LH:0
BRF:0
BRH:0
end_of_record
TN:
SF:/root/repo/src/components/Forms/Select/index.js
FN:41,(anonymous_0)
FN:53,(anonymous_1)
FN:62,(anonymous_2)
FN:68,(anonymous_3)
FN:89,(anonymous_4)
FN:99,(anonymous_5)
FN:109,(anonymous_6)
FN:117,(anonymous_7)
FN:133,(anonymous_8)
FN:146,(anonymous_9)
FN:148,(anonymous_10)
FN:170,(anonymous_11)
FN:184,(anonymous_12)
FNF:13
FNH:6
FNDA:1,(anonymous_0)
FNDA:0,(anonymous_1)
FNDA:0,(anonymous_2)
FNDA:0,(anonymous_3)
FNDA:0,(anonymous_4)
FNDA:0,(anonymous_5)
FNDA:0,(anonymous_6)
FNDA:0,(anonymous_7)
FNDA:1,(anonymous_8)
FNDA:1,(anonymous_9)
FNDA:2,(anonymous_10)
FNDA:2,(anonymous_11)
FNDA:4,(anonymous_12)
DA:42,1
DA:43,1
DA:54,0
DA:63,0
DA:64,0
DA:66,0
DA:68,0
DA:69,0
DA:74,0
DA:77,0
DA:78,0
DA:79,0
DA:86,0
DA:89,0
DA:90,0
DA:96,0
DA:98,0
DA:99,0
DA:100,0
DA:106,0
DA:109,0
DA:110,0
DA:115,0
DA:117,0
DA:118,0
DA:123,0
DA:125,0
DA:128,0
DA:134,1
DA:135,0
DA:137,1
DA:147,1
DA:148,1
DA:149,2
DA:150,0
DA:155,2
DA:161,1
DA:171,2
DA:185,4
DA:198,1
DA:203,1
LF:41
LH:13
BRDA:66,0,0,0
BRDA:66,0,1,0
BRDA:66,0,2,0
BRDA:66,0,3,0
BRDA:66,0,4,0
BRDA:66,0,5,0
BRDA:77,1,0,0
BRDA:77,1,1,0
BRDA:78,2,0,0
BRDA:78,2,1,0
BRDA:98,3,0,0
BRDA:98,3,1,0
BRDA:134,4,0,0
BRDA:134,4,1,1
BRDA:134,5,0,1
BRDA:134,5,1,0
BRDA:149,6,0,0
BRDA:149,6,1,2
BRF:18
BRH:3
end_of_record
TN:
SF:/root/repo/src/components/Forms/TextArea/index.js
FN:38,(anonymous_0)
FN:48,(anonymous_1)
FNF:2
FNH:1
FNDA:1,(anonymous_0)
FNDA:0,(anonymous_1)
DA:38,1
DA:39,1
DA:48,0
DA:57,1
DA:63,1
LF:5
LH:4
BRF:0
BRH:0
end_of_record
TN:
SF:/root/repo/src/components/GenerateRoutes/index.js
FN:48,(anonymous_1)
FN:54,(anonymous_2)
FN:96,(anonymous_3)
FNF:3
FNH:0
FNDA:0,(anonymous_1)
FNDA:0,(anonymous_2)
FNDA:0,(anonymous_3)
DA:29,0
DA:30,0
DA:34,0
DA:35,0
DA:48,0
DA:54,0
DA:59,0
DA:60,0
DA:76,0
DA:93,0
DA:96,0
DA:100,0
LF:12
LH:0
BRDA:59,0,0,0
BRDA:59,0,1,0
BRDA:68,1,0,0
BRDA:68,1,1,0
BRDA:69,2,0,0
BRDA:69,2,1,0
BRDA:83,3,0,0
BRDA:83,3,1,0
BRDA:84,4,0,0
BRDA:84,4,1,0
BRDA:93,5,0,0
BRDA:93,5,1,0
BRF:12
BRH:0
end_of_record
TN:
SF:/root/repo/src/components/GenerateRoutes/PrivateRoute/index.js
FN:43,(anonymous_2)
FN:59,(anonymous_3)
FN:65,(anonymous_4)
FNF:3
FNH:0
FNDA:0,(anonymous_2)
FNDA:0,(anonymous_3)
FNDA:0,(anonymous_4)
DA:29,0
DA:30,0
DA:31,0
DA:34,0
DA:43,0
DA:44,0
DA:45,0
DA:47,0
DA:59,0
DA:63,0
DA:64,0
DA:66,0
LF:12
LH:0
BRDA:44,0,0,0
BRDA:44,0,1,0
BRDA:44,1,0,0
BRDA:44,1,1,0
BRDA:67,2,0,0
BRDA:67,2,1,0
BRF:6
BRH:0
end_of_record
TN:
SF:/root/repo/src/components/GenerateRoutes/PropsRoute/index.js
FN:42,(anonymous_2)
FN:49,(anonymous_3)
FNF:2
FNH:0
FNDA:0,(anonymous_2)
FNDA:0,(anonymous_3)
DA:29,0
DA:30,0
DA:33,0
DA:42,0
DA:45,0
DA:46,0
DA:49,0
LF:7
LH:0
BRF:0
BRH:0
end_of_record
TN:
SF:/root/repo/src/components/GenerateRoutes/RenderMergedProps/index.js
FN:38,(anonymous_1)
FNF:1
FNH:0
FNDA:0,(anonymous_1)
DA:29,0
DA:38,0
DA:39,0
DA:40,0
LF:4
LH:0
BRF:0
BRH:0
end_of_record
TN:
SF:/root/repo/src/components/HeaderBreadcrumb/index.js
FN:53,(anonymous_0)
FN:66,(anonymous_1)
FN:80,(anonymous_2)
FNF:3
FNH:3
FNDA:3,(anonymous_0)
FNDA:6,(anonymous_1)
FNDA:2,(anonymous_2)
DA:54,3
DA:55,3
DA:56,3
DA:57,6
DA:58,6
DA:59,9
DA:61,6
DA:66,6
DA:73,3
DA:81,2
DA:104,2
LF:11
LH:11
BRF:0
BRH:0
end_of_record
TN:
SF:/root/repo/src/components/IconItemList/index.js
FN:41,(anonymous_0)
FN:52,(anonymous_1)
FN:63,(anonymous_2)
FN:88,(anonymous_3)
FN:89,(anonymous_4)
FN:96,arrayBufferToBase64
FN:100,(anonymous_6)
FN:113,(anonymous_7)
FNF:8
FNH:4
FNDA:4,(anonymous_0)
FNDA:4,(anonymous_1)
FNDA:3,(anonymous_2)
FNDA:0,(anonymous_3)
FNDA:0,(anonymous_4)
FNDA:0,arrayBufferToBase64
FNDA:0,(anonymous_6)
FNDA:7,(anonymous_7)
DA:42,4
DA:43,4
DA:53,4
DA:54,3
DA:64,3
DA:65,3
DA:70,3
DA:73,3
DA:76,0
DA:78,0
DA:79,0
DA:80,0
DA:82,0
DA:85,0
DA:89,0
DA:90,0
DA:97,0
DA:98,0
DA:100,0
DA:102,0
DA:104,0
DA:114,7
DA:121,7
DA:122,7
DA:123,6
DA:124,6
DA:132,7
DA:147,2
DA:154,2
LF:29
LH:16
BRDA:44,0,0,1
BRDA:44,0,1,3
BRDA:44,1,0,4
BRDA:44,1,1,3
BRDA:53,2,0,3
BRDA:53,2,1,1
BRDA:53,3,0,4
BRDA:53,3,1,3
BRDA:65,4,0,3
BRDA:65,4,1,3
BRDA:65,4,2,3
BRDA:65,4,3,3
BRDA:65,4,4,0
BRDA:78,5,0,0
BRDA:78,5,1,0
BRDA:122,6,0,6
BRDA:122,6,1,1
BRF:17
BRH:14
end_of_record
TN:
SF:/root/repo/src/components/InfoBox/index.js
FN:44,(anonymous_0)
FNF:1
FNH:1
FNDA:1,(anonymous_0)
DA:44,1
DA:50,1
DA:65,1
LF:3
LH:3
BRF:0
BRH:0
end_of_record
TN:
SF:/root/repo/src/components/LayoutListWithNavLinks/index.js
FN:49,(anonymous_0)
FN:64,(anonymous_1)
FN:81,(anonymous_2)
FN:96,(anonymous_3)
FN:108,(anonymous_4)
FN:117,(anonymous_5)
FN:134,(anonymous_6)
FN:142,(anonymous_7)
FN:148,(anonymous_8)
FN:151,(anonymous_9)
FNF:10
FNH:8
FNDA:1,(anonymous_0)
FNDA:0,(anonymous_1)
FNDA:1,(anonymous_2)
FNDA:1,(anonymous_3)
FNDA:0,(anonymous_4)
FNDA:1,(anonymous_5)
FNDA:1,(anonymous_6)
FNDA:1,(anonymous_7)
FNDA:1,(anonymous_8)
FNDA:2,(anonymous_9)
DA:50,1
DA:51,1
DA:57,1
DA:65,0
DA:66,0
DA:67,0
DA:82,1
DA:97,1
DA:98,1
DA:109,0
DA:118,1
DA:135,1
DA:143,1
DA:148,1
DA:152,2
DA:153,1
DA:164,1
DA:183,1
LF:18
LH:14
BRDA:53,0,0,0
BRDA:53,0,1,1
BRDA:66,1,0,0
BRDA:66,1,1,0
BRDA:69,2,0,0
BRDA:69,2,1,0
BRDA:83,3,0,0
BRDA:83,3,1,1
BRDA:84,4,0,0
BRDA:84,4,1,0
BRDA:97,5,0,0
BRDA:97,5,1,1
BRDA:121,6,0,0
BRDA:121,6,1,1
BRDA:121,7,0,0
BRDA:121,7,1,0
BRDA:152,8,0,1
BRDA:152,8,1,1
BRDA:170,9,0,0
BRDA:170,9,1,1
BRDA:170,10,0,1
BRDA:170,10,1,0
BRF:22
BRH:8
end_of_record
TN:
SF:/root/repo/src/components/Loader/index.js
FN:39,(anonymous_1)
FNF:1
FNH:0
FNDA:0,(anonymous_1)
DA:29,0
DA:30,0
DA:31,0
DA:39,0
DA:42,0
DA:43,0
DA:44,0
DA:53,0
DA:60,0
DA:65,0
LF:10
LH:0
BRF:0
BRH:0
end_of_record
TN:
SF:/root/repo/src/components/Loader/listRender.js
FN:41,(anonymous_1)
FNF:1
FNH:0
FNDA:0,(anonymous_1)
DA:29,0
DA:30,0
DA:41,0
DA:45,0
DA:46,0
DA:55,0
LF:6
LH:0
BRDA:45,0,0,0
BRDA:45,0,1,0
BRF:2
BRH:0
end_of_record
TN:
SF:/root/repo/src/components/Loading/index.js
FN:38,(anonymous_0)
FNF:1
FNH:1
FNDA:4,(anonymous_0)
DA:38,2
DA:45,4
DA:59,4
DA:76,4
DA:79,2
DA:86,2
LF:6
LH:6
BRDA:59,0,0,2
BRDA:59,0,1,2
BRF:2
BRH:2
end_of_record
TN:
SF:/root/repo/src/components/NotFound/index.js
FN:40,(anonymous_0)
FNF:1
FNH:1
FNDA:1,(anonymous_0)
DA:40,1
DA:41,1
LF:2
LH:2
BRF:0
BRH:0
end_of_record
TN:
SF:/root/repo/src/components/ScrollSync/ScrollSync.js
FN:39,(anonymous_1)
FN:100,(anonymous_2)
FN:117,(anonymous_3)
FN:130,(anonymous_4)
FN:139,(anonymous_5)
FN:150,(anonymous_6)
FN:155,(anonymous_7)
FN:164,(anonymous_8)
FN:165,(anonymous_9)
FN:176,(anonymous_10)
FN:196,(anonymous_11)
FN:212,(anonymous_12)
FN:81,(anonymous_13)
FN:223,(anonymous_14)
FNF:14
FNH:0
FNDA:0,(anonymous_1)
FNDA:0,(anonymous_2)
FNDA:0,(anonymous_3)
FNDA:0,(anonymous_4)
FNDA:0,(anonymous_5)
FNDA:0,(anonymous_6)
FNDA:0,(anonymous_7)
FNDA:0,(anonymous_8)
FNDA:0,(anonymous_9)
FNDA:0,(anonymous_10)
FNDA:0,(anonymous_11)
FNDA:0,(anonymous_12)
FNDA:0,(anonymous_13)
FNDA:0,(anonymous_14)
DA:29,0
DA:32,0
DA:39,0
DA:82,0
DA:101,0
DA:102,0
DA:105,0
DA:106,0
DA:107,0
DA:118,0
DA:119,0
DA:120,0
DA:131,0
DA:140,0
DA:151,0
DA:152,0
DA:155,0
DA:165,0
DA:166,0
DA:176,0
DA:184,0
DA:186,0
DA:188,0
DA:194,0
DA:196,0
DA:198,0
DA:200,0
DA:202,0
DA:203,0
DA:205,0
DA:206,0
DA:208,0
DA:209,0
DA:212,0
DA:213,0
DA:224,0
LF:36
LH:0
BRDA:101,0,0,0
BRDA:101,0,1,0
BRDA:105,1,0,0
BRDA:105,1,1,0
BRDA:118,2,0,0
BRDA:118,2,1,0
BRDA:151,3,0,0
BRDA:151,3,1,0
BRDA:198,4,0,0
BRDA:198,4,1,0
BRDA:205,5,0,0
BRDA:205,5,1,0
BRDA:205,6,0,0
BRDA:205,6,1,0
BRDA:206,7,0,0
BRDA:206,7,1,0
BRDA:208,8,0,0
BRDA:208,8,1,0
BRDA:208,9,0,0
BRDA:208,9,1,0
BRDA:209,10,0,0
BRDA:209,10,1,0
BRF:22
BRH:0
end_of_record
TN:
SF:/root/repo/src/components/ScrollSync/ScrollSyncPanel.js
FN:76,(anonymous_1)
FN:86,(anonymous_2)
FN:97,(anonymous_3)
FN:105,(anonymous_4)
FNF:4
FNH:0
FNDA:0,(anonymous_1)
FNDA:0,(anonymous_2)
FNDA:0,(anonymous_3)
FNDA:0,(anonymous_4)
DA:29,0
DA:32,0
DA:33,0
DA:77,0
DA:78,0
DA:87,0
DA:88,0
DA:89,0
DA:98,0
DA:106,0
LF:10
LH:0
BRDA:77,0,0,0
BRDA:77,0,1,0
BRDA:87,1,0,0
BRDA:87,1,1,0
BRF:4
BRH:0
end_of_record
TN:
SF:/root/repo/src/components/ScrollSync/index.js
FNF:0
FNH:0
DA:29,0
DA:30,0
LF:2
LH:0
BRF:0
BRH:0
end_of_record
TN:
SF:/root/repo/src/components/SplitView/index.js
FN:54,(anonymous_1)
FN:59,(anonymous_2)
FN:67,(anonymous_3)
FN:77,(anonymous_4)
FN:169,(anonymous_5)
FN:170,(anonymous_6)
FNF:6
FNH:0
FNDA:0,(anonymous_1)
FNDA:0,(anonymous_2)
FNDA:0,(anonymous_3)
FNDA:0,(anonymous_4)
FNDA:0,(anonymous_5)
FNDA:0,(anonymous_6)
DA:29,0
DA:32,0
DA:33,0
DA:34,0
DA:35,0
DA:36,0
DA:40,0
DA:41,0
DA:44,0
DA:45,0
DA:54,0
DA:60,0
DA:68,0
DA:69,0
DA:78,0
DA:80,0
DA:82,0
DA:83,0
DA:169,0
DA:170,0
DA:201,0
DA:205,0
LF:22
LH:0
BRDA:68,0,0,0
BRDA:68,0,1,0
BRDA:82,1,0,0
BRDA:82,1,1,0
BRDA:82,2,0,0
BRDA:82,2,1,0
BRDA:167,3,0,0
BRDA:167,3,1,0
BRF:8
BRH:0
end_of_record
TN:
SF:/root/repo/src/components/SplitView/IconWithPopper/index.js
FN:47,(anonymous_1)
FNF:1
FNH:0
FNDA:0,(anonymous_1)
DA:29,0
DA:32,0
DA:33,0
DA:48,0
DA:49,0
DA:57,0
DA:68,0
LF:7
LH:0
BRDA:48,0,0,0
BRDA:48,0,1,0
BRF:2
BRH:0
end_of_record
TN:
SF:/root/repo/src/components/SplitView/ImgWithPopper/index.js
FN:47,(anonymous_1)
FNF:1
FNH:0
FNDA:0,(anonymous_1)
DA:29,0
DA:32,0
DA:35,0
DA:48,0
DA:67,0
DA:71,0
LF:6
LH:0
BRF:0
BRH:0
end_of_record
TN:
SF:/root/repo/src/components/SplitView/SpanWithPopper/index.js
FN:47,(anonymous_1)
FNF:1
FNH:0
FNDA:0,(anonymous_1)
DA:29,0
DA:32,0
DA:33,0
DA:48,0
DA:49,0
DA:57,0
DA:66,0
LF:7
LH:0
BRDA:48,0,0,0
BRDA:48,0,1,0
BRF:2
BRH:0
end_of_record
TN:
SF:/root/repo/src/components/ValidateAccount/index.js
FN:55,mapDispatchToProps
FN:71,(anonymous_2)
FN:105,(anonymous_3)
FN:83,(anonymous_4)
FN:150,(anonymous_5)
FNF:5
FNH:0
FNDA:0,mapDispatchToProps
FNDA:0,(anonymous_2)
FNDA:0,(anonymous_3)
FNDA:0,(anonymous_4)
FNDA:0,(anonymous_5)
DA:29,0
DA:32,0
DA:35,0
DA:36,0
DA:37,0
DA:38,0
DA:41,0
DA:44,0
DA:47,0
DA:48,0
DA:49,0
DA:52,0
DA:53,0
DA:56,0
DA:59,0
DA:71,0
DA:72,0
DA:73,0
DA:84,0
DA:85,0
DA:86,0
DA:87,0
DA:88,0
DA:90,0
DA:91,0
DA:94,0
DA:106,0
DA:107,0
DA:110,0
DA:111,0
DA:118,0
DA:120,0
DA:121,0
DA:122,0
DA:123,0
DA:124,0
DA:129,0
DA:135,0
DA:139,0
DA:152,0
DA:153,0
DA:159,0
DA:160,0
DA:176,0
DA:190,0
LF:45
LH:0
BRDA:120,0,0,0
BRDA:120,0,1,0
BRDA:122,1,0,0
BRDA:122,1,1,0
BRDA:90,2,0,0
BRDA:90,2,1,0
BRDA:90,3,0,0
BRDA:90,3,1,0
BRDA:152,4,0,0
BRDA:152,4,1,0
BRDA:159,5,0,0
BRDA:159,5,1,0
BRF:12
BRH:0
end_of_record
TN:
SF:/root/repo/src/containers/About/index.js
FN:43,(anonymous_1)
FNF:1
FNH:0
FNDA:0,(anonymous_1)
DA:30,0
DA:33,0
DA:34,0
DA:35,0
DA:36,0
DA:43,0
DA:47,0
DA:49,0
DA:62,0
LF:9
LH:0
BRF:0
BRH:0
end_of_record
TN:
SF:/root/repo/src/containers/About/routes.js
FNF:0
FNH:0
DA:30,0
DA:33,0
DA:34,0
DA:35,0
DA:36,0
DA:37,0
DA:38,0
DA:39,0
DA:40,0
DA:47,0
LF:10
LH:0
BRF:0
BRH:0
end_of_record
TN:
SF:/root/repo/src/containers/About/components/Contact/index.js
FN:41,(anonymous_1)
FNF:1
FNH:0
FNDA:0,(anonymous_1)
DA:30,0
DA:31,0
DA:34,0
DA:41,0
DA:42,0
LF:5
LH:0
BRF:0
BRH:0
end_of_record
TN:
SF:/root/repo/src/containers/About/components/HelpCenter/Feedback.js
FN:51,(anonymous_1)
FN:68,(anonymous_2)
FN:78,(anonymous_3)
FN:106,(anonymous_4)
FN:115,(anonymous_5)
FN:62,(anonymous_6)
FN:121,(anonymous_7)
FNF:7
FNH:0
FNDA:0,(anonymous_1)
FNDA:0,(anonymous_2)
FNDA:0,(anonymous_3)
FNDA:0,(anonymous_4)
FNDA:0,(anonymous_5)
FNDA:0,(anonymous_6)
FNDA:0,(anonymous_7)
DA:30,0
DA:33,0
DA:34,0
DA:37,0
DA:38,0
DA:39,0
DA:40,0
DA:44,0
DA:45,0
DA:51,0
DA:52,0
DA:54,0
DA:63,0
DA:64,0
DA:68,0
DA:69,0
DA:70,0
DA:74,0
DA:76,0
DA:78,0
DA:81,0
DA:83,0
DA:84,0
DA:86,0
DA:87,0
DA:88,0
DA:93,0
DA:98,0
DA:100,0
DA:104,0
DA:106,0
DA:107,0
DA:116,0
DA:121,0
DA:127,0
DA:129,0
DA:130,0
DA:133,0
DA:134,0
DA:147,0
DA:183,0
LF:41
LH:0
BRDA:83,0,0,0
BRDA:83,0,1,0
BRDA:87,1,0,0
BRDA:87,1,1,0
BRDA:98,2,0,0
BRDA:98,2,1,0
BRDA:104,3,0,0
BRDA:104,3,1,0
BRDA:63,4,0,0
BRDA:63,4,1,0
BRDA:129,5,0,0
BRDA:129,5,1,0
BRDA:133,6,0,0
BRDA:133,6,1,0
BRF:14
BRH:0
end_of_record
TN:
SF:/root/repo/src/containers/About/components/HelpCenter/HelpCenterArticle.js
FN:53,mapDispatchToProps
FN:66,(anonymous_2)
FN:77,(anonymous_3)
FN:105,(anonymous_4)
FN:111,(anonymous_5)
FNF:5
FNH:0
FNDA:0,mapDispatchToProps
FNDA:0,(anonymous_2)
FNDA:0,(anonymous_3)
FNDA:0,(anonymous_4)
FNDA:0,(anonymous_5)
DA:30,0
DA:33,0
DA:34,0
DA:37,0
DA:40,0
DA:43,0
DA:44,0
DA:45,0
DA:46,0
DA:49,0
DA:50,0
DA:51,0
DA:54,0
DA:57,0
DA:66,0
DA:67,0
DA:68,0
DA:70,0
DA:77,0
DA:82,0
DA:83,0
DA:85,0
DA:86,0
DA:94,0
DA:98,0
DA:106,0
DA:107,0
DA:108,0
DA:111,0
DA:115,0
DA:117,0
DA:144,0
LF:32
LH:0
BRDA:108,0,0,0
BRDA:108,0,1,0
BRDA:120,1,0,0
BRDA:120,1,1,0
BRF:4
BRH:0
end_of_record
TN:
SF:/root/repo/src/containers/About/components/HelpCenter/HelpCenterList.js
FN:55,mapDispatchToProps
FN:80,(anonymous_2)
FN:68,(anonymous_3)
FN:71,(anonymous_4)
FN:94,(anonymous_5)
FN:106,(anonymous_6)
FN:113,(anonymous_7)
FN:127,(anonymous_8)
FN:132,(anonymous_9)
FN:137,(anonymous_10)
FN:146,(anonymous_11)
FN:150,(anonymous_12)
FN:160,(anonymous_13)
FN:176,(anonymous_14)
FN:180,(anonymous_15)
FN:184,(anonymous_16)
FNF:16
FNH:0
FNDA:0,mapDispatchToProps
FNDA:0,(anonymous_2)
FNDA:0,(anonymous_3)
FNDA:0,(anonymous_4)
FNDA:0,(anonymous_5)
FNDA:0,(anonymous_6)
FNDA:0,(anonymous_7)
FNDA:0,(anonymous_8)
FNDA:0,(anonymous_9)
FNDA:0,(anonymous_10)
FNDA:0,(anonymous_11)
FNDA:0,(anonymous_12)
FNDA:0,(anonymous_13)
FNDA:0,(anonymous_14)
FNDA:0,(anonymous_15)
FNDA:0,(anonymous_16)
DA:30,0
DA:33,0
DA:34,0
DA:35,0
DA:36,0
DA:39,0
DA:42,0
DA:45,0
DA:46,0
DA:47,0
DA:48,0
DA:51,0
DA:52,0
DA:53,0
DA:56,0
DA:59,0
DA:69,0
DA:71,0
DA:80,0
DA:81,0
DA:82,0
DA:94,0
DA:99,0
DA:101,0
DA:102,0
DA:106,0
DA:108,0
DA:110,0
DA:113,0
DA:117,0
DA:121,0
DA:128,0
DA:129,0
DA:133,0
DA:134,0
DA:138,0
DA:140,0
DA:147,0
DA:149,0
DA:150,0
DA:151,0
DA:152,0
DA:155,0
DA:161,0
DA:163,0
DA:164,0
DA:165,0
DA:167,0
DA:168,0
DA:169,0
DA:170,0
DA:177,0
DA:181,0
DA:184,0
DA:190,0
DA:192,0
DA:293,0
LF:57
LH:0
BRDA:151,0,0,0
BRDA:151,0,1,0
BRDA:167,1,0,0
BRDA:167,1,1,0
BRDA:169,2,0,0
BRDA:169,2,1,0
BRDA:194,3,0,0
BRDA:194,3,1,0
BRDA:256,4,0,0
BRDA:256,4,1,0
BRF:10
BRH:0
end_of_record
TN:
SF:/root/repo/src/containers/About/components/HelpCenter/index.js
FN:41,(anonymous_1)
FNF:1
FNH:0
FNDA:0,(anonymous_1)
DA:30,0
DA:33,0
DA:34,0
DA:35,0
DA:42,0
DA:44,0
DA:53,0
LF:7
LH:0
BRF:0
BRH:0
end_of_record
TN:
SF:/root/repo/src/containers/About/components/HelpCenter/routes.js
FNF:0
FNH:0
DA:30,0
DA:33,0
DA:34,0
DA:35,0
DA:42,0
LF:5
LH:0
BRF:0
BRH:0
end_of_record
TN:
SF:/root/repo/src/containers/About/components/License/index.js
FN:51,mapDispatchToProps
FN:67,(anonymous_2)
FN:79,(anonymous_3)
FN:105,(anonymous_4)
FNF:4
FNH:0
FNDA:0,mapDispatchToProps
FNDA:0,(anonymous_2)
FNDA:0,(anonymous_3)
FNDA:0,(anonymous_4)
DA:29,0
DA:32,0
DA:33,0
DA:36,0
DA:39,0
DA:42,0
DA:43,0
DA:44,0
DA:45,0
DA:46,0
DA:47,0
DA:52,0
DA:55,0
DA:67,0
DA:68,0
DA:69,0
DA:80,0
DA:81,0
DA:82,0
DA:85,0
DA:89,0
DA:91,0
DA:95,0
DA:106,0
DA:109,0
DA:110,0
DA:111,0
DA:115,0
DA:127,0
DA:132,0
DA:137,0
LF:31
LH:0
BRDA:109,0,0,0
BRDA:109,0,1,0
BRDA:110,1,0,0
BRDA:110,1,1,0
BRF:4
BRH:0
end_of_record
TN:
SF:/root/repo/src/containers/About/components/Overview/index.js
FN:40,(anonymous_1)
FNF:1
FNH:0
FNDA:0,(anonymous_1)
DA:30,0
DA:31,0
DA:34,0
DA:40,0
DA:41,0
LF:5
LH:0
BRF:0
BRH:0
end_of_record
TN:
SF:/root/repo/src/containers/About/components/ReleaseNotes/index.js
FN:51,mapDispatchToProps
FN:67,(anonymous_2)
FN:79,(anonymous_3)
FN:107,(anonymous_4)
FNF:4
FNH:0
FNDA:0,mapDispatchToProps
FNDA:0,(anonymous_2)
FNDA:0,(anonymous_3)
FNDA:0,(anonymous_4)
DA:29,0
DA:32,0
DA:33,0
DA:36,0
DA:39,0
DA:42,0
DA:43,0
DA:44,0
DA:45,0
DA:46,0
DA:47,0
DA:52,0
DA:55,0
DA:67,0
DA:68,0
DA:69,0
DA:80,0
DA:81,0
DA:84,0
DA:87,0
DA:91,0
DA:93,0
DA:97,0
DA:108,0
DA:111,0
DA:112,0
DA:113,0
DA:117,0
DA:129,0
DA:134,0
DA:139,0
LF:31
LH:0
BRDA:111,0,0,0
BRDA:111,0,1,0
BRDA:112,1,0,0
BRDA:112,1,1,0
BRF:4
BRH:0
end_of_record
TN:
SF:/root/repo/src/containers/About/components/SystemInformation/index.js
FN:52,mapDispatchToProps
FN:66,(anonymous_2)
FN:74,(anonymous_3)
FN:100,(anonymous_4)
FN:109,(anonymous_5)
FNF:5
FNH:0
FNDA:0,mapDispatchToProps
FNDA:0,(anonymous_2)
FNDA:0,(anonymous_3)
FNDA:0,(anonymous_4)
FNDA:0,(anonymous_5)
DA:30,0
DA:33,0
DA:36,0
DA:37,0
DA:40,0
DA:43,0
DA:44,0
DA:45,0
DA:46,0
DA:47,0
DA:48,0
DA:53,0
DA:56,0
DA:66,0
DA:67,0
DA:68,0
DA:74,0
DA:79,0
DA:81,0
DA:82,0
DA:85,0
DA:90,0
DA:94,0
DA:100,0
DA:104,0
DA:106,0
DA:108,0
DA:109,0
DA:110,0
DA:134,0
DA:152,0
LF:31
LH:0
BRDA:108,0,0,0
BRDA:108,0,1,0
BRDA:136,1,0,0
BRDA:136,1,1,0
BRF:4
BRH:0
end_of_record
TN:
SF:/root/repo/src/containers/About/components/TermsOfUse/index.js
FN:40,(anonymous_1)
FNF:1
FNH:0
FNDA:0,(anonymous_1)
DA:30,0
DA:31,0
DA:34,0
DA:40,0
DA:41,0
LF:5
LH:0
BRF:0
BRH:0
end_of_record
TN:
SF:/root/repo/src/containers/Applications/index.js
FN:52,mapDispatchToProps
FN:67,(anonymous_2)
FN:112,(anonymous_3)
FN:139,(anonymous_4)
FN:172,(anonymous_5)
FN:180,(anonymous_6)
FN:188,(anonymous_7)
FN:197,(anonymous_8)
FN:232,(anonymous_9)
FN:85,(anonymous_10)
FN:96,(anonymous_11)
FN:267,(anonymous_12)
FNF:12
FNH:0
FNDA:0,mapDispatchToProps
FNDA:0,(anonymous_2)
FNDA:0,(anonymous_3)
FNDA:0,(anonymous_4)
FNDA:0,(anonymous_5)
FNDA:0,(anonymous_6)
FNDA:0,(anonymous_7)
FNDA:0,(anonymous_8)
FNDA:0,(anonymous_9)
FNDA:0,(anonymous_10)
FNDA:0,(anonymous_11)
FNDA:0,(anonymous_12)
DA:30,0
DA:33,0
DA:36,0
DA:39,0
DA:40,0
DA:41,0
DA:42,0
DA:45,0
DA:46,0
DA:47,0
DA:48,0
DA:49,0
DA:50,0
DA:53,0
DA:56,0
DA:67,0
DA:68,0
DA:69,0
DA:78,0
DA:86,0
DA:97,0
DA:98,0
DA:103,0
DA:113,0
DA:115,0
DA:117,0
DA:118,0
DA:122,0
DA:127,0
DA:128,0
DA:139,0
DA:145,0
DA:151,0
DA:153,0
DA:172,0
DA:180,0
DA:188,0
DA:197,0
DA:203,0
DA:204,0
DA:206,0
DA:210,0
DA:211,0
DA:216,0
DA:218,0
DA:221,0
DA:224,0
DA:232,0
DA:238,0
DA:239,0
DA:241,0
DA:242,0
DA:247,0
DA:248,0
DA:256,0
DA:258,0
DA:261,0
DA:264,0
DA:268,0
DA:271,0
DA:289,0
DA:298,0
LF:62
LH:0
BRDA:117,0,0,0
BRDA:117,0,1,0
BRDA:127,1,0,0
BRDA:127,1,1,0
BRDA:210,2,0,0
BRDA:210,2,1,0
BRDA:211,3,0,0
BRDA:211,3,1,0
BRDA:211,4,0,0
BRDA:211,4,1,0
BRDA:211,4,2,0
BRDA:211,4,3,0
BRDA:211,4,4,0
BRDA:241,5,0,0
BRDA:241,5,1,0
BRDA:247,6,0,0
BRDA:247,6,1,0
BRDA:248,7,0,0
BRDA:248,7,1,0
BRDA:249,8,0,0
BRDA:249,8,1,0
BRDA:249,8,2,0
BRDA:249,8,3,0
BRDA:249,8,4,0
BRDA:72,9,0,0
BRDA:72,9,1,0
BRDA:97,10,0,0
BRDA:97,10,1,0
BRDA:97,11,0,0
BRDA:97,11,1,0
BRDA:97,11,2,0
BRF:31
BRH:0
end_of_record
TN:
SF:/root/repo/src/containers/Applications/routes.js
FNF:0
FNH:0
DA:30,0
DA:33,0
DA:34,0
DA:35,0
DA:36,0
DA:43,0
LF:6
LH:0
BRF:0
BRH:0
end_of_record
TN:
SF:/root/repo/src/containers/Applications/components/ApplicationsAdd.js
FN:51,(anonymous_1)
FN:65,(anonymous_2)
FN:77,(anonymous_3)
FN:94,(anonymous_4)
FN:105,(anonymous_5)
FN:113,(anonymous_6)
FN:121,(anonymous_7)
FN:134,(anonymous_8)
FN:167,(anonymous_9)
FN:198,(anonymous_10)
FN:222,(anonymous_11)
FN:226,(anonymous_12)
FNF:12
FNH:0
FNDA:0,(anonymous_1)
FNDA:0,(anonymous_2)
FNDA:0,(anonymous_3)
FNDA:0,(anonymous_4)
FNDA:0,(anonymous_5)
FNDA:0,(anonymous_6)
FNDA:0,(anonymous_7)
FNDA:0,(anonymous_8)
FNDA:0,(anonymous_9)
FNDA:0,(anonymous_10)
FNDA:0,(anonymous_11)
FNDA:0,(anonymous_12)
DA:30,0
DA:33,0
DA:34,0
DA:37,0
DA:41,0
DA:42,0
DA:43,0
DA:51,0
DA:52,0
DA:53,0
DA:66,0
DA:77,0
DA:81,0
DA:83,0
DA:95,0
DA:106,0
DA:114,0
DA:121,0
DA:125,0
DA:131,0
DA:133,0
DA:134,0
DA:135,0
DA:136,0
DA:137,0
DA:138,0
DA:139,0
DA:142,0
DA:146,0
DA:149,0
DA:154,0
DA:156,0
DA:160,0
DA:167,0
DA:172,0
DA:175,0
DA:176,0
DA:180,0
DA:198,0
DA:223,0
DA:226,0
DA:240,0
DA:245,0
LF:43
LH:0
BRDA:175,0,0,0
BRDA:175,0,1,0
BRDA:220,1,0,0
BRDA:220,1,1,0
BRF:4
BRH:0
end_of_record
TN:
SF:/root/repo/src/containers/Applications/components/ApplicationsContent.js
FN:52,(anonymous_1)
FN:66,(anonymous_2)
FN:76,(anonymous_3)
FN:91,(anonymous_4)
FN:184,(anonymous_5)
FN:251,(anonymous_6)
FN:270,(anonymous_7)
FN:120,(anonymous_10)
FNF:8
FNH:0
FNDA:0,(anonymous_1)
FNDA:0,(anonymous_2)
FNDA:0,(anonymous_3)
FNDA:0,(anonymous_4)
FNDA:0,(anonymous_5)
FNDA:0,(anonymous_6)
FNDA:0,(anonymous_7)
FNDA:0,(anonymous_10)
DA:30,0
DA:33,0
DA:34,0
DA:37,0
DA:38,0
DA:39,0
DA:40,0
DA:41,0
DA:42,0
DA:43,0
DA:44,0
DA:52,0
DA:53,0
DA:55,0
DA:57,0
DA:67,0
DA:77,0
DA:79,0
DA:80,0
DA:92,0
DA:93,0
DA:98,0
DA:108,0
DA:116,0
DA:118,0
DA:119,0
DA:120,0
DA:124,0
DA:127,0
DA:128,0
DA:135,0
DA:140,0
DA:141,0
DA:143,0
DA:147,0
DA:159,0
DA:165,0
DA:166,0
DA:168,0
DA:169,0
DA:176,0
DA:180,0
DA:184,0
DA:189,0
DA:193,0
DA:195,0
DA:196,0
DA:201,0
DA:202,0
DA:211,0
DA:225,0
DA:251,0
DA:270,0
DA:278,0
DA:284,0
LF:55
LH:0
BRDA:79,0,0,0
BRDA:79,0,1,0
BRDA:92,1,0,0
BRDA:92,1,1,0
BRDA:195,2,0,0
BRDA:195,2,1,0
BRDA:195,3,0,0
BRDA:195,3,1,0
BRDA:201,4,0,0
BRDA:201,4,1,0
BRDA:119,5,0,0
BRDA:119,5,1,0
BRF:12
BRH:0
end_of_record
TN:
SF:/root/repo/src/containers/Applications/components/ApplicationsEdit.js
FN:49,(anonymous_1)
FN:64,(anonymous_2)
FN:70,(anonymous_3)
FN:93,(anonymous_4)
FN:141,(anonymous_5)
FN:154,(anonymous_6)
FNF:6
FNH:0
FNDA:0,(anonymous_1)
FNDA:0,(anonymous_2)
FNDA:0,(anonymous_3)
FNDA:0,(anonymous_4)
FNDA:0,(anonymous_5)
FNDA:0,(anonymous_6)
DA:30,0
DA:33,0
DA:34,0
DA:37,0
DA:38,0
DA:39,0
DA:40,0
DA:41,0
DA:49,0
DA:50,0
DA:51,0
DA:53,0
DA:65,0
DA:67,0
DA:70,0
DA:73,0
DA:74,0
DA:76,0
DA:80,0
DA:83,0
DA:93,0
DA:94,0
DA:101,0
DA:103,0
DA:104,0
DA:105,0
DA:108,0
DA:113,0
DA:114,0
DA:120,0
DA:127,0
DA:128,0
DA:131,0
DA:135,0
DA:141,0
DA:145,0
DA:146,0
DA:148,0
DA:149,0
DA:150,0
DA:154,0
DA:155,0
DA:163,0
DA:182,0
DA:188,0
DA:197,0
LF:46
LH:0
BRDA:73,0,0,0
BRDA:73,0,1,0
BRDA:104,1,0,0
BRDA:104,1,1,0
BRDA:113,2,0,0
BRDA:113,2,1,0
BRDA:148,3,0,0
BRDA:148,3,1,0
BRDA:149,4,0,0
BRDA:149,4,1,0
BRF:10
BRH:0
end_of_record
TN:
SF:/root/repo/src/containers/Applications/components/ApplicationsEditItemList.js
FN:44,(anonymous_1)
FN:68,(anonymous_2)
FN:79,(anonymous_3)
FN:55,(anonymous_4)
FN:90,(anonymous_5)
FNF:5
FNH:0
FNDA:0,(anonymous_1)
FNDA:0,(anonymous_2)
FNDA:0,(anonymous_3)
FNDA:0,(anonymous_4)
FNDA:0,(anonymous_5)
DA:30,0
DA:33,0
DA:34,0
DA:44,0
DA:45,0
DA:47,0
DA:56,0
DA:58,0
DA:69,0
DA:79,0
DA:83,0
DA:85,0
DA:86,0
DA:91,0
DA:93,0
DA:116,0
LF:16
LH:0
BRDA:85,0,0,0
BRDA:85,0,1,0
BRF:2
BRH:0
end_of_record
TN:
SF:/root/repo/src/containers/Applications/components/ApplicationsItemList.js
FN:41,(anonymous_1)
FNF:1
FNH:0
FNDA:0,(anonymous_1)
DA:30,0
DA:33,0
DA:34,0
DA:41,0
DA:45,0
DA:48,0
DA:49,0
DA:58,0
DA:73,0
DA:89,0
DA:95,0
LF:11
LH:0
BRDA:48,0,0,0
BRDA:48,0,1,0
BRF:2
BRH:0
end_of_record
TN:
SF:/root/repo/src/containers/Applications/components/ApplicationsList.js
FN:60,(anonymous_1)
FN:52,(anonymous_2)
FN:131,(anonymous_3)
FN:179,(anonymous_4)
FN:190,(anonymous_5)
FN:209,(anonymous_6)
FN:230,(anonymous_7)
FN:262,(anonymous_8)
FN:276,(anonymous_9)
FN:315,(anonymous_10)
FN:326,(anonymous_11)
FN:376,(anonymous_12)
FN:436,(anonymous_13)
FN:79,(anonymous_14)
FN:83,(anonymous_15)
FN:120,(anonymous_16)
FN:451,(anonymous_17)
FN:512,(anonymous_18)
FN:537,(anonymous_19)
FN:580,(anonymous_20)
FNF:20
FNH:0
FNDA:0,(anonymous_1)
FNDA:0,(anonymous_2)
FNDA:0,(anonymous_3)
FNDA:0,(anonymous_4)
FNDA:0,(anonymous_5)
FNDA:0,(anonymous_6)
FNDA:0,(anonymous_7)
FNDA:0,(anonymous_8)
FNDA:0,(anonymous_9)
FNDA:0,(anonymous_10)
FNDA:0,(anonymous_11)
FNDA:0,(anonymous_12)
FNDA:0,(anonymous_13)
FNDA:0,(anonymous_14)
FNDA:0,(anonymous_15)
FNDA:0,(anonymous_16)
FNDA:0,(anonymous_17)
FNDA:0,(anonymous_18)
FNDA:0,(anonymous_19)
FNDA:0,(anonymous_20)
DA:30,0
DA:33,0
DA:34,0
DA:35,0
DA:36,0
DA:39,0
DA:40,0
DA:41,0
DA:42,0
DA:43,0
DA:44,0
DA:53,0
DA:60,0
DA:61,0
DA:62,0
DA:80,0
DA:83,0
DA:88,0
DA:94,0
DA:96,0
DA:97,0
DA:98,0
DA:100,0
DA:101,0
DA:104,0
DA:105,0
DA:106,0
DA:109,0
DA:110,0
DA:111,0
DA:121,0
DA:123,0
DA:131,0
DA:135,0
DA:139,0
DA:141,0
DA:142,0
DA:143,0
DA:152,0
DA:161,0
DA:168,0
DA:180,0
DA:182,0
DA:183,0
DA:190,0
DA:195,0
DA:197,0
DA:198,0
DA:199,0
DA:200,0
DA:201,0
DA:209,0
DA:215,0
DA:217,0
DA:218,0
DA:219,0
DA:220,0
DA:221,0
DA:230,0
DA:235,0
DA:236,0
DA:238,0
DA:239,0
DA:240,0
DA:242,0
DA:243,0
DA:246,0
DA:248,0
DA:249,0
DA:252,0
DA:253,0
DA:262,0
DA:271,0
DA:273,0
DA:274,0
DA:275,0
DA:276,0
DA:280,0
DA:284,0
DA:292,0
DA:297,0
DA:298,0
DA:299,0
DA:302,0
DA:303,0
DA:305,0
DA:308,0
DA:312,0
DA:313,0
DA:315,0
DA:326,0
DA:327,0
DA:331,0
DA:333,0
DA:334,0
DA:343,0
DA:345,0
DA:354,0
DA:361,0
DA:363,0
DA:376,0
DA:382,0
DA:383,0
DA:385,0
DA:386,0
DA:389,0
DA:394,0
DA:395,0
DA:396,0
DA:397,0
DA:400,0
DA:410,0
DA:411,0
DA:412,0
DA:416,0
DA:426,0
DA:436,0
DA:441,0
DA:443,0
DA:444,0
DA:445,0
DA:446,0
DA:447,0
DA:451,0
DA:456,0
DA:462,0
DA:465,0
DA:476,0
DA:486,0
DA:507,0
DA:508,0
DA:509,0
DA:510,0
DA:512,0
DA:525,0
DA:534,0
DA:537,0
DA:580,0
DA:586,0
DA:591,0
LF:140
LH:0
BRDA:200,0,0,0
BRDA:200,0,1,0
BRDA:220,1,0,0
BRDA:220,1,1,0
BRDA:248,2,0,0
BRDA:248,2,1,0
BRDA:248,3,0,0
BRDA:248,3,1,0
BRDA:252,4,0,0
BRDA:252,4,1,0
BRDA:252,5,0,0
BRDA:252,5,1,0
BRDA:275,6,0,0
BRDA:275,6,1,0
BRDA:343,7,0,0
BRDA:343,7,1,0
BRDA:394,8,0,0
BRDA:394,8,1,0
BRDA:396,9,0,0
BRDA:396,9,1,0
BRDA:397,10,0,0
BRDA:397,10,1,0
BRDA:411,11,0,0
BRDA:411,11,1,0
BRDA:446,12,0,0
BRDA:446,12,1,0
BRDA:96,13,0,0
BRDA:96,13,1,0
BRDA:98,14,0,0
BRDA:98,14,1,0
BRDA:98,15,0,0
BRDA:98,15,1,0
BRDA:100,16,0,0
BRDA:100,16,1,0
BRDA:104,17,0,0
BRDA:104,17,1,0
BRDA:109,18,0,0
BRDA:109,18,1,0
BRDA:109,19,0,0
BRDA:109,19,1,0
BRDA:109,19,2,0
BRDA:110,20,0,0
BRDA:110,20,1,0
BRDA:487,21,0,0
BRDA:487,21,1,0
BRDA:507,22,0,0
BRDA:507,22,1,0
BRDA:509,23,0,0
BRDA:509,23,1,0
BRDA:519,24,0,0
BRDA:519,24,1,0
BRDA:520,25,0,0
BRDA:520,25,1,0
BRDA:563,26,0,0
BRDA:563,26,1,0
BRDA:564,27,0,0
BRDA:564,27,1,0
BRF:57
BRH:0
end_of_record
TN:
SF:/root/repo/src/containers/Devices/index.js
FN:52,mapDispatchToProps
FN:66,(anonymous_2)
FN:100,(anonymous_3)
FN:127,(anonymous_4)
FN:160,(anonymous_5)
FN:168,(anonymous_6)
FN:176,(anonymous_7)
FN:185,(anonymous_8)
FN:220,(anonymous_9)
FN:80,(anonymous_10)
FN:84,(anonymous_11)
FN:252,(anonymous_12)
FNF:12
FNH:0
FNDA:0,mapDispatchToProps
FNDA:0,(anonymous_2)
FNDA:0,(anonymous_3)
FNDA:0,(anonymous_4)
FNDA:0,(anonymous_5)
FNDA:0,(anonymous_6)
FNDA:0,(anonymous_7)
FNDA:0,(anonymous_8)
FNDA:0,(anonymous_9)
FNDA:0,(anonymous_10)
FNDA:0,(anonymous_11)
FNDA:0,(anonymous_12)
DA:30,0
DA:33,0
DA:36,0
DA:39,0
DA:40,0
DA:41,0
DA:42,0
DA:43,0
DA:44,0
DA:45,0
DA:48,0
DA:49,0
DA:50,0
DA:53,0
DA:56,0
DA:66,0
DA:67,0
DA:68,0
DA:77,0
DA:81,0
DA:85,0
DA:86,0
DA:91,0
DA:101,0
DA:103,0
DA:105,0
DA:106,0
DA:110,0
DA:115,0
DA:116,0
DA:127,0
DA:133,0
DA:139,0
DA:141,0
DA:160,0
DA:168,0
DA:176,0
DA:185,0
DA:191,0
DA:192,0
DA:194,0
DA:198,0
DA:199,0
DA:204,0
DA:206,0
DA:209,0
DA:212,0
DA:220,0
DA:226,0
DA:227,0
DA:229,0
DA:230,0
DA:235,0
DA:236,0
DA:241,0
DA:243,0
DA:246,0
DA:249,0
DA:253,0
DA:256,0
DA:274,0
DA:283,0
LF:62
LH:0
BRDA:105,0,0,0
BRDA:105,0,1,0
BRDA:115,1,0,0
BRDA:115,1,1,0
BRDA:198,2,0,0
BRDA:198,2,1,0
BRDA:199,3,0,0
BRDA:199,3,1,0
BRDA:199,4,0,0
BRDA:199,4,1,0
BRDA:199,4,2,0
BRDA:199,4,3,0
BRDA:199,4,4,0
BRDA:229,5,0,0
BRDA:229,5,1,0
BRDA:235,6,0,0
BRDA:235,6,1,0
BRDA:236,7,0,0
BRDA:236,7,1,0
BRDA:236,8,0,0
BRDA:236,8,1,0
BRDA:236,8,2,0
BRDA:236,8,3,0
BRDA:236,8,4,0
BRDA:71,9,0,0
BRDA:71,9,1,0
BRDA:85,10,0,0
BRDA:85,10,1,0
BRDA:85,11,0,0
BRDA:85,11,1,0
BRDA:85,11,2,0
BRF:31
BRH:0
end_of_record
TN:
SF:/root/repo/src/containers/Devices/routes.js
FNF:0
FNH:0
DA:29,0
DA:32,0
DA:33,0
DA:34,0
DA:35,0
DA:36,0
DA:43,0
LF:7
LH:0
BRF:0
BRH:0
end_of_record
TN:
SF:/root/repo/src/containers/Devices/components/DevicesContent.js
FN:57,(anonymous_1)
FN:84,(anonymous_2)
FN:94,(anonymous_3)
FN:67,(anonymous_4)
FN:102,(anonymous_5)
FN:122,(anonymous_6)
FN:127,(anonymous_7)
FN:132,(anonymous_8)
FNF:8
FNH:0
FNDA:0,(anonymous_1)
FNDA:0,(anonymous_2)
FNDA:0,(anonymous_3)
FNDA:0,(anonymous_4)
FNDA:0,(anonymous_5)
FNDA:0,(anonymous_6)
FNDA:0,(anonymous_7)
FNDA:0,(anonymous_8)
DA:30,0
DA:33,0
DA:34,0
DA:35,0
DA:38,0
DA:39,0
DA:46,0
DA:47,0
DA:48,0
DA:49,0
DA:57,0
DA:58,0
DA:59,0
DA:61,0
DA:68,0
DA:69,0
DA:74,0
DA:85,0
DA:87,0
DA:88,0
DA:89,0
DA:94,0
DA:95,0
DA:102,0
DA:111,0
DA:115,0
DA:117,0
DA:122,0
DA:127,0
DA:132,0
DA:203,0
DA:208,0
LF:32
LH:0
BRDA:87,0,0,0
BRDA:87,0,1,0
BRDA:88,1,0,0
BRDA:88,1,1,0
BRDA:68,2,0,0
BRDA:68,2,1,0
BRF:6
BRH:0
end_of_record
TN:
SF:/root/repo/src/containers/Devices/components/DevicesEdit.js
FN:46,(anonymous_1)
FN:66,(anonymous_2)
FNF:2
FNH:0
FNDA:0,(anonymous_1)
FNDA:0,(anonymous_2)
DA:30,0
DA:33,0
DA:34,0
DA:37,0
DA:38,0
DA:47,0
DA:48,0
DA:66,0
DA:67,0
DA:75,0
DA:77,0
DA:95,0
DA:100,0
LF:13
LH:0
BRF:0
BRH:0
end_of_record
TN:
SF:/root/repo/src/containers/Devices/components/DevicesEditOne.js
FN:53,(anonymous_1)
FN:63,(anonymous_2)
FN:205,(anonymous_3)
FN:86,(anonymous_6)
FN:107,(anonymous_7)
FN:184,(anonymous_10)
FN:194,(anonymous_11)
FNF:7
FNH:0
FNDA:0,(anonymous_1)
FNDA:0,(anonymous_2)
FNDA:0,(anonymous_3)
FNDA:0,(anonymous_6)
FNDA:0,(anonymous_7)
FNDA:0,(anonymous_10)
FNDA:0,(anonymous_11)
DA:30,0
DA:33,0
DA:34,0
DA:37,0
DA:38,0
DA:39,0
DA:42,0
DA:43,0
DA:44,0
DA:45,0
DA:53,0
DA:54,0
DA:55,0
DA:57,0
DA:64,0
DA:65,0
DA:67,0
DA:68,0
DA:70,0
DA:79,0
DA:80,0
DA:82,0
DA:87,0
DA:108,0
DA:137,0
DA:138,0
DA:140,0
DA:147,0
DA:157,0
DA:162,0
DA:170,0
DA:172,0
DA:175,0
DA:179,0
DA:185,0
DA:190,0
DA:191,0
DA:192,0
DA:195,0
DA:199,0
DA:205,0
DA:206,0
DA:210,0
DA:213,0
DA:218,0
DA:219,0
DA:221,0
DA:227,0
DA:228,0
DA:245,0
DA:250,0
LF:51
LH:0
BRDA:67,0,0,0
BRDA:67,0,1,0
BRDA:218,1,0,0
BRDA:218,1,1,0
BRDA:221,2,0,0
BRDA:221,2,1,0
BRDA:227,3,0,0
BRDA:227,3,1,0
BRDA:227,4,0,0
BRDA:227,4,1,0
BRDA:137,5,0,0
BRDA:137,5,1,0
BRF:12
BRH:0
end_of_record
TN:
SF:/root/repo/src/containers/Devices/components/DevicesItemList.js
FN:41,(anonymous_1)
FNF:1
FNH:0
FNDA:0,(anonymous_1)
DA:30,0
DA:33,0
DA:34,0
DA:41,0
DA:45,0
DA:47,0
DA:52,0
DA:53,0
DA:61,0
DA:66,0
DA:85,0
LF:11
LH:0
BRDA:48,0,0,0
BRDA:48,0,1,0
BRDA:52,1,0,0
BRDA:52,1,1,0
BRF:4
BRH:0
end_of_record
TN:
SF:/root/repo/src/containers/Devices/components/DevicesList.js
FN:71,(anonymous_1)
FN:56,(anonymous_2)
FN:64,(anonymous_3)
FN:137,(anonymous_4)
FN:198,(anonymous_5)
FN:242,(anonymous_6)
FN:261,(anonymous_7)
FN:282,(anonymous_8)
FN:310,(anonymous_9)
FN:324,(anonymous_10)
FN:365,(anonymous_11)
FN:377,(anonymous_12)
FN:90,(anonymous_13)
FN:94,(anonymous_14)
FN:127,(anonymous_15)
FN:419,(anonymous_16)
FN:425,(anonymous_17)
FN:456,(anonymous_18)
FN:487,(anonymous_19)
FN:510,(anonymous_20)
FN:551,(anonymous_21)
FNF:21
FNH:0
FNDA:0,(anonymous_1)
FNDA:0,(anonymous_2)
FNDA:0,(anonymous_3)
FNDA:0,(anonymous_4)
FNDA:0,(anonymous_5)
FNDA:0,(anonymous_6)
FNDA:0,(anonymous_7)
FNDA:0,(anonymous_8)
FNDA:0,(anonymous_9)
FNDA:0,(anonymous_10)
FNDA:0,(anonymous_11)
FNDA:0,(anonymous_12)
FNDA:0,(anonymous_13)
FNDA:0,(anonymous_14)
FNDA:0,(anonymous_15)
FNDA:0,(anonymous_16)
FNDA:0,(anonymous_17)
FNDA:0,(anonymous_18)
FNDA:0,(anonymous_19)
FNDA:0,(anonymous_20)
FNDA:0,(anonymous_21)
DA:30,0
DA:33,0
DA:34,0
DA:35,0
DA:36,0
DA:39,0
DA:40,0
DA:41,0
DA:42,0
DA:43,0
DA:44,0
DA:45,0
DA:57,0
DA:65,0
DA:71,0
DA:72,0
DA:73,0
DA:91,0
DA:94,0
DA:99,0
DA:105,0
DA:107,0
DA:108,0
DA:109,0
DA:111,0
DA:112,0
DA:115,0
DA:116,0
DA:117,0
DA:120,0
DA:121,0
DA:122,0
DA:128,0
DA:129,0
DA:137,0
DA:143,0
DA:144,0
DA:146,0
DA:147,0
DA:150,0
DA:155,0
DA:156,0
DA:157,0
DA:158,0
DA:161,0
DA:171,0
DA:172,0
DA:173,0
DA:177,0
DA:187,0
DA:199,0
DA:200,0
DA:204,0
DA:206,0
DA:215,0
DA:224,0
DA:231,0
DA:242,0
DA:247,0
DA:249,0
DA:250,0
DA:251,0
DA:252,0
DA:253,0
DA:261,0
DA:267,0
DA:269,0
DA:270,0
DA:271,0
DA:272,0
DA:273,0
DA:282,0
DA:287,0
DA:288,0
DA:290,0
DA:291,0
DA:292,0
DA:294,0
DA:295,0
DA:297,0
DA:298,0
DA:299,0
DA:301,0
DA:302,0
DA:310,0
DA:319,0
DA:321,0
DA:322,0
DA:323,0
DA:324,0
DA:328,0
DA:332,0
DA:340,0
DA:345,0
DA:346,0
DA:347,0
DA:350,0
DA:351,0
DA:353,0
DA:354,0
DA:358,0
DA:362,0
DA:363,0
DA:365,0
DA:378,0
DA:379,0
DA:380,0
DA:382,0
DA:390,0
DA:392,0
DA:401,0
DA:408,0
DA:420,0
DA:422,0
DA:425,0
DA:430,0
DA:436,0
DA:439,0
DA:450,0
DA:456,0
DA:460,0
DA:481,0
DA:482,0
DA:483,0
DA:484,0
DA:485,0
DA:487,0
DA:502,0
DA:505,0
DA:508,0
DA:510,0
DA:551,0
DA:558,0
DA:563,0
LF:134
LH:0
BRDA:155,0,0,0
BRDA:155,0,1,0
BRDA:157,1,0,0
BRDA:157,1,1,0
BRDA:158,2,0,0
BRDA:158,2,1,0
BRDA:172,3,0,0
BRDA:172,3,1,0
BRDA:252,4,0,0
BRDA:252,4,1,0
BRDA:272,5,0,0
BRDA:272,5,1,0
BRDA:298,6,0,0
BRDA:298,6,1,0
BRDA:298,7,0,0
BRDA:298,7,1,0
BRDA:301,8,0,0
BRDA:301,8,1,0
BRDA:301,9,0,0
BRDA:301,9,1,0
BRDA:323,10,0,0
BRDA:323,10,1,0
BRDA:353,11,0,0
BRDA:353,11,1,0
BRDA:390,12,0,0
BRDA:390,12,1,0
BRDA:107,13,0,0
BRDA:107,13,1,0
BRDA:109,14,0,0
BRDA:109,14,1,0
BRDA:109,15,0,0
BRDA:109,15,1,0
BRDA:111,16,0,0
BRDA:111,16,1,0
BRDA:115,17,0,0
BRDA:115,17,1,0
BRDA:120,18,0,0
BRDA:120,18,1,0
BRDA:120,19,0,0
BRDA:120,19,1,0
BRDA:120,19,2,0
BRDA:121,20,0,0
BRDA:121,20,1,0
BRDA:461,21,0,0
BRDA:461,21,1,0
BRDA:481,22,0,0
BRDA:481,22,1,0
BRDA:483,23,0,0
BRDA:483,23,1,0
BRDA:484,24,0,0
BRDA:484,24,1,0
BRDA:496,25,0,0
BRDA:496,25,1,0
BRDA:497,26,0,0
BRDA:497,26,1,0
BRDA:535,27,0,0
BRDA:535,27,1,0
BRDA:536,28,0,0
BRDA:536,28,1,0
BRF:59
BRH:0
end_of_record
TN:
SF:/root/repo/src/containers/Devices/components/Enroll.js
FN:47,(anonymous_1)
FN:60,(anonymous_2)
FN:111,(anonymous_3)
FN:117,(anonymous_4)
FN:155,(anonymous_5)
FNF:5
FNH:0
FNDA:0,(anonymous_1)
FNDA:0,(anonymous_2)
FNDA:0,(anonymous_3)
FNDA:0,(anonymous_4)
FNDA:0,(anonymous_5)
DA:30,0
DA:33,0
DA:34,0
DA:37,0
DA:38,0
DA:39,0
DA:47,0
DA:48,0
DA:49,0
DA:60,0
DA:61,0
DA:68,0
DA:70,0
DA:71,0
DA:72,0
DA:76,0
DA:83,0
DA:87,0
DA:92,0
DA:93,0
DA:96,0
DA:100,0
DA:112,0
DA:117,0
DA:121,0
DA:122,0
DA:125,0
DA:126,0
DA:130,0
DA:155,0
DA:172,0
DA:176,0
LF:32
LH:0
BRDA:71,0,0,0
BRDA:71,0,1,0
BRDA:125,1,0,0
BRDA:125,1,1,0
BRF:4
BRH:0
end_of_record
TN:
SF:/root/repo/src/containers/Devices/components/Map.js
FN:53,(anonymous_1)
FN:81,(anonymous_2)
FN:101,(anonymous_3)
FN:61,(anonymous_4)
FN:62,(anonymous_5)
FN:77,(anonymous_6)
FN:126,(anonymous_7)
FNF:7
FNH:0
FNDA:0,(anonymous_1)
FNDA:0,(anonymous_2)
FNDA:0,(anonymous_3)
FNDA:0,(anonymous_4)
FNDA:0,(anonymous_5)
FNDA:0,(anonymous_6)
FNDA:0,(anonymous_7)
DA:30,0
DA:33,0
DA:34,0
DA:38,0
DA:40,0
DA:53,0
DA:54,0
DA:55,0
DA:62,0
DA:63,0
DA:74,0
DA:77,0
DA:82,0
DA:83,0
DA:85,0
DA:86,0
DA:87,0
DA:88,0
DA:92,0
DA:101,0
DA:105,0
DA:106,0
DA:108,0
DA:109,0
DA:110,0
DA:115,0
DA:116,0
DA:117,0
DA:127,0
DA:129,0
DA:133,0
DA:141,0
LF:32
LH:0
BRDA:85,0,0,0
BRDA:85,0,1,0
BRDA:87,1,0,0
BRDA:87,1,1,0
BRDA:115,2,0,0
BRDA:115,2,1,0
BRF:6
BRH:0
end_of_record
TN:
SF:/root/repo/src/containers/Devices/components/Sections/DangerZone.js
FN:48,(anonymous_1)
FN:61,(anonymous_2)
FN:72,(anonymous_3)
FN:208,(anonymous_4)
FN:211,(anonymous_5)
FNF:5
FNH:0
FNDA:0,(anonymous_1)
FNDA:0,(anonymous_2)
FNDA:0,(anonymous_3)
FNDA:0,(anonymous_4)
FNDA:0,(anonymous_5)
DA:30,0
DA:33,0
DA:34,0
DA:37,0
DA:38,0
DA:39,0
DA:40,0
DA:48,0
DA:49,0
DA:53,0
DA:55,0
DA:61,0
DA:65,0
DA:67,0
DA:68,0
DA:73,0
DA:74,0
DA:80,0
DA:90,0
DA:98,0
DA:99,0
DA:101,0
DA:102,0
DA:103,0
DA:104,0
DA:111,0
DA:116,0
DA:117,0
DA:119,0
DA:132,0
DA:140,0
DA:141,0
DA:143,0
DA:144,0
DA:145,0
DA:146,0
DA:153,0
DA:158,0
DA:159,0
DA:161,0
DA:174,0
DA:182,0
DA:183,0
DA:185,0
DA:186,0
DA:187,0
DA:188,0
DA:192,0
DA:197,0
DA:198,0
DA:200,0
DA:209,0
DA:211,0
DA:271,0
DA:278,0
LF:55
LH:0
BRDA:67,0,0,0
BRDA:67,0,1,0
BRDA:67,1,0,0
BRDA:67,1,1,0
BRDA:73,2,0,0
BRDA:73,2,1,0
BRDA:73,3,0,0
BRDA:73,3,1,0
BRDA:102,4,0,0
BRDA:102,4,1,0
BRDA:113,5,0,0
BRDA:113,5,1,0
BRDA:144,6,0,0
BRDA:144,6,1,0
BRDA:155,7,0,0
BRDA:155,7,1,0
BRDA:186,8,0,0
BRDA:186,8,1,0
BRDA:194,9,0,0
BRDA:194,9,1,0
BRF:20
BRH:0
end_of_record
TN:
SF:/root/repo/src/containers/Devices/components/Sections/Geolocation.js
FN:49,(anonymous_1)
FN:68,(anonymous_2)
FN:72,(anonymous_3)
FN:83,(anonymous_4)
FN:232,(anonymous_5)
FN:254,(anonymous_6)
FN:108,(anonymous_9)
FN:120,(anonymous_11)
FN:121,(anonymous_12)
FNF:9
FNH:0
FNDA:0,(anonymous_1)
FNDA:0,(anonymous_2)
FNDA:0,(anonymous_3)
FNDA:0,(anonymous_4)
FNDA:0,(anonymous_5)
FNDA:0,(anonymous_6)
FNDA:0,(anonymous_9)
FNDA:0,(anonymous_11)
FNDA:0,(anonymous_12)
DA:30,0
DA:33,0
DA:34,0
DA:37,0
DA:38,0
DA:39,0
DA:40,0
DA:41,0
DA:42,0
DA:49,0
DA:50,0
DA:54,0
DA:56,0
DA:69,0
DA:72,0
DA:76,0
DA:78,0
DA:79,0
DA:84,0
DA:85,0
DA:93,0
DA:105,0
DA:107,0
DA:108,0
DA:118,0
DA:120,0
DA:121,0
DA:122,0
DA:123,0
DA:125,0
DA:127,0
DA:137,0
DA:142,0
DA:143,0
DA:145,0
DA:146,0
DA:149,0
DA:156,0
DA:161,0
DA:163,0
DA:166,0
DA:178,0
DA:182,0
DA:187,0
DA:189,0
DA:190,0
DA:193,0
DA:197,0
DA:202,0
DA:209,0
DA:213,0
DA:232,0
DA:240,0
DA:242,0
DA:254,0
DA:298,0
LF:56
LH:0
BRDA:78,0,0,0
BRDA:78,0,1,0
BRDA:78,1,0,0
BRDA:78,1,1,0
BRDA:84,2,0,0
BRDA:84,2,1,0
BRDA:84,3,0,0
BRDA:84,3,1,0
BRDA:243,4,0,0
BRDA:243,4,1,0
BRDA:261,5,0,0
BRDA:261,5,1,0
BRDA:276,6,0,0
BRDA:276,6,1,0
BRDA:283,7,0,0
BRDA:283,7,1,0
BRDA:122,8,0,0
BRDA:122,8,1,0
BRDA:189,9,0,0
BRDA:189,9,1,0
BRF:20
BRH:0
end_of_record
TN:
SF:/root/repo/src/containers/Devices/components/Sections/GeolocationList.js
FN:43,(anonymous_1)
FN:53,(anonymous_2)
FN:57,(anonymous_3)
FN:70,(anonymous_4)
FNF:4
FNH:0
FNDA:0,(anonymous_1)
FNDA:0,(anonymous_2)
FNDA:0,(anonymous_3)
FNDA:0,(anonymous_4)
DA:30,0
DA:33,0
DA:34,0
DA:43,0
DA:49,0
DA:52,0
DA:53,0
DA:54,0
DA:57,0
DA:70,0
DA:78,0
DA:84,0
DA:88,0
DA:93,0
LF:14
LH:0
BRDA:52,0,0,0
BRDA:52,0,1,0
BRF:2
BRH:0
end_of_record
TN:
SF:/root/repo/src/containers/Devices/components/Sections/GeolocationRange.js
FN:47,(anonymous_1)
FN:66,(anonymous_2)
FN:72,(anonymous_3)
FN:101,(anonymous_4)
FNF:4
FNH:0
FNDA:0,(anonymous_1)
FNDA:0,(anonymous_2)
FNDA:0,(anonymous_3)
FNDA:0,(anonymous_4)
DA:30,0
DA:33,0
DA:34,0
DA:37,0
DA:47,0
DA:48,0
DA:52,0
DA:54,0
DA:67,0
DA:72,0
DA:76,0
DA:79,0
DA:81,0
DA:101,0
DA:114,0
DA:120,0
LF:16
LH:0
BRF:0
BRH:0
end_of_record
TN:
SF:/root/repo/src/containers/Devices/components/Sections/Inventory.js
FN:42,(anonymous_1)
FN:58,(anonymous_2)
FN:69,(anonymous_3)
FN:76,(anonymous_4)
FN:97,(anonymous_5)
FN:97,(anonymous_6)
FN:50,(anonymous_7)
FN:103,(anonymous_8)
FN:123,(anonymous_9)
FNF:9
FNH:0
FNDA:0,(anonymous_1)
FNDA:0,(anonymous_2)
FNDA:0,(anonymous_3)
FNDA:0,(anonymous_4)
FNDA:0,(anonymous_5)
FNDA:0,(anonymous_6)
FNDA:0,(anonymous_7)
FNDA:0,(anonymous_8)
FNDA:0,(anonymous_9)
DA:30,0
DA:33,0
DA:34,0
DA:42,0
DA:43,0
DA:44,0
DA:51,0
DA:58,0
DA:65,0
DA:67,0
DA:70,0
DA:71,0
DA:76,0
DA:79,0
DA:84,0
DA:97,0
DA:98,0
DA:103,0
DA:107,0
DA:108,0
DA:110,0
DA:111,0
DA:116,0
DA:117,0
DA:123,0
DA:128,0
DA:132,0
DA:136,0
LF:28
LH:0
BRDA:110,0,0,0
BRDA:110,0,1,0
BRDA:110,1,0,0
BRDA:110,1,1,0
BRDA:116,2,0,0
BRDA:116,2,1,0
BRDA:116,3,0,0
BRDA:116,3,1,0
BRF:8
BRH:0
end_of_record
TN:
SF:/root/repo/src/containers/Devices/components/Sections/Main.js
FN:50,(anonymous_1)
FN:65,(anonymous_2)
FN:69,(anonymous_3)
FN:80,(anonymous_4)
FN:237,(anonymous_5)
FN:341,(anonymous_6)
FN:155,(anonymous_10)
FN:165,(anonymous_11)
FN:202,(anonymous_14)
FN:222,(anonymous_15)
FNF:10
FNH:0
FNDA:0,(anonymous_1)
FNDA:0,(anonymous_2)
FNDA:0,(anonymous_3)
FNDA:0,(anonymous_4)
FNDA:0,(anonymous_5)
FNDA:0,(anonymous_6)
FNDA:0,(anonymous_10)
FNDA:0,(anonymous_11)
FNDA:0,(anonymous_14)
FNDA:0,(anonymous_15)
DA:30,0
DA:33,0
DA:34,0
DA:37,0
DA:38,0
DA:39,0
DA:40,0
DA:41,0
DA:42,0
DA:50,0
DA:51,0
DA:55,0
DA:57,0
DA:66,0
DA:69,0
DA:73,0
DA:75,0
DA:76,0
DA:81,0
DA:82,0
DA:89,0
DA:99,0
DA:103,0
DA:109,0
DA:111,0
DA:112,0
DA:113,0
DA:120,0
DA:124,0
DA:134,0
DA:142,0
DA:143,0
DA:145,0
DA:146,0
DA:147,0
DA:151,0
DA:156,0
DA:161,0
DA:162,0
DA:163,0
DA:166,0
DA:179,0
DA:180,0
DA:182,0
DA:183,0
DA:190,0
DA:195,0
DA:198,0
DA:200,0
DA:203,0
DA:204,0
DA:215,0
DA:220,0
DA:223,0
DA:226,0
DA:230,0
DA:237,0
DA:242,0
DA:245,0
DA:246,0
DA:250,0
DA:253,0
DA:254,0
DA:262,0
DA:266,0
DA:341,0
DA:346,0
DA:350,0
LF:68
LH:0
BRDA:75,0,0,0
BRDA:75,0,1,0
BRDA:75,1,0,0
BRDA:75,1,1,0
BRDA:81,2,0,0
BRDA:81,2,1,0
BRDA:81,3,0,0
BRDA:81,3,1,0
BRDA:245,4,0,0
BRDA:245,4,1,0
BRDA:245,5,0,0
BRDA:245,5,1,0
BRDA:250,6,0,0
BRDA:250,6,1,0
BRDA:253,7,0,0
BRDA:253,7,1,0
BRDA:278,8,0,0
BRDA:278,8,1,0
BRDA:298,9,0,0
BRDA:298,9,1,0
BRDA:111,10,0,0
BRDA:111,10,1,0
BRDA:146,11,0,0
BRDA:146,11,1,0
BRDA:217,12,0,0
BRDA:217,12,1,0
BRF:26
BRH:0
end_of_record
TN:
SF:/root/repo/src/containers/Devices/components/Sections/SystemReport.js
FN:48,(anonymous_1)
FN:64,(anonymous_2)
FN:68,(anonymous_3)
FN:79,(anonymous_4)
FN:177,(anonymous_5)
FN:113,(anonymous_8)
FN:146,(anonymous_10)
FNF:7
FNH:0
FNDA:0,(anonymous_1)
FNDA:0,(anonymous_2)
FNDA:0,(anonymous_3)
FNDA:0,(anonymous_4)
FNDA:0,(anonymous_5)
FNDA:0,(anonymous_8)
FNDA:0,(anonymous_10)
DA:30,0
DA:33,0
DA:34,0
DA:37,0
DA:38,0
DA:39,0
DA:40,0
DA:48,0
DA:49,0
DA:53,0
DA:55,0
DA:65,0
DA:68,0
DA:72,0
DA:74,0
DA:75,0
DA:80,0
DA:81,0
DA:89,0
DA:98,0
DA:102,0
DA:107,0
DA:109,0
DA:110,0
DA:114,0
DA:115,0
DA:123,0
DA:136,0
DA:141,0
DA:142,0
DA:144,0
DA:147,0
DA:148,0
DA:159,0
DA:164,0
DA:166,0
DA:170,0
DA:177,0
DA:182,0
DA:183,0
DA:185,0
DA:186,0
DA:191,0
DA:192,0
DA:286,0
DA:290,0
LF:46
LH:0
BRDA:74,0,0,0
BRDA:74,0,1,0
BRDA:74,1,0,0
BRDA:74,1,1,0
BRDA:80,2,0,0
BRDA:80,2,1,0
BRDA:80,3,0,0
BRDA:80,3,1,0
BRDA:185,4,0,0
BRDA:185,4,1,0
BRDA:185,5,0,0
BRDA:185,5,1,0
BRDA:191,6,0,0
BRDA:191,6,1,0
BRDA:191,7,0,0
BRDA:191,7,1,0
BRDA:203,8,0,0
BRDA:203,8,1,0
BRDA:245,9,0,0
BRDA:245,9,1,0
BRDA:109,10,0,0
BRDA:109,10,1,0
BRF:22
BRH:0
end_of_record
TN:
SF:/root/repo/src/containers/Devices/components/Sections/index.js
FNF:0
FNH:0
DA:30,0
DA:31,0
DA:32,0
DA:33,0
DA:34,0
LF:5
LH:0
BRF:0
BRH:0
end_of_record
TN:
SF:/root/repo/src/containers/Devices/components/Sections/Applications/ApplicationDetail.js
FN:53,(anonymous_1)
FN:61,(anonymous_2)
FN:83,(anonymous_3)
FN:133,(anonymous_4)
FNF:4
FNH:0
FNDA:0,(anonymous_1)
FNDA:0,(anonymous_2)
FNDA:0,(anonymous_3)
FNDA:0,(anonymous_4)
DA:30,0
DA:33,0
DA:34,0
DA:37,0
DA:38,0
DA:39,0
DA:40,0
DA:44,0
DA:45,0
DA:53,0
DA:54,0
DA:55,0
DA:61,0
DA:65,0
DA:67,0
DA:68,0
DA:72,0
DA:77,0
DA:83,0
DA:87,0
DA:91,0
DA:93,0
DA:134,0
DA:150,0
LF:24
LH:0
BRDA:95,0,0,0
BRDA:95,0,1,0
BRDA:99,1,0,0
BRDA:99,1,1,0
BRF:4
BRH:0
end_of_record
TN:
SF:/root/repo/src/containers/Devices/components/Sections/Applications/index.js
FN:82,(anonymous_1)
FN:101,(anonymous_2)
FN:105,(anonymous_3)
FN:116,(anonymous_4)
FN:205,(anonymous_5)
FN:254,(anonymous_6)
FN:54,(anonymous_8)
FN:64,(anonymous_9)
FNF:8
FNH:0
FNDA:0,(anonymous_1)
FNDA:0,(anonymous_2)
FNDA:0,(anonymous_3)
FNDA:0,(anonymous_4)
FNDA:0,(anonymous_5)
FNDA:0,(anonymous_6)
FNDA:0,(anonymous_8)
FNDA:0,(anonymous_9)
DA:30,0
DA:33,0
DA:34,0
DA:35,0
DA:36,0
DA:39,0
DA:40,0
DA:41,0
DA:42,0
DA:43,0
DA:55,0
DA:62,0
DA:64,0
DA:82,0
DA:83,0
DA:87,0
DA:89,0
DA:102,0
DA:105,0
DA:109,0
DA:111,0
DA:112,0
DA:117,0
DA:118,0
DA:125,0
DA:135,0
DA:139,0
DA:140,0
DA:142,0
DA:143,0
DA:146,0
DA:152,0
DA:167,0
DA:183,0
DA:188,0
DA:205,0
DA:211,0
DA:212,0
DA:216,0
DA:217,0
DA:224,0
DA:225,0
DA:230,0
DA:231,0
DA:238,0
DA:250,0
DA:254,0
DA:266,0
DA:271,0
DA:275,0
LF:50
LH:0
BRDA:111,0,0,0
BRDA:111,0,1,0
BRDA:111,1,0,0
BRDA:111,1,1,0
BRDA:117,2,0,0
BRDA:117,2,1,0
BRDA:117,3,0,0
BRDA:117,3,1,0
BRDA:216,4,0,0
BRDA:216,4,1,0
BRDA:224,5,0,0
BRDA:224,5,1,0
BRDA:230,6,0,0
BRDA:230,6,1,0
BRDA:142,7,0,0
BRDA:142,7,1,0
BRF:16
BRH:0
end_of_record
TN:
SF:/root/repo/src/containers/Files/index.js
FN:52,mapDispatchToProps
FN:67,(anonymous_2)
FN:93,(anonymous_3)
FN:120,(anonymous_4)
FN:153,(anonymous_5)
FN:161,(anonymous_6)
FN:169,(anonymous_7)
FN:178,(anonymous_8)
FN:212,(anonymous_9)
FN:85,(anonymous_10)
FN:243,(anonymous_11)
FNF:11
FNH:0
FNDA:0,mapDispatchToProps
FNDA:0,(anonymous_2)
FNDA:0,(anonymous_3)
FNDA:0,(anonymous_4)
FNDA:0,(anonymous_5)
FNDA:0,(anonymous_6)
FNDA:0,(anonymous_7)
FNDA:0,(anonymous_8)
FNDA:0,(anonymous_9)
FNDA:0,(anonymous_10)
FNDA:0,(anonymous_11)
DA:30,0
DA:33,0
DA:36,0
DA:39,0
DA:40,0
DA:41,0
DA:42,0
DA:43,0
DA:44,0
DA:45,0
DA:48,0
DA:49,0
DA:50,0
DA:53,0
DA:56,0
DA:67,0
DA:68,0
DA:69,0
DA:78,0
DA:86,0
DA:94,0
DA:96,0
DA:98,0
DA:99,0
DA:103,0
DA:108,0
DA:109,0
DA:120,0
DA:126,0
DA:132,0
DA:134,0
DA:153,0
DA:161,0
DA:169,0
DA:178,0
DA:184,0
DA:185,0
DA:187,0
DA:191,0
DA:192,0
DA:196,0
DA:198,0
DA:201,0
DA:204,0
DA:212,0
DA:218,0
DA:219,0
DA:221,0
DA:222,0
DA:227,0
DA:228,0
DA:232,0
DA:234,0
DA:237,0
DA:240,0
DA:244,0
DA:247,0
DA:265,0
DA:275,0
LF:59
LH:0
BRDA:98,0,0,0
BRDA:98,0,1,0
BRDA:108,1,0,0
BRDA:108,1,1,0
BRDA:191,2,0,0
BRDA:191,2,1,0
BRDA:192,3,0,0
BRDA:192,3,1,0
BRDA:192,4,0,0
BRDA:192,4,1,0
BRDA:192,4,2,0
BRDA:192,4,3,0
BRDA:192,4,4,0
BRDA:221,5,0,0
BRDA:221,5,1,0
BRDA:227,6,0,0
BRDA:227,6,1,0
BRDA:228,7,0,0
BRDA:228,7,1,0
BRDA:228,8,0,0
BRDA:228,8,1,0
BRDA:228,8,2,0
BRDA:228,8,3,0
BRDA:228,8,4,0
BRDA:72,9,0,0
BRDA:72,9,1,0
BRF:26
BRH:0
end_of_record
TN:
SF:/root/repo/src/containers/Files/routes.js
FNF:0
FNH:0
DA:30,0
DA:33,0
DA:34,0
DA:35,0
DA:36,0
DA:43,0
LF:6
LH:0
BRF:0
BRH:0
end_of_record
TN:
SF:/root/repo/src/containers/Files/components/FilesAdd.js
FN:51,(anonymous_1)
FN:64,(anonymous_2)
FN:76,(anonymous_3)
FN:93,(anonymous_4)
FN:101,(anonymous_5)
FN:109,(anonymous_6)
FN:120,(anonymous_7)
FN:153,(anonymous_8)
FN:175,(anonymous_9)
FN:199,(anonymous_10)
FN:203,(anonymous_11)
FNF:11
FNH:0
FNDA:0,(anonymous_1)
FNDA:0,(anonymous_2)
FNDA:0,(anonymous_3)
FNDA:0,(anonymous_4)
FNDA:0,(anonymous_5)
FNDA:0,(anonymous_6)
FNDA:0,(anonymous_7)
FNDA:0,(anonymous_8)
FNDA:0,(anonymous_9)
FNDA:0,(anonymous_10)
FNDA:0,(anonymous_11)
DA:30,0
DA:33,0
DA:34,0
DA:37,0
DA:41,0
DA:42,0
DA:43,0
DA:51,0
DA:52,0
DA:53,0
DA:65,0
DA:76,0
DA:80,0
DA:82,0
DA:94,0
DA:102,0
DA:109,0
DA:110,0
DA:116,0
DA:118,0
DA:120,0
DA:121,0
DA:122,0
DA:123,0
DA:124,0
DA:125,0
DA:128,0
DA:132,0
DA:135,0
DA:140,0
DA:142,0
DA:146,0
DA:153,0
DA:157,0
DA:160,0
DA:161,0
DA:163,0
DA:175,0
DA:200,0
DA:203,0
DA:218,0
DA:222,0
LF:42
LH:0
BRDA:160,0,0,0
BRDA:160,0,1,0
BRDA:197,1,0,0
BRDA:197,1,1,0
BRF:4
BRH:0
end_of_record
TN:
SF:/root/repo/src/containers/Files/components/FilesContent.js
FN:49,(anonymous_1)
FN:135,(anonymous_2)
FN:184,(anonymous_3)
FN:96,(anonymous_7)
FNF:4
FNH:0
FNDA:0,(anonymous_1)
FNDA:0,(anonymous_2)
FNDA:0,(anonymous_3)
FNDA:0,(anonymous_7)
DA:30,0
DA:33,0
DA:34,0
DA:37,0
DA:38,0
DA:39,0
DA:40,0
DA:41,0
DA:49,0
DA:50,0
DA:54,0
DA:56,0
DA:60,0
DA:61,0
DA:62,0
DA:72,0
DA:74,0
DA:75,0
DA:83,0
DA:91,0
DA:93,0
DA:94,0
DA:95,0
DA:96,0
DA:100,0
DA:104,0
DA:112,0
DA:117,0
DA:118,0
DA:120,0
DA:125,0
DA:129,0
DA:136,0
DA:137,0
DA:139,0
DA:140,0
DA:149,0
DA:151,0
DA:184,0
DA:191,0
DA:196,0
LF:41
LH:0
BRDA:60,0,0,0
BRDA:60,0,1,0
BRDA:139,1,0,0
BRDA:139,1,1,0
BRDA:149,2,0,0
BRDA:149,2,1,0
BRDA:95,3,0,0
BRDA:95,3,1,0
BRF:8
BRH:0
end_of_record
TN:
SF:/root/repo/src/containers/Files/components/FilesEdit.js
FN:48,(anonymous_1)
FN:61,(anonymous_2)
FN:67,(anonymous_3)
FN:90,(anonymous_4)
FN:138,(anonymous_5)
FN:148,(anonymous_6)
FNF:6
FNH:0
FNDA:0,(anonymous_1)
FNDA:0,(anonymous_2)
FNDA:0,(anonymous_3)
FNDA:0,(anonymous_4)
FNDA:0,(anonymous_5)
FNDA:0,(anonymous_6)
DA:30,0
DA:33,0
DA:34,0
DA:37,0
DA:38,0
DA:39,0
DA:40,0
DA:48,0
DA:49,0
DA:50,0
DA:62,0
DA:64,0
DA:67,0
DA:70,0
DA:71,0
DA:73,0
DA:77,0
DA:80,0
DA:90,0
DA:91,0
DA:98,0
DA:100,0
DA:101,0
DA:102,0
DA:105,0
DA:110,0
DA:111,0
DA:117,0
DA:124,0
DA:125,0
DA:128,0
DA:132,0
DA:139,0
DA:140,0
DA:142,0
DA:143,0
DA:144,0
DA:148,0
DA:149,0
DA:156,0
DA:175,0
DA:179,0
DA:184,0
LF:43
LH:0
BRDA:70,0,0,0
BRDA:70,0,1,0
BRDA:101,1,0,0
BRDA:101,1,1,0
BRDA:110,2,0,0
BRDA:110,2,1,0
BRDA:142,3,0,0
BRDA:142,3,1,0
BRDA:143,4,0,0
BRDA:143,4,1,0
BRF:10
BRH:0
end_of_record
TN:
SF:/root/repo/src/containers/Files/components/FilesEditItemList.js
FN:44,(anonymous_1)
FN:65,(anonymous_2)
FN:76,(anonymous_3)
FN:52,(anonymous_4)
FN:87,(anonymous_5)
FNF:5
FNH:0
FNDA:0,(anonymous_1)
FNDA:0,(anonymous_2)
FNDA:0,(anonymous_3)
FNDA:0,(anonymous_4)
FNDA:0,(anonymous_5)
DA:30,0
DA:33,0
DA:34,0
DA:44,0
DA:45,0
DA:47,0
DA:53,0
DA:55,0
DA:66,0
DA:76,0
DA:80,0
DA:82,0
DA:83,0
DA:88,0
DA:89,0
DA:112,0
LF:16
LH:0
BRDA:82,0,0,0
BRDA:82,0,1,0
BRF:2
BRH:0
end_of_record
TN:
SF:/root/repo/src/containers/Files/components/FilesItemList.js
FN:40,(anonymous_1)
FNF:1
FNH:0
FNDA:0,(anonymous_1)
DA:30,0
DA:33,0
DA:41,0
DA:43,0
DA:54,0
LF:5
LH:0
BRF:0
BRH:0
end_of_record
TN:
SF:/root/repo/src/containers/Files/components/FilesList.js
FN:60,(anonymous_1)
FN:52,(anonymous_2)
FN:127,(anonymous_3)
FN:146,(anonymous_4)
FN:176,(anonymous_5)
FN:187,(anonymous_6)
FN:206,(anonymous_7)
FN:227,(anonymous_8)
FN:256,(anonymous_9)
FN:269,(anonymous_10)
FN:275,(anonymous_11)
FN:319,(anonymous_12)
FN:367,(anonymous_13)
FN:79,(anonymous_14)
FN:83,(anonymous_15)
FN:116,(anonymous_16)
FN:422,(anonymous_17)
FN:483,(anonymous_18)
FN:507,(anonymous_19)
FN:549,(anonymous_20)
FNF:20
FNH:0
FNDA:0,(anonymous_1)
FNDA:0,(anonymous_2)
FNDA:0,(anonymous_3)
FNDA:0,(anonymous_4)
FNDA:0,(anonymous_5)
FNDA:0,(anonymous_6)
FNDA:0,(anonymous_7)
FNDA:0,(anonymous_8)
FNDA:0,(anonymous_9)
FNDA:0,(anonymous_10)
FNDA:0,(anonymous_11)
FNDA:0,(anonymous_12)
FNDA:0,(anonymous_13)
FNDA:0,(anonymous_14)
FNDA:0,(anonymous_15)
FNDA:0,(anonymous_16)
FNDA:0,(anonymous_17)
FNDA:0,(anonymous_18)
FNDA:0,(anonymous_19)
FNDA:0,(anonymous_20)
DA:30,0
DA:33,0
DA:34,0
DA:35,0
DA:36,0
DA:39,0
DA:40,0
DA:41,0
DA:42,0
DA:43,0
DA:44,0
DA:53,0
DA:60,0
DA:61,0
DA:62,0
DA:80,0
DA:83,0
DA:88,0
DA:94,0
DA:96,0
DA:97,0
DA:98,0
DA:100,0
DA:101,0
DA:104,0
DA:105,0
DA:106,0
DA:109,0
DA:110,0
DA:111,0
DA:117,0
DA:119,0
DA:127,0
DA:131,0
DA:135,0
DA:137,0
DA:138,0
DA:147,0
DA:148,0
DA:157,0
DA:164,0
DA:177,0
DA:179,0
DA:180,0
DA:187,0
DA:192,0
DA:194,0
DA:195,0
DA:196,0
DA:197,0
DA:198,0
DA:206,0
DA:212,0
DA:214,0
DA:215,0
DA:216,0
DA:217,0
DA:218,0
DA:227,0
DA:232,0
DA:233,0
DA:235,0
DA:236,0
DA:237,0
DA:239,0
DA:240,0
DA:242,0
DA:243,0
DA:244,0
DA:246,0
DA:247,0
DA:256,0
DA:265,0
DA:267,0
DA:268,0
DA:269,0
DA:273,0
DA:276,0
DA:277,0
DA:285,0
DA:290,0
DA:291,0
DA:292,0
DA:294,0
DA:298,0
DA:299,0
DA:300,0
DA:306,0
DA:307,0
DA:308,0
DA:309,0
DA:319,0
DA:320,0
DA:324,0
DA:326,0
DA:327,0
DA:335,0
DA:337,0
DA:346,0
DA:352,0
DA:354,0
DA:367,0
DA:373,0
DA:374,0
DA:376,0
DA:377,0
DA:380,0
DA:384,0
DA:385,0
DA:386,0
DA:387,0
DA:390,0
DA:400,0
DA:401,0
DA:402,0
DA:406,0
DA:416,0
DA:422,0
DA:427,0
DA:433,0
DA:436,0
DA:447,0
DA:457,0
DA:478,0
DA:479,0
DA:480,0
DA:481,0
DA:483,0
DA:496,0
DA:505,0
DA:507,0
DA:549,0
DA:555,0
DA:560,0
LF:134
LH:0
BRDA:197,0,0,0
BRDA:197,0,1,0
BRDA:217,1,0,0
BRDA:217,1,1,0
BRDA:243,2,0,0
BRDA:243,2,1,0
BRDA:243,3,0,0
BRDA:243,3,1,0
BRDA:246,4,0,0
BRDA:246,4,1,0
BRDA:246,5,0,0
BRDA:246,5,1,0
BRDA:268,6,0,0
BRDA:268,6,1,0
BRDA:308,7,0,0
BRDA:308,7,1,0
BRDA:335,8,0,0
BRDA:335,8,1,0
BRDA:384,9,0,0
BRDA:384,9,1,0
BRDA:386,10,0,0
BRDA:386,10,1,0
BRDA:387,11,0,0
BRDA:387,11,1,0
BRDA:401,12,0,0
BRDA:401,12,1,0
BRDA:96,13,0,0
BRDA:96,13,1,0
BRDA:98,14,0,0
BRDA:98,14,1,0
BRDA:98,15,0,0
BRDA:98,15,1,0
BRDA:100,16,0,0
BRDA:100,16,1,0
BRDA:104,17,0,0
BRDA:104,17,1,0
BRDA:109,18,0,0
BRDA:109,18,1,0
BRDA:109,19,0,0
BRDA:109,19,1,0
BRDA:109,19,2,0
BRDA:110,20,0,0
BRDA:110,20,1,0
BRDA:458,21,0,0
BRDA:458,21,1,0
BRDA:478,22,0,0
BRDA:478,22,1,0
BRDA:480,23,0,0
BRDA:480,23,1,0
BRDA:490,24,0,0
BRDA:490,24,1,0
BRDA:491,25,0,0
BRDA:491,25,1,0
BRDA:531,26,0,0
BRDA:531,26,1,0
BRDA:532,27,0,0
BRDA:532,27,1,0
BRF:57
BRH:0
end_of_record
TN:
SF:/root/repo/src/containers/Fleets/index.js
FN:53,mapDispatchToProps
FN:68,(anonymous_2)
FN:94,(anonymous_3)
FN:122,(anonymous_4)
FN:157,(anonymous_5)
FN:166,(anonymous_6)
FN:175,(anonymous_7)
FN:184,(anonymous_8)
FN:219,(anonymous_9)
FN:86,(anonymous_10)
FN:255,(anonymous_11)
FNF:11
FNH:0
FNDA:0,mapDispatchToProps
FNDA:0,(anonymous_2)
FNDA:0,(anonymous_3)
FNDA:0,(anonymous_4)
FNDA:0,(anonymous_5)
FNDA:0,(anonymous_6)
FNDA:0,(anonymous_7)
FNDA:0,(anonymous_8)
FNDA:0,(anonymous_9)
FNDA:0,(anonymous_10)
FNDA:0,(anonymous_11)
DA:30,0
DA:33,0
DA:36,0
DA:39,0
DA:40,0
DA:41,0
DA:42,0
DA:43,0
DA:44,0
DA:45,0
DA:48,0
DA:49,0
DA:50,0
DA:51,0
DA:54,0
DA:57,0
DA:68,0
DA:69,0
DA:70,0
DA:79,0
DA:87,0
DA:95,0
DA:97,0
DA:99,0
DA:100,0
DA:104,0
DA:109,0
DA:110,0
DA:122,0
DA:128,0
DA:134,0
DA:136,0
DA:157,0
DA:166,0
DA:175,0
DA:184,0
DA:190,0
DA:191,0
DA:193,0
DA:197,0
DA:198,0
DA:203,0
DA:205,0
DA:208,0
DA:211,0
DA:219,0
DA:225,0
DA:226,0
DA:228,0
DA:229,0
DA:234,0
DA:235,0
DA:240,0
DA:242,0
DA:245,0
DA:248,0
DA:256,0
DA:259,0
DA:277,0
DA:285,0
LF:60
LH:0
BRDA:99,0,0,0
BRDA:99,0,1,0
BRDA:109,1,0,0
BRDA:109,1,1,0
BRDA:197,2,0,0
BRDA:197,2,1,0
BRDA:198,3,0,0
BRDA:198,3,1,0
BRDA:198,4,0,0
BRDA:198,4,1,0
BRDA:198,4,2,0
BRDA:198,4,3,0
BRDA:198,4,4,0
BRDA:228,5,0,0
BRDA:228,5,1,0
BRDA:234,6,0,0
BRDA:234,6,1,0
BRDA:235,7,0,0
BRDA:235,7,1,0
BRDA:235,8,0,0
BRDA:235,8,1,0
BRDA:235,8,2,0
BRDA:235,8,3,0
BRDA:235,8,4,0
BRDA:73,9,0,0
BRDA:73,9,1,0
BRF:26
BRH:0
end_of_record
TN:
SF:/root/repo/src/containers/Fleets/routes.js
FNF:0
FNH:0
DA:30,0
DA:33,0
DA:34,0
DA:35,0
DA:36,0
DA:43,0
LF:6
LH:0
BRF:0
BRH:0
end_of_record
TN:
SF:/root/repo/src/containers/Fleets/components/DevicesAssociated.js
FN:94,(anonymous_1)
FN:73,(anonymous_2)
FN:79,(anonymous_3)
FN:111,(anonymous_4)
FN:155,(anonymous_5)
FN:181,(anonymous_6)
FNF:6
FNH:0
FNDA:0,(anonymous_1)
FNDA:0,(anonymous_2)
FNDA:0,(anonymous_3)
FNDA:0,(anonymous_4)
FNDA:0,(anonymous_5)
FNDA:0,(anonymous_6)
DA:30,0
DA:33,0
DA:34,0
DA:37,0
DA:38,0
DA:39,0
DA:40,0
DA:41,0
DA:42,0
DA:43,0
DA:44,0
DA:45,0
DA:74,0
DA:76,0
DA:79,0
DA:94,0
DA:95,0
DA:96,0
DA:111,0
DA:115,0
DA:117,0
DA:120,0
DA:125,0
DA:138,0
DA:145,0
DA:155,0
DA:162,0
DA:165,0
DA:181,0
DA:199,0
LF:30
LH:0
BRDA:169,0,0,0
BRDA:169,0,1,0
BRDA:172,1,0,0
BRDA:172,1,1,0
BRDA:171,2,0,0
BRDA:171,2,1,0
BRF:6
BRH:0
end_of_record
TN:
SF:/root/repo/src/containers/Fleets/components/FleetsContent.js
FN:52,(anonymous_1)
FN:97,(anonymous_2)
FN:119,(anonymous_3)
FN:1148,(anonymous_4)
FN:1251,(anonymous_5)
FN:1258,(anonymous_6)
FN:1293,(anonymous_7)
FN:300,(anonymous_13)
FN:315,(anonymous_14)
FN:372,(anonymous_15)
FN:440,(anonymous_20)
FN:443,(anonymous_21)
FN:480,(anonymous_23)
FN:517,(anonymous_25)
FN:530,(anonymous_26)
FN:579,(anonymous_28)
FN:583,(anonymous_29)
FN:599,(anonymous_30)
FN:603,(anonymous_31)
FN:623,(anonymous_32)
FN:627,(anonymous_33)
FN:640,(anonymous_34)
FN:704,(anonymous_36)
FN:708,(anonymous_37)
FN:735,(anonymous_38)
FN:858,(anonymous_42)
FN:862,(anonymous_43)
FN:873,(anonymous_44)
FN:879,(anonymous_45)
FN:883,(anonymous_46)
FN:907,(anonymous_47)
FN:909,(anonymous_48)
FN:924,(anonymous_49)
FN:926,(anonymous_50)
FN:1011,(anonymous_52)
FN:1015,(anonymous_53)
FN:1018,(anonymous_54)
FN:1117,(anonymous_57)
FN:1128,(anonymous_58)
FNF:39
FNH:0
FNDA:0,(anonymous_1)
FNDA:0,(anonymous_2)
FNDA:0,(anonymous_3)
FNDA:0,(anonymous_4)
FNDA:0,(anonymous_5)
FNDA:0,(anonymous_6)
FNDA:0,(anonymous_7)
FNDA:0,(anonymous_13)
FNDA:0,(anonymous_14)
FNDA:0,(anonymous_15)
FNDA:0,(anonymous_20)
FNDA:0,(anonymous_21)
FNDA:0,(anonymous_23)
FNDA:0,(anonymous_25)
FNDA:0,(anonymous_26)
FNDA:0,(anonymous_28)
FNDA:0,(anonymous_29)
FNDA:0,(anonymous_30)
FNDA:0,(anonymous_31)
FNDA:0,(anonymous_32)
FNDA:0,(anonymous_33)
FNDA:0,(anonymous_34)
FNDA:0,(anonymous_36)
FNDA:0,(anonymous_37)
FNDA:0,(anonymous_38)
FNDA:0,(anonymous_42)
FNDA:0,(anonymous_43)
FNDA:0,(anonymous_44)
FNDA:0,(anonymous_45)
FNDA:0,(anonymous_46)
FNDA:0,(anonymous_47)
FNDA:0,(anonymous_48)
FNDA:0,(anonymous_49)
FNDA:0,(anonymous_50)
FNDA:0,(anonymous_52)
FNDA:0,(anonymous_53)
FNDA:0,(anonymous_54)
FNDA:0,(anonymous_57)
FNDA:0,(anonymous_58)
DA:30,0
DA:33,0
DA:34,0
DA:37,0
DA:38,0
DA:39,0
DA:40,0
DA:41,0
DA:42,0
DA:43,0
DA:44,0
DA:52,0
DA:53,0
DA:54,0
DA:56,0
DA:83,0
DA:85,0
DA:86,0
DA:88,0
DA:97,0
DA:101,0
DA:103,0
DA:104,0
DA:105,0
DA:107,0
DA:120,0
DA:121,0
DA:132,0
DA:142,0
DA:145,0
DA:147,0
DA:152,0
DA:155,0
DA:160,0
DA:170,0
DA:172,0
DA:174,0
DA:177,0
DA:180,0
DA:182,0
DA:184,0
DA:193,0
DA:200,0
DA:205,0
DA:210,0
DA:223,0
DA:230,0
DA:239,0
DA:240,0
DA:242,0
DA:246,0
DA:247,0
DA:269,0
DA:291,0
DA:295,0
DA:296,0
DA:299,0
DA:300,0
DA:301,0
DA:308,0
DA:309,0
DA:311,0
DA:312,0
DA:315,0
DA:322,0
DA:323,0
DA:324,0
DA:326,0
DA:329,0
DA:338,0
DA:345,0
DA:357,0
DA:365,0
DA:372,0
DA:393,0
DA:405,0
DA:407,0
DA:415,0
DA:436,0
DA:438,0
DA:440,0
DA:441,0
DA:442,0
DA:443,0
DA:445,0
DA:446,0
DA:447,0
DA:448,0
DA:450,0
DA:458,0
DA:463,0
DA:465,0
DA:466,0
DA:470,0
DA:471,0
DA:473,0
DA:480,0
DA:499,0
DA:504,0
DA:506,0
DA:507,0
DA:508,0
DA:511,0
DA:516,0
DA:517,0
DA:519,0
DA:521,0
DA:527,0
DA:529,0
DA:530,0
DA:550,0
DA:555,0
DA:558,0
DA:561,0
DA:562,0
DA:563,0
DA:565,0
DA:566,0
DA:568,0
DA:578,0
DA:579,0
DA:581,0
DA:582,0
DA:583,0
DA:584,0
DA:585,0
DA:589,0
DA:592,0
DA:598,0
DA:599,0
DA:601,0
DA:602,0
DA:603,0
DA:604,0
DA:605,0
DA:609,0
DA:611,0
DA:622,0
DA:623,0
DA:625,0
DA:626,0
DA:627,0
DA:628,0
DA:629,0
DA:633,0
DA:635,0
DA:636,0
DA:639,0
DA:640,0
DA:641,0
DA:645,0
DA:646,0
DA:647,0
DA:652,0
DA:657,0
DA:668,0
DA:691,0
DA:696,0
DA:700,0
DA:701,0
DA:704,0
DA:705,0
DA:708,0
DA:709,0
DA:711,0
DA:714,0
DA:721,0
DA:722,0
DA:724,0
DA:725,0
DA:728,0
DA:729,0
DA:730,0
DA:732,0
DA:735,0
DA:756,0
DA:760,0
DA:761,0
DA:763,0
DA:764,0
DA:765,0
DA:766,0
DA:768,0
DA:771,0
DA:774,0
DA:783,0
DA:787,0
DA:793,0
DA:795,0
DA:796,0
DA:799,0
DA:803,0
DA:809,0
DA:815,0
DA:817,0
DA:821,0
DA:825,0
DA:836,0
DA:842,0
DA:847,0
DA:849,0
DA:852,0
DA:855,0
DA:857,0
DA:858,0
DA:860,0
DA:861,0
DA:863,0
DA:864,0
DA:866,0
DA:870,0
DA:872,0
DA:873,0
DA:877,0
DA:879,0
DA:883,0
DA:884,0
DA:887,0
DA:888,0
DA:889,0
DA:890,0
DA:894,0
DA:895,0
DA:897,0
DA:905,0
DA:907,0
DA:908,0
DA:909,0
DA:910,0
DA:911,0
DA:914,0
DA:918,0
DA:923,0
DA:924,0
DA:925,0
DA:926,0
DA:927,0
DA:930,0
DA:933,0
DA:934,0
DA:935,0
DA:941,0
DA:942,0
DA:948,0
DA:949,0
DA:955,0
DA:956,0
DA:962,0
DA:967,0
DA:969,0
DA:973,0
DA:982,0
DA:986,0
DA:993,0
DA:995,0
DA:999,0
DA:1000,0
DA:1004,0
DA:1009,0
DA:1011,0
DA:1014,0
DA:1015,0
DA:1017,0
DA:1018,0
DA:1019,0
DA:1021,0
DA:1022,0
DA:1023,0
DA:1026,0
DA:1029,0
DA:1030,0
DA:1034,0
DA:1035,0
DA:1041,0
DA:1044,0
DA:1049,0
DA:1050,0
DA:1052,0
DA:1056,0
DA:1068,0
DA:1076,0
DA:1077,0
DA:1079,0
DA:1080,0
DA:1084,0
DA:1085,0
DA:1090,0
DA:1093,0
DA:1098,0
DA:1099,0
DA:1101,0
DA:1105,0
DA:1117,0
DA:1129,0
DA:1138,0
DA:1139,0
DA:1141,0
DA:1148,0
DA:1156,0
DA:1157,0
DA:1161,0
DA:1166,0
DA:1168,0
DA:1169,0
DA:1173,0
DA:1251,0
DA:1259,0
DA:1293,0
DA:1301,0
DA:1306,0
LF:310
LH:0
BRDA:103,0,0,0
BRDA:103,0,1,0
BRDA:104,1,0,0
BRDA:104,1,1,0
BRDA:120,2,0,0
BRDA:120,2,1,0
BRDA:125,3,0,0
BRDA:125,3,1,0
BRDA:126,4,0,0
BRDA:126,4,1,0
BRDA:1161,5,0,0
BRDA:1161,5,1,0
BRDA:1161,6,0,0
BRDA:1161,6,1,0
BRDA:1161,6,2,0
BRDA:1161,6,3,0
BRDA:1161,6,4,0
BRDA:1168,7,0,0
BRDA:1168,7,1,0
BRDA:1181,8,0,0
BRDA:1181,8,1,0
BRDA:1217,9,0,0
BRDA:1217,9,1,0
BRDA:1215,10,0,0
BRDA:1215,10,1,0
BRDA:1251,11,0,0
BRDA:1251,11,1,0
BRDA:1253,12,0,0
BRDA:1253,12,1,0
BRDA:1278,13,0,0
BRDA:1278,13,1,0
BRDA:85,14,0,0
BRDA:85,14,1,0
BRDA:145,15,0,0
BRDA:145,15,1,0
BRDA:148,16,0,0
BRDA:148,16,1,0
BRDA:148,16,2,0
BRDA:148,16,3,0
BRDA:148,16,4,0
BRDA:152,17,0,0
BRDA:152,17,1,0
BRDA:155,18,0,0
BRDA:155,18,1,0
BRDA:175,19,0,0
BRDA:175,19,1,0
BRDA:175,19,2,0
BRDA:175,19,3,0
BRDA:175,19,4,0
BRDA:175,19,5,0
BRDA:242,20,0,0
BRDA:242,20,1,0
BRDA:299,21,0,0
BRDA:299,21,1,0
BRDA:308,22,0,0
BRDA:308,22,1,0
BRDA:311,23,0,0
BRDA:311,23,1,0
BRDA:316,24,0,0
BRDA:316,24,1,0
BRDA:316,24,2,0
BRDA:316,24,3,0
BRDA:316,24,4,0
BRDA:322,25,0,0
BRDA:322,25,1,0
BRDA:323,26,0,0
BRDA:323,26,1,0
BRDA:375,27,0,0
BRDA:375,27,1,0
BRDA:377,28,0,0
BRDA:377,28,1,0
BRDA:378,29,0,0
BRDA:378,29,1,0
BRDA:379,30,0,0
BRDA:379,30,1,0
BRDA:380,31,0,0
BRDA:380,31,1,0
BRDA:465,32,0,0
BRDA:465,32,1,0
BRDA:466,33,0,0
BRDA:466,33,1,0
BRDA:466,34,0,0
BRDA:466,34,1,0
BRDA:466,34,2,0
BRDA:466,34,3,0
BRDA:475,35,0,0
BRDA:475,35,1,0
BRDA:506,36,0,0
BRDA:506,36,1,0
BRDA:512,37,0,0
BRDA:512,37,1,0
BRDA:512,37,2,0
BRDA:512,37,3,0
BRDA:512,37,4,0
BRDA:516,38,0,0
BRDA:516,38,1,0
BRDA:523,39,0,0
BRDA:523,39,1,0
BRDA:529,40,0,0
BRDA:529,40,1,0
BRDA:558,41,0,0
BRDA:558,41,1,0
BRDA:564,42,0,0
BRDA:564,42,1,0
BRDA:564,42,2,0
BRDA:564,42,3,0
BRDA:564,42,4,0
BRDA:564,42,5,0
BRDA:565,43,0,0
BRDA:565,43,1,0
BRDA:570,44,0,0
BRDA:570,44,1,0
BRDA:578,45,0,0
BRDA:578,45,1,0
BRDA:582,46,0,0
BRDA:582,46,1,0
BRDA:584,47,0,0
BRDA:584,47,1,0
BRDA:594,48,0,0
BRDA:594,48,1,0
BRDA:598,49,0,0
BRDA:598,49,1,0
BRDA:602,50,0,0
BRDA:602,50,1,0
BRDA:604,51,0,0
BRDA:604,51,1,0
BRDA:613,52,0,0
BRDA:613,52,1,0
BRDA:622,53,0,0
BRDA:622,53,1,0
BRDA:626,54,0,0
BRDA:626,54,1,0
BRDA:628,55,0,0
BRDA:628,55,1,0
BRDA:639,56,0,0
BRDA:639,56,1,0
BRDA:641,57,0,0
BRDA:641,57,1,0
BRDA:641,58,0,0
BRDA:641,58,1,0
BRDA:641,58,2,0
BRDA:641,58,3,0
BRDA:646,59,0,0
BRDA:646,59,1,0
BRDA:700,60,0,0
BRDA:700,60,1,0
BRDA:702,61,0,0
BRDA:702,61,1,0
BRDA:702,61,2,0
BRDA:702,61,3,0
BRDA:702,61,4,0
BRDA:716,62,0,0
BRDA:716,62,1,0
BRDA:721,63,0,0
BRDA:721,63,1,0
BRDA:724,64,0,0
BRDA:724,64,1,0
BRDA:729,65,0,0
BRDA:729,65,1,0
BRDA:763,66,0,0
BRDA:763,66,1,0
BRDA:764,67,0,0
BRDA:764,67,1,0
BRDA:765,68,0,0
BRDA:765,68,1,0
BRDA:857,69,0,0
BRDA:857,69,1,0
BRDA:860,70,0,0
BRDA:860,70,1,0
BRDA:863,71,0,0
BRDA:863,71,1,0
BRDA:879,72,0,0
BRDA:879,72,1,0
BRDA:879,72,2,0
BRDA:879,72,3,0
BRDA:884,73,0,0
BRDA:884,73,1,0
BRDA:888,74,0,0
BRDA:888,74,1,0
BRDA:894,75,0,0
BRDA:894,75,1,0
BRDA:895,76,0,0
BRDA:895,76,1,0
BRDA:908,77,0,0
BRDA:908,77,1,0
BRDA:910,78,0,0
BRDA:910,78,1,0
BRDA:911,79,0,0
BRDA:911,79,1,0
BRDA:914,80,0,0
BRDA:914,80,1,0
BRDA:918,81,0,0
BRDA:918,81,1,0
BRDA:925,82,0,0
BRDA:925,82,1,0
BRDA:934,83,0,0
BRDA:934,83,1,0
BRDA:941,84,0,0
BRDA:941,84,1,0
BRDA:948,85,0,0
BRDA:948,85,1,0
BRDA:955,86,0,0
BRDA:955,86,1,0
BRDA:1011,87,0,0
BRDA:1011,87,1,0
BRDA:1017,88,0,0
BRDA:1017,88,1,0
BRDA:1034,89,0,0
BRDA:1034,89,1,0
BRDA:1079,90,0,0
BRDA:1079,90,1,0
BRDA:1118,91,0,0
BRDA:1118,91,1,0
BRF:213
BRH:0
end_of_record
TN:
SF:/root/repo/src/containers/Fleets/components/FleetsEdit.js
FN:46,(anonymous_1)
FN:70,(anonymous_2)
FNF:2
FNH:0
FNDA:0,(anonymous_1)
FNDA:0,(anonymous_2)
DA:30,0
DA:33,0
DA:34,0
DA:37,0
DA:38,0
DA:47,0
DA:48,0
DA:70,0
DA:78,0
DA:79,0
DA:81,0
DA:99,0
DA:103,0
LF:13
LH:0
BRF:0
BRH:0
end_of_record
TN:
SF:/root/repo/src/containers/Fleets/components/FleetsItemList.js
FN:37,(anonymous_1)
FNF:1
FNH:0
FNDA:0,(anonymous_1)
DA:30,0
DA:31,0
DA:37,0
DA:40,0
DA:47,0
LF:5
LH:0
BRF:0
BRH:0
end_of_record
TN:
SF:/root/repo/src/containers/Fleets/components/FleetsList.js
FN:64,(anonymous_1)
FN:56,(anonymous_2)
FN:143,(anonymous_3)
FN:162,(anonymous_4)
FN:183,(anonymous_5)
FN:212,(anonymous_6)
FN:225,(anonymous_7)
FN:264,(anonymous_8)
FN:275,(anonymous_9)
FN:320,(anonymous_10)
FN:373,(anonymous_11)
FN:384,(anonymous_12)
FN:87,(anonymous_13)
FN:96,(anonymous_14)
FN:133,(anonymous_15)
FN:439,(anonymous_16)
FN:499,(anonymous_17)
FN:517,(anonymous_18)
FN:558,(anonymous_19)
FNF:19
FNH:0
FNDA:0,(anonymous_1)
FNDA:0,(anonymous_2)
FNDA:0,(anonymous_3)
FNDA:0,(anonymous_4)
FNDA:0,(anonymous_5)
FNDA:0,(anonymous_6)
FNDA:0,(anonymous_7)
FNDA:0,(anonymous_8)
FNDA:0,(anonymous_9)
FNDA:0,(anonymous_10)
FNDA:0,(anonymous_11)
FNDA:0,(anonymous_12)
FNDA:0,(anonymous_13)
FNDA:0,(anonymous_14)
FNDA:0,(anonymous_15)
FNDA:0,(anonymous_16)
FNDA:0,(anonymous_17)
FNDA:0,(anonymous_18)
FNDA:0,(anonymous_19)
DA:30,0
DA:33,0
DA:34,0
DA:35,0
DA:36,0
DA:39,0
DA:40,0
DA:41,0
DA:42,0
DA:43,0
DA:44,0
DA:57,0
DA:64,0
DA:65,0
DA:66,0
DA:88,0
DA:96,0
DA:101,0
DA:107,0
DA:109,0
DA:110,0
DA:111,0
DA:113,0
DA:114,0
DA:117,0
DA:118,0
DA:119,0
DA:122,0
DA:123,0
DA:124,0
DA:134,0
DA:136,0
DA:143,0
DA:148,0
DA:149,0
DA:150,0
DA:151,0
DA:153,0
DA:154,0
DA:162,0
DA:168,0
DA:170,0
DA:171,0
DA:172,0
DA:173,0
DA:174,0
DA:183,0
DA:184,0
DA:189,0
DA:191,0
DA:192,0
DA:193,0
DA:195,0
DA:196,0
DA:198,0
DA:199,0
DA:200,0
DA:202,0
DA:203,0
DA:212,0
DA:221,0
DA:222,0
DA:223,0
DA:224,0
DA:225,0
DA:229,0
DA:233,0
DA:241,0
DA:246,0
DA:247,0
DA:248,0
DA:250,0
DA:251,0
DA:252,0
DA:253,0
DA:257,0
DA:261,0
DA:262,0
DA:264,0
DA:275,0
DA:279,0
DA:283,0
DA:285,0
DA:286,0
DA:289,0
DA:291,0
DA:301,0
DA:307,0
DA:309,0
DA:320,0
DA:325,0
DA:326,0
DA:328,0
DA:329,0
DA:333,0
DA:338,0
DA:348,0
DA:349,0
DA:350,0
DA:354,0
DA:363,0
DA:374,0
DA:376,0
DA:384,0
DA:390,0
DA:394,0
DA:396,0
DA:397,0
DA:398,0
DA:407,0
DA:416,0
DA:423,0
DA:428,0
DA:439,0
DA:444,0
DA:450,0
DA:453,0
DA:463,0
DA:473,0
DA:494,0
DA:495,0
DA:496,0
DA:497,0
DA:499,0
DA:512,0
DA:515,0
DA:517,0
DA:558,0
DA:565,0
DA:569,0
LF:130
LH:0
BRDA:153,0,0,0
BRDA:153,0,1,0
BRDA:173,1,0,0
BRDA:173,1,1,0
BRDA:199,2,0,0
BRDA:199,2,1,0
BRDA:199,3,0,0
BRDA:199,3,1,0
BRDA:202,4,0,0
BRDA:202,4,1,0
BRDA:202,5,0,0
BRDA:202,5,1,0
BRDA:224,6,0,0
BRDA:224,6,1,0
BRDA:252,7,0,0
BRDA:252,7,1,0
BRDA:289,8,0,0
BRDA:289,8,1,0
BRDA:349,9,0,0
BRDA:349,9,1,0
BRDA:109,10,0,0
BRDA:109,10,1,0
BRDA:111,11,0,0
BRDA:111,11,1,0
BRDA:111,12,0,0
BRDA:111,12,1,0
BRDA:113,13,0,0
BRDA:113,13,1,0
BRDA:117,14,0,0
BRDA:117,14,1,0
BRDA:122,15,0,0
BRDA:122,15,1,0
BRDA:122,16,0,0
BRDA:122,16,1,0
BRDA:122,16,2,0
BRDA:123,17,0,0
BRDA:123,17,1,0
BRDA:474,18,0,0
BRDA:474,18,1,0
BRDA:494,19,0,0
BRDA:494,19,1,0
BRDA:496,20,0,0
BRDA:496,20,1,0
BRDA:506,21,0,0
BRDA:506,21,1,0
BRDA:507,22,0,0
BRDA:507,22,1,0
BRDA:542,23,0,0
BRDA:542,23,1,0
BRDA:543,24,0,0
BRDA:543,24,1,0
BRF:51
BRH:0
end_of_record
TN:
SF:/root/repo/src/containers/Fleets/components/FleetsTaskItemList.js
FN:49,(anonymous_1)
FN:92,(anonymous_2)
FN:327,(anonymous_3)
FN:358,(anonymous_4)
FN:405,(anonymous_5)
FN:449,(anonymous_6)
FN:475,(anonymous_7)
FN:500,(anonymous_8)
FN:529,(anonymous_9)
FN:559,(anonymous_10)
FN:613,(anonymous_11)
FN:642,(anonymous_12)
FN:672,(anonymous_13)
FN:726,(anonymous_14)
FN:159,(anonymous_19)
FNF:15
FNH:0
FNDA:0,(anonymous_1)
FNDA:0,(anonymous_2)
FNDA:0,(anonymous_3)
FNDA:0,(anonymous_4)
FNDA:0,(anonymous_5)
FNDA:0,(anonymous_6)
FNDA:0,(anonymous_7)
FNDA:0,(anonymous_8)
FNDA:0,(anonymous_9)
FNDA:0,(anonymous_10)
FNDA:0,(anonymous_11)
FNDA:0,(anonymous_12)
FNDA:0,(anonymous_13)
FNDA:0,(anonymous_14)
FNDA:0,(anonymous_19)
DA:30,0
DA:33,0
DA:34,0
DA:37,0
DA:38,0
DA:39,0
DA:40,0
DA:41,0
DA:49,0
DA:50,0
DA:51,0
DA:53,0
DA:65,0
DA:70,0
DA:72,0
DA:74,0
DA:76,0
DA:78,0
DA:80,0
DA:94,0
DA:96,0
DA:98,0
DA:101,0
DA:102,0
DA:103,0
DA:110,0
DA:117,0
DA:128,0
DA:129,0
DA:134,0
DA:146,0
DA:147,0
DA:152,0
DA:154,0
DA:155,0
DA:157,0
DA:159,0
DA:168,0
DA:173,0
DA:174,0
DA:175,0
DA:177,0
DA:178,0
DA:182,0
DA:183,0
DA:185,0
DA:188,0
DA:189,0
DA:190,0
DA:194,0
DA:196,0
DA:205,0
DA:209,0
DA:211,0
DA:215,0
DA:216,0
DA:218,0
DA:220,0
DA:223,0
DA:232,0
DA:240,0
DA:244,0
DA:246,0
DA:255,0
DA:257,0
DA:259,0
DA:260,0
DA:278,0
DA:290,0
DA:291,0
DA:309,0
DA:320,0
DA:327,0
DA:332,0
DA:336,0
DA:338,0
DA:339,0
DA:358,0
DA:369,0
DA:371,0
DA:405,0
DA:416,0
DA:449,0
DA:460,0
DA:476,0
DA:500,0
DA:511,0
DA:530,0
DA:559,0
DA:570,0
DA:613,0
DA:624,0
DA:643,0
DA:672,0
DA:683,0
DA:726,0
DA:737,0
DA:765,0
DA:770,0
LF:99
LH:0
BRDA:94,0,0,0
BRDA:94,0,1,0
BRDA:94,1,0,0
BRDA:94,1,1,0
BRDA:98,2,0,0
BRDA:98,2,1,0
BRDA:101,3,0,0
BRDA:101,3,1,0
BRDA:102,4,0,0
BRDA:102,4,1,0
BRDA:338,5,0,0
BRDA:338,5,1,0
BRDA:343,6,0,0
BRDA:343,6,1,0
BRDA:370,7,0,0
BRDA:370,7,1,0
BRDA:370,7,2,0
BRDA:370,7,3,0
BRDA:370,7,4,0
BRDA:370,7,5,0
BRDA:370,7,6,0
BRDA:370,7,7,0
[...]
FNDA:0,(anonymous_20)
DA:30,0
DA:33,0
DA:36,0
DA:37,0
DA:38,0
DA:39,0
DA:40,0
DA:41,0
DA:42,0
DA:43,0
DA:44,0
DA:45,0
DA:59,0
DA:68,0
DA:74,0
DA:75,0
DA:76,0
DA:98,0
DA:108,0
DA:113,0
DA:119,0
DA:121,0
DA:122,0
DA:123,0
DA:125,0
DA:126,0
DA:129,0
DA:130,0
DA:131,0
DA:134,0
DA:135,0
DA:136,0
DA:146,0
DA:147,0
DA:154,0
DA:160,0
DA:162,0
DA:163,0
DA:164,0
DA:165,0
DA:166,0
DA:175,0
DA:180,0
DA:181,0
DA:183,0
DA:184,0
DA:185,0
DA:187,0
DA:188,0
DA:190,0
DA:191,0
DA:192,0
DA:194,0
DA:195,0
DA:204,0
DA:208,0
DA:212,0
DA:214,0
DA:215,0
DA:216,0
DA:226,0
DA:236,0
DA:243,0
DA:255,0
DA:257,0
DA:258,0
DA:266,0
DA:275,0
DA:277,0
DA:278,0
DA:279,0
DA:283,0
DA:286,0
DA:287,0
DA:295,0
DA:300,0
DA:301,0
DA:302,0
DA:304,0
DA:308,0
DA:309,0
DA:310,0
DA:311,0
DA:313,0
DA:319,0
DA:320,0
DA:321,0
DA:330,0
DA:331,0
DA:335,0
DA:337,0
DA:338,0
DA:346,0
DA:348,0
DA:357,0
DA:363,0
DA:365,0
DA:377,0
DA:378,0
DA:384,0
DA:386,0
DA:387,0
DA:390,0
DA:394,0
DA:395,0
DA:396,0
DA:397,0
DA:400,0
DA:410,0
DA:411,0
DA:412,0
DA:416,0
DA:426,0
DA:436,0
DA:442,0
DA:447,0
DA:450,0
DA:461,0
DA:471,0
DA:491,0
DA:492,0
DA:493,0
DA:494,0
DA:495,0
DA:497,0
DA:512,0
DA:515,0
DA:518,0
DA:520,0
DA:554,0
DA:561,0
DA:565,0
LF:132
LH:0
BRDA:165,0,0,0
BRDA:165,0,1,0
BRDA:191,1,0,0
BRDA:191,1,1,0
BRDA:191,2,0,0
BRDA:191,2,1,0
BRDA:194,3,0,0
BRDA:194,3,1,0
BRDA:194,4,0,0
BRDA:194,4,1,0
BRDA:278,5,0,0
BRDA:278,5,1,0
BRDA:310,6,0,0
BRDA:310,6,1,0
BRDA:346,7,0,0
BRDA:346,7,1,0
BRDA:394,8,0,0
BRDA:394,8,1,0
BRDA:396,9,0,0
BRDA:396,9,1,0
BRDA:397,10,0,0
BRDA:397,10,1,0
BRDA:411,11,0,0
BRDA:411,11,1,0
BRDA:121,12,0,0
BRDA:121,12,1,0
BRDA:123,13,0,0
BRDA:123,13,1,0
BRDA:123,14,0,0
BRDA:123,14,1,0
BRDA:125,15,0,0
BRDA:125,15,1,0
BRDA:129,16,0,0
BRDA:129,16,1,0
BRDA:134,17,0,0
BRDA:134,17,1,0
BRDA:134,18,0,0
BRDA:134,18,1,0
BRDA:134,18,2,0
BRDA:135,19,0,0
BRDA:135,19,1,0
BRDA:472,20,0,0
BRDA:472,20,1,0
BRDA:491,21,0,0
BRDA:491,21,1,0
BRDA:493,22,0,0
BRDA:493,22,1,0
BRDA:494,23,0,0
BRDA:494,23,1,0
BRDA:506,24,0,0
BRDA:506,24,1,0
BRDA:507,25,0,0
BRDA:507,25,1,0
BRDA:536,26,0,0
BRDA:536,26,1,0
BRDA:537,27,0,0
BRDA:537,27,1,0
BRF:57
BRH:0
end_of_record
TN:
SF:/root/repo/src/hoc/withAdminDashboardLayout/index.js
FN:56,mapDispatchToProps
FN:70,(anonymous_2)
FN:76,(anonymous_3)
FN:91,(anonymous_4)
FN:99,(anonymous_5)
FN:111,(anonymous_6)
FN:119,(anonymous_7)
FN:133,(anonymous_8)
FN:138,(anonymous_9)
FN:146,(anonymous_10)
FN:149,(anonymous_11)
FN:155,(anonymous_12)
FN:157,(anonymous_13)
FN:128,(anonymous_14)
FN:170,(anonymous_15)
FN:195,(anonymous_16)
FNF:16
FNH:0
FNDA:0,mapDispatchToProps
FNDA:0,(anonymous_2)
FNDA:0,(anonymous_3)
FNDA:0,(anonymous_4)
FNDA:0,(anonymous_5)
FNDA:0,(anonymous_6)
FNDA:0,(anonymous_7)
FNDA:0,(anonymous_8)
FNDA:0,(anonymous_9)
FNDA:0,(anonymous_10)
FNDA:0,(anonymous_11)
FNDA:0,(anonymous_12)
FNDA:0,(anonymous_13)
FNDA:0,(anonymous_14)
FNDA:0,(anonymous_15)
FNDA:0,(anonymous_16)
DA:29,0
DA:32,0
DA:33,0
DA:34,0
DA:35,0
DA:36,0
DA:37,0
DA:38,0
DA:39,0
DA:42,0
DA:43,0
DA:46,0
DA:49,0
DA:54,0
DA:57,0
DA:60,0
DA:70,0
DA:76,0
DA:77,0
DA:78,0
DA:85,0
DA:86,0
DA:87,0
DA:92,0
DA:93,0
DA:94,0
DA:100,0
DA:101,0
DA:103,0
DA:104,0
DA:111,0
DA:114,0
DA:115,0
DA:116,0
DA:119,0
DA:129,0
DA:134,0
DA:139,0
DA:147,0
DA:150,0
DA:156,0
DA:157,0
DA:158,0
DA:171,0
DA:195,0
DA:203,0
LF:46
LH:0
BRDA:93,0,0,0
BRDA:93,0,1,0
BRDA:103,1,0,0
BRDA:103,1,1,0
BRDA:134,2,0,0
BRDA:134,2,1,0
BRDA:156,3,0,0
BRDA:156,3,1,0
BRDA:178,4,0,0
BRDA:178,4,1,0
BRF:10
BRH:0
end_of_record
TN:
SF:/root/repo/src/hoc/withAsyncComponent/index.js
FN:38,(anonymous_1)
FN:39,(anonymous_2)
FN:45,(anonymous_3)
FN:47,(anonymous_4)
FN:58,(anonymous_5)
FNF:5
FNH:0
FNDA:0,(anonymous_1)
FNDA:0,(anonymous_2)
FNDA:0,(anonymous_3)
FNDA:0,(anonymous_4)
FNDA:0,(anonymous_5)
DA:29,0
DA:38,0
DA:39,0
DA:46,0
DA:48,0
DA:59,0
DA:61,0
LF:7
LH:0
BRDA:61,0,0,0
BRDA:61,0,1,0
BRF:2
BRH:0
end_of_record
TN:
SF:/root/repo/src/hoc/withAuthenticationLayout/index.js
FN:45,mapDispatchToProps
FN:58,(anonymous_2)
FN:63,(anonymous_3)
FN:86,(anonymous_4)
FNF:4
FNH:0
FNDA:0,mapDispatchToProps
FNDA:0,(anonymous_2)
FNDA:0,(anonymous_3)
FNDA:0,(anonymous_4)
DA:29,0
DA:30,0
DA:31,0
DA:34,0
DA:37,0
DA:40,0
DA:43,0
DA:46,0
DA:58,0
DA:63,0
DA:64,0
DA:68,0
DA:86,0
DA:95,0
DA:100,0
DA:108,0
LF:16
LH:0
BRDA:65,0,0,0
BRDA:65,0,1,0
BRF:2
BRH:0
end_of_record
TN:
SF:/root/repo/src/hoc/withGLPI/index.js
FN:42,(anonymous_1)
FN:48,(anonymous_2)
FNF:2
FNH:0
FNDA:0,(anonymous_1)
FNDA:0,(anonymous_2)
DA:29,0
DA:32,0
DA:35,0
DA:42,0
DA:49,0
DA:52,0
LF:6
LH:0
BRF:0
BRH:0
end_of_record
TN:
SF:/root/repo/src/hoc/withHandleMessages/index.js
FN:40,(anonymous_1)
FN:46,(anonymous_2)
FNF:2
FNH:0
FNDA:0,(anonymous_1)
FNDA:0,(anonymous_2)
DA:29,0
DA:32,0
DA:33,0
DA:40,0
DA:47,0
DA:51,0
DA:55,0
LF:7
LH:0
BRF:0
BRH:0
end_of_record
TN:
SF:/root/repo/src/hoc/withI18NTranslation/index.js
FN:45,mapStateToProps
FN:57,(anonymous_2)
FN:63,(anonymous_3)
FN:74,(anonymous_4)
FN:79,(anonymous_5)
FN:80,(anonymous_6)
FN:86,(anonymous_7)
FN:96,(anonymous_8)
FN:103,(anonymous_9)
FN:111,(anonymous_10)
FNF:10
FNH:0
FNDA:0,mapStateToProps
FNDA:0,(anonymous_2)
FNDA:0,(anonymous_3)
FNDA:0,(anonymous_4)
FNDA:0,(anonymous_5)
FNDA:0,(anonymous_6)
FNDA:0,(anonymous_7)
FNDA:0,(anonymous_8)
FNDA:0,(anonymous_9)
FNDA:0,(anonymous_10)
DA:29,0
DA:32,0
DA:33,0
DA:36,0
DA:39,0
DA:43,0
DA:46,0
DA:57,0
DA:63,0
DA:64,0
DA:65,0
DA:75,0
DA:79,0
DA:81,0
DA:84,0
DA:85,0
DA:87,0
DA:88,0
DA:97,0
DA:98,0
DA:104,0
DA:112,0
DA:116,0
DA:121,0
LF:24
LH:0
BRDA:76,0,0,0
BRDA:76,0,1,0
BRDA:97,1,0,0
BRDA:97,1,1,0
BRF:4
BRH:0
end_of_record
TN:
SF:/root/repo/src/hoc/withI18NTranslation/i18n/languages.js
FN:160,(anonymous_2)
FNF:1
FNH:0
FNDA:0,(anonymous_2)
DA:2,0
DA:3,0
DA:13,0
DA:159,0
DA:160,0
DA:161,0
DA:162,0
DA:169,0
LF:8
LH:0
BRDA:161,0,0,0
BRDA:161,0,1,0
BRF:2
BRH:0
end_of_record
TN:
SF:/root/repo/src/hoc/withI18NTranslation/i18n/tests/constants.js
FNF:0
FNH:0
DA:29,1
DA:36,1
DA:37,1
DA:38,1
LF:4
LH:4
BRF:0
BRH:0
end_of_record
TN:
SF:/root/repo/src/hoc/withNotification/index.js
FN:49,mapStateToProps
FN:58,mapDispatchToProps
FN:72,(anonymous_3)
FN:78,(anonymous_4)
FN:126,(anonymous_5)
FN:132,(anonymous_6)
FN:137,(anonymous_7)
FN:93,(anonymous_8)
FN:109,(anonymous_9)
FN:117,(anonymous_10)
FN:148,(anonymous_11)
FN:157,(anonymous_12)
FNF:12
FNH:0
FNDA:0,mapStateToProps
FNDA:0,mapDispatchToProps
FNDA:0,(anonymous_3)
FNDA:0,(anonymous_4)
FNDA:0,(anonymous_5)
FNDA:0,(anonymous_6)
FNDA:0,(anonymous_7)
FNDA:0,(anonymous_8)
FNDA:0,(anonymous_9)
FNDA:0,(anonymous_10)
FNDA:0,(anonymous_11)
FNDA:0,(anonymous_12)
DA:29,0
DA:32,0
DA:33,0
DA:36,0
DA:37,0
DA:40,0
DA:43,0
DA:46,0
DA:47,0
DA:50,0
DA:59,0
DA:62,0
DA:72,0
DA:78,0
DA:79,0
DA:80,0
DA:94,0
DA:95,0
DA:102,0
DA:110,0
DA:111,0
DA:112,0
DA:113,0
DA:114,0
DA:116,0
DA:118,0
DA:127,0
DA:133,0
DA:138,0
DA:139,0
DA:149,0
DA:150,0
DA:151,0
DA:152,0
DA:158,0
DA:170,0
DA:179,0
DA:186,0
LF:38
LH:0
BRDA:94,0,0,0
BRDA:94,0,1,0
BRDA:94,1,0,0
BRDA:94,1,1,0
BRDA:110,2,0,0
BRDA:110,2,1,0
BRDA:110,3,0,0
BRDA:110,3,1,0
BRDA:112,4,0,0
BRDA:112,4,1,0
BRDA:112,5,0,0
BRDA:112,5,1,0
BRDA:112,5,2,0
BRDA:113,6,0,0
BRDA:113,6,1,0
BRDA:151,7,0,0
BRDA:151,7,1,0
BRDA:151,8,0,0
BRDA:151,8,1,0
BRF:19
BRH:0
end_of_record
TN:
SF:/root/repo/src/shared/BuildItemList/index.js
FN:44,(anonymous_1)
FN:52,(anonymous_2)
FN:58,(anonymous_3)
FN:75,(anonymous_4)
FNF:4
FNH:0
FNDA:0,(anonymous_1)
FNDA:0,(anonymous_2)
FNDA:0,(anonymous_3)
FNDA:0,(anonymous_4)
DA:32,0
DA:33,0
DA:44,0
DA:45,0
DA:46,0
DA:48,0
DA:52,0
DA:53,0
DA:58,0
DA:59,0
DA:60,0
DA:61,0
DA:62,0
DA:63,0
DA:65,0
DA:67,0
DA:68,0
DA:69,0
DA:70,0
DA:72,0
DA:75,0
DA:76,0
DA:77,0
DA:78,0
DA:79,0
DA:81,0
DA:84,0
DA:85,0
DA:90,0
LF:29
LH:0
BRDA:43,0,0,0
BRDA:59,1,0,0
BRDA:59,1,1,0
BRDA:60,2,0,0
BRDA:60,2,1,0
BRDA:62,3,0,0
BRDA:62,3,1,0
BRDA:67,4,0,0
BRDA:67,4,1,0
BRDA:69,5,0,0
BRDA:69,5,1,0
BRDA:76,6,0,0
BRDA:76,6,1,0
BRDA:78,7,0,0
BRDA:78,7,1,0
BRDA:84,8,0,0
BRDA:84,8,1,0
BRF:17
BRH:0
end_of_record
TN:
SF:/root/repo/src/shared/animations/index.js
FN:37,(anonymous_0)
FN:40,(anonymous_1)
FN:46,(anonymous_2)
FN:51,(anonymous_3)
FN:57,(anonymous_4)
FN:62,(anonymous_5)
FN:68,(anonymous_6)
FNF:7
FNH:4
FNDA:4,(anonymous_0)
FNDA:2,(anonymous_1)
FNDA:0,(anonymous_2)
FNDA:1,(anonymous_3)
FNDA:0,(anonymous_4)
FNDA:1,(anonymous_5)
FNDA:0,(anonymous_6)
DA:37,4
DA:40,2
DA:41,2
DA:46,2
DA:47,2
DA:51,2
DA:52,1
DA:57,1
DA:58,1
DA:62,2
DA:63,1
DA:68,1
DA:69,1
LF:13
LH:13
BRDA:37,0,0,0
BRDA:37,0,1,4
BRDA:46,1,0,0
BRDA:46,1,1,2
BRDA:57,2,0,0
BRDA:57,2,1,1
BRDA:68,3,0,0
BRDA:68,3,1,1
BRF:8
BRH:4
end_of_record
TN:
SF:/root/repo/src/shared/animationsWinJs/index.js
FN:47,(anonymous_2)
FN:58,(anonymous_3)
FN:62,(anonymous_4)
FNF:3
FNH:0
FNDA:0,(anonymous_2)
FNDA:0,(anonymous_3)
FNDA:0,(anonymous_4)
DA:32,0
DA:39,0
DA:40,0
DA:42,0
DA:47,0
DA:48,0
DA:58,0
DA:59,0
DA:62,0
DA:63,0
LF:10
LH:0
BRDA:39,0,0,0
BRDA:39,0,1,0
BRDA:49,1,0,0
BRDA:49,1,1,0
BRDA:60,2,0,0
BRDA:60,2,1,0
BRDA:62,3,0,0
BRDA:62,3,1,0
BRF:8
BRH:0
end_of_record
TN:
SF:/root/repo/src/shared/authtype/index.js
FN:41,(anonymous_0)
FNF:1
FNH:1
FNDA:10,(anonymous_0)
DA:41,1
DA:42,10
DA:44,1
DA:46,1
DA:48,1
DA:50,1
DA:52,1
DA:54,1
DA:56,1
DA:58,1
DA:60,1
DA:62,1
LF:12
LH:12
BRDA:42,0,0,1
BRDA:42,0,1,1
BRDA:42,0,2,1
BRDA:42,0,3,1
BRDA:42,0,4,1
BRDA:42,0,5,1
BRDA:42,0,6,1
BRDA:42,0,7,1
BRDA:42,0,8,1
BRDA:42,0,9,1
BRF:10
BRH:10
end_of_record
TN:
SF:/root/repo/src/shared/bytesToSize/index.js
FN:35,(anonymous_0)
FNF:1
FNH:1
FNDA:6,(anonymous_0)
DA:36,6
DA:37,6
DA:38,5
DA:39,5
LF:4
LH:4
BRDA:37,0,0,1
BRDA:37,0,1,5
BRF:2
BRH:2
end_of_record
TN:
SF:/root/repo/src/shared/calc100PercentMinus/index.js
FN:36,calc100PercentMinus
FNF:1
FNH:1
FNDA:3,calc100PercentMinus
DA:37,3
LF:1
LH:1
BRDA:37,0,0,1
BRDA:37,0,1,2
BRF:2
BRH:2
end_of_record
TN:
SF:/root/repo/src/shared/configureDisplay/index.js
FN:32,(anonymous_0)
FNF:1
FNH:1
FNDA:1,(anonymous_0)
DA:33,1
DA:34,1
DA:49,1
DA:50,1
DA:52,1
LF:5
LH:5
BRDA:33,0,0,0
BRDA:33,0,1,1
BRDA:35,1,0,0
BRDA:35,1,1,1
BRDA:36,2,0,0
BRDA:36,2,1,1
BRDA:38,3,0,0
BRDA:38,3,1,1
BRDA:39,4,0,0
BRDA:39,4,1,1
BRDA:41,5,0,0
BRDA:41,5,1,1
BRDA:42,6,0,0
BRDA:42,6,1,1
BRDA:44,7,0,0
BRDA:44,7,1,1
BRDA:45,8,0,0
BRDA:45,8,1,1
BRDA:46,9,0,0
BRDA:46,9,1,1
BRDA:47,10,0,0
BRDA:47,10,1,1
BRDA:49,11,0,1
BRDA:49,11,1,0
BRF:24
BRH:12
end_of_record
TN:
SF:/root/repo/src/shared/cookies/index.js
FN:37,setCookie
FN:53,getCookie
FN:68,eraseCookie
FNF:3
FNH:3
FNDA:4,setCookie
FNDA:4,getCookie
FNDA:2,eraseCookie
DA:38,4
DA:39,4
DA:40,2
DA:41,2
DA:42,2
DA:44,4
DA:54,4
DA:55,4
DA:56,4
DA:57,4
DA:58,4
DA:59,4
DA:61,1
DA:69,2
LF:14
LH:14
BRDA:39,0,0,2
BRDA:39,0,1,2
BRDA:44,1,0,4
BRDA:44,1,1,0
BRDA:59,2,0,3
BRDA:59,2,1,1
BRF:6
BRH:5
end_of_record
TN:
SF:/root/repo/src/shared/getID/index.js
FN:39,(anonymous_0)
FNF:1
FNH:1
FNDA:1,(anonymous_0)
DA:41,1
DA:42,0
DA:43,1
DA:44,1
LF:4
LH:3
BRDA:39,0,0,1
BRDA:41,1,0,0
BRDA:41,1,1,1
BRF:3
BRH:2
end_of_record
TN:
SF:/root/repo/src/shared/getMode/index.js
FN:35,(anonymous_0)
FNF:1
FNH:1
FNDA:7,(anonymous_0)
DA:36,7
LF:1
LH:1
BRDA:36,0,0,5
BRDA:36,0,1,2
BRDA:37,1,0,1
BRDA:37,1,1,1
BRF:4
BRH:4
end_of_record
TN:
SF:/root/repo/src/shared/glpiApi/index.js
FNF:0
FNH:0
DA:36,4
DA:40,4
LF:2
LH:2
BRF:0
BRH:0
end_of_record
TN:
SF:/root/repo/src/shared/handleMessage/index.js
FN:44,(anonymous_0)
FNF:1
FNH:1
FNDA:6,(anonymous_0)
DA:49,6
DA:54,6
DA:55,6
DA:57,1
DA:58,1
DA:60,1
DA:61,1
DA:62,1
DA:64,1
DA:66,1
DA:67,1
DA:69,1
DA:71,1
DA:73,2
DA:76,6
LF:15
LH:15
BRDA:45,0,0,1
BRDA:51,1,0,6
BRDA:51,1,1,6
BRDA:51,2,0,1
BRDA:51,2,1,5
BRDA:52,3,0,6
BRDA:52,3,1,0
BRDA:52,4,0,2
BRDA:52,4,1,4
BRDA:52,5,0,6
BRDA:52,5,1,4
BRDA:54,6,0,6
BRDA:54,6,1,0
BRDA:55,7,0,1
BRDA:55,7,1,1
BRDA:55,7,2,1
BRDA:55,7,3,1
BRDA:55,7,4,2
BRDA:60,8,0,1
BRDA:60,8,1,0
BRDA:61,9,0,1
BRDA:61,9,1,0
BRDA:66,10,0,0
BRDA:66,10,1,1
BRDA:68,11,0,3
BRDA:68,11,1,1
BRDA:68,11,2,1
BRDA:69,12,0,1
BRDA:69,12,1,0
BRDA:69,13,0,0
BRDA:69,13,1,1
BRF:31
BRH:24
end_of_record
TN:
SF:/root/repo/src/shared/history/index.js
FNF:0
FNH:0
DA:37,6
LF:1
LH:1
BRF:0
BRH:0
end_of_record
TN:
SF:/root/repo/src/shared/itemtype/index.js
FNF:0
FNH:0
LF:0
LH:0
BRF:0
BRH:0
end_of_record
TN:
SF:/root/repo/src/shared/logout/index.js
FN:37,(anonymous_0)
FNF:1
FNH:1
FNDA:2,(anonymous_0)
DA:39,2
DA:40,2
DA:42,2
DA:43,1
DA:46,2
LF:5
LH:5
BRDA:42,0,0,1
BRDA:42,0,1,1
BRF:2
BRH:2
end_of_record
TN:
SF:/root/repo/src/shared/nativeNotification/index.js
FN:38,(anonymous_0)
FN:41,(anonymous_1)
FNF:2
FNH:2
FNDA:1,(anonymous_0)
FNDA:1,(anonymous_1)
DA:39,1
DA:40,1
DA:41,1
DA:42,1
DA:48,1
LF:5
LH:5
BRDA:38,0,0,1
BRDA:40,1,0,1
BRDA:40,1,1,0
BRDA:40,2,0,1
BRDA:40,2,1,1
BRF:5
BRH:4
end_of_record
TN:
SF:/root/repo/src/shared/publicURL/index.js
FN:32,(anonymous_0)
FNF:1
FNH:1
FNDA:6,(anonymous_0)
DA:32,6
DA:33,6
DA:34,6
DA:35,6
LF:4
LH:4
BRDA:35,0,0,6
BRDA:35,0,1,0
BRF:2
BRH:1
end_of_record
TN:
SF:/root/repo/src/shared/setGlpiCookie/index.js
FN:42,(anonymous_0)
FNF:1
FNH:1
FNDA:1,(anonymous_0)
DA:43,1
DA:45,1
DA:46,1
DA:47,1
DA:48,1
DA:51,1
DA:52,1
DA:53,1
LF:8
LH:8
BRDA:46,0,0,1
BRDA:46,0,1,0
BRDA:52,1,0,0
BRDA:52,1,1,1
BRF:4
BRH:2
end_of_record
TN:
SF:/root/repo/src/shared/toDateInputValue/index.js
FN:36,(anonymous_0)
FNF:1
FNH:1
FNDA:2,(anonymous_0)
DA:37,2
DA:38,2
DA:39,2
DA:40,2
DA:41,2
DA:42,2
LF:6
LH:6
BRDA:40,0,0,1
BRDA:40,0,1,1
BRDA:41,1,0,1
BRDA:41,1,1,1
BRF:4
BRH:4
end_of_record
TN:
SF:/root/repo/src/shared/updateObject/index.js
FN:37,(anonymous_0)
FNF:1
FNH:1
FNDA:1,(anonymous_0)
DA:37,1
DA:38,1
DA:39,1
LF:3
LH:3
BRDA:38,0,0,0
BRDA:38,0,1,1
BRF:2
BRH:1
end_of_record
TN:
SF:/root/repo/src/shared/validateData/index.js
FN:37,(anonymous_0)
FNF:1
FNH:1
FNDA:4,(anonymous_0)
DA:40,4
DA:41,3
DA:42,2
DA:44,4
DA:45,3
LF:5
LH:5
BRDA:40,0,0,1
BRDA:40,0,1,3
BRDA:40,1,0,4
BRDA:40,1,1,2
BRDA:40,1,2,1
BRDA:41,2,0,1
BRDA:41,2,1,2
BRDA:41,3,0,3
BRDA:41,3,1,1
BRDA:44,4,0,1
BRDA:44,4,1,3
BRF:11
BRH:11
end_of_record
TN:
SF:/root/repo/src/shared/validateDate/index.js
FN:38,(anonymous_0)
FNF:1
FNH:1
FNDA:5,(anonymous_0)
DA:39,5
DA:40,2
DA:41,2
DA:42,2
DA:43,2
DA:45,3
LF:6
LH:6
BRDA:39,0,0,2
BRDA:39,0,1,3
BRDA:39,1,0,5
BRDA:39,1,1,4
BRDA:39,1,2,3
BRDA:43,2,0,2
BRDA:43,2,1,1
BRF:7
BRH:7
end_of_record
TN:
SF:/root/repo/src/shared/validateNotifications/index.js
FN:35,(anonymous_0)
FNF:1
FNH:1
FNDA:2,(anonymous_0)
DA:36,2
DA:38,2
DA:40,2
DA:41,1
DA:42,1
DA:45,2
DA:46,1
DA:47,1
DA:50,2
LF:9
LH:9
BRDA:36,0,0,1
BRDA:36,0,1,1
BRDA:40,1,0,1
BRDA:40,1,1,1
BRDA:40,2,0,2
BRDA:40,2,1,2
BRDA:45,3,0,1
BRDA:45,3,1,1
BRF:8
BRH:8
end_of_record
TN:
SF:/root/repo/src/store/index.js
FNF:0
FNH:0
DA:29,0
DA:32,0
DA:33,0
DA:34,0
LF:4
LH:0
BRF:0
BRH:0
end_of_record
TN:
SF:/root/repo/src/store/authentication/actionTypes.js
FNF:0
FNH:0
DA:36,0
DA:42,0
DA:48,0
DA:54,0
DA:60,0
DA:66,0
DA:72,0
DA:78,0
DA:84,0
LF:9
LH:0
BRF:0
BRH:0
end_of_record
TN:
SF:/root/repo/src/store/authentication/actions.js
FN:47,(anonymous_2)
FN:59,(anonymous_3)
FN:71,(anonymous_4)
FN:83,(anonymous_5)
FN:97,(anonymous_6)
FN:117,changePasswordConfiguration
FN:131,(anonymous_8)
FN:132,(anonymous_9)
FN:137,(anonymous_10)
FN:155,(anonymous_11)
FN:168,(anonymous_12)
FN:169,(anonymous_13)
FN:226,(anonymous_14)
FN:227,(anonymous_15)
FN:234,(anonymous_16)
FN:242,(anonymous_17)
FN:256,(anonymous_18)
FN:257,(anonymous_19)
FN:268,(anonymous_20)
FN:276,(anonymous_21)
FN:292,(anonymous_22)
FN:297,(anonymous_23)
FN:310,(anonymous_24)
FN:318,(anonymous_25)
FN:331,(anonymous_26)
FN:332,(anonymous_27)
FN:335,(anonymous_28)
FN:339,(anonymous_29)
FN:353,fetchSendFeedback
FN:354,(anonymous_31)
FN:360,(anonymous_32)
FN:368,(anonymous_33)
FNF:32
FNH:0
FNDA:0,(anonymous_2)
FNDA:0,(anonymous_3)
FNDA:0,(anonymous_4)
FNDA:0,(anonymous_5)
FNDA:0,(anonymous_6)
FNDA:0,changePasswordConfiguration
FNDA:0,(anonymous_8)
FNDA:0,(anonymous_9)
FNDA:0,(anonymous_10)
FNDA:0,(anonymous_11)
FNDA:0,(anonymous_12)
FNDA:0,(anonymous_13)
FNDA:0,(anonymous_14)
FNDA:0,(anonymous_15)
FNDA:0,(anonymous_16)
FNDA:0,(anonymous_17)
FNDA:0,(anonymous_18)
FNDA:0,(anonymous_19)
FNDA:0,(anonymous_20)
FNDA:0,(anonymous_21)
FNDA:0,(anonymous_22)
FNDA:0,(anonymous_23)
FNDA:0,(anonymous_24)
FNDA:0,(anonymous_25)
FNDA:0,(anonymous_26)
FNDA:0,(anonymous_27)
FNDA:0,(anonymous_28)
FNDA:0,(anonymous_29)
FNDA:0,fetchSendFeedback
FNDA:0,(anonymous_31)
FNDA:0,(anonymous_32)
FNDA:0,(anonymous_33)
DA:30,0
DA:31,0
DA:32,0
DA:36,0
DA:37,0
DA:38,0
DA:47,0
DA:48,0
DA:59,0
DA:60,0
DA:71,0
DA:72,0
DA:83,0
DA:84,0
DA:97,0
DA:102,0
DA:118,0
DA:131,0
DA:132,0
DA:133,0
DA:134,0
DA:138,0
DA:145,0
DA:146,0
DA:148,0
DA:149,0
DA:150,0
DA:156,0
DA:157,0
DA:168,0
DA:169,0
DA:170,0
DA:171,0
DA:172,0
DA:175,0
DA:178,0
DA:182,0
DA:197,0
DA:198,0
DA:206,0
DA:211,0
DA:213,0
DA:214,0
DA:226,0
DA:227,0
DA:228,0
DA:229,0
DA:235,0
DA:236,0
DA:243,0
DA:244,0
DA:256,0
DA:257,0
DA:258,0
DA:259,0
DA:269,0
DA:270,0
DA:277,0
DA:278,0
DA:292,0
DA:297,0
DA:298,0
DA:299,0
DA:311,0
DA:312,0
DA:319,0
DA:320,0
DA:331,0
DA:332,0
DA:333,0
DA:334,0
DA:336,0
DA:337,0
DA:340,0
DA:341,0
DA:354,0
DA:355,0
DA:356,0
DA:361,0
DA:362,0
DA:369,0
DA:370,0
LF:82
LH:0
BRDA:141,0,0,0
BRDA:141,0,1,0
BRF:2
BRH:0
end_of_record
TN:
SF:/root/repo/src/store/authentication/initialState.js
FNF:0
FNH:0
DA:35,0
LF:1
LH:0
BRDA:38,0,0,0
BRDA:38,0,1,0
BRF:2
BRH:0
end_of_record
TN:
SF:/root/repo/src/store/authentication/reducer.js
FN:43,(anonymous_2)
FN:54,(anonymous_3)
FN:65,(anonymous_4)
FN:81,(anonymous_5)
FN:93,(anonymous_6)
FN:101,(anonymous_7)
FN:111,(anonymous_8)
FN:123,(anonymous_9)
FNF:8
FNH:0
FNDA:0,(anonymous_2)
FNDA:0,(anonymous_3)
FNDA:0,(anonymous_4)
FNDA:0,(anonymous_5)
FNDA:0,(anonymous_6)
FNDA:0,(anonymous_7)
FNDA:0,(anonymous_8)
FNDA:0,(anonymous_9)
DA:30,0
DA:31,0
DA:32,0
DA:35,0
DA:36,0
DA:43,0
DA:44,0
DA:54,0
DA:55,0
DA:65,0
DA:66,0
DA:81,0
DA:82,0
DA:93,0
DA:94,0
DA:95,0
DA:96,0
DA:97,0
DA:99,0
DA:102,0
DA:111,0
DA:112,0
DA:123,0
DA:124,0
DA:126,0
DA:128,0
DA:130,0
DA:132,0
DA:134,0
DA:136,0
DA:138,0
LF:31
LH:0
BRDA:123,0,0,0
BRDA:125,1,0,0
BRDA:125,1,1,0
BRDA:125,1,2,0
BRDA:125,1,3,0
BRDA:125,1,4,0
BRDA:125,1,5,0
BRDA:125,1,6,0
BRF:8
BRH:0
end_of_record
TN:
SF:/root/repo/src/store/i18n/actionTypes.js
FNF:0
FNH:0
DA:36,0
DA:42,0
LF:2
LH:0
BRF:0
BRH:0
end_of_record
TN:
SF:/root/repo/src/store/i18n/actions.js
FN:39,(anonymous_2)
FN:50,(anonymous_3)
FNF:2
FNH:0
FNDA:0,(anonymous_2)
FNDA:0,(anonymous_3)
DA:30,0
DA:31,0
DA:39,0
DA:40,0
DA:50,0
DA:51,0
LF:6
LH:0
BRF:0
BRH:0
end_of_record
TN:
SF:/root/repo/src/store/i18n/initialState.js
FNF:0
FNH:0
DA:35,0
LF:1
LH:0
BRF:0
BRH:0
end_of_record
TN:
SF:/root/repo/src/store/i18n/reducer.js
FN:41,(anonymous_2)
FN:52,(anonymous_3)
FN:63,(anonymous_4)
FNF:3
FNH:0
FNDA:0,(anonymous_2)
FNDA:0,(anonymous_3)
FNDA:0,(anonymous_4)
DA:30,0
DA:31,0
DA:32,0
DA:41,0
DA:42,0
DA:52,0
DA:53,0
DA:63,0
DA:64,0
DA:66,0
DA:68,0
DA:70,0
LF:12
LH:0
BRDA:63,0,0,0
BRDA:65,1,0,0
BRDA:65,1,1,0
BRDA:65,1,2,0
BRF:4
BRH:0
end_of_record
TN:
SF:/root/repo/src/store/ui/actionTypes.js
FNF:0
FNH:0
DA:36,0
DA:42,0
DA:48,0
DA:54,0
DA:60,0
LF:5
LH:0
BRF:0
BRH:0
end_of_record
TN:
SF:/root/repo/src/store/ui/actions.js
FN:38,(anonymous_1)
FN:49,(anonymous_2)
FN:59,(anonymous_3)
FN:69,(anonymous_4)
FN:80,(anonymous_5)
FNF:5
FNH:0
FNDA:0,(anonymous_1)
FNDA:0,(anonymous_2)
FNDA:0,(anonymous_3)
FNDA:0,(anonymous_4)
FNDA:0,(anonymous_5)
DA:30,0
DA:38,0
DA:39,0
DA:49,0
DA:50,0
DA:59,0
DA:60,0
DA:69,0
DA:70,0
DA:80,0
DA:81,0
LF:11
LH:0
BRF:0
BRH:0
end_of_record
TN:
SF:/root/repo/src/store/ui/initialState.js
FNF:0
FNH:0
DA:35,0
LF:1
LH:0
BRF:0
BRH:0
end_of_record
TN:
SF:/root/repo/src/store/ui/reducer.js
FN:41,(anonymous_2)
FN:55,(anonymous_3)
FN:68,(anonymous_4)
FN:80,(anonymous_5)
FN:92,(anonymous_6)
FN:105,(anonymous_7)
FNF:6
FNH:0
FNDA:0,(anonymous_2)
FNDA:0,(anonymous_3)
FNDA:0,(anonymous_4)
FNDA:0,(anonymous_5)
FNDA:0,(anonymous_6)
FNDA:0,(anonymous_7)
DA:30,0
DA:31,0
DA:32,0
DA:41,0
DA:42,0
DA:55,0
DA:56,0
DA:68,0
DA:69,0
DA:80,0
DA:81,0
DA:92,0
DA:93,0
DA:105,0
DA:106,0
DA:108,0
DA:110,0
DA:112,0
DA:114,0
DA:116,0
DA:118,0
LF:21
LH:0
BRDA:95,0,0,0
BRDA:95,0,1,0
BRDA:105,1,0,0
BRDA:107,2,0,0
BRDA:107,2,1,0
BRDA:107,2,2,0
BRDA:107,2,3,0
BRDA:107,2,4,0
BRDA:107,2,5,0
BRF:9
BRH:0
end_of_record
