TN:
SF:/root/flyve/src/index.js
FN:46,_interopRequireDefault
FN:56,(anonymous_1)
FNF:2
FNH:0
FNDA:0,_interopRequireDefault
FNDA:0,(anonymous_1)
DA:1,0
DA:46,0
DA:54,0
DA:57,0
DA:58,0
DA:60,0
DA:68,0
DA:74,0
DA:92,0
LF:9
LH:0
BRDA:46,0,0,0
BRDA:46,0,1,0
BRDA:46,1,0,0
BRDA:46,1,1,0
BRDA:57,2,0,0
BRDA:57,2,1,0
BRDA:57,3,0,0
BRDA:57,3,1,0
BRF:8
BRH:0
end_of_record
TN:
SF:/root/flyve/src/registerServiceWorker.js
FN:196,register
FN:200,(anonymous_1)
FN:207,registerValidSW
FN:207,(anonymous_3)
FN:207,(anonymous_4)
FN:207,(anonymous_5)
FN:214,(anonymous_6)
FN:219,checkValidServiceWorker
FN:219,(anonymous_8)
FN:221,(anonymous_9)
FN:221,(anonymous_10)
FN:222,(anonymous_11)
FN:225,unregister
FN:225,(anonymous_13)
FNF:14
FNH:0
FNDA:0,register
FNDA:0,(anonymous_1)
FNDA:0,registerValidSW
FNDA:0,(anonymous_3)
FNDA:0,(anonymous_4)
FNDA:0,(anonymous_5)
FNDA:0,(anonymous_6)
FNDA:0,checkValidServiceWorker
FNDA:0,(anonymous_8)
FNDA:0,(anonymous_9)
FNDA:0,(anonymous_10)
FNDA:0,(anonymous_11)
FNDA:0,unregister
FNDA:0,(anonymous_13)
DA:1,0
DA:58,0
DA:191,0
DA:196,0
DA:197,0
DA:200,0
DA:201,0
DA:202,0
DA:207,0
DA:211,0
DA:214,0
DA:219,0
DA:220,0
DA:221,0
DA:222,0
DA:225,0
LF:16
LH:0
BRDA:191,0,0,0
BRDA:191,0,1,0
BRDA:191,0,2,0
BRDA:196,1,0,0
BRDA:196,1,1,0
BRDA:196,2,0,0
BRDA:196,2,1,0
BRDA:197,3,0,0
BRDA:197,3,1,0
BRDA:200,4,0,0
BRDA:200,4,1,0
BRDA:207,5,0,0
BRDA:207,5,1,0
BRDA:207,6,0,0
BRDA:207,6,1,0
BRDA:220,7,0,0
BRDA:220,7,1,0
BRDA:220,8,0,0
BRDA:220,8,1,0
BRDA:225,9,0,0
BRDA:225,9,1,0
BRF:21
BRH:0
end_of_record
TN:
SF:/root/flyve/src/applications/AdminDashboard/index.js
FN:35,_interopRequireDefault
FN:42,(anonymous_1)
FNF:2
FNH:0
FNDA:0,_interopRequireDefault
FNDA:0,(anonymous_1)
DA:1,0
DA:30,0
DA:31,0
DA:32,0
DA:33,0
DA:34,0
DA:35,0
DA:42,0
DA:43,0
DA:53,0
DA:60,0
LF:11
LH:0
BRDA:35,0,0,0
BRDA:35,0,1,0
BRDA:35,1,0,0
BRDA:35,1,1,0
BRF:4
BRH:0
end_of_record
TN:
SF:/root/flyve/src/applications/AdminDashboard/routes.js
FN:41,_interopRequireDefault
FNF:1
FNH:0
FNDA:0,_interopRequireDefault
DA:1,0
DA:30,0
DA:31,0
DA:32,0
DA:33,0
DA:34,0
DA:35,0
DA:36,0
DA:37,0
DA:38,0
DA:39,0
DA:40,0
DA:41,0
DA:73,0
DA:112,0
LF:15
LH:0
BRDA:41,0,0,0
BRDA:41,0,1,0
BRDA:41,1,0,0
BRDA:41,1,1,0
BRF:4
BRH:0
end_of_record
TN:
SF:/root/flyve/src/applications/RootApp/index.js
FN:37,_interopRequireDefault
FN:45,(anonymous_1)
FNF:2
FNH:0
FNDA:0,_interopRequireDefault
FNDA:0,(anonymous_1)
DA:1,0
DA:30,0
DA:31,0
DA:34,0
DA:35,0
DA:36,0
DA:37,0
DA:45,0
DA:46,0
DA:47,0
LF:10
LH:0
BRDA:37,0,0,0
BRDA:37,0,1,0
BRDA:37,1,0,0
BRDA:37,1,1,0
BRF:4
BRH:0
end_of_record
TN:
SF:/root/flyve/src/applications/RootApp/routes.js
FN:36,_interopRequireDefault
FNF:1
FNH:0
FNDA:0,_interopRequireDefault
DA:1,0
DA:30,0
DA:31,0
DA:32,0
DA:33,0
DA:34,0
DA:35,0
DA:36,0
DA:43,0
DA:103,0
LF:10
LH:0
BRDA:36,0,0,0
BRDA:36,0,1,0
BRDA:36,1,0,0
BRDA:36,1,1,0
BRF:4
BRH:0
end_of_record
TN:
SF:/root/flyve/src/async/asyncAdminDashboard.js
FN:30,_interopRequireDefault
FN:37,(anonymous_1)
FN:37,(anonymous_2)
FNF:3
FNH:0
FNDA:0,_interopRequireDefault
FNDA:0,(anonymous_1)
FNDA:0,(anonymous_2)
DA:1,0
DA:30,0
DA:37,0
DA:63,0
LF:4
LH:0
BRDA:30,0,0,0
BRDA:30,0,1,0
BRDA:30,1,0,0
BRDA:30,1,1,0
BRF:4
BRH:0
end_of_record
TN:
SF:/root/flyve/src/async/asyncForgotPassword.js
FN:30,_interopRequireDefault
FN:37,(anonymous_1)
FN:37,(anonymous_2)
FNF:3
FNH:0
FNDA:0,_interopRequireDefault
FNDA:0,(anonymous_1)
FNDA:0,(anonymous_2)
DA:1,0
DA:30,0
DA:37,0
DA:63,0
LF:4
LH:0
BRDA:30,0,0,0
BRDA:30,0,1,0
BRDA:30,1,0,0
BRDA:30,1,1,0
BRF:4
BRH:0
end_of_record
TN:
SF:/root/flyve/src/async/asyncLogout.js
FN:30,_interopRequireDefault
FN:37,(anonymous_1)
FN:37,(anonymous_2)
FNF:3
FNH:0
FNDA:0,_interopRequireDefault
FNDA:0,(anonymous_1)
FNDA:0,(anonymous_2)
DA:1,0
DA:30,0
DA:37,0
DA:63,0
LF:4
LH:0
BRDA:30,0,0,0
BRDA:30,0,1,0
BRDA:30,1,0,0
BRDA:30,1,1,0
BRF:4
BRH:0
end_of_record
TN:
SF:/root/flyve/src/async/asyncPasswordFielset.js
FN:30,_interopRequireDefault
FN:37,(anonymous_1)
FN:37,(anonymous_2)
FNF:3
FNH:0
FNDA:0,_interopRequireDefault
FNDA:0,(anonymous_1)
FNDA:0,(anonymous_2)
DA:1,0
DA:30,0
DA:37,0
DA:63,0
LF:4
LH:0
BRDA:30,0,0,0
BRDA:30,0,1,0
BRDA:30,1,0,0
BRDA:30,1,1,0
BRF:4
BRH:0
end_of_record
TN:
SF:/root/flyve/src/async/asyncResetPassword.js
FN:30,_interopRequireDefault
FN:37,(anonymous_1)
FN:37,(anonymous_2)
FNF:3
FNH:0
FNDA:0,_interopRequireDefault
FNDA:0,(anonymous_1)
FNDA:0,(anonymous_2)
DA:1,0
DA:30,0
DA:37,0
DA:63,0
LF:4
LH:0
BRDA:30,0,0,0
BRDA:30,0,1,0
BRDA:30,1,0,0
BRDA:30,1,1,0
BRF:4
BRH:0
end_of_record
TN:
SF:/root/flyve/src/async/asyncSignUp.js
FN:30,_interopRequireDefault
FN:37,(anonymous_1)
FN:37,(anonymous_2)
FNF:3
FNH:0
FNDA:0,_interopRequireDefault
FNDA:0,(anonymous_1)
FNDA:0,(anonymous_2)
DA:1,0
DA:30,0
DA:37,0
DA:63,0
LF:4
LH:0
BRDA:30,0,0,0
BRDA:30,0,1,0
BRDA:30,1,0,0
BRDA:30,1,1,0
BRF:4
BRH:0
end_of_record
TN:
SF:/root/flyve/src/async/asyncValidateAccount.js
FN:30,_interopRequireDefault
FN:37,(anonymous_1)
FN:37,(anonymous_2)
FNF:3
FNH:0
FNDA:0,_interopRequireDefault
FNDA:0,(anonymous_1)
FNDA:0,(anonymous_2)
DA:1,0
DA:30,0
DA:37,0
DA:63,0
LF:4
LH:0
BRDA:30,0,0,0
BRDA:30,0,1,0
BRDA:30,1,0,0
BRDA:30,1,1,0
BRF:4
BRH:0
end_of_record
TN:
SF:/root/flyve/src/components/Confirmation/index.js
FN:34,_interopRequireDefault
FN:58,(anonymous_1)
FN:78,(anonymous_2)
FN:78,(anonymous_3)
FNF:4
FNH:0
FNDA:0,_interopRequireDefault
FNDA:0,(anonymous_1)
FNDA:0,(anonymous_2)
FNDA:0,(anonymous_3)
DA:1,0
DA:29,0
DA:32,0
DA:33,0
DA:34,0
DA:59,0
DA:78,0
LF:7
LH:0
BRDA:34,0,0,0
BRDA:34,0,1,0
BRDA:34,1,0,0
BRDA:34,1,1,0
BRF:4
BRH:0
end_of_record
TN:
SF:/root/flyve/src/components/ContentPane/index.js
FN:33,_interopRequireDefault
FN:48,(anonymous_1)
FN:56,(anonymous_2)
FN:64,(anonymous_3)
FN:68,(anonymous_4)
FNF:5
FNH:0
FNDA:0,_interopRequireDefault
FNDA:0,(anonymous_1)
FNDA:0,(anonymous_2)
FNDA:0,(anonymous_3)
FNDA:0,(anonymous_4)
DA:1,0
DA:29,0
DA:32,0
DA:33,0
DA:49,0
DA:57,0
DA:65,0
DA:68,0
DA:76,0
DA:80,0
DA:85,0
LF:11
LH:0
BRDA:33,0,0,0
BRDA:33,0,1,0
BRDA:33,1,0,0
BRDA:33,1,1,0
BRF:4
BRH:0
end_of_record
TN:
SF:/root/flyve/src/components/EditMultiple/index.js
FN:44,_interopRequireDefault
FN:53,(anonymous_1)
FN:70,(anonymous_2)
FN:91,(anonymous_3)
FN:106,(anonymous_4)
FN:147,(anonymous_5)
FN:152,(anonymous_6)
FN:156,(anonymous_7)
FN:185,(anonymous_8)
FN:204,(anonymous_9)
FN:327,(anonymous_10)
FNF:11
FNH:0
FNDA:0,_interopRequireDefault
FNDA:0,(anonymous_1)
FNDA:0,(anonymous_2)
FNDA:0,(anonymous_3)
FNDA:0,(anonymous_4)
FNDA:0,(anonymous_5)
FNDA:0,(anonymous_6)
FNDA:0,(anonymous_7)
FNDA:0,(anonymous_8)
FNDA:0,(anonymous_9)
FNDA:0,(anonymous_10)
DA:1,0
DA:29,0
DA:32,0
DA:33,0
DA:34,0
DA:35,0
DA:36,0
DA:37,0
DA:43,0
DA:44,0
DA:54,0
DA:71,0
DA:73,0
DA:74,0
DA:75,0
DA:77,0
DA:84,0
DA:88,0
DA:89,0
DA:92,0
DA:106,0
DA:111,0
DA:112,0
DA:116,0
DA:119,0
DA:124,0
DA:125,0
DA:126,0
DA:128,0
DA:131,0
DA:135,0
DA:139,0
DA:148,0
DA:149,0
DA:153,0
DA:154,0
DA:160,0
DA:161,0
DA:175,0
DA:179,0
DA:186,0
DA:187,0
DA:188,0
DA:189,0
DA:204,0
DA:207,0
DA:209,0
DA:218,0
DA:221,0
DA:249,0
DA:252,0
DA:253,0
DA:263,0
DA:280,0
DA:283,0
DA:291,0
DA:294,0
DA:303,0
DA:306,0
DA:308,0
DA:315,0
DA:327,0
DA:367,0
DA:372,0
DA:376,0
DA:385,0
LF:66
LH:0
BRDA:44,0,0,0
BRDA:44,0,1,0
BRDA:44,1,0,0
BRDA:44,1,1,0
BRDA:73,2,0,0
BRDA:73,2,1,0
BRDA:74,3,0,0
BRDA:74,3,1,0
BRDA:77,4,0,0
BRDA:77,4,1,0
BRDA:88,5,0,0
BRDA:88,5,1,0
BRDA:92,6,0,0
BRDA:92,6,1,0
BRDA:95,7,0,0
BRDA:95,7,1,0
BRDA:97,8,0,0
BRDA:97,8,1,0
BRDA:148,9,0,0
BRDA:148,9,1,0
BRDA:153,10,0,0
BRDA:153,10,1,0
BRDA:204,11,0,0
BRDA:204,11,1,0
BRDA:204,12,0,0
BRDA:204,12,1,0
BRDA:207,13,0,0
BRDA:207,13,1,0
BRDA:207,13,2,0
BRDA:207,13,3,0
BRDA:207,13,4,0
BRDA:207,13,5,0
BRDA:252,14,0,0
BRDA:252,14,1,0
BRDA:334,15,0,0
BRDA:334,15,1,0
BRF:36
BRH:0
end_of_record
TN:
SF:/root/flyve/src/components/EmptyMessage/index.js
FN:39,(anonymous_0)
FNF:1
FNH:1
FNDA:1,(anonymous_0)
DA:39,1
DA:40,1
DA:52,1
DA:58,1
LF:4
LH:4
BRDA:42,0,0,0
BRDA:42,0,1,1
BRDA:42,1,0,1
BRDA:42,1,1,0
BRF:4
BRH:2
end_of_record
TN:
SF:/root/flyve/src/components/ErrorPage/index.js
FN:40,(anonymous_0)
FNF:1
FNH:1
FNDA:1,(anonymous_0)
DA:42,1
DA:43,1
DA:44,1
DA:46,1
DA:47,1
DA:48,1
DA:50,1
DA:51,0
DA:77,1
LF:9
LH:8
BRDA:43,0,0,1
BRDA:43,0,1,0
BRDA:43,1,0,1
BRDA:43,1,1,1
BRDA:43,1,2,1
BRDA:43,1,3,1
BRDA:43,1,4,1
BRDA:50,2,0,0
BRDA:50,2,1,1
BRDA:50,3,0,1
BRDA:50,3,1,1
BRDA:50,3,2,1
BRF:12
BRH:10
end_of_record
TN:
SF:/root/flyve/src/components/ErrorValidation/index.js
FN:49,(anonymous_0)
FN:102,(anonymous_1)
FN:107,(anonymous_2)
FNF:3
FNH:2
FNDA:0,(anonymous_0)
FNDA:1,(anonymous_1)
FNDA:2,(anonymous_2)
DA:50,0
DA:52,0
DA:53,0
DA:54,0
DA:55,0
DA:60,0
DA:61,0
DA:62,0
DA:64,0
DA:65,0
DA:66,0
DA:68,0
DA:69,0
DA:70,0
DA:72,0
DA:73,0
DA:74,0
DA:76,0
DA:77,0
DA:78,0
DA:80,0
DA:81,0
DA:83,0
DA:84,0
DA:87,0
DA:95,0
DA:103,1
DA:108,2
DA:120,1
DA:124,1
LF:30
LH:4
BRDA:52,0,0,0
BRDA:52,0,1,0
BRDA:52,1,0,0
BRDA:52,1,1,0
BRDA:53,2,0,0
BRDA:53,2,1,0
BRDA:54,3,0,0
BRDA:54,3,1,0
BRDA:60,4,0,0
BRDA:60,4,1,0
BRDA:62,5,0,0
BRDA:62,5,1,0
BRDA:64,6,0,0
BRDA:64,6,1,0
BRDA:66,7,0,0
BRDA:66,7,1,0
BRDA:68,8,0,0
BRDA:68,8,1,0
BRDA:70,9,0,0
BRDA:70,9,1,0
BRDA:72,10,0,0
BRDA:72,10,1,0
BRDA:74,11,0,0
BRDA:74,11,1,0
BRDA:76,12,0,0
BRDA:76,12,1,0
BRDA:78,13,0,0
BRDA:78,13,1,0
BRDA:80,14,0,0
BRDA:80,14,1,0
BRDA:81,15,0,0
BRDA:81,15,1,0
BRDA:83,16,0,0
BRDA:83,16,1,0
BRDA:84,17,0,0
BRDA:84,17,1,0
BRDA:87,18,0,0
BRDA:87,18,1,0
BRF:38
BRH:0
end_of_record
TN:
SF:/root/flyve/src/components/FilesUpload/FilesUpload.js
FN:47,(anonymous_0)
FN:56,(anonymous_1)
FN:65,(anonymous_2)
FN:74,(anonymous_3)
FN:88,(anonymous_4)
FN:142,(anonymous_5)
FN:145,(anonymous_6)
FN:155,(anonymous_7)
FN:164,(anonymous_8)
FN:173,(anonymous_9)
FN:184,(anonymous_10)
FN:192,(anonymous_11)
FN:202,(anonymous_12)
FN:236,(anonymous_13)
FN:258,(anonymous_14)
FN:259,(anonymous_15)
FN:260,(anonymous_16)
FN:261,(anonymous_17)
FN:270,(anonymous_18)
FN:273,(anonymous_19)
FN:282,(anonymous_20)
FN:291,(anonymous_21)
FN:313,(anonymous_22)
FN:343,(anonymous_23)
FN:344,(anonymous_24)
FNF:25
FNH:4
FNDA:0,(anonymous_0)
FNDA:0,(anonymous_1)
FNDA:0,(anonymous_2)
FNDA:1,(anonymous_3)
FNDA:0,(anonymous_4)
FNDA:0,(anonymous_5)
FNDA:0,(anonymous_6)
FNDA:0,(anonymous_7)
FNDA:0,(anonymous_8)
FNDA:0,(anonymous_9)
FNDA:0,(anonymous_10)
FNDA:0,(anonymous_11)
FNDA:0,(anonymous_12)
FNDA:0,(anonymous_13)
FNDA:0,(anonymous_14)
FNDA:0,(anonymous_15)
FNDA:0,(anonymous_16)
FNDA:0,(anonymous_17)
FNDA:0,(anonymous_18)
FNDA:0,(anonymous_19)
FNDA:1,(anonymous_20)
FNDA:1,(anonymous_21)
FNDA:1,(anonymous_22)
FNDA:0,(anonymous_23)
FNDA:0,(anonymous_24)
DA:48,0
DA:57,0
DA:66,0
DA:67,0
DA:68,0
DA:70,0
DA:75,1
DA:77,1
DA:78,1
DA:89,0
DA:90,0
DA:95,0
DA:98,0
DA:99,0
DA:102,0
DA:103,0
DA:104,0
DA:107,0
DA:109,0
DA:111,0
DA:113,0
DA:116,0
DA:117,0
DA:122,0
DA:128,0
DA:129,0
DA:133,0
DA:137,0
DA:138,0
DA:142,0
DA:146,0
DA:156,0
DA:157,0
DA:165,0
DA:166,0
DA:174,0
DA:175,0
DA:185,0
DA:193,0
DA:194,0
DA:203,0
DA:204,0
DA:205,0
DA:206,0
DA:207,0
DA:208,0
DA:209,0
DA:210,0
DA:211,0
DA:212,0
DA:213,0
DA:214,0
DA:216,0
DA:217,0
DA:222,0
DA:226,0
DA:228,0
DA:237,0
DA:238,0
DA:242,0
DA:243,0
DA:244,0
DA:248,0
DA:250,0
DA:259,0
DA:260,0
DA:262,0
DA:271,0
DA:274,0
DA:283,1
DA:292,1
DA:297,1
DA:313,1
DA:323,1
DA:342,1
LF:75
LH:9
BRDA:67,0,0,0
BRDA:67,0,1,0
BRDA:95,1,0,0
BRDA:95,1,1,0
BRDA:98,2,0,0
BRDA:98,2,1,0
BRDA:98,3,0,0
BRDA:98,3,1,0
BRDA:116,4,0,0
BRDA:116,4,1,0
BRDA:116,5,0,0
BRDA:116,5,1,0
BRDA:128,6,0,0
BRDA:128,6,1,0
BRDA:137,7,0,0
BRDA:137,7,1,0
BRDA:137,8,0,0
BRDA:137,8,1,0
BRDA:143,9,0,0
BRDA:143,9,1,0
BRDA:204,10,0,0
BRDA:204,10,1,0
BRDA:205,11,0,0
BRDA:205,11,1,0
BRDA:212,12,0,0
BRDA:212,12,1,0
BRDA:212,13,0,0
BRDA:212,13,1,0
BRDA:213,14,0,0
BRDA:213,14,1,0
BRDA:213,15,0,0
BRDA:213,15,1,0
BRDA:216,16,0,0
BRDA:216,16,1,0
BRDA:216,17,0,0
BRDA:216,17,1,0
BRDA:237,18,0,0
BRDA:237,18,1,0
BRDA:243,19,0,0
BRDA:243,19,1,0
BRDA:285,20,0,0
BRDA:285,20,1,1
BRDA:305,21,0,1
BRDA:305,21,1,0
BRF:44
BRH:2
end_of_record
TN:
SF:/root/flyve/src/components/FilesUpload/FilesUploadItemList.js
FN:44,(anonymous_0)
FNF:1
FNH:1
FNDA:1,(anonymous_0)
DA:45,1
DA:81,1
LF:2
LH:2
BRF:0
BRH:0
end_of_record
TN:
SF:/root/flyve/src/components/FilesUpload/index.js
FN:30,_interopRequireDefault
FNF:1
FNH:0
FNDA:0,_interopRequireDefault
DA:1,0
DA:29,0
DA:30,0
DA:56,0
LF:4
LH:0
BRDA:30,0,0,0
BRDA:30,0,1,0
BRDA:30,1,0,0
BRDA:30,1,1,0
BRF:4
BRH:0
end_of_record
TN:
SF:/root/flyve/src/components/Forms/index.js
FN:33,_interopRequireDefault
FNF:1
FNH:0
FNDA:0,_interopRequireDefault
DA:1,0
DA:29,0
DA:30,0
DA:31,0
DA:32,0
DA:33,0
DA:61,0
LF:7
LH:0
BRDA:33,0,0,0
BRDA:33,0,1,0
BRDA:33,1,0,0
BRDA:33,1,1,0
BRF:4
BRH:0
end_of_record
TN:
SF:/root/flyve/src/components/Forms/ConstructInputs/createListElement.js
FN:34,_interopRequireDefault
FN:44,(anonymous_1)
FN:58,(anonymous_2)
FNF:3
FNH:0
FNDA:0,_interopRequireDefault
FNDA:0,(anonymous_1)
FNDA:0,(anonymous_2)
DA:1,0
DA:29,0
DA:30,0
DA:31,0
DA:32,0
DA:33,0
DA:34,0
DA:44,0
DA:49,0
DA:55,0
DA:60,0
DA:61,0
DA:73,0
DA:74,0
DA:83,0
DA:84,0
DA:99,0
DA:116,0
DA:123,0
DA:129,0
DA:130,0
LF:21
LH:0
BRDA:34,0,0,0
BRDA:34,0,1,0
BRDA:34,1,0,0
BRDA:34,1,1,0
BRDA:49,2,0,0
BRDA:49,2,1,0
BRDA:60,3,0,0
BRDA:60,3,1,0
BRDA:73,4,0,0
BRDA:73,4,1,0
BRDA:83,5,0,0
BRDA:83,5,1,0
BRF:12
BRH:0
end_of_record
TN:
SF:/root/flyve/src/components/Forms/ConstructInputs/index.js
FN:31,_interopRequireDefault
FN:39,(anonymous_1)
FN:63,(anonymous_2)
FNF:3
FNH:0
FNDA:0,_interopRequireDefault
FNDA:0,(anonymous_1)
FNDA:0,(anonymous_2)
DA:1,0
DA:29,0
DA:30,0
DA:31,0
DA:39,0
DA:42,0
DA:43,0
DA:59,0
DA:63,0
DA:73,0
DA:79,0
DA:81,0
LF:12
LH:0
BRDA:31,0,0,0
BRDA:31,0,1,0
BRDA:31,1,0,0
BRDA:31,1,1,0
BRDA:42,2,0,0
BRDA:42,2,1,0
BRDA:47,3,0,0
BRDA:47,3,1,0
BRF:8
BRH:0
end_of_record
TN:
SF:/root/flyve/src/components/Forms/DatePicker/days.js
FN:36,(anonymous_0)
FNF:1
FNH:1
FNDA:3,(anonymous_0)
DA:37,3
DA:52,3
DA:53,1
DA:56,3
DA:58,3
DA:59,3
DA:60,87
DA:68,3
LF:8
LH:8
BRDA:52,0,0,1
BRDA:52,0,1,2
BRDA:52,1,0,3
BRDA:52,1,1,3
BRDA:52,1,2,3
BRDA:58,2,0,3
BRDA:58,2,1,0
BRF:7
BRH:6
end_of_record
TN:
SF:/root/flyve/src/components/Forms/DatePicker/index.js
FN:45,(anonymous_0)
FN:60,(anonymous_1)
FN:78,(anonymous_2)
FNF:3
FNH:2
FNDA:1,(anonymous_0)
FNDA:0,(anonymous_1)
FNDA:1,(anonymous_2)
DA:46,1
DA:47,1
DA:48,1
DA:61,0
DA:62,0
DA:68,0
DA:70,0
DA:79,1
DA:128,1
DA:133,1
LF:10
LH:6
BRDA:49,0,0,1
BRDA:49,0,1,0
BRDA:50,1,0,1
BRDA:50,1,1,0
BRDA:51,2,0,1
BRDA:51,2,1,0
BRDA:63,3,0,0
BRDA:63,3,1,0
BRDA:64,4,0,0
BRDA:64,4,1,0
BRDA:65,5,0,0
BRDA:65,5,1,0
BRF:12
BRH:3
end_of_record
TN:
SF:/root/flyve/src/components/Forms/DatePicker/months.js
FN:37,(anonymous_0)
FN:39,(anonymous_1)
FNF:2
FNH:2
FNDA:2,(anonymous_0)
FNDA:24,(anonymous_1)
DA:38,2
DA:39,2
DA:40,24
DA:46,2
LF:4
LH:4
BRF:0
BRH:0
end_of_record
TN:
SF:/root/flyve/src/components/Forms/DatePicker/years.js
FN:36,(anonymous_0)
FNF:1
FNH:1
FNDA:2,(anonymous_0)
DA:37,2
DA:38,2
DA:39,242
DA:45,2
LF:4
LH:4
BRF:0
BRH:0
end_of_record
TN:
SF:/root/flyve/src/components/Forms/Input/index.js
FN:35,_interopRequireDefault
FN:44,(anonymous_1)
FN:84,(anonymous_2)
FN:94,(anonymous_3)
FN:111,(anonymous_4)
FN:120,(anonymous_5)
FN:136,(anonymous_6)
FN:144,(anonymous_7)
FN:158,(anonymous_8)
FN:174,(anonymous_9)
FN:177,(anonymous_10)
FNF:11
FNH:0
FNDA:0,_interopRequireDefault
FNDA:0,(anonymous_1)
FNDA:0,(anonymous_2)
FNDA:0,(anonymous_3)
FNDA:0,(anonymous_4)
FNDA:0,(anonymous_5)
FNDA:0,(anonymous_6)
FNDA:0,(anonymous_7)
FNDA:0,(anonymous_8)
FNDA:0,(anonymous_9)
FNDA:0,(anonymous_10)
DA:1,0
DA:29,0
DA:32,0
DA:33,0
DA:34,0
DA:35,0
DA:45,0
DA:85,0
DA:86,0
DA:95,0
DA:96,0
DA:98,0
DA:104,0
DA:112,0
DA:113,0
DA:114,0
DA:120,0
DA:136,0
DA:144,0
DA:158,0
DA:168,0
DA:183,0
DA:200,0
LF:23
LH:0
BRDA:35,0,0,0
BRDA:35,0,1,0
BRDA:35,1,0,0
BRDA:35,1,1,0
BRDA:95,2,0,0
BRDA:95,2,1,0
BRDA:101,3,0,0
BRDA:101,3,1,0
BRDA:113,4,0,0
BRDA:113,4,1,0
BRDA:120,5,0,0
BRDA:120,5,1,0
BRDA:120,6,0,0
BRDA:120,6,1,0
BRDA:120,7,0,0
BRDA:120,7,1,0
BRDA:120,8,0,0
BRDA:120,8,1,0
BRDA:136,9,0,0
BRDA:136,9,1,0
BRDA:141,10,0,0
BRDA:141,10,1,0
BRDA:153,11,0,0
BRDA:153,11,1,0
BRF:24
BRH:0
end_of_record
TN:
SF:/root/flyve/src/components/Forms/Schemas/index.js
FN:31,_interopRequireDefault
FNF:1
FNH:0
FNDA:0,_interopRequireDefault
DA:1,0
DA:29,0
DA:30,0
DA:31,0
DA:34,0
DA:35,0
LF:6
LH:0
BRDA:31,0,0,0
BRDA:31,0,1,0
BRDA:31,1,0,0
BRDA:31,1,1,0
BRF:4
BRH:0
end_of_record
TN:
SF:/root/flyve/src/components/Forms/Schemas/Schemas/agent.js
FN:39,(anonymous_0)
FN:70,_interopRequireDefault
FNF:2
FNH:0
FNDA:0,(anonymous_0)
FNDA:0,_interopRequireDefault
DA:1,0
DA:44,0
DA:67,0
DA:70,0
LF:4
LH:0
BRDA:70,0,0,0
BRDA:70,0,1,0
BRDA:70,1,0,0
BRDA:70,1,1,0
BRF:4
BRH:0
end_of_record
TN:
SF:/root/flyve/src/components/Forms/Schemas/Schemas/supervision.js
FN:38,(anonymous_0)
FN:98,_interopRequireDefault
FNF:2
FNH:0
FNDA:0,(anonymous_0)
FNDA:0,_interopRequireDefault
DA:1,0
DA:42,0
DA:95,0
DA:98,0
LF:4
LH:0
BRDA:98,0,0,0
BRDA:98,0,1,0
BRDA:98,1,0,0
BRDA:98,1,1,0
BRF:4
BRH:0
end_of_record
TN:
SF:/root/flyve/src/components/Forms/Schemas/Schemas/user.js
FN:42,(anonymous_0)
FN:346,_interopRequireDefault
FNF:2
FNH:0
FNDA:0,(anonymous_0)
FNDA:0,_interopRequireDefault
DA:1,0
DA:72,0
DA:139,0
DA:183,0
DA:215,0
DA:256,0
DA:273,0
DA:317,0
DA:321,0
DA:322,0
DA:337,0
DA:346,0
LF:12
LH:0
BRDA:346,0,0,0
BRDA:346,0,1,0
BRDA:346,1,0,0
BRDA:346,1,1,0
BRF:4
BRH:0
end_of_record
TN:
SF:/root/flyve/src/components/Forms/Select/index.js
FN:41,(anonymous_0)
FN:49,(anonymous_1)
FN:62,(anonymous_2)
FN:71,(anonymous_3)
FN:77,(anonymous_4)
FN:98,(anonymous_5)
FN:108,(anonymous_6)
FN:118,(anonymous_7)
FN:126,(anonymous_8)
FN:147,(anonymous_9)
FN:149,(anonymous_10)
FN:171,(anonymous_11)
FN:187,(anonymous_12)
FNF:13
FNH:6
FNDA:1,(anonymous_0)
FNDA:1,(anonymous_1)
FNDA:0,(anonymous_2)
FNDA:0,(anonymous_3)
FNDA:0,(anonymous_4)
FNDA:0,(anonymous_5)
FNDA:0,(anonymous_6)
FNDA:0,(anonymous_7)
FNDA:0,(anonymous_8)
FNDA:1,(anonymous_9)
FNDA:2,(anonymous_10)
FNDA:2,(anonymous_11)
FNDA:4,(anonymous_12)
DA:42,1
DA:43,1
DA:50,1
DA:51,0
DA:53,1
DA:63,0
DA:72,0
DA:73,0
DA:75,0
DA:77,0
DA:78,0
DA:83,0
DA:86,0
DA:87,0
DA:88,0
DA:95,0
DA:98,0
DA:99,0
DA:105,0
DA:107,0
DA:108,0
DA:109,0
DA:115,0
DA:118,0
DA:119,0
DA:124,0
DA:126,0
DA:127,0
DA:132,0
DA:134,0
DA:137,0
DA:148,1
DA:149,1
DA:150,2
DA:151,0
DA:156,2
DA:162,1
DA:172,2
DA:188,4
DA:199,1
DA:208,1
LF:41
LH:13
BRDA:50,0,0,0
BRDA:50,0,1,1
BRDA:50,1,0,1
BRDA:50,1,1,0
BRDA:75,2,0,0
BRDA:75,2,1,0
BRDA:75,2,2,0
BRDA:75,2,3,0
BRDA:75,2,4,0
BRDA:75,2,5,0
BRDA:86,3,0,0
BRDA:86,3,1,0
BRDA:87,4,0,0
BRDA:87,4,1,0
BRDA:107,5,0,0
BRDA:107,5,1,0
BRDA:150,6,0,0
BRDA:150,6,1,2
BRDA:179,7,0,2
BRDA:179,7,1,0
BRF:20
BRH:4
end_of_record
TN:
SF:/root/flyve/src/components/Forms/TextArea/index.js
FN:38,(anonymous_0)
FN:49,(anonymous_1)
FN:62,(anonymous_2)
FNF:3
FNH:1
FNDA:1,(anonymous_0)
FNDA:0,(anonymous_1)
FNDA:0,(anonymous_2)
DA:38,1
DA:39,1
DA:49,0
DA:57,1
DA:68,1
LF:5
LH:4
BRDA:47,0,0,1
BRDA:47,0,1,0
BRF:2
BRH:1
end_of_record
TN:
SF:/root/flyve/src/components/GenerateRoutes/index.js
FN:33,_interopRequireDefault
FN:46,(anonymous_1)
FN:47,(anonymous_2)
FN:70,(anonymous_3)
FNF:4
FNH:0
FNDA:0,_interopRequireDefault
FNDA:0,(anonymous_1)
FNDA:0,(anonymous_2)
FNDA:0,(anonymous_3)
DA:1,0
DA:29,0
DA:30,0
DA:31,0
DA:32,0
DA:33,0
DA:46,0
DA:47,0
DA:50,0
DA:66,0
DA:70,0
DA:74,0
DA:81,0
DA:86,0
DA:89,0
LF:15
LH:0
BRDA:33,0,0,0
BRDA:33,0,1,0
BRDA:33,1,0,0
BRDA:33,1,1,0
BRDA:57,2,0,0
BRDA:57,2,1,0
BRDA:58,3,0,0
BRDA:58,3,1,0
BRDA:66,4,0,0
BRDA:66,4,1,0
BRF:10
BRH:0
end_of_record
TN:
SF:/root/flyve/src/components/GenerateRoutes/PrivateRoute/index.js
FN:37,_interopRequireDefault
FN:37,_objectWithoutProperties
FN:67,(anonymous_2)
FN:74,(anonymous_3)
FN:74,(anonymous_4)
FNF:5
FNH:0
FNDA:0,_interopRequireDefault
FNDA:0,_objectWithoutProperties
FNDA:0,(anonymous_2)
FNDA:0,(anonymous_3)
FNDA:0,(anonymous_4)
DA:1,0
DA:29,0
DA:30,0
DA:31,0
DA:34,0
DA:37,0
DA:67,0
DA:74,0
DA:77,0
DA:81,0
DA:86,0
LF:11
LH:0
BRDA:37,0,0,0
BRDA:37,0,1,0
BRDA:37,1,0,0
BRDA:37,1,1,0
BRDA:37,2,0,0
BRDA:37,2,1,0
BRDA:37,3,0,0
BRDA:37,3,1,0
BRDA:67,4,0,0
BRDA:67,4,1,0
BRDA:67,5,0,0
BRDA:67,5,1,0
BRDA:74,6,0,0
BRDA:74,6,1,0
BRF:14
BRH:0
end_of_record
TN:
SF:/root/flyve/src/components/GenerateRoutes/PropsRoute/index.js
FN:33,_interopRequireDefault
FN:33,_objectWithoutProperties
FN:65,(anonymous_2)
FN:65,(anonymous_3)
FNF:4
FNH:0
FNDA:0,_interopRequireDefault
FNDA:0,_objectWithoutProperties
FNDA:0,(anonymous_2)
FNDA:0,(anonymous_3)
DA:1,0
DA:29,0
DA:30,0
DA:31,0
DA:32,0
DA:33,0
DA:65,0
LF:7
LH:0
BRDA:33,0,0,0
BRDA:33,0,1,0
BRDA:33,1,0,0
BRDA:33,1,1,0
BRDA:33,2,0,0
BRDA:33,2,1,0
BRDA:33,3,0,0
BRDA:33,3,1,0
BRDA:65,4,0,0
BRDA:65,4,1,0
BRF:10
BRH:0
end_of_record
TN:
SF:/root/flyve/src/components/GenerateRoutes/RenderMergedProps/index.js
FN:29,_interopRequireDefault
FN:38,(anonymous_1)
FNF:2
FNH:0
FNDA:0,_interopRequireDefault
FNDA:0,(anonymous_1)
DA:1,0
DA:29,0
DA:38,0
DA:39,0
DA:40,0
DA:67,0
LF:6
LH:0
BRDA:29,0,0,0
BRDA:29,0,1,0
BRDA:29,1,0,0
BRDA:29,1,1,0
BRF:4
BRH:0
end_of_record
TN:
SF:/root/flyve/src/components/HeaderBreadcrumb/index.js
FN:50,(anonymous_0)
FN:65,(anonymous_1)
FN:65,(anonymous_2)
FN:65,(anonymous_3)
FN:79,(anonymous_4)
FNF:5
FNH:5
FNDA:3,(anonymous_0)
FNDA:6,(anonymous_1)
FNDA:3,(anonymous_2)
FNDA:3,(anonymous_3)
FNDA:2,(anonymous_4)
DA:51,3
DA:52,3
DA:53,3
DA:54,6
DA:55,6
DA:56,9
DA:58,6
DA:65,6
DA:72,3
DA:80,2
DA:108,2
LF:11
LH:11
BRDA:65,0,0,3
BRDA:65,0,1,3
BRF:2
BRH:2
end_of_record
TN:
SF:/root/flyve/src/components/IconItemList/index.js
FN:45,(anonymous_0)
FN:48,(anonymous_1)
FN:55,(anonymous_2)
FN:66,(anonymous_3)
FN:76,(anonymous_4)
FN:90,(anonymous_5)
FN:110,(anonymous_6)
FN:123,(anonymous_7)
FN:124,(anonymous_8)
FN:136,(anonymous_9)
FN:179,(anonymous_10)
FNF:11
FNH:5
FNDA:0,(anonymous_0)
FNDA:0,(anonymous_1)
FNDA:4,(anonymous_2)
FNDA:4,(anonymous_3)
FNDA:3,(anonymous_4)
FNDA:3,(anonymous_5)
FNDA:0,(anonymous_6)
FNDA:0,(anonymous_7)
FNDA:0,(anonymous_8)
FNDA:7,(anonymous_9)
FNDA:0,(anonymous_10)
DA:46,0
DA:47,0
DA:48,0
DA:49,0
DA:51,0
DA:56,4
DA:57,4
DA:67,4
DA:68,3
DA:77,3
DA:79,0
DA:91,3
DA:92,3
DA:97,3
DA:101,3
DA:104,0
DA:105,0
DA:111,0
DA:113,0
DA:114,0
DA:115,0
DA:117,0
DA:120,0
DA:124,0
DA:125,0
DA:137,7
DA:144,7
DA:145,7
DA:146,6
DA:147,6
DA:155,7
DA:173,2
DA:183,2
LF:33
LH:17
BRDA:58,0,0,1
BRDA:58,0,1,3
BRDA:58,1,0,4
BRDA:58,1,1,3
BRDA:67,2,0,3
BRDA:67,2,1,1
BRDA:67,3,0,4
BRDA:67,3,1,3
BRDA:77,4,0,0
BRDA:77,4,1,3
BRDA:92,5,0,3
BRDA:92,5,1,3
BRDA:92,5,2,3
BRDA:92,5,3,3
BRDA:92,5,4,0
BRDA:113,6,0,0
BRDA:113,6,1,0
BRDA:145,7,0,6
BRDA:145,7,1,1
BRF:19
BRH:15
end_of_record
TN:
SF:/root/flyve/src/components/InfoBox/index.js
FN:44,(anonymous_0)
FNF:1
FNH:1
FNDA:1,(anonymous_0)
DA:44,1
DA:50,1
DA:63,1
LF:3
LH:3
BRF:0
BRH:0
end_of_record
TN:
SF:/root/flyve/src/components/LayoutListWithNavLinks/index.js
FN:56,(anonymous_0)
FN:68,(anonymous_1)
FN:83,(anonymous_2)
FN:91,(anonymous_3)
FN:100,(anonymous_4)
FN:117,(anonymous_5)
FN:132,(anonymous_6)
FN:140,(anonymous_7)
FN:162,(anonymous_8)
FN:168,(anonymous_9)
FN:171,(anonymous_10)
FNF:11
FNH:9
FNDA:1,(anonymous_0)
FNDA:1,(anonymous_1)
FNDA:1,(anonymous_2)
FNDA:0,(anonymous_3)
FNDA:1,(anonymous_4)
FNDA:0,(anonymous_5)
FNDA:1,(anonymous_6)
FNDA:1,(anonymous_7)
FNDA:1,(anonymous_8)
FNDA:1,(anonymous_9)
FNDA:2,(anonymous_10)
DA:57,1
DA:69,1
DA:70,1
DA:76,1
DA:84,1
DA:92,0
DA:101,1
DA:118,0
DA:119,0
DA:120,0
DA:133,1
DA:134,1
DA:141,1
DA:143,1
DA:144,0
DA:147,1
DA:148,0
DA:151,1
DA:163,1
DA:168,1
DA:172,2
DA:173,1
DA:185,1
DA:197,1
LF:24
LH:18
BRDA:58,0,0,0
BRDA:58,0,1,1
BRDA:59,1,0,0
BRDA:59,1,1,0
BRDA:72,2,0,0
BRDA:72,2,1,1
BRDA:104,3,0,0
BRDA:104,3,1,1
BRDA:104,4,0,0
BRDA:104,4,1,0
BRDA:119,5,0,0
BRDA:119,5,1,0
BRDA:122,6,0,0
BRDA:122,6,1,0
BRDA:133,7,0,0
BRDA:133,7,1,1
BRDA:143,8,0,0
BRDA:143,8,1,1
BRDA:147,9,0,0
BRDA:147,9,1,1
BRDA:147,10,0,1
BRDA:147,10,1,0
BRDA:172,11,0,1
BRDA:172,11,1,1
BRF:24
BRH:9
end_of_record
TN:
SF:/root/flyve/src/components/Loader/index.js
FN:31,_interopRequireDefault
FN:39,(anonymous_1)
FNF:2
FNH:0
FNDA:0,_interopRequireDefault
FNDA:0,(anonymous_1)
DA:1,0
DA:29,0
DA:30,0
DA:31,0
DA:39,0
DA:41,0
DA:42,0
DA:43,0
DA:52,0
DA:59,0
DA:64,0
DA:66,0
LF:12
LH:0
BRDA:31,0,0,0
BRDA:31,0,1,0
BRDA:31,1,0,0
BRDA:31,1,1,0
BRF:4
BRH:0
end_of_record
TN:
SF:/root/flyve/src/components/Loader/listRender.js
FN:31,_interopRequireDefault
FN:42,(anonymous_1)
FNF:2
FNH:0
FNDA:0,_interopRequireDefault
FNDA:0,(anonymous_1)
DA:1,0
DA:29,0
DA:30,0
DA:31,0
DA:42,0
DA:46,0
DA:47,0
DA:56,0
DA:65,0
DA:69,0
DA:72,0
LF:11
LH:0
BRDA:31,0,0,0
BRDA:31,0,1,0
BRDA:31,1,0,0
BRDA:31,1,1,0
BRDA:46,2,0,0
BRDA:46,2,1,0
BRF:6
BRH:0
end_of_record
TN:
SF:/root/flyve/src/components/Loading/index.js
FN:38,(anonymous_0)
FNF:1
FNH:1
FNDA:4,(anonymous_0)
DA:38,2
DA:45,4
DA:59,4
DA:78,4
DA:81,2
DA:88,2
LF:6
LH:6
BRDA:59,0,0,2
BRDA:59,0,1,2
BRF:2
BRH:2
end_of_record
TN:
SF:/root/flyve/src/components/ScrollSync/ScrollSync.js
FN:34,_interopRequireDefault
FN:66,(anonymous_1)
FN:100,(anonymous_2)
FN:117,(anonymous_3)
FN:130,(anonymous_4)
FN:139,(anonymous_5)
FN:150,(anonymous_6)
FN:155,(anonymous_7)
FN:164,(anonymous_8)
FN:165,(anonymous_9)
FN:176,(anonymous_10)
FN:190,(anonymous_11)
FN:206,(anonymous_12)
FN:231,(anonymous_13)
FN:269,(anonymous_14)
FNF:15
FNH:0
FNDA:0,_interopRequireDefault
FNDA:0,(anonymous_1)
FNDA:0,(anonymous_2)
FNDA:0,(anonymous_3)
FNDA:0,(anonymous_4)
FNDA:0,(anonymous_5)
FNDA:0,(anonymous_6)
FNDA:0,(anonymous_7)
FNDA:0,(anonymous_8)
FNDA:0,(anonymous_9)
FNDA:0,(anonymous_10)
FNDA:0,(anonymous_11)
FNDA:0,(anonymous_12)
FNDA:0,(anonymous_13)
FNDA:0,(anonymous_14)
DA:1,0
DA:31,0
DA:34,0
DA:66,0
DA:101,0
DA:102,0
DA:105,0
DA:106,0
DA:107,0
DA:118,0
DA:119,0
DA:120,0
DA:131,0
DA:140,0
DA:151,0
DA:152,0
DA:155,0
DA:165,0
DA:166,0
DA:184,0
DA:186,0
DA:188,0
DA:190,0
DA:192,0
DA:194,0
DA:196,0
DA:197,0
DA:199,0
DA:200,0
DA:202,0
DA:203,0
DA:206,0
DA:207,0
DA:231,0
DA:269,0
LF:35
LH:0
BRDA:34,0,0,0
BRDA:34,0,1,0
BRDA:34,1,0,0
BRDA:34,1,1,0
BRDA:101,2,0,0
BRDA:101,2,1,0
BRDA:105,3,0,0
BRDA:105,3,1,0
BRDA:118,4,0,0
BRDA:118,4,1,0
BRDA:151,5,0,0
BRDA:151,5,1,0
BRDA:192,6,0,0
BRDA:192,6,1,0
BRDA:199,7,0,0
BRDA:199,7,1,0
BRDA:199,8,0,0
BRDA:199,8,1,0
BRDA:200,9,0,0
BRDA:200,9,1,0
BRDA:202,10,0,0
BRDA:202,10,1,0
BRDA:202,11,0,0
BRDA:202,11,1,0
BRDA:203,12,0,0
BRDA:203,12,1,0
BRF:26
BRH:0
end_of_record
TN:
SF:/root/flyve/src/components/ScrollSync/ScrollSyncPanel.js
FN:33,_interopRequireDefault
FN:79,(anonymous_1)
FN:94,(anonymous_2)
FN:98,(anonymous_3)
FN:106,(anonymous_4)
FNF:5
FNH:0
FNDA:0,_interopRequireDefault
FNDA:0,(anonymous_1)
FNDA:0,(anonymous_2)
FNDA:0,(anonymous_3)
FNDA:0,(anonymous_4)
DA:1,0
DA:29,0
DA:32,0
DA:33,0
DA:80,0
DA:94,0
DA:99,0
DA:107,0
DA:134,0
LF:9
LH:0
BRDA:33,0,0,0
BRDA:33,0,1,0
BRDA:33,1,0,0
BRDA:33,1,1,0
BRDA:80,2,0,0
BRDA:80,2,1,0
BRDA:94,3,0,0
BRDA:94,3,1,0
BRF:8
BRH:0
end_of_record
TN:
SF:/root/flyve/src/components/ScrollSync/index.js
FN:30,_interopRequireDefault
FNF:1
FNH:0
FNDA:0,_interopRequireDefault
DA:1,0
DA:29,0
DA:30,0
DA:56,0
LF:4
LH:0
BRDA:30,0,0,0
BRDA:30,0,1,0
BRDA:30,1,0,0
BRDA:30,1,1,0
BRF:4
BRH:0
end_of_record
TN:
SF:/root/flyve/src/components/SplitView/index.js
FN:42,_interopRequireDefault
FN:52,(anonymous_1)
FN:67,(anonymous_2)
FN:72,(anonymous_3)
FN:78,(anonymous_4)
FN:167,(anonymous_5)
FN:168,(anonymous_6)
FNF:7
FNH:0
FNDA:0,_interopRequireDefault
FNDA:0,(anonymous_1)
FNDA:0,(anonymous_2)
FNDA:0,(anonymous_3)
FNDA:0,(anonymous_4)
FNDA:0,(anonymous_5)
FNDA:0,(anonymous_6)
DA:1,0
DA:29,0
DA:32,0
DA:33,0
DA:34,0
DA:35,0
DA:38,0
DA:39,0
DA:40,0
DA:41,0
DA:42,0
DA:52,0
DA:68,0
DA:72,0
DA:78,0
DA:80,0
DA:81,0
DA:167,0
DA:168,0
DA:200,0
DA:204,0
DA:210,0
LF:22
LH:0
BRDA:42,0,0,0
BRDA:42,0,1,0
BRDA:42,1,0,0
BRDA:42,1,1,0
BRDA:72,2,0,0
BRDA:72,2,1,0
BRDA:80,3,0,0
BRDA:80,3,1,0
BRDA:80,4,0,0
BRDA:80,4,1,0
BRDA:163,5,0,0
BRDA:163,5,1,0
BRF:12
BRH:0
end_of_record
TN:
SF:/root/flyve/src/components/SplitView/IconWithPopper/index.js
FN:33,_interopRequireDefault
FN:47,(anonymous_1)
FN:79,(anonymous_2)
FNF:3
FNH:0
FNDA:0,_interopRequireDefault
FNDA:0,(anonymous_1)
FNDA:0,(anonymous_2)
DA:1,0
DA:29,0
DA:32,0
DA:33,0
DA:48,0
DA:49,0
DA:60,0
DA:77,0
DA:82,0
DA:86,0
LF:10
LH:0
BRDA:33,0,0,0
BRDA:33,0,1,0
BRDA:33,1,0,0
BRDA:33,1,1,0
BRDA:48,2,0,0
BRDA:48,2,1,0
BRF:6
BRH:0
end_of_record
TN:
SF:/root/flyve/src/components/SplitView/ImgWithPopper/index.js
FN:35,_interopRequireDefault
FN:47,(anonymous_1)
FNF:2
FNH:0
FNDA:0,_interopRequireDefault
FNDA:0,(anonymous_1)
DA:1,0
DA:29,0
DA:32,0
DA:35,0
DA:48,0
DA:67,0
DA:71,0
DA:75,0
LF:8
LH:0
BRDA:35,0,0,0
BRDA:35,0,1,0
BRDA:35,1,0,0
BRDA:35,1,1,0
BRF:4
BRH:0
end_of_record
TN:
SF:/root/flyve/src/components/SplitView/SpanWithPopper/index.js
FN:33,_interopRequireDefault
FN:47,(anonymous_1)
FN:77,(anonymous_2)
FNF:3
FNH:0
FNDA:0,_interopRequireDefault
FNDA:0,(anonymous_1)
FNDA:0,(anonymous_2)
DA:1,0
DA:29,0
DA:32,0
DA:33,0
DA:48,0
DA:49,0
DA:57,0
DA:69,0
DA:75,0
DA:77,0
LF:10
LH:0
BRDA:33,0,0,0
BRDA:33,0,1,0
BRDA:33,1,0,0
BRDA:33,1,1,0
BRDA:48,2,0,0
BRDA:48,2,1,0
BRF:6
BRH:0
end_of_record
TN:
SF:/root/flyve/src/components/ValidateAccount/index.js
FN:42,_interopRequireDefault
FN:51,(anonymous_1)
FN:85,(anonymous_2)
FN:126,(anonymous_3)
FN:135,(anonymous_4)
FNF:5
FNH:0
FNDA:0,_interopRequireDefault
FNDA:0,(anonymous_1)
FNDA:0,(anonymous_2)
FNDA:0,(anonymous_3)
FNDA:0,(anonymous_4)
DA:1,0
DA:29,0
DA:32,0
DA:33,0
DA:36,0
DA:37,0
DA:38,0
DA:39,0
DA:40,0
DA:41,0
DA:42,0
DA:52,0
DA:86,0
DA:87,0
DA:90,0
DA:91,0
DA:98,0
DA:100,0
DA:101,0
DA:102,0
DA:103,0
DA:104,0
DA:109,0
DA:114,0
DA:118,0
DA:123,0
DA:126,0
DA:135,0
DA:137,0
DA:138,0
DA:155,0
DA:168,0
DA:172,0
DA:178,0
LF:34
LH:0
BRDA:42,0,0,0
BRDA:42,0,1,0
BRDA:42,1,0,0
BRDA:42,1,1,0
BRDA:100,2,0,0
BRDA:100,2,1,0
BRDA:102,3,0,0
BRDA:102,3,1,0
BRDA:126,4,0,0
BRDA:126,4,1,0
BRDA:126,5,0,0
BRDA:126,5,1,0
BRDA:135,6,0,0
BRDA:135,6,1,0
BRDA:137,7,0,0
BRDA:137,7,1,0
BRF:16
BRH:0
end_of_record
TN:
SF:/root/flyve/src/containers/About/index.js
FN:36,_interopRequireDefault
FN:43,(anonymous_1)
FNF:2
FNH:0
FNDA:0,_interopRequireDefault
FNDA:0,(anonymous_1)
DA:1,0
DA:30,0
DA:33,0
DA:34,0
DA:35,0
DA:36,0
DA:44,0
DA:58,0
DA:63,0
LF:9
LH:0
BRDA:36,0,0,0
BRDA:36,0,1,0
BRDA:36,1,0,0
BRDA:36,1,1,0
BRF:4
BRH:0
end_of_record
TN:
SF:/root/flyve/src/containers/About/routes.js
FN:37,_interopRequireDefault
FNF:1
FNH:0
FNDA:0,_interopRequireDefault
DA:1,0
DA:30,0
DA:31,0
DA:32,0
DA:33,0
DA:34,0
DA:35,0
DA:36,0
DA:37,0
DA:69,0
DA:90,0
LF:11
LH:0
BRDA:37,0,0,0
BRDA:37,0,1,0
BRDA:37,1,0,0
BRDA:37,1,1,0
BRF:4
BRH:0
end_of_record
TN:
SF:/root/flyve/src/containers/About/components/Contact/index.js
FN:32,_interopRequireDefault
FN:39,(anonymous_1)
FNF:2
FNH:0
FNDA:0,_interopRequireDefault
FNDA:0,(anonymous_1)
DA:1,0
DA:30,0
DA:31,0
DA:32,0
DA:39,0
DA:40,0
DA:84,0
LF:7
LH:0
BRDA:32,0,0,0
BRDA:32,0,1,0
BRDA:32,1,0,0
BRDA:32,1,1,0
BRF:4
BRH:0
end_of_record
TN:
SF:/root/flyve/src/containers/About/components/HelpCenter/Feedback.js
FN:43,_interopRequireDefault
FN:49,(anonymous_1)
FN:66,(anonymous_2)
FN:71,(anonymous_3)
FN:99,(anonymous_4)
FN:108,(anonymous_5)
FN:112,(anonymous_6)
FN:114,(anonymous_7)
FNF:8
FNH:0
FNDA:0,_interopRequireDefault
FNDA:0,(anonymous_1)
FNDA:0,(anonymous_2)
FNDA:0,(anonymous_3)
FNDA:0,(anonymous_4)
FNDA:0,(anonymous_5)
FNDA:0,(anonymous_6)
FNDA:0,(anonymous_7)
DA:1,0
DA:30,0
DA:33,0
DA:34,0
DA:35,0
DA:36,0
DA:37,0
DA:38,0
DA:42,0
DA:43,0
DA:50,0
DA:67,0
DA:69,0
DA:74,0
DA:76,0
DA:77,0
DA:79,0
DA:80,0
DA:81,0
DA:86,0
DA:91,0
DA:93,0
DA:97,0
DA:99,0
DA:100,0
DA:106,0
DA:109,0
DA:112,0
DA:115,0
DA:116,0
DA:119,0
DA:120,0
DA:133,0
DA:169,0
DA:170,0
LF:35
LH:0
BRDA:43,0,0,0
BRDA:43,0,1,0
BRDA:43,1,0,0
BRDA:43,1,1,0
BRDA:76,2,0,0
BRDA:76,2,1,0
BRDA:80,3,0,0
BRDA:80,3,1,0
BRDA:91,4,0,0
BRDA:91,4,1,0
BRDA:97,5,0,0
BRDA:97,5,1,0
BRDA:112,6,0,0
BRDA:112,6,1,0
BRDA:115,7,0,0
BRDA:115,7,1,0
BRDA:119,8,0,0
BRDA:119,8,1,0
BRF:18
BRH:0
end_of_record
TN:
SF:/root/flyve/src/containers/About/components/HelpCenter/HelpCenterArticle.js
FN:39,_interopRequireDefault
FN:45,(anonymous_1)
FN:55,(anonymous_2)
FN:77,(anonymous_3)
FN:83,(anonymous_4)
FNF:5
FNH:0
FNDA:0,_interopRequireDefault
FNDA:0,(anonymous_1)
FNDA:0,(anonymous_2)
FNDA:0,(anonymous_3)
FNDA:0,(anonymous_4)
DA:1,0
DA:30,0
DA:33,0
DA:34,0
DA:35,0
DA:36,0
DA:37,0
DA:38,0
DA:39,0
DA:46,0
DA:56,0
DA:57,0
DA:64,0
DA:66,0
DA:70,0
DA:74,0
DA:78,0
DA:79,0
DA:80,0
DA:84,0
DA:111,0
DA:117,0
LF:22
LH:0
BRDA:39,0,0,0
BRDA:39,0,1,0
BRDA:39,1,0,0
BRDA:39,1,1,0
BRDA:80,2,0,0
BRDA:80,2,1,0
BRDA:85,3,0,0
BRDA:85,3,1,0
BRF:8
BRH:0
end_of_record
TN:
SF:/root/flyve/src/containers/About/components/HelpCenter/HelpCenterList.js
FN:41,_interopRequireDefault
FN:59,(anonymous_1)
FN:60,(anonymous_2)
FN:60,(anonymous_3)
FN:73,(anonymous_4)
FN:79,(anonymous_5)
FN:86,(anonymous_6)
FN:101,(anonymous_7)
FN:105,(anonymous_8)
FN:109,(anonymous_9)
FN:110,(anonymous_10)
FN:116,(anonymous_11)
FN:118,(anonymous_12)
FN:128,(anonymous_13)
FN:142,(anonymous_14)
FN:146,(anonymous_15)
FN:150,(anonymous_16)
FNF:17
FNH:0
FNDA:0,_interopRequireDefault
FNDA:0,(anonymous_1)
FNDA:0,(anonymous_2)
FNDA:0,(anonymous_3)
FNDA:0,(anonymous_4)
FNDA:0,(anonymous_5)
FNDA:0,(anonymous_6)
FNDA:0,(anonymous_7)
FNDA:0,(anonymous_8)
FNDA:0,(anonymous_9)
FNDA:0,(anonymous_10)
FNDA:0,(anonymous_11)
FNDA:0,(anonymous_12)
FNDA:0,(anonymous_13)
FNDA:0,(anonymous_14)
FNDA:0,(anonymous_15)
FNDA:0,(anonymous_16)
DA:1,0
DA:30,0
DA:33,0
DA:34,0
DA:35,0
DA:36,0
DA:37,0
DA:38,0
DA:39,0
DA:40,0
DA:41,0
DA:60,0
DA:74,0
DA:75,0
DA:79,0
DA:81,0
DA:83,0
DA:86,0
DA:90,0
DA:95,0
DA:99,0
DA:102,0
DA:103,0
DA:106,0
DA:107,0
DA:110,0
DA:114,0
DA:117,0
DA:118,0
DA:119,0
DA:120,0
DA:123,0
DA:126,0
DA:129,0
DA:130,0
DA:131,0
DA:133,0
DA:134,0
DA:135,0
DA:136,0
DA:140,0
DA:143,0
DA:144,0
DA:147,0
DA:148,0
DA:151,0
DA:252,0
DA:255,0
LF:48
LH:0
BRDA:41,0,0,0
BRDA:41,0,1,0
BRDA:41,1,0,0
BRDA:41,1,1,0
BRDA:119,2,0,0
BRDA:119,2,1,0
BRDA:133,3,0,0
BRDA:133,3,1,0
BRDA:135,4,0,0
BRDA:135,4,1,0
BRDA:152,5,0,0
BRDA:152,5,1,0
BRDA:214,6,0,0
BRDA:214,6,1,0
BRF:14
BRH:0
end_of_record
TN:
SF:/root/flyve/src/containers/About/components/HelpCenter/index.js
FN:35,_interopRequireDefault
FN:41,(anonymous_1)
FNF:2
FNH:0
FNDA:0,_interopRequireDefault
FNDA:0,(anonymous_1)
DA:1,0
DA:30,0
DA:33,0
DA:34,0
DA:35,0
DA:42,0
DA:51,0
DA:54,0
LF:8
LH:0
BRDA:35,0,0,0
BRDA:35,0,1,0
BRDA:35,1,0,0
BRDA:35,1,1,0
BRF:4
BRH:0
end_of_record
TN:
SF:/root/flyve/src/containers/About/components/HelpCenter/routes.js
FN:34,_interopRequireDefault
FNF:1
FNH:0
FNDA:0,_interopRequireDefault
DA:1,0
DA:30,0
DA:31,0
DA:32,0
DA:33,0
DA:34,0
DA:41,0
DA:90,0
LF:8
LH:0
BRDA:34,0,0,0
BRDA:34,0,1,0
BRDA:34,1,0,0
BRDA:34,1,1,0
BRF:4
BRH:0
end_of_record
TN:
SF:/root/flyve/src/containers/About/components/License/index.js
FN:38,_interopRequireDefault
FN:47,(anonymous_1)
FN:59,(anonymous_2)
FN:81,(anonymous_3)
FNF:4
FNH:0
FNDA:0,_interopRequireDefault
FNDA:0,(anonymous_1)
FNDA:0,(anonymous_2)
FNDA:0,(anonymous_3)
DA:1,0
DA:29,0
DA:32,0
DA:33,0
DA:34,0
DA:35,0
DA:36,0
DA:37,0
DA:38,0
DA:48,0
DA:60,0
DA:61,0
DA:62,0
DA:66,0
DA:70,0
DA:74,0
DA:82,0
DA:83,0
DA:84,0
DA:88,0
DA:100,0
DA:105,0
DA:110,0
DA:112,0
LF:24
LH:0
BRDA:38,0,0,0
BRDA:38,0,1,0
BRDA:38,1,0,0
BRDA:38,1,1,0
BRDA:82,2,0,0
BRDA:82,2,1,0
BRDA:83,3,0,0
BRDA:83,3,1,0
BRF:8
BRH:0
end_of_record
TN:
SF:/root/flyve/src/containers/About/components/Overview/index.js
FN:32,_interopRequireDefault
FN:38,(anonymous_1)
FNF:2
FNH:0
FNDA:0,_interopRequireDefault
FNDA:0,(anonymous_1)
DA:1,0
DA:30,0
DA:31,0
DA:32,0
DA:38,0
DA:39,0
DA:74,0
LF:7
LH:0
BRDA:32,0,0,0
BRDA:32,0,1,0
BRDA:32,1,0,0
BRDA:32,1,1,0
BRF:4
BRH:0
end_of_record
TN:
SF:/root/flyve/src/containers/About/components/ReleaseNotes/index.js
FN:37,_interopRequireDefault
FN:46,(anonymous_1)
FN:58,(anonymous_2)
FN:82,(anonymous_3)
FNF:4
FNH:0
FNDA:0,_interopRequireDefault
FNDA:0,(anonymous_1)
FNDA:0,(anonymous_2)
FNDA:0,(anonymous_3)
DA:1,0
DA:29,0
DA:32,0
DA:33,0
DA:34,0
DA:35,0
DA:36,0
DA:37,0
DA:47,0
DA:59,0
DA:60,0
DA:63,0
DA:67,0
DA:71,0
DA:75,0
DA:83,0
DA:84,0
DA:85,0
DA:89,0
DA:101,0
DA:106,0
DA:111,0
DA:113,0
LF:23
LH:0
BRDA:37,0,0,0
BRDA:37,0,1,0
BRDA:37,1,0,0
BRDA:37,1,1,0
BRDA:83,2,0,0
BRDA:83,2,1,0
BRDA:84,3,0,0
BRDA:84,3,1,0
BRF:8
BRH:0
end_of_record
TN:
SF:/root/flyve/src/containers/About/components/SystemInformation/index.js
FN:38,_interopRequireDefault
FN:45,(anonymous_1)
FN:53,(anonymous_2)
FN:73,(anonymous_3)
FN:77,(anonymous_4)
FNF:5
FNH:0
FNDA:0,_interopRequireDefault
FNDA:0,(anonymous_1)
FNDA:0,(anonymous_2)
FNDA:0,(anonymous_3)
FNDA:0,(anonymous_4)
DA:1,0
DA:30,0
DA:33,0
DA:34,0
DA:35,0
DA:36,0
DA:37,0
DA:38,0
DA:46,0
DA:54,0
DA:55,0
DA:58,0
DA:63,0
DA:67,0
DA:71,0
DA:74,0
DA:76,0
DA:77,0
DA:78,0
DA:102,0
DA:120,0
DA:123,0
LF:22
LH:0
BRDA:38,0,0,0
BRDA:38,0,1,0
BRDA:38,1,0,0
BRDA:38,1,1,0
BRDA:76,2,0,0
BRDA:76,2,1,0
BRDA:103,3,0,0
BRDA:103,3,1,0
BRF:8
BRH:0
end_of_record
TN:
SF:/root/flyve/src/containers/About/components/TermsOfUse/index.js
FN:32,_interopRequireDefault
FN:38,(anonymous_1)
FNF:2
FNH:0
FNDA:0,_interopRequireDefault
FNDA:0,(anonymous_1)
DA:1,0
DA:30,0
DA:31,0
DA:32,0
DA:38,0
DA:39,0
DA:291,0
LF:7
LH:0
BRDA:32,0,0,0
BRDA:32,0,1,0
BRDA:32,1,0,0
BRDA:32,1,1,0
BRF:4
BRH:0
end_of_record
TN:
SF:/root/flyve/src/containers/Applications/index.js
FN:40,_interopRequireDefault
FN:48,(anonymous_1)
FN:93,(anonymous_2)
FN:118,(anonymous_3)
FN:136,(anonymous_4)
FN:144,(anonymous_5)
FN:152,(anonymous_6)
FN:161,(anonymous_7)
FN:188,(anonymous_8)
FN:216,(anonymous_9)
FN:222,(anonymous_10)
FN:246,(anonymous_11)
FNF:12
FNH:0
FNDA:0,_interopRequireDefault
FNDA:0,(anonymous_1)
FNDA:0,(anonymous_2)
FNDA:0,(anonymous_3)
FNDA:0,(anonymous_4)
FNDA:0,(anonymous_5)
FNDA:0,(anonymous_6)
FNDA:0,(anonymous_7)
FNDA:0,(anonymous_8)
FNDA:0,(anonymous_9)
FNDA:0,(anonymous_10)
FNDA:0,(anonymous_11)
DA:1,0
DA:30,0
DA:33,0
DA:34,0
DA:35,0
DA:36,0
DA:37,0
DA:38,0
DA:39,0
DA:40,0
DA:49,0
DA:94,0
DA:96,0
DA:97,0
DA:101,0
DA:106,0
DA:107,0
DA:111,0
DA:118,0
DA:129,0
DA:136,0
DA:137,0
DA:144,0
DA:145,0
DA:152,0
DA:153,0
DA:162,0
DA:166,0
DA:167,0
DA:172,0
DA:174,0
DA:177,0
DA:180,0
DA:181,0
DA:189,0
DA:190,0
DA:195,0
DA:196,0
DA:204,0
DA:206,0
DA:209,0
DA:212,0
DA:213,0
DA:216,0
DA:222,0
DA:246,0
DA:249,0
LF:47
LH:0
BRDA:40,0,0,0
BRDA:40,0,1,0
BRDA:40,1,0,0
BRDA:40,1,1,0
BRDA:96,2,0,0
BRDA:96,2,1,0
BRDA:106,3,0,0
BRDA:106,3,1,0
BRDA:166,4,0,0
BRDA:166,4,1,0
BRDA:167,5,0,0
BRDA:167,5,1,0
BRDA:167,6,0,0
BRDA:167,6,1,0
BRDA:167,6,2,0
BRDA:167,6,3,0
BRDA:167,6,4,0
BRDA:189,7,0,0
BRDA:189,7,1,0
BRDA:195,8,0,0
BRDA:195,8,1,0
BRDA:196,9,0,0
BRDA:196,9,1,0
BRDA:197,10,0,0
BRDA:197,10,1,0
BRDA:197,10,2,0
BRDA:197,10,3,0
BRDA:197,10,4,0
BRDA:213,11,0,0
BRDA:213,11,1,0
BRDA:222,12,0,0
BRDA:222,12,1,0
BRDA:222,13,0,0
BRDA:222,13,1,0
BRDA:222,13,2,0
BRF:35
BRH:0
end_of_record
TN:
SF:/root/flyve/src/containers/Applications/routes.js
FN:35,_interopRequireDefault
FNF:1
FNH:0
FNDA:0,_interopRequireDefault
DA:1,0
DA:30,0
DA:31,0
DA:32,0
DA:33,0
DA:34,0
DA:35,0
DA:67,0
DA:76,0
LF:9
LH:0
BRDA:35,0,0,0
BRDA:35,0,1,0
BRDA:35,1,0,0
BRDA:35,1,1,0
BRF:4
BRH:0
end_of_record
TN:
SF:/root/flyve/src/containers/Applications/components/ApplicationsAdd.js
FN:41,_interopRequireDefault
FN:49,(anonymous_1)
FN:63,(anonymous_2)
FN:75,(anonymous_3)
FN:87,(anonymous_4)
FN:98,(anonymous_5)
FN:106,(anonymous_6)
FN:114,(anonymous_7)
FN:116,(anonymous_8)
FN:170,(anonymous_9)
FN:174,(anonymous_10)
FN:198,(anonymous_11)
FN:202,(anonymous_12)
FNF:13
FNH:0
FNDA:0,_interopRequireDefault
FNDA:0,(anonymous_1)
FNDA:0,(anonymous_2)
FNDA:0,(anonymous_3)
FNDA:0,(anonymous_4)
FNDA:0,(anonymous_5)
FNDA:0,(anonymous_6)
FNDA:0,(anonymous_7)
FNDA:0,(anonymous_8)
FNDA:0,(anonymous_9)
FNDA:0,(anonymous_10)
FNDA:0,(anonymous_11)
FNDA:0,(anonymous_12)
DA:1,0
DA:30,0
DA:33,0
DA:34,0
DA:35,0
DA:36,0
DA:40,0
DA:41,0
DA:50,0
DA:64,0
DA:67,0
DA:76,0
DA:80,0
DA:88,0
DA:91,0
DA:99,0
DA:100,0
DA:107,0
DA:108,0
DA:115,0
DA:116,0
DA:117,0
DA:118,0
DA:119,0
DA:120,0
DA:121,0
DA:124,0
DA:128,0
DA:131,0
DA:136,0
DA:138,0
DA:142,0
DA:147,0
DA:170,0
DA:174,0
DA:199,0
DA:202,0
DA:216,0
DA:217,0
DA:221,0
LF:40
LH:0
BRDA:41,0,0,0
BRDA:41,0,1,0
BRDA:41,1,0,0
BRDA:41,1,1,0
BRDA:170,2,0,0
BRDA:170,2,1,0
BRDA:194,3,0,0
BRDA:194,3,1,0
BRF:8
BRH:0
end_of_record
TN:
SF:/root/flyve/src/containers/Applications/components/ApplicationsContent.js
FN:42,_interopRequireDefault
FN:50,(anonymous_1)
FN:102,(anonymous_2)
FN:142,(anonymous_3)
FN:161,(anonymous_4)
FN:166,(anonymous_5)
FN:172,(anonymous_6)
FN:180,(anonymous_7)
FN:218,(anonymous_8)
FN:237,(anonymous_9)
FNF:10
FNH:0
FNDA:0,_interopRequireDefault
FNDA:0,(anonymous_1)
FNDA:0,(anonymous_2)
FNDA:0,(anonymous_3)
FNDA:0,(anonymous_4)
FNDA:0,(anonymous_5)
FNDA:0,(anonymous_6)
FNDA:0,(anonymous_7)
FNDA:0,(anonymous_8)
FNDA:0,(anonymous_9)
DA:1,0
DA:30,0
DA:33,0
DA:34,0
DA:35,0
DA:36,0
DA:37,0
DA:38,0
DA:39,0
DA:40,0
DA:41,0
DA:42,0
DA:51,0
DA:103,0
DA:104,0
DA:105,0
DA:107,0
DA:110,0
DA:111,0
DA:118,0
DA:123,0
DA:124,0
DA:126,0
DA:130,0
DA:135,0
DA:143,0
DA:144,0
DA:145,0
DA:149,0
DA:153,0
DA:157,0
DA:159,0
DA:161,0
DA:166,0
DA:172,0
DA:180,0
DA:192,0
DA:218,0
DA:237,0
DA:241,0
DA:245,0
DA:250,0
LF:42
LH:0
BRDA:42,0,0,0
BRDA:42,0,1,0
BRDA:42,1,0,0
BRDA:42,1,1,0
BRDA:104,2,0,0
BRDA:104,2,1,0
BRDA:166,3,0,0
BRDA:166,3,1,0
BRDA:172,4,0,0
BRDA:172,4,1,0
BRDA:180,5,0,0
BRDA:180,5,1,0
BRDA:180,6,0,0
BRDA:180,6,1,0
BRDA:180,7,0,0
BRDA:180,7,1,0
BRF:16
BRH:0
end_of_record
TN:
SF:/root/flyve/src/containers/Applications/components/ApplicationsEdit.js
FN:39,_interopRequireDefault
FN:47,(anonymous_1)
FN:61,(anonymous_2)
FN:65,(anonymous_3)
FN:88,(anonymous_4)
FN:133,(anonymous_5)
FN:134,(anonymous_6)
FNF:7
FNH:0
FNDA:0,_interopRequireDefault
FNDA:0,(anonymous_1)
FNDA:0,(anonymous_2)
FNDA:0,(anonymous_3)
FNDA:0,(anonymous_4)
FNDA:0,(anonymous_5)
FNDA:0,(anonymous_6)
DA:1,0
DA:30,0
DA:33,0
DA:34,0
DA:35,0
DA:36,0
DA:37,0
DA:38,0
DA:39,0
DA:48,0
DA:62,0
DA:65,0
DA:68,0
DA:69,0
DA:71,0
DA:75,0
DA:78,0
DA:81,0
DA:89,0
DA:90,0
DA:91,0
DA:94,0
DA:99,0
DA:100,0
DA:106,0
DA:113,0
DA:114,0
DA:117,0
DA:121,0
DA:125,0
DA:133,0
DA:134,0
DA:135,0
DA:143,0
DA:162,0
DA:165,0
DA:168,0
DA:180,0
LF:38
LH:0
BRDA:39,0,0,0
BRDA:39,0,1,0
BRDA:39,1,0,0
BRDA:39,1,1,0
BRDA:68,2,0,0
BRDA:68,2,1,0
BRDA:90,3,0,0
BRDA:90,3,1,0
BRDA:99,4,0,0
BRDA:99,4,1,0
BRDA:133,5,0,0
BRDA:133,5,1,0
BRDA:133,6,0,0
BRDA:133,6,1,0
BRF:14
BRH:0
end_of_record
TN:
SF:/root/flyve/src/containers/Applications/components/ApplicationsEditItemList.js
FN:34,_interopRequireDefault
FN:42,(anonymous_1)
FN:64,(anonymous_2)
FN:75,(anonymous_3)
FN:81,(anonymous_4)
FN:89,(anonymous_5)
FNF:6
FNH:0
FNDA:0,_interopRequireDefault
FNDA:0,(anonymous_1)
FNDA:0,(anonymous_2)
FNDA:0,(anonymous_3)
FNDA:0,(anonymous_4)
FNDA:0,(anonymous_5)
DA:1,0
DA:30,0
DA:33,0
DA:34,0
DA:43,0
DA:65,0
DA:68,0
DA:76,0
DA:77,0
DA:79,0
DA:81,0
DA:89,0
DA:102,0
DA:105,0
LF:14
LH:0
BRDA:34,0,0,0
BRDA:34,0,1,0
BRDA:34,1,0,0
BRDA:34,1,1,0
BRDA:76,2,0,0
BRDA:76,2,1,0
BRF:6
BRH:0
end_of_record
TN:
SF:/root/flyve/src/containers/Applications/components/ApplicationsItemList.js
FN:34,_interopRequireDefault
FN:41,(anonymous_1)
FNF:2
FNH:0
FNDA:0,_interopRequireDefault
FNDA:0,(anonymous_1)
DA:1,0
DA:30,0
DA:33,0
DA:34,0
DA:45,0
DA:48,0
DA:49,0
DA:58,0
DA:73,0
DA:86,0
DA:89,0
DA:95,0
LF:12
LH:0
BRDA:34,0,0,0
BRDA:34,0,1,0
BRDA:34,1,0,0
BRDA:34,1,1,0
BRDA:48,2,0,0
BRDA:48,2,1,0
BRF:6
BRH:0
end_of_record
TN:
SF:/root/flyve/src/containers/Applications/components/ApplicationsList.js
FN:43,_interopRequireDefault
FN:59,(anonymous_1)
FN:60,(anonymous_2)
FN:130,(anonymous_3)
FN:179,(anonymous_4)
FN:190,(anonymous_5)
FN:209,(anonymous_6)
FN:230,(anonymous_7)
FN:262,(anonymous_8)
FN:266,(anonymous_9)
FN:305,(anonymous_10)
FN:316,(anonymous_11)
FN:366,(anonymous_12)
FN:426,(anonymous_13)
FN:433,(anonymous_14)
FN:433,(anonymous_15)
FN:436,(anonymous_16)
FN:469,(anonymous_17)
FN:491,(anonymous_18)
FN:516,(anonymous_19)
FN:559,(anonymous_20)
FNF:21
FNH:0
FNDA:0,_interopRequireDefault
FNDA:0,(anonymous_1)
FNDA:0,(anonymous_2)
FNDA:0,(anonymous_3)
FNDA:0,(anonymous_4)
FNDA:0,(anonymous_5)
FNDA:0,(anonymous_6)
FNDA:0,(anonymous_7)
FNDA:0,(anonymous_8)
FNDA:0,(anonymous_9)
FNDA:0,(anonymous_10)
FNDA:0,(anonymous_11)
FNDA:0,(anonymous_12)
FNDA:0,(anonymous_13)
FNDA:0,(anonymous_14)
FNDA:0,(anonymous_15)
FNDA:0,(anonymous_16)
FNDA:0,(anonymous_17)
FNDA:0,(anonymous_18)
FNDA:0,(anonymous_19)
FNDA:0,(anonymous_20)
DA:1,0
DA:30,0
DA:33,0
DA:34,0
DA:35,0
DA:36,0
DA:37,0
DA:38,0
DA:39,0
DA:40,0
DA:41,0
DA:42,0
DA:43,0
DA:60,0
DA:134,0
DA:138,0
DA:140,0
DA:141,0
DA:142,0
DA:151,0
DA:160,0
DA:167,0
DA:168,0
DA:173,0
DA:180,0
DA:182,0
DA:183,0
DA:184,0
DA:195,0
DA:197,0
DA:198,0
DA:199,0
DA:200,0
DA:201,0
DA:203,0
DA:215,0
DA:217,0
DA:218,0
DA:219,0
DA:220,0
DA:221,0
DA:223,0
DA:235,0
DA:236,0
DA:238,0
DA:239,0
DA:240,0
DA:242,0
DA:243,0
DA:246,0
DA:248,0
DA:249,0
DA:252,0
DA:253,0
DA:255,0
DA:263,0
DA:264,0
DA:265,0
DA:266,0
DA:270,0
DA:274,0
DA:282,0
DA:287,0
DA:288,0
DA:289,0
DA:292,0
DA:293,0
DA:295,0
DA:298,0
DA:302,0
DA:303,0
DA:305,0
DA:309,0
DA:317,0
DA:321,0
DA:323,0
DA:324,0
DA:333,0
DA:335,0
DA:344,0
DA:351,0
DA:353,0
DA:358,0
DA:372,0
DA:373,0
DA:375,0
DA:376,0
DA:379,0
DA:384,0
DA:385,0
DA:386,0
DA:387,0
DA:390,0
DA:400,0
DA:401,0
DA:402,0
DA:406,0
DA:416,0
DA:420,0
DA:427,0
DA:428,0
DA:429,0
DA:430,0
DA:431,0
DA:433,0
DA:436,0
DA:469,0
DA:486,0
DA:487,0
DA:488,0
DA:489,0
DA:491,0
DA:504,0
DA:513,0
DA:516,0
DA:559,0
DA:563,0
DA:565,0
DA:570,0
LF:119
LH:0
BRDA:43,0,0,0
BRDA:43,0,1,0
BRDA:43,1,0,0
BRDA:43,1,1,0
BRDA:200,2,0,0
BRDA:200,2,1,0
BRDA:220,3,0,0
BRDA:220,3,1,0
BRDA:248,4,0,0
BRDA:248,4,1,0
BRDA:248,5,0,0
BRDA:248,5,1,0
BRDA:252,6,0,0
BRDA:252,6,1,0
BRDA:252,7,0,0
BRDA:252,7,1,0
BRDA:265,8,0,0
BRDA:265,8,1,0
BRDA:333,9,0,0
BRDA:333,9,1,0
BRDA:384,10,0,0
BRDA:384,10,1,0
BRDA:386,11,0,0
BRDA:386,11,1,0
BRDA:387,12,0,0
BRDA:387,12,1,0
BRDA:401,13,0,0
BRDA:401,13,1,0
BRDA:430,14,0,0
BRDA:430,14,1,0
BRDA:433,15,0,0
BRDA:433,15,1,0
BRDA:433,16,0,0
BRDA:433,16,1,0
BRDA:433,17,0,0
BRDA:433,17,1,0
BRDA:433,18,0,0
BRDA:433,18,1,0
BRDA:433,19,0,0
BRDA:433,19,1,0
BRDA:433,20,0,0
BRDA:433,20,1,0
BRDA:433,21,0,0
BRDA:433,21,1,0
BRDA:433,21,2,0
BRDA:433,22,0,0
BRDA:433,22,1,0
BRDA:469,23,0,0
BRDA:469,23,1,0
BRDA:486,24,0,0
BRDA:486,24,1,0
BRDA:488,25,0,0
BRDA:488,25,1,0
BRDA:488,26,0,0
BRDA:488,26,1,0
BRDA:498,27,0,0
BRDA:498,27,1,0
BRDA:499,28,0,0
BRDA:499,28,1,0
BRDA:542,29,0,0
BRDA:542,29,1,0
BRDA:543,30,0,0
BRDA:543,30,1,0
BRF:63
BRH:0
end_of_record
TN:
SF:/root/flyve/src/containers/Devices/index.js
FN:40,_interopRequireDefault
FN:47,(anonymous_1)
FN:81,(anonymous_2)
FN:106,(anonymous_3)
FN:124,(anonymous_4)
FN:132,(anonymous_5)
FN:140,(anonymous_6)
FN:149,(anonymous_7)
FN:176,(anonymous_8)
FN:198,(anonymous_9)
FN:198,(anonymous_10)
FN:222,(anonymous_11)
FNF:12
FNH:0
FNDA:0,_interopRequireDefault
FNDA:0,(anonymous_1)
FNDA:0,(anonymous_2)
FNDA:0,(anonymous_3)
FNDA:0,(anonymous_4)
FNDA:0,(anonymous_5)
FNDA:0,(anonymous_6)
FNDA:0,(anonymous_7)
FNDA:0,(anonymous_8)
FNDA:0,(anonymous_9)
FNDA:0,(anonymous_10)
FNDA:0,(anonymous_11)
DA:1,0
DA:30,0
DA:33,0
DA:34,0
DA:35,0
DA:36,0
DA:37,0
DA:38,0
DA:39,0
DA:40,0
DA:48,0
DA:82,0
DA:84,0
DA:85,0
DA:89,0
DA:94,0
DA:95,0
DA:99,0
DA:106,0
DA:117,0
DA:124,0
DA:125,0
DA:132,0
DA:133,0
DA:140,0
DA:141,0
DA:150,0
DA:154,0
DA:155,0
DA:160,0
DA:162,0
DA:165,0
DA:168,0
DA:169,0
DA:177,0
DA:178,0
DA:183,0
DA:184,0
DA:189,0
DA:191,0
DA:194,0
DA:197,0
DA:198,0
DA:222,0
DA:229,0
DA:234,0
LF:46
LH:0
BRDA:40,0,0,0
BRDA:40,0,1,0
BRDA:40,1,0,0
BRDA:40,1,1,0
BRDA:84,2,0,0
BRDA:84,2,1,0
BRDA:94,3,0,0
BRDA:94,3,1,0
BRDA:154,4,0,0
BRDA:154,4,1,0
BRDA:155,5,0,0
BRDA:155,5,1,0
BRDA:155,6,0,0
BRDA:155,6,1,0
BRDA:155,6,2,0
BRDA:155,6,3,0
BRDA:155,6,4,0
BRDA:177,7,0,0
BRDA:177,7,1,0
BRDA:183,8,0,0
BRDA:183,8,1,0
BRDA:184,9,0,0
BRDA:184,9,1,0
BRDA:184,10,0,0
BRDA:184,10,1,0
BRDA:184,10,2,0
BRDA:184,10,3,0
BRDA:184,10,4,0
BRDA:198,11,0,0
BRDA:198,11,1,0
BRDA:198,12,0,0
BRDA:198,12,1,0
BRDA:198,13,0,0
BRDA:198,13,1,0
BRDA:198,13,2,0
BRF:35
BRH:0
end_of_record
TN:
SF:/root/flyve/src/containers/Devices/routes.js
FN:35,_interopRequireDefault
FNF:1
FNH:0
FNDA:0,_interopRequireDefault
DA:1,0
DA:29,0
DA:30,0
DA:31,0
DA:32,0
DA:33,0
DA:34,0
DA:35,0
DA:42,0
DA:102,0
LF:10
LH:0
BRDA:35,0,0,0
BRDA:35,0,1,0
BRDA:35,1,0,0
BRDA:35,1,1,0
BRF:4
BRH:0
end_of_record
TN:
SF:/root/flyve/src/containers/Devices/components/DevicesContent.js
FN:41,_interopRequireDefault
FN:55,(anonymous_1)
FN:81,(anonymous_2)
FN:89,(anonymous_3)
FN:95,(anonymous_4)
FN:99,(anonymous_5)
FN:103,(anonymous_6)
FN:108,(anonymous_7)
FN:113,(anonymous_8)
FNF:9
FNH:0
FNDA:0,_interopRequireDefault
FNDA:0,(anonymous_1)
FNDA:0,(anonymous_2)
FNDA:0,(anonymous_3)
FNDA:0,(anonymous_4)
FNDA:0,(anonymous_5)
FNDA:0,(anonymous_6)
FNDA:0,(anonymous_7)
FNDA:0,(anonymous_8)
DA:1,0
DA:30,0
DA:33,0
DA:34,0
DA:35,0
DA:36,0
DA:37,0
DA:38,0
DA:39,0
DA:40,0
DA:41,0
DA:56,0
DA:82,0
DA:83,0
DA:84,0
DA:89,0
DA:90,0
DA:95,0
DA:99,0
DA:103,0
DA:108,0
DA:113,0
DA:182,0
DA:185,0
DA:190,0
LF:25
LH:0
BRDA:41,0,0,0
BRDA:41,0,1,0
BRDA:41,1,0,0
BRDA:41,1,1,0
BRDA:82,2,0,0
BRDA:82,2,1,0
BRDA:83,3,0,0
BRDA:83,3,1,0
BRDA:95,4,0,0
BRDA:95,4,1,0
BRF:10
BRH:0
end_of_record
TN:
SF:/root/flyve/src/containers/Devices/components/DevicesEdit.js
FN:36,_interopRequireDefault
FN:44,(anonymous_1)
FN:64,(anonymous_2)
FNF:3
FNH:0
FNDA:0,_interopRequireDefault
FNDA:0,(anonymous_1)
FNDA:0,(anonymous_2)
DA:1,0
DA:30,0
DA:33,0
DA:34,0
DA:35,0
DA:36,0
DA:45,0
DA:46,0
DA:65,0
DA:81,0
DA:84,0
DA:89,0
LF:12
LH:0
BRDA:36,0,0,0
BRDA:36,0,1,0
BRDA:36,1,0,0
BRDA:36,1,1,0
BRF:4
BRH:0
end_of_record
TN:
SF:/root/flyve/src/containers/Devices/components/DevicesEditOne.js
FN:43,_interopRequireDefault
FN:51,(anonymous_1)
FN:72,(anonymous_2)
FN:77,(anonymous_3)
FN:98,(anonymous_4)
FN:127,(anonymous_5)
FN:148,(anonymous_6)
FN:161,(anonymous_7)
FN:171,(anonymous_8)
FN:180,(anonymous_9)
FN:191,(anonymous_10)
FNF:11
FNH:0
FNDA:0,_interopRequireDefault
FNDA:0,(anonymous_1)
FNDA:0,(anonymous_2)
FNDA:0,(anonymous_3)
FNDA:0,(anonymous_4)
FNDA:0,(anonymous_5)
FNDA:0,(anonymous_6)
FNDA:0,(anonymous_7)
FNDA:0,(anonymous_8)
FNDA:0,(anonymous_9)
FNDA:0,(anonymous_10)
DA:1,0
DA:30,0
DA:33,0
DA:34,0
DA:35,0
DA:36,0
DA:37,0
DA:38,0
DA:39,0
DA:40,0
DA:43,0
DA:52,0
DA:73,0
DA:78,0
DA:99,0
DA:119,0
DA:128,0
DA:129,0
DA:131,0
DA:138,0
DA:142,0
DA:149,0
DA:152,0
DA:156,0
DA:162,0
DA:167,0
DA:168,0
DA:169,0
DA:172,0
DA:176,0
DA:180,0
DA:191,0
DA:192,0
DA:198,0
DA:199,0
DA:216,0
DA:217,0
DA:221,0
LF:38
LH:0
BRDA:43,0,0,0
BRDA:43,0,1,0
BRDA:43,1,0,0
BRDA:43,1,1,0
BRDA:128,2,0,0
BRDA:128,2,1,0
BRDA:180,3,0,0
BRDA:180,3,1,0
BRDA:191,4,0,0
BRDA:191,4,1,0
BRDA:192,5,0,0
BRDA:192,5,1,0
BRDA:198,6,0,0
BRDA:198,6,1,0
BRDA:198,7,0,0
BRDA:198,7,1,0
BRF:16
BRH:0
end_of_record
TN:
SF:/root/flyve/src/containers/Devices/components/DevicesItemList.js
FN:34,_interopRequireDefault
FN:41,(anonymous_1)
FNF:2
FNH:0
FNDA:0,_interopRequireDefault
FNDA:0,(anonymous_1)
DA:1,0
DA:30,0
DA:33,0
DA:34,0
DA:42,0
DA:47,0
DA:48,0
DA:56,0
DA:61,0
DA:77,0
DA:80,0
LF:11
LH:0
BRDA:34,0,0,0
BRDA:34,0,1,0
BRDA:34,1,0,0
BRDA:34,1,1,0
BRDA:42,2,0,0
BRDA:42,2,1,0
BRDA:47,3,0,0
BRDA:47,3,1,0
BRF:8
BRH:0
end_of_record
TN:
SF:/root/flyve/src/containers/Devices/components/DevicesList.js
FN:44,_interopRequireDefault
FN:72,(anonymous_1)
FN:72,(anonymous_2)
FN:72,(anonymous_3)
FN:123,(anonymous_4)
FN:174,(anonymous_5)
FN:215,(anonymous_6)
FN:228,(anonymous_7)
FN:242,(anonymous_8)
FN:263,(anonymous_9)
FN:267,(anonymous_10)
FN:308,(anonymous_11)
FN:320,(anonymous_12)
FN:356,(anonymous_13)
FN:356,(anonymous_14)
FN:356,(anonymous_15)
FN:385,(anonymous_16)
FN:385,(anonymous_17)
FN:385,(anonymous_18)
FN:412,(anonymous_19)
FN:432,(anonymous_20)
FN:473,(anonymous_21)
FNF:22
FNH:0
FNDA:0,_interopRequireDefault
FNDA:0,(anonymous_1)
FNDA:0,(anonymous_2)
FNDA:0,(anonymous_3)
FNDA:0,(anonymous_4)
FNDA:0,(anonymous_5)
FNDA:0,(anonymous_6)
FNDA:0,(anonymous_7)
FNDA:0,(anonymous_8)
FNDA:0,(anonymous_9)
FNDA:0,(anonymous_10)
FNDA:0,(anonymous_11)
FNDA:0,(anonymous_12)
FNDA:0,(anonymous_13)
FNDA:0,(anonymous_14)
FNDA:0,(anonymous_15)
FNDA:0,(anonymous_16)
FNDA:0,(anonymous_17)
FNDA:0,(anonymous_18)
FNDA:0,(anonymous_19)
FNDA:0,(anonymous_20)
FNDA:0,(anonymous_21)
DA:1,0
DA:30,0
DA:33,0
DA:34,0
DA:35,0
DA:36,0
DA:37,0
DA:38,0
DA:39,0
DA:40,0
DA:41,0
DA:42,0
DA:43,0
DA:44,0
DA:72,0
DA:124,0
DA:125,0
DA:128,0
DA:132,0
DA:133,0
DA:134,0
DA:135,0
DA:138,0
DA:139,0
DA:148,0
DA:149,0
DA:150,0
DA:153,0
DA:163,0
DA:167,0
DA:175,0
DA:176,0
DA:186,0
DA:187,0
DA:196,0
DA:203,0
DA:204,0
DA:209,0
DA:216,0
DA:217,0
DA:218,0
DA:219,0
DA:220,0
DA:222,0
DA:229,0
DA:230,0
DA:231,0
DA:232,0
DA:233,0
DA:235,0
DA:243,0
DA:244,0
DA:245,0
DA:247,0
DA:248,0
DA:250,0
DA:251,0
DA:252,0
DA:254,0
DA:255,0
DA:257,0
DA:264,0
DA:265,0
DA:266,0
DA:267,0
DA:271,0
DA:275,0
DA:283,0
DA:288,0
DA:289,0
DA:290,0
DA:293,0
DA:294,0
DA:296,0
DA:297,0
DA:301,0
DA:305,0
DA:306,0
DA:308,0
DA:312,0
DA:321,0
DA:322,0
DA:330,0
DA:332,0
DA:341,0
DA:348,0
DA:353,0
DA:356,0
DA:385,0
DA:386,0
DA:407,0
DA:408,0
DA:409,0
DA:410,0
DA:412,0
DA:427,0
DA:430,0
DA:432,0
DA:473,0
DA:477,0
DA:480,0
DA:485,0
LF:102
LH:0
BRDA:44,0,0,0
BRDA:44,0,1,0
BRDA:44,1,0,0
BRDA:44,1,1,0
BRDA:132,2,0,0
BRDA:132,2,1,0
BRDA:134,3,0,0
BRDA:134,3,1,0
BRDA:135,4,0,0
BRDA:135,4,1,0
BRDA:149,5,0,0
BRDA:149,5,1,0
BRDA:219,6,0,0
BRDA:219,6,1,0
BRDA:232,7,0,0
BRDA:232,7,1,0
BRDA:251,8,0,0
BRDA:251,8,1,0
BRDA:251,9,0,0
BRDA:251,9,1,0
BRDA:254,10,0,0
BRDA:254,10,1,0
BRDA:254,11,0,0
BRDA:254,11,1,0
BRDA:266,12,0,0
BRDA:266,12,1,0
BRDA:296,13,0,0
BRDA:296,13,1,0
BRDA:330,14,0,0
BRDA:330,14,1,0
BRDA:356,15,0,0
BRDA:356,15,1,0
BRDA:356,16,0,0
BRDA:356,16,1,0
BRDA:356,17,0,0
BRDA:356,17,1,0
BRDA:356,18,0,0
BRDA:356,18,1,0
BRDA:356,19,0,0
BRDA:356,19,1,0
BRDA:356,20,0,0
BRDA:356,20,1,0
BRDA:356,21,0,0
BRDA:356,21,1,0
BRDA:356,21,2,0
BRDA:356,22,0,0
BRDA:356,22,1,0
BRDA:386,23,0,0
BRDA:386,23,1,0
BRDA:407,24,0,0
BRDA:407,24,1,0
BRDA:409,25,0,0
BRDA:409,25,1,0
BRDA:409,26,0,0
BRDA:409,26,1,0
BRDA:421,27,0,0
BRDA:421,27,1,0
BRDA:422,28,0,0
BRDA:422,28,1,0
BRDA:457,29,0,0
BRDA:457,29,1,0
BRDA:458,30,0,0
BRDA:458,30,1,0
BRF:63
BRH:0
end_of_record
TN:
SF:/root/flyve/src/containers/Devices/components/Enroll.js
FN:37,_interopRequireDefault
FN:45,(anonymous_1)
FN:58,(anonymous_2)
FN:63,(anonymous_3)
FN:74,(anonymous_4)
FN:88,(anonymous_5)
FN:102,(anonymous_6)
FN:114,(anonymous_7)
FN:140,(anonymous_8)
FNF:9
FNH:0
FNDA:0,_interopRequireDefault
FNDA:0,(anonymous_1)
FNDA:0,(anonymous_2)
FNDA:0,(anonymous_3)
FNDA:0,(anonymous_4)
FNDA:0,(anonymous_5)
FNDA:0,(anonymous_6)
FNDA:0,(anonymous_7)
FNDA:0,(anonymous_8)
DA:1,0
DA:30,0
DA:33,0
DA:34,0
DA:35,0
DA:36,0
DA:37,0
DA:46,0
DA:59,0
DA:60,0
DA:61,0
DA:64,0
DA:72,0
DA:75,0
DA:76,0
DA:79,0
DA:86,0
DA:89,0
DA:95,0
DA:103,0
DA:106,0
DA:114,0
DA:115,0
DA:140,0
DA:157,0
DA:158,0
DA:161,0
LF:27
LH:0
BRDA:37,0,0,0
BRDA:37,0,1,0
BRDA:37,1,0,0
BRDA:37,1,1,0
BRDA:60,2,0,0
BRDA:60,2,1,0
BRDA:114,3,0,0
BRDA:114,3,1,0
BRF:8
BRH:0
end_of_record
TN:
SF:/root/flyve/src/containers/Devices/components/Map.js
FN:34,_interopRequireDefault
FN:53,(anonymous_1)
FN:81,(anonymous_2)
FN:98,(anonymous_3)
FN:115,(anonymous_4)
FN:115,(anonymous_5)
FN:115,(anonymous_6)
FN:118,(anonymous_7)
FNF:8
FNH:0
FNDA:0,_interopRequireDefault
FNDA:0,(anonymous_1)
FNDA:0,(anonymous_2)
FNDA:0,(anonymous_3)
FNDA:0,(anonymous_4)
FNDA:0,(anonymous_5)
FNDA:0,(anonymous_6)
FNDA:0,(anonymous_7)
DA:1,0
DA:30,0
DA:33,0
DA:34,0
DA:38,0
DA:40,0
DA:54,0
DA:82,0
DA:83,0
DA:84,0
DA:85,0
DA:89,0
DA:92,0
DA:99,0
DA:100,0
DA:101,0
DA:106,0
DA:107,0
DA:108,0
DA:115,0
DA:118,0
DA:122,0
DA:130,0
DA:133,0
LF:24
LH:0
BRDA:34,0,0,0
BRDA:34,0,1,0
BRDA:34,1,0,0
BRDA:34,1,1,0
BRDA:82,2,0,0
BRDA:82,2,1,0
BRDA:84,3,0,0
BRDA:84,3,1,0
BRDA:106,4,0,0
BRDA:106,4,1,0
BRF:10
BRH:0
end_of_record
TN:
SF:/root/flyve/src/containers/Devices/components/Sections/DangerZone.js
FN:38,_interopRequireDefault
FN:46,(anonymous_1)
FN:79,(anonymous_2)
FN:111,(anonymous_3)
FN:143,(anonymous_4)
FN:165,(anonymous_5)
FN:165,(anonymous_6)
FN:177,(anonymous_7)
FN:177,(anonymous_8)
FNF:9
FNH:0
FNDA:0,_interopRequireDefault
FNDA:0,(anonymous_1)
FNDA:0,(anonymous_2)
FNDA:0,(anonymous_3)
FNDA:0,(anonymous_4)
FNDA:0,(anonymous_5)
FNDA:0,(anonymous_6)
FNDA:0,(anonymous_7)
FNDA:0,(anonymous_8)
DA:1,0
DA:30,0
DA:33,0
DA:34,0
DA:35,0
DA:36,0
DA:37,0
DA:38,0
DA:47,0
DA:80,0
DA:81,0
DA:82,0
DA:83,0
DA:90,0
DA:95,0
DA:96,0
DA:98,0
DA:104,0
DA:112,0
DA:113,0
DA:114,0
DA:115,0
DA:122,0
DA:127,0
DA:128,0
DA:130,0
DA:136,0
DA:144,0
DA:145,0
DA:146,0
DA:147,0
DA:151,0
DA:156,0
DA:157,0
DA:159,0
DA:165,0
DA:177,0
DA:230,0
DA:237,0
DA:249,0
LF:40
LH:0
BRDA:38,0,0,0
BRDA:38,0,1,0
BRDA:38,1,0,0
BRDA:38,1,1,0
BRDA:81,2,0,0
BRDA:81,2,1,0
BRDA:92,3,0,0
BRDA:92,3,1,0
BRDA:113,4,0,0
BRDA:113,4,1,0
BRDA:124,5,0,0
BRDA:124,5,1,0
BRDA:145,6,0,0
BRDA:145,6,1,0
BRDA:153,7,0,0
BRDA:153,7,1,0
BRDA:165,8,0,0
BRDA:165,8,1,0
BRDA:165,9,0,0
BRDA:165,9,1,0
BRDA:165,10,0,0
BRDA:165,10,1,0
BRDA:165,11,0,0
BRDA:165,11,1,0
BRF:24
BRH:0
end_of_record
TN:
SF:/root/flyve/src/containers/Devices/components/Sections/Geolocation.js
FN:40,_interopRequireDefault
FN:47,(anonymous_1)
FN:93,(anonymous_2)
FN:94,(anonymous_3)
FN:95,(anonymous_4)
FN:104,(anonymous_5)
FN:106,(anonymous_6)
FN:107,(anonymous_7)
FN:123,(anonymous_8)
FN:158,(anonymous_9)
FN:198,(anonymous_10)
FN:199,(anonymous_11)
FN:199,(anonymous_12)
FN:199,(anonymous_13)
FN:220,(anonymous_14)
FN:220,(anonymous_15)
FN:220,(anonymous_16)
FNF:17
FNH:0
FNDA:0,_interopRequireDefault
FNDA:0,(anonymous_1)
FNDA:0,(anonymous_2)
FNDA:0,(anonymous_3)
FNDA:0,(anonymous_4)
FNDA:0,(anonymous_5)
FNDA:0,(anonymous_6)
FNDA:0,(anonymous_7)
FNDA:0,(anonymous_8)
FNDA:0,(anonymous_9)
FNDA:0,(anonymous_10)
FNDA:0,(anonymous_11)
FNDA:0,(anonymous_12)
FNDA:0,(anonymous_13)
FNDA:0,(anonymous_14)
FNDA:0,(anonymous_15)
FNDA:0,(anonymous_16)
DA:1,0
DA:30,0
DA:33,0
DA:34,0
DA:35,0
DA:36,0
DA:37,0
DA:38,0
DA:39,0
DA:40,0
DA:48,0
DA:94,0
DA:95,0
DA:97,0
DA:105,0
DA:106,0
DA:107,0
DA:108,0
DA:109,0
DA:111,0
DA:113,0
DA:116,0
DA:124,0
DA:125,0
DA:128,0
DA:135,0
DA:140,0
DA:142,0
DA:145,0
DA:151,0
DA:159,0
DA:160,0
DA:163,0
DA:165,0
DA:167,0
DA:172,0
DA:179,0
DA:183,0
DA:191,0
DA:198,0
DA:199,0
DA:220,0
DA:256,0
DA:259,0
LF:44
LH:0
BRDA:40,0,0,0
BRDA:40,0,1,0
BRDA:40,1,0,0
BRDA:40,1,1,0
BRDA:108,2,0,0
BRDA:108,2,1,0
BRDA:159,3,0,0
BRDA:159,3,1,0
BRDA:199,4,0,0
BRDA:199,4,1,0
BRDA:199,5,0,0
BRDA:199,5,1,0
BRDA:199,6,0,0
BRDA:199,6,1,0
BRDA:199,7,0,0
BRDA:199,7,1,0
BRDA:220,8,0,0
BRDA:220,8,1,0
BRDA:221,9,0,0
BRDA:221,9,1,0
BRDA:236,10,0,0
BRDA:236,10,1,0
BRDA:243,11,0,0
BRDA:243,11,1,0
BRF:24
BRH:0
end_of_record
TN:
SF:/root/flyve/src/containers/Devices/components/Sections/GeolocationList.js
FN:34,_interopRequireDefault
FN:41,(anonymous_1)
FN:44,(anonymous_2)
FN:48,(anonymous_3)
FN:61,(anonymous_4)
FNF:5
FNH:0
FNDA:0,_interopRequireDefault
FNDA:0,(anonymous_1)
FNDA:0,(anonymous_2)
FNDA:0,(anonymous_3)
FNDA:0,(anonymous_4)
DA:1,0
DA:30,0
DA:33,0
DA:34,0
DA:43,0
DA:44,0
DA:45,0
DA:48,0
DA:61,0
DA:69,0
DA:75,0
DA:79,0
DA:84,0
DA:88,0
LF:14
LH:0
BRDA:34,0,0,0
BRDA:34,0,1,0
BRDA:34,1,0,0
BRDA:34,1,1,0
BRDA:43,2,0,0
BRDA:43,2,1,0
BRF:6
BRH:0
end_of_record
TN:
SF:/root/flyve/src/containers/Devices/components/Sections/GeolocationRange.js
FN:35,_interopRequireDefault
FN:45,(anonymous_1)
FN:60,(anonymous_2)
FN:69,(anonymous_3)
FN:87,(anonymous_4)
FNF:5
FNH:0
FNDA:0,_interopRequireDefault
FNDA:0,(anonymous_1)
FNDA:0,(anonymous_2)
FNDA:0,(anonymous_3)
FNDA:0,(anonymous_4)
DA:1,0
DA:30,0
DA:33,0
DA:34,0
DA:35,0
DA:46,0
DA:61,0
DA:64,0
DA:69,0
DA:87,0
DA:97,0
DA:100,0
DA:106,0
LF:13
LH:0
BRDA:35,0,0,0
BRDA:35,0,1,0
BRDA:35,1,0,0
BRDA:35,1,1,0
BRF:4
BRH:0
end_of_record
TN:
SF:/root/flyve/src/containers/Devices/components/Sections/Inventory.js
FN:35,_interopRequireDefault
FN:43,(anonymous_1)
FN:59,(anonymous_2)
FN:62,(anonymous_3)
FN:69,(anonymous_4)
FN:90,(anonymous_5)
FN:90,(anonymous_6)
FN:99,(anonymous_7)
FN:106,(anonymous_8)
FN:118,(anonymous_9)
FNF:10
FNH:0
FNDA:0,_interopRequireDefault
FNDA:0,(anonymous_1)
FNDA:0,(anonymous_2)
FNDA:0,(anonymous_3)
FNDA:0,(anonymous_4)
FNDA:0,(anonymous_5)
FNDA:0,(anonymous_6)
FNDA:0,(anonymous_7)
FNDA:0,(anonymous_8)
FNDA:0,(anonymous_9)
DA:1,0
DA:30,0
DA:33,0
DA:34,0
DA:35,0
DA:44,0
DA:60,0
DA:63,0
DA:64,0
DA:69,0
DA:72,0
DA:77,0
DA:83,0
DA:90,0
DA:91,0
DA:99,0
DA:106,0
DA:111,0
DA:112,0
DA:118,0
DA:123,0
DA:124,0
DA:127,0
DA:131,0
LF:24
LH:0
BRDA:35,0,0,0
BRDA:35,0,1,0
BRDA:35,1,0,0
BRDA:35,1,1,0
BRDA:106,2,0,0
BRDA:106,2,1,0
BRDA:111,3,0,0
BRDA:111,3,1,0
BRF:8
BRH:0
end_of_record
TN:
SF:/root/flyve/src/containers/Devices/components/Sections/Main.js
FN:40,_interopRequireDefault
FN:48,(anonymous_1)
FN:88,(anonymous_2)
FN:115,(anonymous_3)
FN:126,(anonymous_4)
FN:136,(anonymous_5)
FN:149,(anonymous_6)
FN:158,(anonymous_7)
FN:161,(anonymous_8)
FN:181,(anonymous_9)
FN:195,(anonymous_10)
FN:195,(anonymous_11)
FN:195,(anonymous_12)
FN:209,(anonymous_13)
FN:297,(anonymous_14)
FNF:15
FNH:0
FNDA:0,_interopRequireDefault
FNDA:0,(anonymous_1)
FNDA:0,(anonymous_2)
FNDA:0,(anonymous_3)
FNDA:0,(anonymous_4)
FNDA:0,(anonymous_5)
FNDA:0,(anonymous_6)
FNDA:0,(anonymous_7)
FNDA:0,(anonymous_8)
FNDA:0,(anonymous_9)
FNDA:0,(anonymous_10)
FNDA:0,(anonymous_11)
FNDA:0,(anonymous_12)
FNDA:0,(anonymous_13)
FNDA:0,(anonymous_14)
DA:1,0
DA:30,0
DA:33,0
DA:34,0
DA:35,0
DA:36,0
DA:37,0
DA:38,0
DA:39,0
DA:40,0
DA:49,0
DA:89,0
DA:90,0
DA:91,0
DA:92,0
DA:97,0
DA:101,0
DA:105,0
DA:108,0
DA:116,0
DA:117,0
DA:118,0
DA:122,0
DA:127,0
DA:132,0
DA:133,0
DA:134,0
DA:137,0
DA:143,0
DA:150,0
DA:151,0
DA:152,0
DA:159,0
DA:162,0
DA:163,0
DA:174,0
DA:179,0
DA:182,0
DA:185,0
DA:190,0
DA:195,0
DA:209,0
DA:216,0
DA:220,0
DA:297,0
DA:302,0
DA:303,0
DA:306,0
LF:48
LH:0
BRDA:40,0,0,0
BRDA:40,0,1,0
BRDA:40,1,0,0
BRDA:40,1,1,0
BRDA:89,2,0,0
BRDA:89,2,1,0
BRDA:117,3,0,0
BRDA:117,3,1,0
BRDA:176,4,0,0
BRDA:176,4,1,0
BRDA:195,5,0,0
BRDA:195,5,1,0
BRDA:195,6,0,0
BRDA:195,6,1,0
BRDA:195,7,0,0
BRDA:195,7,1,0
BRDA:195,8,0,0
BRDA:195,8,1,0
BRDA:209,9,0,0
BRDA:209,9,1,0
BRDA:209,10,0,0
BRDA:209,10,1,0
BRDA:209,11,0,0
BRDA:209,11,1,0
BRDA:209,12,0,0
BRDA:209,12,1,0
BRDA:231,13,0,0
BRDA:231,13,1,0
BRDA:253,14,0,0
BRDA:253,14,1,0
BRF:30
BRH:0
end_of_record
TN:
SF:/root/flyve/src/containers/Devices/components/Sections/SystemReport.js
FN:38,_interopRequireDefault
FN:46,(anonymous_1)
FN:86,(anonymous_2)
FN:91,(anonymous_3)
FN:116,(anonymous_4)
FN:119,(anonymous_5)
FN:149,(anonymous_6)
FN:149,(anonymous_7)
FN:149,(anonymous_8)
FN:155,(anonymous_9)
FNF:10
FNH:0
FNDA:0,_interopRequireDefault
FNDA:0,(anonymous_1)
FNDA:0,(anonymous_2)
FNDA:0,(anonymous_3)
FNDA:0,(anonymous_4)
FNDA:0,(anonymous_5)
FNDA:0,(anonymous_6)
FNDA:0,(anonymous_7)
FNDA:0,(anonymous_8)
FNDA:0,(anonymous_9)
DA:1,0
DA:30,0
DA:33,0
DA:34,0
DA:35,0
DA:36,0
DA:37,0
DA:38,0
DA:47,0
DA:87,0
DA:88,0
DA:92,0
DA:93,0
DA:94,0
DA:98,0
DA:103,0
DA:110,0
DA:117,0
DA:120,0
DA:121,0
DA:132,0
DA:137,0
DA:139,0
DA:144,0
DA:149,0
DA:155,0
DA:158,0
DA:159,0
DA:253,0
DA:254,0
DA:257,0
LF:31
LH:0
BRDA:38,0,0,0
BRDA:38,0,1,0
BRDA:38,1,0,0
BRDA:38,1,1,0
BRDA:87,2,0,0
BRDA:87,2,1,0
BRDA:149,3,0,0
BRDA:149,3,1,0
BRDA:149,4,0,0
BRDA:149,4,1,0
BRDA:149,5,0,0
BRDA:149,5,1,0
BRDA:149,6,0,0
BRDA:149,6,1,0
BRDA:155,7,0,0
BRDA:155,7,1,0
BRDA:155,8,0,0
BRDA:155,8,1,0
BRDA:158,9,0,0
BRDA:158,9,1,0
BRDA:158,10,0,0
BRDA:158,10,1,0
BRDA:170,11,0,0
BRDA:170,11,1,0
BRDA:212,12,0,0
BRDA:212,12,1,0
BRF:26
BRH:0
end_of_record
TN:
SF:/root/flyve/src/containers/Devices/components/Sections/index.js
FN:34,_interopRequireDefault
FNF:1
FNH:0
FNDA:0,_interopRequireDefault
DA:1,0
DA:30,0
DA:31,0
DA:32,0
DA:33,0
DA:34,0
DA:37,0
DA:38,0
DA:39,0
DA:40,0
LF:10
LH:0
BRDA:34,0,0,0
BRDA:34,0,1,0
BRDA:34,1,0,0
BRDA:34,1,1,0
BRF:4
BRH:0
end_of_record
TN:
SF:/root/flyve/src/containers/Devices/components/Sections/Applications/ApplicationDetail.js
FN:40,_interopRequireDefault
FN:51,(anonymous_1)
FN:59,(anonymous_2)
FN:81,(anonymous_3)
FN:122,(anonymous_4)
FNF:5
FNH:0
FNDA:0,_interopRequireDefault
FNDA:0,(anonymous_1)
FNDA:0,(anonymous_2)
FNDA:0,(anonymous_3)
FNDA:0,(anonymous_4)
DA:1,0
DA:30,0
DA:33,0
DA:34,0
DA:35,0
DA:36,0
DA:37,0
DA:38,0
DA:39,0
DA:40,0
DA:52,0
DA:60,0
DA:61,0
DA:65,0
DA:70,0
DA:75,0
DA:79,0
DA:82,0
DA:123,0
DA:136,0
DA:139,0
LF:21
LH:0
BRDA:40,0,0,0
BRDA:40,0,1,0
BRDA:40,1,0,0
BRDA:40,1,1,0
BRDA:83,2,0,0
BRDA:83,2,1,0
BRDA:86,3,0,0
BRDA:86,3,1,0
BRF:8
BRH:0
end_of_record
TN:
SF:/root/flyve/src/containers/Devices/components/Sections/Applications/index.js
FN:41,_interopRequireDefault
FN:80,(anonymous_1)
FN:81,(anonymous_2)
FN:81,(anonymous_3)
FN:124,(anonymous_4)
FN:131,(anonymous_5)
FN:192,(anonymous_6)
FN:196,(anonymous_7)
FN:196,(anonymous_8)
FN:196,(anonymous_9)
FN:204,(anonymous_10)
FN:239,(anonymous_11)
FNF:12
FNH:0
FNDA:0,_interopRequireDefault
FNDA:0,(anonymous_1)
FNDA:0,(anonymous_2)
FNDA:0,(anonymous_3)
FNDA:0,(anonymous_4)
FNDA:0,(anonymous_5)
FNDA:0,(anonymous_6)
FNDA:0,(anonymous_7)
FNDA:0,(anonymous_8)
FNDA:0,(anonymous_9)
FNDA:0,(anonymous_10)
FNDA:0,(anonymous_11)
DA:1,0
DA:30,0
DA:33,0
DA:34,0
DA:35,0
DA:36,0
DA:37,0
DA:38,0
DA:39,0
DA:40,0
DA:41,0
DA:81,0
DA:127,0
DA:128,0
DA:129,0
DA:132,0
DA:133,0
DA:136,0
DA:138,0
DA:142,0
DA:154,0
DA:157,0
DA:173,0
DA:178,0
DA:185,0
DA:192,0
DA:193,0
DA:196,0
DA:204,0
DA:209,0
DA:210,0
DA:215,0
DA:216,0
DA:223,0
DA:235,0
DA:239,0
DA:251,0
DA:256,0
DA:257,0
DA:260,0
LF:40
LH:0
BRDA:41,0,0,0
BRDA:41,0,1,0
BRDA:41,1,0,0
BRDA:41,1,1,0
BRDA:132,2,0,0
BRDA:132,2,1,0
BRDA:196,3,0,0
BRDA:196,3,1,0
BRDA:196,4,0,0
BRDA:196,4,1,0
BRDA:196,5,0,0
BRDA:196,5,1,0
BRDA:196,6,0,0
BRDA:196,6,1,0
BRDA:204,7,0,0
BRDA:204,7,1,0
BRDA:209,8,0,0
BRDA:209,8,1,0
BRDA:215,9,0,0
BRDA:215,9,1,0
BRF:20
BRH:0
end_of_record
TN:
SF:/root/flyve/src/containers/Files/index.js
FN:40,_interopRequireDefault
FN:48,(anonymous_1)
FN:74,(anonymous_2)
FN:99,(anonymous_3)
FN:117,(anonymous_4)
FN:125,(anonymous_5)
FN:133,(anonymous_6)
FN:142,(anonymous_7)
FN:168,(anonymous_8)
FN:192,(anonymous_9)
FN:216,(anonymous_10)
FNF:11
FNH:0
FNDA:0,_interopRequireDefault
FNDA:0,(anonymous_1)
FNDA:0,(anonymous_2)
FNDA:0,(anonymous_3)
FNDA:0,(anonymous_4)
FNDA:0,(anonymous_5)
FNDA:0,(anonymous_6)
FNDA:0,(anonymous_7)
FNDA:0,(anonymous_8)
FNDA:0,(anonymous_9)
FNDA:0,(anonymous_10)
DA:1,0
DA:30,0
DA:33,0
DA:34,0
DA:35,0
DA:36,0
DA:37,0
DA:38,0
DA:39,0
DA:40,0
DA:49,0
DA:75,0
DA:77,0
DA:78,0
DA:82,0
DA:87,0
DA:88,0
DA:92,0
DA:99,0
DA:110,0
DA:117,0
DA:118,0
DA:125,0
DA:126,0
DA:133,0
DA:134,0
DA:143,0
DA:147,0
DA:148,0
DA:152,0
DA:154,0
DA:157,0
DA:160,0
DA:161,0
DA:169,0
DA:170,0
DA:175,0
DA:176,0
DA:180,0
DA:182,0
DA:185,0
DA:188,0
DA:189,0
DA:192,0
DA:216,0
DA:221,0
DA:226,0
LF:47
LH:0
BRDA:40,0,0,0
BRDA:40,0,1,0
BRDA:40,1,0,0
BRDA:40,1,1,0
BRDA:77,2,0,0
BRDA:77,2,1,0
BRDA:87,3,0,0
BRDA:87,3,1,0
BRDA:147,4,0,0
BRDA:147,4,1,0
BRDA:148,5,0,0
BRDA:148,5,1,0
BRDA:148,6,0,0
BRDA:148,6,1,0
BRDA:148,6,2,0
BRDA:148,6,3,0
BRDA:148,6,4,0
BRDA:169,7,0,0
BRDA:169,7,1,0
BRDA:175,8,0,0
BRDA:175,8,1,0
BRDA:176,9,0,0
BRDA:176,9,1,0
BRDA:176,10,0,0
BRDA:176,10,1,0
BRDA:176,10,2,0
BRDA:176,10,3,0
BRDA:176,10,4,0
BRDA:189,11,0,0
BRDA:189,11,1,0
BRF:30
BRH:0
end_of_record
TN:
SF:/root/flyve/src/containers/Files/routes.js
FN:35,_interopRequireDefault
FNF:1
FNH:0
FNDA:0,_interopRequireDefault
DA:1,0
DA:30,0
DA:31,0
DA:32,0
DA:33,0
DA:34,0
DA:35,0
DA:67,0
DA:76,0
LF:9
LH:0
BRDA:35,0,0,0
BRDA:35,0,1,0
BRDA:35,1,0,0
BRDA:35,1,1,0
BRF:4
BRH:0
end_of_record
TN:
SF:/root/flyve/src/containers/Files/components/FilesAdd.js
FN:41,_interopRequireDefault
FN:49,(anonymous_1)
FN:62,(anonymous_2)
FN:74,(anonymous_3)
FN:86,(anonymous_4)
FN:94,(anonymous_5)
FN:102,(anonymous_6)
FN:105,(anonymous_7)
FN:155,(anonymous_8)
FN:155,(anonymous_9)
FN:179,(anonymous_10)
FN:183,(anonymous_11)
FNF:12
FNH:0
FNDA:0,_interopRequireDefault
FNDA:0,(anonymous_1)
FNDA:0,(anonymous_2)
FNDA:0,(anonymous_3)
FNDA:0,(anonymous_4)
FNDA:0,(anonymous_5)
FNDA:0,(anonymous_6)
FNDA:0,(anonymous_7)
FNDA:0,(anonymous_8)
FNDA:0,(anonymous_9)
FNDA:0,(anonymous_10)
FNDA:0,(anonymous_11)
DA:1,0
DA:30,0
DA:33,0
DA:34,0
DA:35,0
DA:36,0
DA:40,0
DA:41,0
DA:50,0
DA:63,0
DA:66,0
DA:75,0
DA:79,0
DA:87,0
DA:88,0
DA:95,0
DA:96,0
DA:103,0
DA:105,0
DA:106,0
DA:107,0
DA:108,0
DA:109,0
DA:110,0
DA:113,0
DA:117,0
DA:120,0
DA:125,0
DA:127,0
DA:131,0
DA:136,0
DA:155,0
DA:180,0
DA:183,0
DA:198,0
DA:199,0
DA:202,0
LF:37
LH:0
BRDA:41,0,0,0
BRDA:41,0,1,0
BRDA:41,1,0,0
BRDA:41,1,1,0
BRDA:155,2,0,0
BRDA:155,2,1,0
BRDA:175,3,0,0
BRDA:175,3,1,0
BRF:8
BRH:0
end_of_record
TN:
SF:/root/flyve/src/containers/Files/components/FilesContent.js
FN:39,_interopRequireDefault
FN:47,(anonymous_1)
FN:65,(anonymous_2)
FN:75,(anonymous_3)
FN:79,(anonymous_4)
FN:124,(anonymous_5)
FN:164,(anonymous_6)
FNF:7
FNH:0
FNDA:0,_interopRequireDefault
FNDA:0,(anonymous_1)
FNDA:0,(anonymous_2)
FNDA:0,(anonymous_3)
FNDA:0,(anonymous_4)
FNDA:0,(anonymous_5)
FNDA:0,(anonymous_6)
DA:1,0
DA:30,0
DA:33,0
DA:34,0
DA:35,0
DA:36,0
DA:37,0
DA:38,0
DA:39,0
DA:48,0
DA:66,0
DA:67,0
DA:68,0
DA:76,0
DA:77,0
DA:78,0
DA:79,0
DA:83,0
DA:87,0
DA:95,0
DA:100,0
DA:101,0
DA:103,0
DA:108,0
DA:112,0
DA:116,0
DA:124,0
DA:129,0
DA:131,0
DA:164,0
DA:168,0
DA:171,0
DA:176,0
LF:33
LH:0
BRDA:39,0,0,0
BRDA:39,0,1,0
BRDA:39,1,0,0
BRDA:39,1,1,0
BRDA:78,2,0,0
BRDA:78,2,1,0
BRDA:116,3,0,0
BRDA:116,3,1,0
BRDA:124,4,0,0
BRDA:124,4,1,0
BRDA:129,5,0,0
BRDA:129,5,1,0
BRF:12
BRH:0
end_of_record
TN:
SF:/root/flyve/src/containers/Files/components/FilesEdit.js
FN:38,_interopRequireDefault
FN:46,(anonymous_1)
FN:59,(anonymous_2)
FN:64,(anonymous_3)
FN:87,(anonymous_4)
FN:132,(anonymous_5)
FN:133,(anonymous_6)
FNF:7
FNH:0
FNDA:0,_interopRequireDefault
FNDA:0,(anonymous_1)
FNDA:0,(anonymous_2)
FNDA:0,(anonymous_3)
FNDA:0,(anonymous_4)
FNDA:0,(anonymous_5)
FNDA:0,(anonymous_6)
DA:1,0
DA:30,0
DA:33,0
DA:34,0
DA:35,0
DA:36,0
DA:37,0
DA:38,0
DA:47,0
DA:60,0
DA:61,0
DA:64,0
DA:67,0
DA:68,0
DA:70,0
DA:74,0
DA:77,0
DA:80,0
DA:88,0
DA:89,0
DA:90,0
DA:93,0
DA:98,0
DA:99,0
DA:105,0
DA:112,0
DA:113,0
DA:116,0
DA:120,0
DA:124,0
DA:132,0
DA:133,0
DA:134,0
DA:141,0
DA:160,0
DA:161,0
DA:164,0
DA:169,0
LF:38
LH:0
BRDA:38,0,0,0
BRDA:38,0,1,0
BRDA:38,1,0,0
BRDA:38,1,1,0
BRDA:67,2,0,0
BRDA:67,2,1,0
BRDA:89,3,0,0
BRDA:89,3,1,0
BRDA:98,4,0,0
BRDA:98,4,1,0
BRDA:132,5,0,0
BRDA:132,5,1,0
BRDA:132,6,0,0
BRDA:132,6,1,0
BRF:14
BRH:0
end_of_record
TN:
SF:/root/flyve/src/containers/Files/components/FilesEditItemList.js
FN:34,_interopRequireDefault
FN:42,(anonymous_1)
FN:61,(anonymous_2)
FN:72,(anonymous_3)
FN:76,(anonymous_4)
FN:84,(anonymous_5)
FNF:6
FNH:0
FNDA:0,_interopRequireDefault
FNDA:0,(anonymous_1)
FNDA:0,(anonymous_2)
FNDA:0,(anonymous_3)
FNDA:0,(anonymous_4)
FNDA:0,(anonymous_5)
DA:1,0
DA:30,0
DA:33,0
DA:34,0
DA:43,0
DA:62,0
DA:65,0
DA:73,0
DA:74,0
DA:76,0
DA:84,0
DA:99,0
DA:102,0
LF:13
LH:0
BRDA:34,0,0,0
BRDA:34,0,1,0
BRDA:34,1,0,0
BRDA:34,1,1,0
BRDA:73,2,0,0
BRDA:73,2,1,0
BRF:6
BRH:0
end_of_record
TN:
SF:/root/flyve/src/containers/Files/components/FilesItemList.js
FN:33,_interopRequireDefault
FN:40,(anonymous_1)
FNF:2
FNH:0
FNDA:0,_interopRequireDefault
FNDA:0,(anonymous_1)
DA:1,0
DA:30,0
DA:33,0
DA:41,0
DA:52,0
DA:53,0
LF:6
LH:0
BRDA:33,0,0,0
BRDA:33,0,1,0
BRDA:33,1,0,0
BRDA:33,1,1,0
BRF:4
BRH:0
end_of_record
TN:
SF:/root/flyve/src/containers/Files/components/FilesList.js
FN:43,_interopRequireDefault
FN:59,(anonymous_1)
FN:60,(anonymous_2)
FN:112,(anonymous_3)
FN:153,(anonymous_4)
FN:162,(anonymous_5)
FN:175,(anonymous_6)
FN:189,(anonymous_7)
FN:211,(anonymous_8)
FN:214,(anonymous_9)
FN:220,(anonymous_10)
FN:264,(anonymous_11)
FN:306,(anonymous_12)
FN:351,(anonymous_13)
FN:351,(anonymous_14)
FN:351,(anonymous_15)
FN:381,(anonymous_16)
FN:402,(anonymous_17)
FN:426,(anonymous_18)
FN:468,(anonymous_19)
FNF:20
FNH:0
FNDA:0,_interopRequireDefault
FNDA:0,(anonymous_1)
FNDA:0,(anonymous_2)
FNDA:0,(anonymous_3)
FNDA:0,(anonymous_4)
FNDA:0,(anonymous_5)
FNDA:0,(anonymous_6)
FNDA:0,(anonymous_7)
FNDA:0,(anonymous_8)
FNDA:0,(anonymous_9)
FNDA:0,(anonymous_10)
FNDA:0,(anonymous_11)
FNDA:0,(anonymous_12)
FNDA:0,(anonymous_13)
FNDA:0,(anonymous_14)
FNDA:0,(anonymous_15)
FNDA:0,(anonymous_16)
FNDA:0,(anonymous_17)
FNDA:0,(anonymous_18)
FNDA:0,(anonymous_19)
DA:1,0
DA:30,0
DA:33,0
DA:34,0
DA:35,0
DA:36,0
DA:37,0
DA:38,0
DA:39,0
DA:40,0
DA:41,0
DA:42,0
DA:43,0
DA:60,0
DA:113,0
DA:114,0
DA:115,0
DA:124,0
DA:125,0
DA:134,0
DA:141,0
DA:142,0
DA:147,0
DA:154,0
DA:155,0
DA:156,0
DA:163,0
DA:164,0
DA:165,0
DA:166,0
DA:167,0
DA:169,0
DA:176,0
DA:177,0
DA:178,0
DA:179,0
DA:180,0
DA:182,0
DA:190,0
DA:191,0
DA:192,0
DA:194,0
DA:195,0
DA:197,0
DA:198,0
DA:199,0
DA:201,0
DA:202,0
DA:204,0
DA:212,0
DA:213,0
DA:214,0
DA:218,0
DA:221,0
DA:222,0
DA:230,0
DA:235,0
DA:236,0
DA:237,0
DA:239,0
DA:243,0
DA:244,0
DA:245,0
DA:251,0
DA:252,0
DA:253,0
DA:254,0
DA:257,0
DA:265,0
DA:266,0
DA:274,0
DA:276,0
DA:285,0
DA:291,0
DA:293,0
DA:298,0
DA:307,0
DA:308,0
DA:311,0
DA:315,0
DA:316,0
DA:317,0
DA:318,0
DA:321,0
DA:322,0
DA:331,0
DA:332,0
DA:333,0
DA:337,0
DA:347,0
DA:351,0
DA:381,0
DA:397,0
DA:398,0
DA:399,0
DA:400,0
DA:402,0
DA:415,0
DA:424,0
DA:426,0
DA:468,0
DA:474,0
DA:479,0
DA:489,0
LF:104
LH:0
BRDA:43,0,0,0
BRDA:43,0,1,0
BRDA:43,1,0,0
BRDA:43,1,1,0
BRDA:166,2,0,0
BRDA:166,2,1,0
BRDA:179,3,0,0
BRDA:179,3,1,0
BRDA:198,4,0,0
BRDA:198,4,1,0
BRDA:198,5,0,0
BRDA:198,5,1,0
BRDA:201,6,0,0
BRDA:201,6,1,0
BRDA:201,7,0,0
BRDA:201,7,1,0
BRDA:213,8,0,0
BRDA:213,8,1,0
BRDA:253,9,0,0
BRDA:253,9,1,0
BRDA:274,10,0,0
BRDA:274,10,1,0
BRDA:315,11,0,0
BRDA:315,11,1,0
BRDA:317,12,0,0
BRDA:317,12,1,0
BRDA:318,13,0,0
BRDA:318,13,1,0
BRDA:332,14,0,0
BRDA:332,14,1,0
BRDA:351,15,0,0
BRDA:351,15,1,0
BRDA:351,16,0,0
BRDA:351,16,1,0
BRDA:351,17,0,0
BRDA:351,17,1,0
BRDA:351,18,0,0
BRDA:351,18,1,0
BRDA:351,19,0,0
BRDA:351,19,1,0
BRDA:351,20,0,0
BRDA:351,20,1,0
BRDA:351,21,0,0
BRDA:351,21,1,0
BRDA:351,21,2,0
BRDA:351,22,0,0
BRDA:351,22,1,0
BRDA:381,23,0,0
BRDA:381,23,1,0
BRDA:397,24,0,0
BRDA:397,24,1,0
BRDA:399,25,0,0
BRDA:399,25,1,0
BRDA:399,26,0,0
BRDA:399,26,1,0
BRDA:409,27,0,0
BRDA:409,27,1,0
BRDA:410,28,0,0
BRDA:410,28,1,0
BRDA:450,29,0,0
BRDA:450,29,1,0
BRDA:451,30,0,0
BRDA:451,30,1,0
BRF:63
BRH:0
end_of_record
TN:
SF:/root/flyve/src/containers/Fleets/index.js
FN:41,_interopRequireDefault
FN:49,(anonymous_1)
FN:75,(anonymous_2)
FN:101,(anonymous_3)
FN:121,(anonymous_4)
FN:130,(anonymous_5)
FN:139,(anonymous_6)
FN:148,(anonymous_7)
FN:175,(anonymous_8)
FN:200,(anonymous_9)
FN:230,(anonymous_10)
FNF:11
FNH:0
FNDA:0,_interopRequireDefault
FNDA:0,(anonymous_1)
FNDA:0,(anonymous_2)
FNDA:0,(anonymous_3)
FNDA:0,(anonymous_4)
FNDA:0,(anonymous_5)
FNDA:0,(anonymous_6)
FNDA:0,(anonymous_7)
FNDA:0,(anonymous_8)
FNDA:0,(anonymous_9)
FNDA:0,(anonymous_10)
DA:1,0
DA:30,0
DA:33,0
DA:34,0
DA:35,0
DA:36,0
DA:37,0
DA:38,0
DA:39,0
DA:40,0
DA:41,0
DA:50,0
DA:76,0
DA:78,0
DA:79,0
DA:83,0
DA:88,0
DA:89,0
DA:93,0
DA:101,0
DA:113,0
DA:121,0
DA:122,0
DA:130,0
DA:131,0
DA:139,0
DA:140,0
DA:149,0
DA:153,0
DA:154,0
DA:159,0
DA:161,0
DA:164,0
DA:167,0
DA:168,0
DA:176,0
DA:177,0
DA:182,0
DA:183,0
DA:188,0
DA:190,0
DA:193,0
DA:196,0
DA:197,0
DA:200,0
DA:230,0
DA:231,0
DA:236,0
LF:48
LH:0
BRDA:41,0,0,0
BRDA:41,0,1,0
BRDA:41,1,0,0
BRDA:41,1,1,0
BRDA:78,2,0,0
BRDA:78,2,1,0
BRDA:88,3,0,0
BRDA:88,3,1,0
BRDA:153,4,0,0
BRDA:153,4,1,0
BRDA:154,5,0,0
BRDA:154,5,1,0
BRDA:154,6,0,0
BRDA:154,6,1,0
BRDA:154,6,2,0
BRDA:154,6,3,0
BRDA:154,6,4,0
BRDA:176,7,0,0
BRDA:176,7,1,0
BRDA:182,8,0,0
BRDA:182,8,1,0
BRDA:183,9,0,0
BRDA:183,9,1,0
BRDA:183,10,0,0
BRDA:183,10,1,0
BRDA:183,10,2,0
BRDA:183,10,3,0
BRDA:183,10,4,0
BRDA:197,11,0,0
BRDA:197,11,1,0
BRF:30
BRH:0
end_of_record
TN:
SF:/root/flyve/src/containers/Fleets/routes.js
FN:35,_interopRequireDefault
FNF:1
FNH:0
FNDA:0,_interopRequireDefault
DA:1,0
DA:30,0
DA:31,0
DA:32,0
DA:33,0
DA:34,0
DA:35,0
DA:67,0
DA:77,0
LF:9
LH:0
BRDA:35,0,0,0
BRDA:35,0,1,0
BRDA:35,1,0,0
BRDA:35,1,1,0
BRF:4
BRH:0
end_of_record
TN:
SF:/root/flyve/src/containers/Fleets/components/DevicesAssociated.js
FN:43,_interopRequireDefault
FN:91,(anonymous_1)
FN:91,(anonymous_2)
FN:91,(anonymous_3)
FN:105,(anonymous_4)
FN:148,(anonymous_5)
FN:161,(anonymous_6)
FNF:7
FNH:0
FNDA:0,_interopRequireDefault
FNDA:0,(anonymous_1)
FNDA:0,(anonymous_2)
FNDA:0,(anonymous_3)
FNDA:0,(anonymous_4)
FNDA:0,(anonymous_5)
FNDA:0,(anonymous_6)
DA:1,0
DA:30,0
DA:33,0
DA:34,0
DA:35,0
DA:36,0
DA:37,0
DA:38,0
DA:39,0
DA:40,0
DA:41,0
DA:42,0
DA:43,0
DA:91,0
DA:106,0
DA:109,0
DA:111,0
DA:114,0
DA:127,0
DA:134,0
DA:138,0
DA:148,0
DA:161,0
DA:179,0
DA:181,0
LF:25
LH:0
BRDA:43,0,0,0
BRDA:43,0,1,0
BRDA:43,1,0,0
BRDA:43,1,1,0
BRDA:148,2,0,0
BRDA:148,2,1,0
BRDA:151,3,0,0
BRDA:151,3,1,0
BRDA:151,4,0,0
BRDA:151,4,1,0
BRF:10
BRH:0
end_of_record
TN:
SF:/root/flyve/src/containers/Fleets/components/FleetsContent.js
FN:42,_interopRequireDefault
FN:50,(anonymous_1)
FN:95,(anonymous_2)
FN:117,(anonymous_3)
FN:1138,(anonymous_4)
FN:1241,(anonymous_5)
FN:1248,(anonymous_6)
FN:1283,(anonymous_7)
FN:1288,(anonymous_8)
FN:1288,(anonymous_9)
FN:1288,(anonymous_10)
FN:1291,(anonymous_11)
FN:1292,(anonymous_12)
FN:1298,(anonymous_13)
FN:1298,(anonymous_14)
FN:1306,(anonymous_15)
FN:1306,(anonymous_16)
FN:1306,(anonymous_17)
FN:1306,(anonymous_18)
FN:1306,(anonymous_19)
FN:1306,(anonymous_20)
FN:1306,(anonymous_21)
FN:1306,(anonymous_22)
FN:1306,(anonymous_23)
FN:1306,(anonymous_24)
FN:1306,(anonymous_25)
FN:1306,(anonymous_26)
FN:1306,(anonymous_27)
FN:1306,(anonymous_28)
FN:1306,(anonymous_29)
FN:1306,(anonymous_30)
FN:1306,(anonymous_31)
FN:1306,(anonymous_32)
FN:1306,(anonymous_33)
FN:1306,(anonymous_34)
FN:1306,(anonymous_35)
FN:1306,(anonymous_36)
FN:1306,(anonymous_37)
FN:1306,(anonymous_38)
FN:1306,(anonymous_39)
FN:1306,(anonymous_40)
FN:1306,(anonymous_41)
FN:1306,(anonymous_42)
FN:1307,(anonymous_43)
FN:1307,(anonymous_44)
FN:1307,(anonymous_45)
FN:1307,(anonymous_46)
FN:1308,(anonymous_47)
FN:1308,(anonymous_48)
FN:1308,(anonymous_49)
FN:1308,(anonymous_50)
FN:1308,(anonymous_51)
FN:1308,(anonymous_52)
FN:1308,(anonymous_53)
FN:1308,(anonymous_54)
FN:1308,(anonymous_55)
FN:1308,(anonymous_56)
FN:1308,(anonymous_57)
FN:1308,(anonymous_58)
FN:1308,(anonymous_59)
FNF:60
FNH:0
FNDA:0,_interopRequireDefault
FNDA:0,(anonymous_1)
FNDA:0,(anonymous_2)
FNDA:0,(anonymous_3)
FNDA:0,(anonymous_4)
FNDA:0,(anonymous_5)
FNDA:0,(anonymous_6)
FNDA:0,(anonymous_7)
FNDA:0,(anonymous_8)
FNDA:0,(anonymous_9)
FNDA:0,(anonymous_10)
FNDA:0,(anonymous_11)
FNDA:0,(anonymous_12)
FNDA:0,(anonymous_13)
FNDA:0,(anonymous_14)
FNDA:0,(anonymous_15)
FNDA:0,(anonymous_16)
FNDA:0,(anonymous_17)
FNDA:0,(anonymous_18)
FNDA:0,(anonymous_19)
FNDA:0,(anonymous_20)
FNDA:0,(anonymous_21)
FNDA:0,(anonymous_22)
FNDA:0,(anonymous_23)
FNDA:0,(anonymous_24)
FNDA:0,(anonymous_25)
FNDA:0,(anonymous_26)
FNDA:0,(anonymous_27)
FNDA:0,(anonymous_28)
FNDA:0,(anonymous_29)
FNDA:0,(anonymous_30)
FNDA:0,(anonymous_31)
FNDA:0,(anonymous_32)
FNDA:0,(anonymous_33)
FNDA:0,(anonymous_34)
FNDA:0,(anonymous_35)
FNDA:0,(anonymous_36)
FNDA:0,(anonymous_37)
FNDA:0,(anonymous_38)
FNDA:0,(anonymous_39)
FNDA:0,(anonymous_40)
FNDA:0,(anonymous_41)
FNDA:0,(anonymous_42)
FNDA:0,(anonymous_43)
FNDA:0,(anonymous_44)
FNDA:0,(anonymous_45)
FNDA:0,(anonymous_46)
FNDA:0,(anonymous_47)
FNDA:0,(anonymous_48)
FNDA:0,(anonymous_49)
FNDA:0,(anonymous_50)
FNDA:0,(anonymous_51)
FNDA:0,(anonymous_52)
FNDA:0,(anonymous_53)
FNDA:0,(anonymous_54)
FNDA:0,(anonymous_55)
FNDA:0,(anonymous_56)
FNDA:0,(anonymous_57)
FNDA:0,(anonymous_58)
FNDA:0,(anonymous_59)
DA:1,0
DA:30,0
DA:33,0
DA:34,0
DA:35,0
DA:36,0
DA:37,0
DA:38,0
DA:39,0
DA:40,0
DA:41,0
DA:42,0
DA:51,0
DA:52,0
DA:54,0
DA:99,0
DA:101,0
DA:102,0
DA:103,0
DA:105,0
DA:118,0
DA:119,0
DA:130,0
DA:1146,0
DA:1147,0
DA:1151,0
DA:1156,0
DA:1158,0
DA:1159,0
DA:1163,0
DA:1241,0
DA:1249,0
DA:1283,0
DA:1288,0
DA:1289,0
DA:1290,0
DA:1291,0
DA:1292,0
DA:1294,0
DA:1296,0
DA:1298,0
DA:1300,0
DA:1302,0
DA:1304,0
DA:1306,0
DA:1307,0
DA:1308,0
LF:47
LH:0
BRDA:42,0,0,0
BRDA:42,0,1,0
BRDA:42,1,0,0
BRDA:42,1,1,0
BRDA:101,2,0,0
BRDA:101,2,1,0
BRDA:102,3,0,0
BRDA:102,3,1,0
BRDA:118,4,0,0
BRDA:118,4,1,0
BRDA:123,5,0,0
BRDA:123,5,1,0
BRDA:124,6,0,0
BRDA:124,6,1,0
BRDA:1151,7,0,0
BRDA:1151,7,1,0
BRDA:1151,8,0,0
BRDA:1151,8,1,0
BRDA:1151,8,2,0
BRDA:1151,8,3,0
BRDA:1151,8,4,0
BRDA:1158,9,0,0
BRDA:1158,9,1,0
BRDA:1169,10,0,0
BRDA:1169,10,1,0
BRDA:1205,11,0,0
BRDA:1205,11,1,0
BRDA:1205,12,0,0
BRDA:1205,12,1,0
BRDA:1240,13,0,0
BRDA:1240,13,1,0
BRDA:1241,14,0,0
BRDA:1241,14,1,0
BRDA:1266,15,0,0
BRDA:1266,15,1,0
[...]
FNDA:0,(anonymous_6)
FNDA:0,(anonymous_7)
FNDA:0,(anonymous_8)
FNDA:0,(anonymous_9)
FNDA:0,(anonymous_10)
FNDA:0,(anonymous_11)
FNDA:0,(anonymous_12)
FNDA:0,(anonymous_13)
FNDA:0,(anonymous_14)
FNDA:0,(anonymous_15)
FNDA:0,(anonymous_16)
FNDA:0,(anonymous_17)
FNDA:0,(anonymous_18)
FNDA:0,(anonymous_19)
DA:1,0
DA:30,0
DA:33,0
DA:34,0
DA:35,0
DA:36,0
DA:37,0
DA:38,0
DA:39,0
DA:40,0
DA:41,0
DA:42,0
DA:43,0
DA:44,0
DA:76,0
DA:141,0
DA:142,0
DA:143,0
DA:144,0
DA:145,0
DA:147,0
DA:155,0
DA:156,0
DA:157,0
DA:159,0
DA:160,0
DA:162,0
DA:163,0
DA:164,0
DA:166,0
DA:167,0
DA:169,0
DA:177,0
DA:178,0
DA:179,0
DA:188,0
DA:189,0
DA:198,0
DA:205,0
DA:206,0
DA:211,0
DA:218,0
DA:219,0
DA:220,0
DA:228,0
DA:229,0
DA:230,0
DA:234,0
DA:237,0
DA:238,0
DA:246,0
DA:251,0
DA:252,0
DA:253,0
DA:255,0
DA:259,0
DA:260,0
DA:261,0
DA:262,0
DA:264,0
DA:270,0
DA:271,0
DA:272,0
DA:274,0
DA:282,0
DA:283,0
DA:291,0
DA:293,0
DA:302,0
DA:308,0
DA:310,0
DA:315,0
DA:323,0
DA:324,0
DA:327,0
DA:328,0
DA:332,0
DA:333,0
DA:334,0
DA:335,0
DA:338,0
DA:348,0
DA:349,0
DA:350,0
DA:354,0
DA:364,0
DA:368,0
DA:375,0
DA:380,0
DA:383,0
DA:412,0
DA:417,0
DA:418,0
DA:419,0
DA:420,0
DA:421,0
DA:423,0
DA:438,0
DA:441,0
DA:444,0
DA:446,0
DA:480,0
DA:484,0
DA:487,0
DA:491,0
LF:105
LH:0
BRDA:44,0,0,0
BRDA:44,0,1,0
BRDA:44,1,0,0
BRDA:44,1,1,0
BRDA:144,2,0,0
BRDA:144,2,1,0
BRDA:163,3,0,0
BRDA:163,3,1,0
BRDA:163,4,0,0
BRDA:163,4,1,0
BRDA:166,5,0,0
BRDA:166,5,1,0
BRDA:166,6,0,0
BRDA:166,6,1,0
BRDA:229,7,0,0
BRDA:229,7,1,0
BRDA:261,8,0,0
BRDA:261,8,1,0
BRDA:291,9,0,0
BRDA:291,9,1,0
BRDA:332,10,0,0
BRDA:332,10,1,0
BRDA:334,11,0,0
BRDA:334,11,1,0
BRDA:335,12,0,0
BRDA:335,12,1,0
BRDA:349,13,0,0
BRDA:349,13,1,0
BRDA:380,14,0,0
BRDA:380,14,1,0
BRDA:380,15,0,0
BRDA:380,15,1,0
BRDA:380,16,0,0
BRDA:380,16,1,0
BRDA:380,17,0,0
BRDA:380,17,1,0
BRDA:380,18,0,0
BRDA:380,18,1,0
BRDA:380,19,0,0
BRDA:380,19,1,0
BRDA:380,20,0,0
BRDA:380,20,1,0
BRDA:380,20,2,0
BRDA:380,21,0,0
BRDA:380,21,1,0
BRDA:412,22,0,0
BRDA:412,22,1,0
BRDA:417,23,0,0
BRDA:417,23,1,0
BRDA:419,24,0,0
BRDA:419,24,1,0
BRDA:420,25,0,0
BRDA:420,25,1,0
BRDA:420,26,0,0
BRDA:420,26,1,0
BRDA:432,27,0,0
BRDA:432,27,1,0
BRDA:433,28,0,0
BRDA:433,28,1,0
BRDA:462,29,0,0
BRDA:462,29,1,0
BRDA:463,30,0,0
BRDA:463,30,1,0
BRF:63
BRH:0
end_of_record
TN:
SF:/root/flyve/src/hoc/withAdminDashboardLayout/index.js
FN:43,_interopRequireDefault
FN:53,(anonymous_1)
FN:59,(anonymous_2)
FN:74,(anonymous_3)
FN:89,(anonymous_4)
FN:103,(anonymous_5)
FN:111,(anonymous_6)
FN:123,(anonymous_7)
FN:128,(anonymous_8)
FN:136,(anonymous_9)
FN:139,(anonymous_10)
FN:145,(anonymous_11)
FN:147,(anonymous_12)
FN:154,(anonymous_13)
FN:160,(anonymous_14)
FN:186,(anonymous_15)
FNF:16
FNH:0
FNDA:0,_interopRequireDefault
FNDA:0,(anonymous_1)
FNDA:0,(anonymous_2)
FNDA:0,(anonymous_3)
FNDA:0,(anonymous_4)
FNDA:0,(anonymous_5)
FNDA:0,(anonymous_6)
FNDA:0,(anonymous_7)
FNDA:0,(anonymous_8)
FNDA:0,(anonymous_9)
FNDA:0,(anonymous_10)
FNDA:0,(anonymous_11)
FNDA:0,(anonymous_12)
FNDA:0,(anonymous_13)
FNDA:0,(anonymous_14)
FNDA:0,(anonymous_15)
DA:1,0
DA:29,0
DA:32,0
DA:33,0
DA:34,0
DA:35,0
DA:36,0
DA:37,0
DA:38,0
DA:39,0
DA:40,0
DA:41,0
DA:42,0
DA:43,0
DA:46,0
DA:53,0
DA:60,0
DA:77,0
DA:78,0
DA:79,0
DA:80,0
DA:89,0
DA:95,0
DA:104,0
DA:105,0
DA:106,0
DA:108,0
DA:112,0
DA:113,0
DA:115,0
DA:116,0
DA:120,0
DA:124,0
DA:125,0
DA:129,0
DA:133,0
DA:137,0
DA:140,0
DA:142,0
DA:146,0
DA:147,0
DA:148,0
DA:154,0
DA:161,0
DA:186,0
DA:194,0
DA:206,0
DA:207,0
LF:48
LH:0
BRDA:43,0,0,0
BRDA:43,0,1,0
BRDA:43,1,0,0
BRDA:43,1,1,0
BRDA:78,2,0,0
BRDA:78,2,1,0
BRDA:105,3,0,0
BRDA:105,3,1,0
BRDA:115,4,0,0
BRDA:115,4,1,0
BRDA:124,5,0,0
BRDA:124,5,1,0
BRDA:146,6,0,0
BRDA:146,6,1,0
BRDA:169,7,0,0
BRDA:169,7,1,0
BRF:16
BRH:0
end_of_record
TN:
SF:/root/flyve/src/hoc/withAsyncComponent/index.js
FN:29,_interopRequireDefault
FN:38,(anonymous_1)
FN:38,(anonymous_2)
FN:44,(anonymous_3)
FN:46,(anonymous_4)
FN:57,(anonymous_5)
FNF:6
FNH:0
FNDA:0,_interopRequireDefault
FNDA:0,(anonymous_1)
FNDA:0,(anonymous_2)
FNDA:0,(anonymous_3)
FNDA:0,(anonymous_4)
FNDA:0,(anonymous_5)
DA:1,0
DA:29,0
DA:38,0
DA:45,0
DA:47,0
DA:58,0
DA:60,0
DA:61,0
LF:8
LH:0
BRDA:29,0,0,0
BRDA:29,0,1,0
BRDA:29,1,0,0
BRDA:29,1,1,0
BRDA:60,2,0,0
BRDA:60,2,1,0
BRF:6
BRH:0
end_of_record
TN:
SF:/root/flyve/src/hoc/withAuthentication/index.js
FN:30,_interopRequireDefault
FN:32,(anonymous_1)
FN:33,(anonymous_2)
FN:35,(anonymous_3)
FNF:4
FNH:0
FNDA:0,_interopRequireDefault
FNDA:0,(anonymous_1)
FNDA:0,(anonymous_2)
FNDA:0,(anonymous_3)
DA:1,0
DA:29,0
DA:30,0
DA:33,0
DA:34,0
DA:36,0
DA:44,0
LF:7
LH:0
BRDA:30,0,0,0
BRDA:30,0,1,0
BRDA:30,1,0,0
BRDA:30,1,1,0
BRF:4
BRH:0
end_of_record
TN:
SF:/root/flyve/src/hoc/withAuthenticationLayout/index.js
FN:34,_interopRequireDefault
FN:43,(anonymous_1)
FN:48,(anonymous_2)
FN:60,(anonymous_3)
FN:74,(anonymous_4)
FNF:5
FNH:0
FNDA:0,_interopRequireDefault
FNDA:0,(anonymous_1)
FNDA:0,(anonymous_2)
FNDA:0,(anonymous_3)
FNDA:0,(anonymous_4)
DA:1,0
DA:29,0
DA:30,0
DA:31,0
DA:32,0
DA:33,0
DA:34,0
DA:43,0
DA:48,0
DA:49,0
DA:53,0
DA:60,0
DA:74,0
DA:84,0
DA:89,0
DA:99,0
DA:100,0
LF:17
LH:0
BRDA:34,0,0,0
BRDA:34,0,1,0
BRDA:34,1,0,0
BRDA:34,1,1,0
BRDA:50,2,0,0
BRDA:50,2,1,0
BRF:6
BRH:0
end_of_record
TN:
SF:/root/flyve/src/hoc/withGLPI/index.js
FN:35,_interopRequireDefault
FN:42,(anonymous_1)
FN:48,(anonymous_2)
FNF:3
FNH:0
FNDA:0,_interopRequireDefault
FNDA:0,(anonymous_1)
FNDA:0,(anonymous_2)
DA:1,0
DA:29,0
DA:32,0
DA:35,0
DA:42,0
DA:49,0
DA:52,0
DA:53,0
LF:8
LH:0
BRDA:35,0,0,0
BRDA:35,0,1,0
BRDA:35,1,0,0
BRDA:35,1,1,0
BRF:4
BRH:0
end_of_record
TN:
SF:/root/flyve/src/hoc/withHandleMessages/index.js
FN:32,_interopRequireDefault
FN:39,(anonymous_1)
FN:45,(anonymous_2)
FNF:3
FNH:0
FNDA:0,_interopRequireDefault
FNDA:0,(anonymous_1)
FNDA:0,(anonymous_2)
DA:1,0
DA:29,0
DA:32,0
DA:39,0
DA:46,0
DA:50,0
DA:51,0
LF:7
LH:0
BRDA:32,0,0,0
BRDA:32,0,1,0
BRDA:32,1,0,0
BRDA:32,1,1,0
BRF:4
BRH:0
end_of_record
TN:
SF:/root/flyve/src/hoc/withI18n/index.js
FN:30,_interopRequireDefault
FN:32,(anonymous_1)
FN:33,(anonymous_2)
FN:35,(anonymous_3)
FNF:4
FNH:0
FNDA:0,_interopRequireDefault
FNDA:0,(anonymous_1)
FNDA:0,(anonymous_2)
FNDA:0,(anonymous_3)
DA:1,0
DA:29,0
DA:30,0
DA:33,0
DA:34,0
DA:36,0
DA:44,0
LF:7
LH:0
BRDA:30,0,0,0
BRDA:30,0,1,0
BRDA:30,1,0,0
BRDA:30,1,1,0
BRF:4
BRH:0
end_of_record
TN:
SF:/root/flyve/src/hoc/withNotification/index.js
FN:30,_interopRequireDefault
FN:32,(anonymous_1)
FN:33,(anonymous_2)
FN:35,(anonymous_3)
FNF:4
FNH:0
FNDA:0,_interopRequireDefault
FNDA:0,(anonymous_1)
FNDA:0,(anonymous_2)
FNDA:0,(anonymous_3)
DA:1,0
DA:29,0
DA:30,0
DA:32,0
DA:33,0
DA:34,0
DA:35,0
DA:39,0
DA:40,0
LF:9
LH:0
BRDA:30,0,0,0
BRDA:30,0,1,0
BRDA:30,1,0,0
BRDA:30,1,1,0
BRF:4
BRH:0
end_of_record
TN:
SF:/root/flyve/src/providers/AuthenticationProvider/index.js
FN:33,_interopRequireDefault
FN:39,(anonymous_1)
FN:46,(anonymous_2)
FN:47,(anonymous_3)
FN:53,(anonymous_4)
FN:60,(anonymous_5)
FN:71,(anonymous_6)
FN:76,(anonymous_7)
FN:76,(anonymous_8)
FN:81,(anonymous_9)
FN:85,(anonymous_10)
FN:100,(anonymous_11)
FN:104,(anonymous_12)
FN:109,(anonymous_13)
FN:117,(anonymous_14)
FN:117,(anonymous_15)
FN:122,(anonymous_16)
FN:168,(anonymous_17)
FN:177,(anonymous_18)
FN:185,(anonymous_19)
FN:185,(anonymous_20)
FN:190,(anonymous_21)
FN:196,(anonymous_22)
FN:201,(anonymous_23)
FN:206,(anonymous_24)
FN:211,(anonymous_25)
FN:219,(anonymous_26)
FN:219,(anonymous_27)
FN:224,(anonymous_28)
FN:236,(anonymous_29)
FN:241,(anonymous_30)
FN:250,(anonymous_31)
FN:255,(anonymous_32)
FN:265,(anonymous_33)
FNF:34
FNH:0
FNDA:0,_interopRequireDefault
FNDA:0,(anonymous_1)
FNDA:0,(anonymous_2)
FNDA:0,(anonymous_3)
FNDA:0,(anonymous_4)
FNDA:0,(anonymous_5)
FNDA:0,(anonymous_6)
FNDA:0,(anonymous_7)
FNDA:0,(anonymous_8)
FNDA:0,(anonymous_9)
FNDA:0,(anonymous_10)
FNDA:0,(anonymous_11)
FNDA:0,(anonymous_12)
FNDA:0,(anonymous_13)
FNDA:0,(anonymous_14)
FNDA:0,(anonymous_15)
FNDA:0,(anonymous_16)
FNDA:0,(anonymous_17)
FNDA:0,(anonymous_18)
FNDA:0,(anonymous_19)
FNDA:0,(anonymous_20)
FNDA:0,(anonymous_21)
FNDA:0,(anonymous_22)
FNDA:0,(anonymous_23)
FNDA:0,(anonymous_24)
FNDA:0,(anonymous_25)
FNDA:0,(anonymous_26)
FNDA:0,(anonymous_27)
FNDA:0,(anonymous_28)
FNDA:0,(anonymous_29)
FNDA:0,(anonymous_30)
FNDA:0,(anonymous_31)
FNDA:0,(anonymous_32)
FNDA:0,(anonymous_33)
DA:1,0
DA:29,0
DA:30,0
DA:31,0
DA:32,0
DA:33,0
DA:35,0
DA:37,0
DA:39,0
DA:47,0
DA:48,0
DA:49,0
DA:50,0
DA:54,0
DA:55,0
DA:61,0
DA:62,0
DA:63,0
DA:64,0
DA:68,0
DA:72,0
DA:76,0
DA:77,0
DA:82,0
DA:86,0
DA:93,0
DA:94,0
DA:96,0
DA:101,0
DA:105,0
DA:110,0
DA:117,0
DA:118,0
DA:123,0
DA:124,0
DA:127,0
DA:130,0
DA:132,0
DA:134,0
DA:150,0
DA:151,0
DA:159,0
DA:169,0
DA:173,0
DA:178,0
DA:185,0
DA:186,0
DA:191,0
DA:197,0
DA:202,0
DA:207,0
DA:212,0
DA:219,0
DA:220,0
DA:225,0
DA:237,0
DA:242,0
DA:251,0
DA:256,0
DA:266,0
DA:267,0
DA:272,0
DA:275,0
LF:63
LH:0
BRDA:33,0,0,0
BRDA:33,0,1,0
BRDA:33,1,0,0
BRDA:33,1,1,0
BRDA:44,2,0,0
BRDA:44,2,1,0
BRDA:45,3,0,0
BRDA:45,3,1,0
BRDA:89,4,0,0
BRDA:89,4,1,0
BRF:10
BRH:0
end_of_record
TN:
SF:/root/flyve/src/providers/I18nProvider/index.js
FN:31,_interopRequireDefault
FN:37,(anonymous_1)
FN:46,(anonymous_2)
FN:51,(anonymous_3)
FN:58,(anonymous_4)
FNF:5
FNH:0
FNDA:0,_interopRequireDefault
FNDA:0,(anonymous_1)
FNDA:0,(anonymous_2)
FNDA:0,(anonymous_3)
FNDA:0,(anonymous_4)
DA:1,0
DA:29,0
DA:30,0
DA:31,0
DA:33,0
DA:34,0
DA:38,0
DA:47,0
DA:48,0
DA:49,0
DA:52,0
DA:53,0
DA:56,0
DA:59,0
DA:61,0
DA:65,0
DA:66,0
DA:69,0
LF:18
LH:0
BRDA:31,0,0,0
BRDA:31,0,1,0
BRDA:31,1,0,0
BRDA:31,1,1,0
BRDA:46,2,0,0
BRF:5
BRH:0
end_of_record
TN:
SF:/root/flyve/src/providers/NotificationsProvider/index.js
FN:33,_interopRequireDefault
FN:39,(anonymous_1)
FN:47,(anonymous_2)
FN:57,(anonymous_3)
FN:65,(anonymous_4)
FN:71,(anonymous_5)
FN:77,(anonymous_6)
FN:87,(anonymous_7)
FN:93,(anonymous_8)
FN:103,(anonymous_9)
FNF:10
FNH:0
FNDA:0,_interopRequireDefault
FNDA:0,(anonymous_1)
FNDA:0,(anonymous_2)
FNDA:0,(anonymous_3)
FNDA:0,(anonymous_4)
FNDA:0,(anonymous_5)
FNDA:0,(anonymous_6)
FNDA:0,(anonymous_7)
FNDA:0,(anonymous_8)
FNDA:0,(anonymous_9)
DA:1,0
DA:29,0
DA:30,0
DA:31,0
DA:32,0
DA:33,0
DA:35,0
DA:37,0
DA:39,0
DA:48,0
DA:49,0
DA:50,0
DA:52,0
DA:58,0
DA:59,0
DA:60,0
DA:65,0
DA:66,0
DA:72,0
DA:78,0
DA:94,0
DA:95,0
DA:96,0
DA:97,0
DA:98,0
DA:104,0
DA:118,0
DA:126,0
DA:129,0
LF:29
LH:0
BRDA:33,0,0,0
BRDA:33,0,1,0
BRDA:33,1,0,0
BRDA:33,1,1,0
BRDA:47,2,0,0
BRDA:49,3,0,0
BRDA:49,3,1,0
BRDA:59,4,0,0
BRDA:59,4,1,0
BRDA:97,5,0,0
BRDA:97,5,1,0
BRDA:97,6,0,0
BRDA:97,6,1,0
BRF:13
BRH:0
end_of_record
TN:
SF:/root/flyve/src/shared/BuildItemList/index.js
FN:41,(anonymous_0)
FN:42,(anonymous_1)
FN:50,(anonymous_2)
FN:56,(anonymous_3)
FN:73,(anonymous_4)
FN:89,_interopRequireDefault
FNF:6
FNH:0
FNDA:0,(anonymous_0)
FNDA:0,(anonymous_1)
FNDA:0,(anonymous_2)
FNDA:0,(anonymous_3)
FNDA:0,(anonymous_4)
FNDA:0,_interopRequireDefault
DA:1,0
DA:42,0
DA:43,0
DA:44,0
DA:46,0
DA:50,0
DA:51,0
DA:56,0
DA:57,0
DA:58,0
DA:59,0
DA:60,0
DA:61,0
DA:63,0
DA:65,0
DA:66,0
DA:67,0
DA:68,0
DA:70,0
DA:73,0
DA:74,0
DA:75,0
DA:76,0
DA:77,0
DA:79,0
DA:82,0
DA:83,0
DA:88,0
DA:89,0
LF:29
LH:0
BRDA:41,0,0,0
BRDA:57,1,0,0
BRDA:57,1,1,0
BRDA:58,2,0,0
BRDA:58,2,1,0
BRDA:60,3,0,0
BRDA:60,3,1,0
BRDA:65,4,0,0
BRDA:65,4,1,0
BRDA:67,5,0,0
BRDA:67,5,1,0
BRDA:74,6,0,0
BRDA:74,6,1,0
BRDA:76,7,0,0
BRDA:76,7,1,0
BRDA:82,8,0,0
BRDA:82,8,1,0
BRDA:89,9,0,0
BRDA:89,9,1,0
BRDA:89,10,0,0
BRDA:89,10,1,0
BRF:21
BRH:0
end_of_record
TN:
SF:/root/flyve/src/shared/animations/index.js
FN:37,(anonymous_0)
FN:40,(anonymous_1)
FN:46,(anonymous_2)
FN:51,(anonymous_3)
FN:57,(anonymous_4)
FN:62,(anonymous_5)
FN:68,(anonymous_6)
FNF:7
FNH:4
FNDA:4,(anonymous_0)
FNDA:2,(anonymous_1)
FNDA:0,(anonymous_2)
FNDA:1,(anonymous_3)
FNDA:0,(anonymous_4)
FNDA:1,(anonymous_5)
FNDA:0,(anonymous_6)
DA:37,4
DA:40,2
DA:41,2
DA:46,2
DA:47,2
DA:51,2
DA:52,1
DA:57,1
DA:58,1
DA:62,2
DA:63,1
DA:68,1
DA:69,1
LF:13
LH:13
BRDA:37,0,0,0
BRDA:37,0,1,4
BRDA:46,1,0,0
BRDA:46,1,1,2
BRDA:57,2,0,0
BRDA:57,2,1,1
BRDA:68,3,0,0
BRDA:68,3,1,1
BRF:8
BRH:4
end_of_record
TN:
SF:/root/flyve/src/shared/animationsWinJs/index.js
FN:38,(anonymous_0)
FN:44,_interopRequireDefault
FN:72,(anonymous_2)
FN:79,(anonymous_3)
FN:79,(anonymous_4)
FNF:5
FNH:0
FNDA:0,(anonymous_0)
FNDA:0,_interopRequireDefault
FNDA:0,(anonymous_2)
FNDA:0,(anonymous_3)
FNDA:0,(anonymous_4)
DA:1,0
DA:39,0
DA:40,0
DA:42,0
DA:44,0
DA:72,0
DA:79,0
LF:7
LH:0
BRDA:39,0,0,0
BRDA:39,0,1,0
BRDA:44,1,0,0
BRDA:44,1,1,0
BRDA:44,2,0,0
BRDA:44,2,1,0
BRDA:72,3,0,0
BRDA:72,3,1,0
BRDA:79,4,0,0
BRDA:79,4,1,0
BRDA:79,5,0,0
BRDA:79,5,1,0
BRF:12
BRH:0
end_of_record
TN:
SF:/root/flyve/src/shared/authtype/index.js
FN:39,(anonymous_0)
FNF:1
FNH:1
FNDA:10,(anonymous_0)
DA:39,1
DA:40,10
DA:42,1
DA:44,1
DA:46,1
DA:48,1
DA:50,1
DA:52,1
DA:54,1
DA:56,1
DA:58,1
DA:60,1
LF:12
LH:12
BRDA:40,0,0,1
BRDA:40,0,1,1
BRDA:40,0,2,1
BRDA:40,0,3,1
BRDA:40,0,4,1
BRDA:40,0,5,1
BRDA:40,0,6,1
BRDA:40,0,7,1
BRDA:40,0,8,1
BRDA:40,0,9,1
BRF:10
BRH:10
end_of_record
TN:
SF:/root/flyve/src/shared/bytesToSize/index.js
FN:35,(anonymous_0)
FNF:1
FNH:1
FNDA:6,(anonymous_0)
DA:36,6
DA:37,6
DA:38,5
DA:39,5
LF:4
LH:4
BRDA:37,0,0,1
BRDA:37,0,1,5
BRF:2
BRH:2
end_of_record
TN:
SF:/root/flyve/src/shared/calc100PercentMinus/index.js
FN:36,calc100PercentMinus
FNF:1
FNH:1
FNDA:3,calc100PercentMinus
DA:37,3
LF:1
LH:1
BRDA:37,0,0,1
BRDA:37,0,1,2
BRF:2
BRH:2
end_of_record
TN:
SF:/root/flyve/src/shared/configureDisplay/index.js
FN:32,(anonymous_0)
FNF:1
FNH:1
FNDA:1,(anonymous_0)
DA:33,1
DA:34,1
DA:49,1
DA:50,1
DA:52,1
LF:5
LH:5
BRDA:33,0,0,0
BRDA:33,0,1,1
BRDA:35,1,0,0
BRDA:35,1,1,1
BRDA:36,2,0,0
BRDA:36,2,1,1
BRDA:38,3,0,0
BRDA:38,3,1,1
BRDA:39,4,0,0
BRDA:39,4,1,1
BRDA:41,5,0,0
BRDA:41,5,1,1
BRDA:42,6,0,0
BRDA:42,6,1,1
BRDA:44,7,0,0
BRDA:44,7,1,1
BRDA:45,8,0,0
BRDA:45,8,1,1
BRDA:46,9,0,0
BRDA:46,9,1,1
BRDA:47,10,0,0
BRDA:47,10,1,1
BRDA:49,11,0,1
BRDA:49,11,1,0
BRF:24
BRH:12
end_of_record
TN:
SF:/root/flyve/src/shared/cookies/index.js
FN:37,setCookie
FN:53,getCookie
FN:68,eraseCookie
FNF:3
FNH:3
FNDA:4,setCookie
FNDA:4,getCookie
FNDA:2,eraseCookie
DA:38,4
DA:39,4
DA:40,2
DA:41,2
DA:42,2
DA:44,4
DA:54,4
DA:55,4
DA:56,4
DA:57,4
DA:58,4
DA:59,4
DA:61,1
DA:69,2
LF:14
LH:14
BRDA:39,0,0,2
BRDA:39,0,1,2
BRDA:44,1,0,4
BRDA:44,1,1,0
BRDA:59,2,0,3
BRDA:59,2,1,1
BRF:6
BRH:5
end_of_record
TN:
SF:/root/flyve/src/shared/getID/index.js
FN:39,(anonymous_0)
FNF:1
FNH:1
FNDA:1,(anonymous_0)
DA:41,1
DA:42,0
DA:43,1
DA:44,1
LF:4
LH:3
BRDA:39,0,0,1
BRDA:41,1,0,0
BRDA:41,1,1,1
BRF:3
BRH:2
end_of_record
TN:
SF:/root/flyve/src/shared/getMode/index.js
FN:35,(anonymous_0)
FNF:1
FNH:1
FNDA:7,(anonymous_0)
DA:36,7
LF:1
LH:1
BRDA:36,0,0,5
BRDA:36,0,1,2
BRDA:37,1,0,1
BRDA:37,1,1,1
BRF:4
BRH:4
end_of_record
TN:
SF:/root/flyve/src/shared/getQueryString/index.js
FN:35,(anonymous_0)
FN:39,(anonymous_1)
FNF:2
FNH:2
FNDA:2,(anonymous_0)
FNDA:3,(anonymous_1)
DA:36,2
DA:37,2
DA:38,2
DA:39,2
DA:40,3
DA:41,3
DA:46,2
LF:7
LH:7
BRF:0
BRH:0
end_of_record
TN:
SF:/root/flyve/src/shared/glpiApi/index.js
FNF:0
FNH:0
DA:35,4
DA:39,4
LF:2
LH:2
BRF:0
BRH:0
end_of_record
TN:
SF:/root/flyve/src/shared/handleMessage/index.js
FN:38,errorRoute
FN:57,pushError
FN:61,validateActiveProfile
FN:63,(anonymous_3)
FN:75,(anonymous_4)
FNF:5
FNH:4
FNDA:1,errorRoute
FNDA:1,pushError
FNDA:1,validateActiveProfile
FNDA:0,(anonymous_3)
FNDA:6,(anonymous_4)
DA:39,1
DA:40,0
DA:43,1
DA:44,0
DA:46,1
DA:48,1
DA:49,0
DA:51,1
DA:52,1
DA:54,0
DA:58,1
DA:62,1
DA:64,0
DA:82,6
DA:87,6
DA:88,6
DA:90,1
DA:91,1
DA:93,1
DA:94,1
DA:95,1
DA:97,1
DA:98,1
DA:100,1
DA:102,1
DA:103,1
DA:105,1
DA:112,1
DA:113,1
DA:115,1
DA:117,2
DA:120,6
LF:32
LH:27
BRDA:39,0,0,0
BRDA:39,0,1,1
BRDA:43,1,0,0
BRDA:43,1,1,1
BRDA:48,2,0,0
BRDA:48,2,1,1
BRDA:51,3,0,1
BRDA:51,3,1,0
BRDA:51,4,0,1
BRDA:51,4,1,0
BRDA:76,5,0,1
BRDA:80,6,0,6
BRDA:84,7,0,6
BRDA:84,7,1,6
BRDA:84,8,0,1
BRDA:84,8,1,5
BRDA:85,9,0,6
BRDA:85,9,1,0
BRDA:85,10,0,2
BRDA:85,10,1,4
BRDA:85,11,0,6
BRDA:85,11,1,4
BRDA:87,12,0,6
BRDA:87,12,1,0
BRDA:88,13,0,1
BRDA:88,13,1,1
BRDA:88,13,2,1
BRDA:88,13,3,1
BRDA:88,13,4,2
BRDA:93,14,0,1
BRDA:93,14,1,0
BRDA:94,15,0,1
BRDA:94,15,1,0
BRDA:97,16,0,1
BRDA:97,16,1,0
BRDA:102,17,0,0
BRDA:102,17,1,1
BRDA:104,18,0,3
BRDA:104,18,1,1
BRDA:105,19,0,1
BRDA:105,19,1,0
BRDA:106,20,0,0
BRDA:106,20,1,1
BRDA:107,21,0,0
BRDA:107,21,1,0
BRDA:112,22,0,1
BRDA:112,22,1,0
BRF:47
BRH:31
end_of_record
TN:
SF:/root/flyve/src/shared/history/index.js
FN:37,(anonymous_0)
FNF:1
FNH:1
FNDA:7,(anonymous_0)
DA:37,7
DA:38,7
DA:40,0
DA:42,7
LF:4
LH:3
BRDA:38,0,0,0
BRDA:38,0,1,7
BRF:2
BRH:1
end_of_record
TN:
SF:/root/flyve/src/shared/i18n/index.js
FN:35,tryRequire
FN:49,getTranslations
FN:61,setPolyglot
FNF:3
FNH:1
FNDA:10,tryRequire
FNDA:0,getTranslations
FNDA:0,setPolyglot
DA:33,10
DA:36,10
DA:38,10
DA:40,10
DA:44,10
DA:50,0
DA:51,0
DA:55,0
DA:57,0
DA:62,0
DA:63,0
DA:64,0
DA:65,0
LF:13
LH:5
BRDA:46,0,0,10
BRDA:46,0,1,10
BRDA:51,1,0,0
BRDA:51,1,1,0
BRDA:63,2,0,0
BRDA:63,2,1,0
BRF:6
BRH:2
end_of_record
TN:
SF:/root/flyve/src/shared/i18n/languages.js
FN:31,_interopRequireDefault
FN:38,(anonymous_1)
FN:186,(anonymous_2)
FNF:3
FNH:0
FNDA:0,_interopRequireDefault
FNDA:0,(anonymous_1)
FNDA:0,(anonymous_2)
DA:1,0
DA:30,0
DA:31,0
DA:37,0
DA:39,0
DA:185,0
DA:186,0
DA:187,0
DA:188,0
DA:198,0
LF:10
LH:0
BRDA:31,0,0,0
BRDA:31,0,1,0
BRDA:31,1,0,0
BRDA:31,1,1,0
BRDA:187,2,0,0
BRDA:187,2,1,0
BRF:6
BRH:0
end_of_record
TN:
SF:/root/flyve/src/shared/i18n/tests/constants.js
FNF:0
FNH:0
DA:1,0
DA:29,0
DA:30,0
DA:31,0
DA:32,0
DA:35,0
DA:36,0
DA:37,0
LF:8
LH:0
BRF:0
BRH:0
end_of_record
TN:
SF:/root/flyve/src/shared/itemtype/index.js
FNF:0
FNH:0
LF:0
LH:0
BRF:0
BRH:0
end_of_record
TN:
SF:/root/flyve/src/shared/language/index.js
FNF:0
FNH:0
DA:29,10
LF:1
LH:1
BRDA:29,0,0,0
BRDA:29,0,1,10
BRF:2
BRH:1
end_of_record
TN:
SF:/root/flyve/src/shared/logout/index.js
FN:37,(anonymous_0)
FNF:1
FNH:1
FNDA:2,(anonymous_0)
DA:39,2
DA:40,2
DA:42,2
DA:43,1
DA:46,2
LF:5
LH:5
BRDA:42,0,0,1
BRDA:42,0,1,1
BRF:2
BRH:2
end_of_record
TN:
SF:/root/flyve/src/shared/nativeNotification/index.js
FN:38,(anonymous_0)
FN:41,(anonymous_1)
FNF:2
FNH:2
FNDA:1,(anonymous_0)
FNDA:1,(anonymous_1)
DA:39,1
DA:40,1
DA:41,1
DA:42,1
DA:48,1
LF:5
LH:5
BRDA:38,0,0,1
BRDA:40,1,0,1
BRDA:40,1,1,0
BRDA:40,2,0,1
BRDA:40,2,1,1
BRF:5
BRH:4
end_of_record
TN:
SF:/root/flyve/src/shared/publicURL/index.js
FN:32,(anonymous_0)
FNF:1
FNH:1
FNDA:6,(anonymous_0)
DA:32,6
DA:33,6
DA:34,6
DA:35,6
LF:4
LH:4
BRDA:35,0,0,6
BRDA:35,0,1,0
BRF:2
BRH:1
end_of_record
TN:
SF:/root/flyve/src/shared/setGlpiCookie/index.js
FN:42,(anonymous_0)
FNF:1
FNH:1
FNDA:1,(anonymous_0)
DA:43,1
DA:45,1
DA:46,1
DA:47,1
DA:48,1
DA:51,1
DA:52,1
DA:53,1
LF:8
LH:8
BRDA:46,0,0,1
BRDA:46,0,1,0
BRDA:52,1,0,0
BRDA:52,1,1,1
BRF:4
BRH:2
end_of_record
TN:
SF:/root/flyve/src/shared/toDateInputValue/index.js
FN:36,(anonymous_0)
FNF:1
FNH:1
FNDA:2,(anonymous_0)
DA:37,2
DA:38,2
DA:39,2
DA:40,2
DA:41,2
DA:42,2
LF:6
LH:6
BRDA:40,0,0,1
BRDA:40,0,1,1
BRDA:41,1,0,1
BRDA:41,1,1,1
BRF:4
BRH:4
end_of_record
TN:
SF:/root/flyve/src/shared/updateObject/index.js
FN:37,(anonymous_0)
FNF:1
FNH:1
FNDA:1,(anonymous_0)
DA:38,1
DA:39,1
LF:2
LH:2
BRDA:38,0,0,0
BRDA:38,0,1,1
BRF:2
BRH:1
end_of_record
TN:
SF:/root/flyve/src/shared/validateData/index.js
FN:37,(anonymous_0)
FNF:1
FNH:1
FNDA:4,(anonymous_0)
DA:40,4
DA:41,3
DA:42,2
DA:44,4
DA:45,3
LF:5
LH:5
BRDA:40,0,0,1
BRDA:40,0,1,3
BRDA:40,1,0,4
BRDA:40,1,1,2
BRDA:40,1,2,1
BRDA:41,2,0,1
BRDA:41,2,1,2
BRDA:41,3,0,3
BRDA:41,3,1,1
BRDA:44,4,0,1
BRDA:44,4,1,3
BRF:11
BRH:11
end_of_record
TN:
SF:/root/flyve/src/shared/validateDate/index.js
FN:38,(anonymous_0)
FNF:1
FNH:1
FNDA:5,(anonymous_0)
DA:39,5
DA:40,2
DA:41,2
DA:42,2
DA:43,2
DA:45,3
LF:6
LH:6
BRDA:39,0,0,2
BRDA:39,0,1,3
BRDA:39,1,0,5
BRDA:39,1,1,4
BRDA:39,1,2,3
BRDA:43,2,0,2
BRDA:43,2,1,1
BRF:7
BRH:7
end_of_record
TN:
SF:/root/flyve/src/shared/validateNotifications/index.js
FN:35,(anonymous_0)
FNF:1
FNH:1
FNDA:2,(anonymous_0)
DA:36,2
DA:38,2
DA:40,2
DA:41,1
DA:42,1
DA:45,2
DA:46,1
DA:47,1
DA:50,2
LF:9
LH:9
BRDA:36,0,0,1
BRDA:36,0,1,1
BRDA:40,1,0,1
BRDA:40,1,1,1
BRDA:40,2,0,2
BRDA:40,2,1,2
BRDA:45,3,0,1
BRDA:45,3,1,1
BRF:8
BRH:8
end_of_record
